ARM GAS  C:\Users\Jeppe\AppData\Local\Temp\ccLIomNR.s 			page 1


   1              		.cpu cortex-m0
   2              		.fpu softvfp
   3              		.eabi_attribute 20, 1
   4              		.eabi_attribute 21, 1
   5              		.eabi_attribute 23, 3
   6              		.eabi_attribute 24, 1
   7              		.eabi_attribute 25, 1
   8              		.eabi_attribute 26, 1
   9              		.eabi_attribute 30, 6
  10              		.eabi_attribute 34, 0
  11              		.eabi_attribute 18, 4
  12              		.code	16
  13              		.file	"MotorPWM_PM.c"
  14              		.text
  15              	.Ltext0:
  16              		.cfi_sections	.debug_frame
  17              		.bss
  18              		.align	2
  19              	MotorPWM_backup:
  20 0000 00000000 		.space	10
  20      00000000 
  20      0000
  21 000a 0000     		.section	.text.MotorPWM_SaveConfig,"ax",%progbits
  22              		.align	2
  23              		.global	MotorPWM_SaveConfig
  24              		.code	16
  25              		.thumb_func
  26              		.type	MotorPWM_SaveConfig, %function
  27              	MotorPWM_SaveConfig:
  28              	.LFB0:
  29              		.file 1 ".\\Generated_Source\\PSoC4\\MotorPWM_PM.c"
   1:.\Generated_Source\PSoC4/MotorPWM_PM.c **** /*******************************************************************************
   2:.\Generated_Source\PSoC4/MotorPWM_PM.c **** * File Name: MotorPWM_PM.c
   3:.\Generated_Source\PSoC4/MotorPWM_PM.c **** * Version 3.20
   4:.\Generated_Source\PSoC4/MotorPWM_PM.c **** *
   5:.\Generated_Source\PSoC4/MotorPWM_PM.c **** * Description:
   6:.\Generated_Source\PSoC4/MotorPWM_PM.c **** *  This file provides the power management source code to API for the
   7:.\Generated_Source\PSoC4/MotorPWM_PM.c **** *  PWM.
   8:.\Generated_Source\PSoC4/MotorPWM_PM.c **** *
   9:.\Generated_Source\PSoC4/MotorPWM_PM.c **** * Note:
  10:.\Generated_Source\PSoC4/MotorPWM_PM.c **** *
  11:.\Generated_Source\PSoC4/MotorPWM_PM.c **** ********************************************************************************
  12:.\Generated_Source\PSoC4/MotorPWM_PM.c **** * Copyright 2008-2014, Cypress Semiconductor Corporation.  All rights reserved.
  13:.\Generated_Source\PSoC4/MotorPWM_PM.c **** * You may use this file only in accordance with the license, terms, conditions,
  14:.\Generated_Source\PSoC4/MotorPWM_PM.c **** * disclaimers, and limitations in the end user license agreement accompanying
  15:.\Generated_Source\PSoC4/MotorPWM_PM.c **** * the software package with which this file was provided.
  16:.\Generated_Source\PSoC4/MotorPWM_PM.c **** *******************************************************************************/
  17:.\Generated_Source\PSoC4/MotorPWM_PM.c **** 
  18:.\Generated_Source\PSoC4/MotorPWM_PM.c **** #include "MotorPWM.h"
  19:.\Generated_Source\PSoC4/MotorPWM_PM.c **** 
  20:.\Generated_Source\PSoC4/MotorPWM_PM.c **** static MotorPWM_backupStruct MotorPWM_backup;
  21:.\Generated_Source\PSoC4/MotorPWM_PM.c **** 
  22:.\Generated_Source\PSoC4/MotorPWM_PM.c **** 
  23:.\Generated_Source\PSoC4/MotorPWM_PM.c **** /*******************************************************************************
  24:.\Generated_Source\PSoC4/MotorPWM_PM.c **** * Function Name: MotorPWM_SaveConfig
  25:.\Generated_Source\PSoC4/MotorPWM_PM.c **** ********************************************************************************
  26:.\Generated_Source\PSoC4/MotorPWM_PM.c **** *
ARM GAS  C:\Users\Jeppe\AppData\Local\Temp\ccLIomNR.s 			page 2


  27:.\Generated_Source\PSoC4/MotorPWM_PM.c **** * Summary:
  28:.\Generated_Source\PSoC4/MotorPWM_PM.c **** *  Saves the current user configuration of the component.
  29:.\Generated_Source\PSoC4/MotorPWM_PM.c **** *
  30:.\Generated_Source\PSoC4/MotorPWM_PM.c **** * Parameters:
  31:.\Generated_Source\PSoC4/MotorPWM_PM.c **** *  None
  32:.\Generated_Source\PSoC4/MotorPWM_PM.c **** *
  33:.\Generated_Source\PSoC4/MotorPWM_PM.c **** * Return:
  34:.\Generated_Source\PSoC4/MotorPWM_PM.c **** *  None
  35:.\Generated_Source\PSoC4/MotorPWM_PM.c **** *
  36:.\Generated_Source\PSoC4/MotorPWM_PM.c **** * Global variables:
  37:.\Generated_Source\PSoC4/MotorPWM_PM.c **** *  MotorPWM_backup:  Variables of this global structure are modified to
  38:.\Generated_Source\PSoC4/MotorPWM_PM.c **** *  store the values of non retention configuration registers when Sleep() API is
  39:.\Generated_Source\PSoC4/MotorPWM_PM.c **** *  called.
  40:.\Generated_Source\PSoC4/MotorPWM_PM.c **** *
  41:.\Generated_Source\PSoC4/MotorPWM_PM.c **** *******************************************************************************/
  42:.\Generated_Source\PSoC4/MotorPWM_PM.c **** void MotorPWM_SaveConfig(void) 
  43:.\Generated_Source\PSoC4/MotorPWM_PM.c **** {
  30              		.loc 1 43 0
  31              		.cfi_startproc
  32 0000 80B5     		push	{r7, lr}
  33              		.cfi_def_cfa_offset 8
  34              		.cfi_offset 7, -8
  35              		.cfi_offset 14, -4
  36 0002 00AF     		add	r7, sp, #0
  37              		.cfi_def_cfa_register 7
  44:.\Generated_Source\PSoC4/MotorPWM_PM.c **** 
  45:.\Generated_Source\PSoC4/MotorPWM_PM.c ****     #if(!MotorPWM_UsingFixedFunction)
  46:.\Generated_Source\PSoC4/MotorPWM_PM.c ****         #if(!MotorPWM_PWMModeIsCenterAligned)
  47:.\Generated_Source\PSoC4/MotorPWM_PM.c ****             MotorPWM_backup.PWMPeriod = MotorPWM_ReadPeriod();
  38              		.loc 1 47 0
  39 0004 FFF7FEFF 		bl	MotorPWM_ReadPeriod
  40 0008 031C     		mov	r3, r0
  41 000a 1A1C     		mov	r2, r3
  42 000c 0D4B     		ldr	r3, .L2
  43 000e 9A80     		strh	r2, [r3, #4]
  48:.\Generated_Source\PSoC4/MotorPWM_PM.c ****         #endif /* (!MotorPWM_PWMModeIsCenterAligned) */
  49:.\Generated_Source\PSoC4/MotorPWM_PM.c ****         MotorPWM_backup.PWMUdb = MotorPWM_ReadCounter();
  44              		.loc 1 49 0
  45 0010 FFF7FEFF 		bl	MotorPWM_ReadCounter
  46 0014 031C     		mov	r3, r0
  47 0016 1A1C     		mov	r2, r3
  48 0018 0A4B     		ldr	r3, .L2
  49 001a 5A80     		strh	r2, [r3, #2]
  50:.\Generated_Source\PSoC4/MotorPWM_PM.c ****         #if (MotorPWM_UseStatus)
  51:.\Generated_Source\PSoC4/MotorPWM_PM.c ****             MotorPWM_backup.InterruptMaskValue = MotorPWM_STATUS_MASK;
  50              		.loc 1 51 0
  51 001c 0A4B     		ldr	r3, .L2+4
  52 001e 1B78     		ldrb	r3, [r3]
  53 0020 DAB2     		uxtb	r2, r3
  54 0022 084B     		ldr	r3, .L2
  55 0024 9A71     		strb	r2, [r3, #6]
  52:.\Generated_Source\PSoC4/MotorPWM_PM.c ****         #endif /* (MotorPWM_UseStatus) */
  53:.\Generated_Source\PSoC4/MotorPWM_PM.c **** 
  54:.\Generated_Source\PSoC4/MotorPWM_PM.c ****         #if(MotorPWM_DeadBandMode == MotorPWM__B_PWM__DBM_256_CLOCKS || \
  55:.\Generated_Source\PSoC4/MotorPWM_PM.c ****             MotorPWM_DeadBandMode == MotorPWM__B_PWM__DBM_2_4_CLOCKS)
  56:.\Generated_Source\PSoC4/MotorPWM_PM.c ****             MotorPWM_backup.PWMdeadBandValue = MotorPWM_ReadDeadTime();
  56              		.loc 1 56 0
ARM GAS  C:\Users\Jeppe\AppData\Local\Temp\ccLIomNR.s 			page 3


  57 0026 FFF7FEFF 		bl	MotorPWM_ReadDeadTime
  58 002a 031C     		mov	r3, r0
  59 002c 1A1C     		mov	r2, r3
  60 002e 054B     		ldr	r3, .L2
  61 0030 DA71     		strb	r2, [r3, #7]
  57:.\Generated_Source\PSoC4/MotorPWM_PM.c ****         #endif /*  deadband count is either 2-4 clocks or 256 clocks */
  58:.\Generated_Source\PSoC4/MotorPWM_PM.c **** 
  59:.\Generated_Source\PSoC4/MotorPWM_PM.c ****         #if(MotorPWM_KillModeMinTime)
  60:.\Generated_Source\PSoC4/MotorPWM_PM.c ****              MotorPWM_backup.PWMKillCounterPeriod = MotorPWM_ReadKillTime();
  61:.\Generated_Source\PSoC4/MotorPWM_PM.c ****         #endif /* (MotorPWM_KillModeMinTime) */
  62:.\Generated_Source\PSoC4/MotorPWM_PM.c **** 
  63:.\Generated_Source\PSoC4/MotorPWM_PM.c ****         #if(MotorPWM_UseControl)
  64:.\Generated_Source\PSoC4/MotorPWM_PM.c ****             MotorPWM_backup.PWMControlRegister = MotorPWM_ReadControlRegister();
  62              		.loc 1 64 0
  63 0032 FFF7FEFF 		bl	MotorPWM_ReadControlRegister
  64 0036 031C     		mov	r3, r0
  65 0038 1A1C     		mov	r2, r3
  66 003a 024B     		ldr	r3, .L2
  67 003c 1A72     		strb	r2, [r3, #8]
  65:.\Generated_Source\PSoC4/MotorPWM_PM.c ****         #endif /* (MotorPWM_UseControl) */
  66:.\Generated_Source\PSoC4/MotorPWM_PM.c ****     #endif  /* (!MotorPWM_UsingFixedFunction) */
  67:.\Generated_Source\PSoC4/MotorPWM_PM.c **** }
  68              		.loc 1 67 0
  69 003e BD46     		mov	sp, r7
  70              		@ sp needed
  71 0040 80BD     		pop	{r7, pc}
  72              	.L3:
  73 0042 C046     		.align	2
  74              	.L2:
  75 0044 00000000 		.word	MotorPWM_backup
  76 0048 82000F40 		.word	1074724994
  77              		.cfi_endproc
  78              	.LFE0:
  79              		.size	MotorPWM_SaveConfig, .-MotorPWM_SaveConfig
  80              		.section	.text.MotorPWM_RestoreConfig,"ax",%progbits
  81              		.align	2
  82              		.global	MotorPWM_RestoreConfig
  83              		.code	16
  84              		.thumb_func
  85              		.type	MotorPWM_RestoreConfig, %function
  86              	MotorPWM_RestoreConfig:
  87              	.LFB1:
  68:.\Generated_Source\PSoC4/MotorPWM_PM.c **** 
  69:.\Generated_Source\PSoC4/MotorPWM_PM.c **** 
  70:.\Generated_Source\PSoC4/MotorPWM_PM.c **** /*******************************************************************************
  71:.\Generated_Source\PSoC4/MotorPWM_PM.c **** * Function Name: MotorPWM_RestoreConfig
  72:.\Generated_Source\PSoC4/MotorPWM_PM.c **** ********************************************************************************
  73:.\Generated_Source\PSoC4/MotorPWM_PM.c **** *
  74:.\Generated_Source\PSoC4/MotorPWM_PM.c **** * Summary:
  75:.\Generated_Source\PSoC4/MotorPWM_PM.c **** *  Restores the current user configuration of the component.
  76:.\Generated_Source\PSoC4/MotorPWM_PM.c **** *
  77:.\Generated_Source\PSoC4/MotorPWM_PM.c **** * Parameters:
  78:.\Generated_Source\PSoC4/MotorPWM_PM.c **** *  None
  79:.\Generated_Source\PSoC4/MotorPWM_PM.c **** *
  80:.\Generated_Source\PSoC4/MotorPWM_PM.c **** * Return:
  81:.\Generated_Source\PSoC4/MotorPWM_PM.c **** *  None
  82:.\Generated_Source\PSoC4/MotorPWM_PM.c **** *
ARM GAS  C:\Users\Jeppe\AppData\Local\Temp\ccLIomNR.s 			page 4


  83:.\Generated_Source\PSoC4/MotorPWM_PM.c **** * Global variables:
  84:.\Generated_Source\PSoC4/MotorPWM_PM.c **** *  MotorPWM_backup:  Variables of this global structure are used to
  85:.\Generated_Source\PSoC4/MotorPWM_PM.c **** *  restore the values of non retention registers on wakeup from sleep mode.
  86:.\Generated_Source\PSoC4/MotorPWM_PM.c **** *
  87:.\Generated_Source\PSoC4/MotorPWM_PM.c **** *******************************************************************************/
  88:.\Generated_Source\PSoC4/MotorPWM_PM.c **** void MotorPWM_RestoreConfig(void) 
  89:.\Generated_Source\PSoC4/MotorPWM_PM.c **** {
  88              		.loc 1 89 0
  89              		.cfi_startproc
  90 0000 80B5     		push	{r7, lr}
  91              		.cfi_def_cfa_offset 8
  92              		.cfi_offset 7, -8
  93              		.cfi_offset 14, -4
  94 0002 00AF     		add	r7, sp, #0
  95              		.cfi_def_cfa_register 7
  90:.\Generated_Source\PSoC4/MotorPWM_PM.c ****         #if(!MotorPWM_UsingFixedFunction)
  91:.\Generated_Source\PSoC4/MotorPWM_PM.c ****             #if(!MotorPWM_PWMModeIsCenterAligned)
  92:.\Generated_Source\PSoC4/MotorPWM_PM.c ****                 MotorPWM_WritePeriod(MotorPWM_backup.PWMPeriod);
  96              		.loc 1 92 0
  97 0004 0C4B     		ldr	r3, .L5
  98 0006 9B88     		ldrh	r3, [r3, #4]
  99 0008 181C     		mov	r0, r3
 100 000a FFF7FEFF 		bl	MotorPWM_WritePeriod
  93:.\Generated_Source\PSoC4/MotorPWM_PM.c ****             #endif /* (!MotorPWM_PWMModeIsCenterAligned) */
  94:.\Generated_Source\PSoC4/MotorPWM_PM.c **** 
  95:.\Generated_Source\PSoC4/MotorPWM_PM.c ****             MotorPWM_WriteCounter(MotorPWM_backup.PWMUdb);
 101              		.loc 1 95 0
 102 000e 0A4B     		ldr	r3, .L5
 103 0010 5B88     		ldrh	r3, [r3, #2]
 104 0012 181C     		mov	r0, r3
 105 0014 FFF7FEFF 		bl	MotorPWM_WriteCounter
  96:.\Generated_Source\PSoC4/MotorPWM_PM.c **** 
  97:.\Generated_Source\PSoC4/MotorPWM_PM.c ****             #if (MotorPWM_UseStatus)
  98:.\Generated_Source\PSoC4/MotorPWM_PM.c ****                 MotorPWM_STATUS_MASK = MotorPWM_backup.InterruptMaskValue;
 106              		.loc 1 98 0
 107 0018 084B     		ldr	r3, .L5+4
 108 001a 074A     		ldr	r2, .L5
 109 001c 9279     		ldrb	r2, [r2, #6]
 110 001e 1A70     		strb	r2, [r3]
  99:.\Generated_Source\PSoC4/MotorPWM_PM.c ****             #endif /* (MotorPWM_UseStatus) */
 100:.\Generated_Source\PSoC4/MotorPWM_PM.c **** 
 101:.\Generated_Source\PSoC4/MotorPWM_PM.c ****             #if(MotorPWM_DeadBandMode == MotorPWM__B_PWM__DBM_256_CLOCKS || \
 102:.\Generated_Source\PSoC4/MotorPWM_PM.c ****                 MotorPWM_DeadBandMode == MotorPWM__B_PWM__DBM_2_4_CLOCKS)
 103:.\Generated_Source\PSoC4/MotorPWM_PM.c ****                 MotorPWM_WriteDeadTime(MotorPWM_backup.PWMdeadBandValue);
 111              		.loc 1 103 0
 112 0020 054B     		ldr	r3, .L5
 113 0022 DB79     		ldrb	r3, [r3, #7]
 114 0024 181C     		mov	r0, r3
 115 0026 FFF7FEFF 		bl	MotorPWM_WriteDeadTime
 104:.\Generated_Source\PSoC4/MotorPWM_PM.c ****             #endif /* deadband count is either 2-4 clocks or 256 clocks */
 105:.\Generated_Source\PSoC4/MotorPWM_PM.c **** 
 106:.\Generated_Source\PSoC4/MotorPWM_PM.c ****             #if(MotorPWM_KillModeMinTime)
 107:.\Generated_Source\PSoC4/MotorPWM_PM.c ****                 MotorPWM_WriteKillTime(MotorPWM_backup.PWMKillCounterPeriod);
 108:.\Generated_Source\PSoC4/MotorPWM_PM.c ****             #endif /* (MotorPWM_KillModeMinTime) */
 109:.\Generated_Source\PSoC4/MotorPWM_PM.c **** 
 110:.\Generated_Source\PSoC4/MotorPWM_PM.c ****             #if(MotorPWM_UseControl)
 111:.\Generated_Source\PSoC4/MotorPWM_PM.c ****                 MotorPWM_WriteControlRegister(MotorPWM_backup.PWMControlRegister);
ARM GAS  C:\Users\Jeppe\AppData\Local\Temp\ccLIomNR.s 			page 5


 116              		.loc 1 111 0
 117 002a 034B     		ldr	r3, .L5
 118 002c 1B7A     		ldrb	r3, [r3, #8]
 119 002e 181C     		mov	r0, r3
 120 0030 FFF7FEFF 		bl	MotorPWM_WriteControlRegister
 112:.\Generated_Source\PSoC4/MotorPWM_PM.c ****             #endif /* (MotorPWM_UseControl) */
 113:.\Generated_Source\PSoC4/MotorPWM_PM.c ****         #endif  /* (!MotorPWM_UsingFixedFunction) */
 114:.\Generated_Source\PSoC4/MotorPWM_PM.c ****     }
 121              		.loc 1 114 0
 122 0034 BD46     		mov	sp, r7
 123              		@ sp needed
 124 0036 80BD     		pop	{r7, pc}
 125              	.L6:
 126              		.align	2
 127              	.L5:
 128 0038 00000000 		.word	MotorPWM_backup
 129 003c 82000F40 		.word	1074724994
 130              		.cfi_endproc
 131              	.LFE1:
 132              		.size	MotorPWM_RestoreConfig, .-MotorPWM_RestoreConfig
 133              		.section	.text.MotorPWM_Sleep,"ax",%progbits
 134              		.align	2
 135              		.global	MotorPWM_Sleep
 136              		.code	16
 137              		.thumb_func
 138              		.type	MotorPWM_Sleep, %function
 139              	MotorPWM_Sleep:
 140              	.LFB2:
 115:.\Generated_Source\PSoC4/MotorPWM_PM.c **** 
 116:.\Generated_Source\PSoC4/MotorPWM_PM.c **** 
 117:.\Generated_Source\PSoC4/MotorPWM_PM.c **** /*******************************************************************************
 118:.\Generated_Source\PSoC4/MotorPWM_PM.c **** * Function Name: MotorPWM_Sleep
 119:.\Generated_Source\PSoC4/MotorPWM_PM.c **** ********************************************************************************
 120:.\Generated_Source\PSoC4/MotorPWM_PM.c **** *
 121:.\Generated_Source\PSoC4/MotorPWM_PM.c **** * Summary:
 122:.\Generated_Source\PSoC4/MotorPWM_PM.c **** *  Disables block's operation and saves the user configuration. Should be called
 123:.\Generated_Source\PSoC4/MotorPWM_PM.c **** *  just prior to entering sleep.
 124:.\Generated_Source\PSoC4/MotorPWM_PM.c **** *
 125:.\Generated_Source\PSoC4/MotorPWM_PM.c **** * Parameters:
 126:.\Generated_Source\PSoC4/MotorPWM_PM.c **** *  None
 127:.\Generated_Source\PSoC4/MotorPWM_PM.c **** *
 128:.\Generated_Source\PSoC4/MotorPWM_PM.c **** * Return:
 129:.\Generated_Source\PSoC4/MotorPWM_PM.c **** *  None
 130:.\Generated_Source\PSoC4/MotorPWM_PM.c **** *
 131:.\Generated_Source\PSoC4/MotorPWM_PM.c **** * Global variables:
 132:.\Generated_Source\PSoC4/MotorPWM_PM.c **** *  MotorPWM_backup.PWMEnableState:  Is modified depending on the enable
 133:.\Generated_Source\PSoC4/MotorPWM_PM.c **** *  state of the block before entering sleep mode.
 134:.\Generated_Source\PSoC4/MotorPWM_PM.c **** *
 135:.\Generated_Source\PSoC4/MotorPWM_PM.c **** *******************************************************************************/
 136:.\Generated_Source\PSoC4/MotorPWM_PM.c **** void MotorPWM_Sleep(void) 
 137:.\Generated_Source\PSoC4/MotorPWM_PM.c **** {
 141              		.loc 1 137 0
 142              		.cfi_startproc
 143 0000 80B5     		push	{r7, lr}
 144              		.cfi_def_cfa_offset 8
 145              		.cfi_offset 7, -8
 146              		.cfi_offset 14, -4
ARM GAS  C:\Users\Jeppe\AppData\Local\Temp\ccLIomNR.s 			page 6


 147 0002 00AF     		add	r7, sp, #0
 148              		.cfi_def_cfa_register 7
 138:.\Generated_Source\PSoC4/MotorPWM_PM.c ****     #if(MotorPWM_UseControl)
 139:.\Generated_Source\PSoC4/MotorPWM_PM.c ****         if(MotorPWM_CTRL_ENABLE == (MotorPWM_CONTROL & MotorPWM_CTRL_ENABLE))
 149              		.loc 1 139 0
 150 0004 094B     		ldr	r3, .L10
 151 0006 1B78     		ldrb	r3, [r3]
 152 0008 DBB2     		uxtb	r3, r3
 153 000a DBB2     		uxtb	r3, r3
 154 000c 5BB2     		sxtb	r3, r3
 155 000e 002B     		cmp	r3, #0
 156 0010 03DA     		bge	.L8
 140:.\Generated_Source\PSoC4/MotorPWM_PM.c ****         {
 141:.\Generated_Source\PSoC4/MotorPWM_PM.c ****             /*Component is enabled */
 142:.\Generated_Source\PSoC4/MotorPWM_PM.c ****             MotorPWM_backup.PWMEnableState = 1u;
 157              		.loc 1 142 0
 158 0012 074B     		ldr	r3, .L10+4
 159 0014 0122     		mov	r2, #1
 160 0016 1A70     		strb	r2, [r3]
 161 0018 02E0     		b	.L9
 162              	.L8:
 143:.\Generated_Source\PSoC4/MotorPWM_PM.c ****         }
 144:.\Generated_Source\PSoC4/MotorPWM_PM.c ****         else
 145:.\Generated_Source\PSoC4/MotorPWM_PM.c ****         {
 146:.\Generated_Source\PSoC4/MotorPWM_PM.c ****             /* Component is disabled */
 147:.\Generated_Source\PSoC4/MotorPWM_PM.c ****             MotorPWM_backup.PWMEnableState = 0u;
 163              		.loc 1 147 0
 164 001a 054B     		ldr	r3, .L10+4
 165 001c 0022     		mov	r2, #0
 166 001e 1A70     		strb	r2, [r3]
 167              	.L9:
 148:.\Generated_Source\PSoC4/MotorPWM_PM.c ****         }
 149:.\Generated_Source\PSoC4/MotorPWM_PM.c ****     #endif /* (MotorPWM_UseControl) */
 150:.\Generated_Source\PSoC4/MotorPWM_PM.c **** 
 151:.\Generated_Source\PSoC4/MotorPWM_PM.c ****     /* Stop component */
 152:.\Generated_Source\PSoC4/MotorPWM_PM.c ****     MotorPWM_Stop();
 168              		.loc 1 152 0
 169 0020 FFF7FEFF 		bl	MotorPWM_Stop
 153:.\Generated_Source\PSoC4/MotorPWM_PM.c **** 
 154:.\Generated_Source\PSoC4/MotorPWM_PM.c ****     /* Save registers configuration */
 155:.\Generated_Source\PSoC4/MotorPWM_PM.c ****     MotorPWM_SaveConfig();
 170              		.loc 1 155 0
 171 0024 FFF7FEFF 		bl	MotorPWM_SaveConfig
 156:.\Generated_Source\PSoC4/MotorPWM_PM.c **** }
 172              		.loc 1 156 0
 173 0028 BD46     		mov	sp, r7
 174              		@ sp needed
 175 002a 80BD     		pop	{r7, pc}
 176              	.L11:
 177              		.align	2
 178              	.L10:
 179 002c 73000F40 		.word	1074724979
 180 0030 00000000 		.word	MotorPWM_backup
 181              		.cfi_endproc
 182              	.LFE2:
 183              		.size	MotorPWM_Sleep, .-MotorPWM_Sleep
 184              		.section	.text.MotorPWM_Wakeup,"ax",%progbits
ARM GAS  C:\Users\Jeppe\AppData\Local\Temp\ccLIomNR.s 			page 7


 185              		.align	2
 186              		.global	MotorPWM_Wakeup
 187              		.code	16
 188              		.thumb_func
 189              		.type	MotorPWM_Wakeup, %function
 190              	MotorPWM_Wakeup:
 191              	.LFB3:
 157:.\Generated_Source\PSoC4/MotorPWM_PM.c **** 
 158:.\Generated_Source\PSoC4/MotorPWM_PM.c **** 
 159:.\Generated_Source\PSoC4/MotorPWM_PM.c **** /*******************************************************************************
 160:.\Generated_Source\PSoC4/MotorPWM_PM.c **** * Function Name: MotorPWM_Wakeup
 161:.\Generated_Source\PSoC4/MotorPWM_PM.c **** ********************************************************************************
 162:.\Generated_Source\PSoC4/MotorPWM_PM.c **** *
 163:.\Generated_Source\PSoC4/MotorPWM_PM.c **** * Summary:
 164:.\Generated_Source\PSoC4/MotorPWM_PM.c **** *  Restores and enables the user configuration. Should be called just after
 165:.\Generated_Source\PSoC4/MotorPWM_PM.c **** *  awaking from sleep.
 166:.\Generated_Source\PSoC4/MotorPWM_PM.c **** *
 167:.\Generated_Source\PSoC4/MotorPWM_PM.c **** * Parameters:
 168:.\Generated_Source\PSoC4/MotorPWM_PM.c **** *  None
 169:.\Generated_Source\PSoC4/MotorPWM_PM.c **** *
 170:.\Generated_Source\PSoC4/MotorPWM_PM.c **** * Return:
 171:.\Generated_Source\PSoC4/MotorPWM_PM.c **** *  None
 172:.\Generated_Source\PSoC4/MotorPWM_PM.c **** *
 173:.\Generated_Source\PSoC4/MotorPWM_PM.c **** * Global variables:
 174:.\Generated_Source\PSoC4/MotorPWM_PM.c **** *  MotorPWM_backup.pwmEnable:  Is used to restore the enable state of
 175:.\Generated_Source\PSoC4/MotorPWM_PM.c **** *  block on wakeup from sleep mode.
 176:.\Generated_Source\PSoC4/MotorPWM_PM.c **** *
 177:.\Generated_Source\PSoC4/MotorPWM_PM.c **** *******************************************************************************/
 178:.\Generated_Source\PSoC4/MotorPWM_PM.c **** void MotorPWM_Wakeup(void) 
 179:.\Generated_Source\PSoC4/MotorPWM_PM.c **** {
 192              		.loc 1 179 0
 193              		.cfi_startproc
 194 0000 80B5     		push	{r7, lr}
 195              		.cfi_def_cfa_offset 8
 196              		.cfi_offset 7, -8
 197              		.cfi_offset 14, -4
 198 0002 00AF     		add	r7, sp, #0
 199              		.cfi_def_cfa_register 7
 180:.\Generated_Source\PSoC4/MotorPWM_PM.c ****      /* Restore registers values */
 181:.\Generated_Source\PSoC4/MotorPWM_PM.c ****     MotorPWM_RestoreConfig();
 200              		.loc 1 181 0
 201 0004 FFF7FEFF 		bl	MotorPWM_RestoreConfig
 182:.\Generated_Source\PSoC4/MotorPWM_PM.c **** 
 183:.\Generated_Source\PSoC4/MotorPWM_PM.c ****     if(MotorPWM_backup.PWMEnableState != 0u)
 202              		.loc 1 183 0
 203 0008 034B     		ldr	r3, .L14
 204 000a 1B78     		ldrb	r3, [r3]
 205 000c 002B     		cmp	r3, #0
 206 000e 01D0     		beq	.L12
 184:.\Generated_Source\PSoC4/MotorPWM_PM.c ****     {
 185:.\Generated_Source\PSoC4/MotorPWM_PM.c ****         /* Enable component's operation */
 186:.\Generated_Source\PSoC4/MotorPWM_PM.c ****         MotorPWM_Enable();
 207              		.loc 1 186 0
 208 0010 FFF7FEFF 		bl	MotorPWM_Enable
 209              	.L12:
 187:.\Generated_Source\PSoC4/MotorPWM_PM.c ****     } /* Do nothing if component's block was disabled before */
 188:.\Generated_Source\PSoC4/MotorPWM_PM.c **** 
ARM GAS  C:\Users\Jeppe\AppData\Local\Temp\ccLIomNR.s 			page 8


 189:.\Generated_Source\PSoC4/MotorPWM_PM.c **** }
 210              		.loc 1 189 0
 211 0014 BD46     		mov	sp, r7
 212              		@ sp needed
 213 0016 80BD     		pop	{r7, pc}
 214              	.L15:
 215              		.align	2
 216              	.L14:
 217 0018 00000000 		.word	MotorPWM_backup
 218              		.cfi_endproc
 219              	.LFE3:
 220              		.size	MotorPWM_Wakeup, .-MotorPWM_Wakeup
 221              		.text
 222              	.Letext0:
 223              		.file 2 ".\\Generated_Source\\PSoC4\\cytypes.h"
 224              		.file 3 ".\\Generated_Source\\PSoC4\\MotorPWM.h"
 225              		.section	.debug_info,"",%progbits
 226              	.Ldebug_info0:
 227 0000 5C010000 		.4byte	0x15c
 228 0004 0400     		.2byte	0x4
 229 0006 00000000 		.4byte	.Ldebug_abbrev0
 230 000a 04       		.byte	0x4
 231 000b 01       		.uleb128 0x1
 232 000c 75000000 		.4byte	.LASF27
 233 0010 01       		.byte	0x1
 234 0011 07000000 		.4byte	.LASF28
 235 0015 F3010000 		.4byte	.LASF29
 236 0019 00000000 		.4byte	.Ldebug_ranges0+0
 237 001d 00000000 		.4byte	0
 238 0021 00000000 		.4byte	.Ldebug_line0
 239 0025 02       		.uleb128 0x2
 240 0026 01       		.byte	0x1
 241 0027 06       		.byte	0x6
 242 0028 63020000 		.4byte	.LASF0
 243 002c 02       		.uleb128 0x2
 244 002d 01       		.byte	0x1
 245 002e 08       		.byte	0x8
 246 002f 08010000 		.4byte	.LASF1
 247 0033 02       		.uleb128 0x2
 248 0034 02       		.byte	0x2
 249 0035 05       		.byte	0x5
 250 0036 D9010000 		.4byte	.LASF2
 251 003a 02       		.uleb128 0x2
 252 003b 02       		.byte	0x2
 253 003c 07       		.byte	0x7
 254 003d 5C000000 		.4byte	.LASF3
 255 0041 02       		.uleb128 0x2
 256 0042 04       		.byte	0x4
 257 0043 05       		.byte	0x5
 258 0044 5A020000 		.4byte	.LASF4
 259 0048 02       		.uleb128 0x2
 260 0049 04       		.byte	0x4
 261 004a 07       		.byte	0x7
 262 004b 25010000 		.4byte	.LASF5
 263 004f 02       		.uleb128 0x2
 264 0050 08       		.byte	0x8
 265 0051 05       		.byte	0x5
ARM GAS  C:\Users\Jeppe\AppData\Local\Temp\ccLIomNR.s 			page 9


 266 0052 B5010000 		.4byte	.LASF6
 267 0056 02       		.uleb128 0x2
 268 0057 08       		.byte	0x8
 269 0058 07       		.byte	0x7
 270 0059 81010000 		.4byte	.LASF7
 271 005d 03       		.uleb128 0x3
 272 005e 04       		.byte	0x4
 273 005f 05       		.byte	0x5
 274 0060 696E7400 		.ascii	"int\000"
 275 0064 02       		.uleb128 0x2
 276 0065 04       		.byte	0x4
 277 0066 07       		.byte	0x7
 278 0067 5E010000 		.4byte	.LASF8
 279 006b 04       		.uleb128 0x4
 280 006c 37010000 		.4byte	.LASF9
 281 0070 02       		.byte	0x2
 282 0071 A1       		.byte	0xa1
 283 0072 2C000000 		.4byte	0x2c
 284 0076 04       		.uleb128 0x4
 285 0077 57010000 		.4byte	.LASF10
 286 007b 02       		.byte	0x2
 287 007c A2       		.byte	0xa2
 288 007d 3A000000 		.4byte	0x3a
 289 0081 02       		.uleb128 0x2
 290 0082 04       		.byte	0x4
 291 0083 04       		.byte	0x4
 292 0084 6F000000 		.4byte	.LASF11
 293 0088 02       		.uleb128 0x2
 294 0089 08       		.byte	0x8
 295 008a 04       		.byte	0x4
 296 008b 50010000 		.4byte	.LASF12
 297 008f 02       		.uleb128 0x2
 298 0090 01       		.byte	0x1
 299 0091 08       		.byte	0x8
 300 0092 C3010000 		.4byte	.LASF13
 301 0096 05       		.uleb128 0x5
 302 0097 A7010000 		.4byte	.LASF14
 303 009b 02       		.byte	0x2
 304 009c 4B01     		.2byte	0x14b
 305 009e A2000000 		.4byte	0xa2
 306 00a2 06       		.uleb128 0x6
 307 00a3 6B000000 		.4byte	0x6b
 308 00a7 02       		.uleb128 0x2
 309 00a8 04       		.byte	0x4
 310 00a9 07       		.byte	0x7
 311 00aa AC010000 		.4byte	.LASF15
 312 00ae 07       		.uleb128 0x7
 313 00af 0A       		.byte	0xa
 314 00b0 03       		.byte	0x3
 315 00b1 6B       		.byte	0x6b
 316 00b2 FF000000 		.4byte	0xff
 317 00b6 08       		.uleb128 0x8
 318 00b7 16010000 		.4byte	.LASF16
 319 00bb 03       		.byte	0x3
 320 00bc 6E       		.byte	0x6e
 321 00bd 6B000000 		.4byte	0x6b
 322 00c1 00       		.byte	0
ARM GAS  C:\Users\Jeppe\AppData\Local\Temp\ccLIomNR.s 			page 10


 323 00c2 08       		.uleb128 0x8
 324 00c3 00000000 		.4byte	.LASF17
 325 00c7 03       		.byte	0x3
 326 00c8 71       		.byte	0x71
 327 00c9 76000000 		.4byte	0x76
 328 00cd 02       		.byte	0x2
 329 00ce 08       		.uleb128 0x8
 330 00cf 2E000000 		.4byte	.LASF18
 331 00d3 03       		.byte	0x3
 332 00d4 73       		.byte	0x73
 333 00d5 76000000 		.4byte	0x76
 334 00d9 04       		.byte	0x4
 335 00da 08       		.uleb128 0x8
 336 00db 6F020000 		.4byte	.LASF19
 337 00df 03       		.byte	0x3
 338 00e0 76       		.byte	0x76
 339 00e1 6B000000 		.4byte	0x6b
 340 00e5 06       		.byte	0x6
 341 00e6 08       		.uleb128 0x8
 342 00e7 C8010000 		.4byte	.LASF20
 343 00eb 03       		.byte	0x3
 344 00ec 7C       		.byte	0x7c
 345 00ed 6B000000 		.4byte	0x6b
 346 00f1 07       		.byte	0x7
 347 00f2 08       		.uleb128 0x8
 348 00f3 3D010000 		.4byte	.LASF21
 349 00f7 03       		.byte	0x3
 350 00f8 86       		.byte	0x86
 351 00f9 6B000000 		.4byte	0x6b
 352 00fd 08       		.byte	0x8
 353 00fe 00       		.byte	0
 354 00ff 04       		.uleb128 0x4
 355 0100 6B010000 		.4byte	.LASF22
 356 0104 03       		.byte	0x3
 357 0105 8B       		.byte	0x8b
 358 0106 AE000000 		.4byte	0xae
 359 010a 09       		.uleb128 0x9
 360 010b 48000000 		.4byte	.LASF23
 361 010f 01       		.byte	0x1
 362 0110 2A       		.byte	0x2a
 363 0111 00000000 		.4byte	.LFB0
 364 0115 4C000000 		.4byte	.LFE0-.LFB0
 365 0119 01       		.uleb128 0x1
 366 011a 9C       		.byte	0x9c
 367 011b 09       		.uleb128 0x9
 368 011c F1000000 		.4byte	.LASF24
 369 0120 01       		.byte	0x1
 370 0121 58       		.byte	0x58
 371 0122 00000000 		.4byte	.LFB1
 372 0126 40000000 		.4byte	.LFE1-.LFB1
 373 012a 01       		.uleb128 0x1
 374 012b 9C       		.byte	0x9c
 375 012c 09       		.uleb128 0x9
 376 012d 98010000 		.4byte	.LASF25
 377 0131 01       		.byte	0x1
 378 0132 88       		.byte	0x88
 379 0133 00000000 		.4byte	.LFB2
ARM GAS  C:\Users\Jeppe\AppData\Local\Temp\ccLIomNR.s 			page 11


 380 0137 34000000 		.4byte	.LFE2-.LFB2
 381 013b 01       		.uleb128 0x1
 382 013c 9C       		.byte	0x9c
 383 013d 09       		.uleb128 0x9
 384 013e 38000000 		.4byte	.LASF26
 385 0142 01       		.byte	0x1
 386 0143 B2       		.byte	0xb2
 387 0144 00000000 		.4byte	.LFB3
 388 0148 1C000000 		.4byte	.LFE3-.LFB3
 389 014c 01       		.uleb128 0x1
 390 014d 9C       		.byte	0x9c
 391 014e 0A       		.uleb128 0xa
 392 014f E3010000 		.4byte	.LASF30
 393 0153 01       		.byte	0x1
 394 0154 14       		.byte	0x14
 395 0155 FF000000 		.4byte	0xff
 396 0159 05       		.uleb128 0x5
 397 015a 03       		.byte	0x3
 398 015b 00000000 		.4byte	MotorPWM_backup
 399 015f 00       		.byte	0
 400              		.section	.debug_abbrev,"",%progbits
 401              	.Ldebug_abbrev0:
 402 0000 01       		.uleb128 0x1
 403 0001 11       		.uleb128 0x11
 404 0002 01       		.byte	0x1
 405 0003 25       		.uleb128 0x25
 406 0004 0E       		.uleb128 0xe
 407 0005 13       		.uleb128 0x13
 408 0006 0B       		.uleb128 0xb
 409 0007 03       		.uleb128 0x3
 410 0008 0E       		.uleb128 0xe
 411 0009 1B       		.uleb128 0x1b
 412 000a 0E       		.uleb128 0xe
 413 000b 55       		.uleb128 0x55
 414 000c 17       		.uleb128 0x17
 415 000d 11       		.uleb128 0x11
 416 000e 01       		.uleb128 0x1
 417 000f 10       		.uleb128 0x10
 418 0010 17       		.uleb128 0x17
 419 0011 00       		.byte	0
 420 0012 00       		.byte	0
 421 0013 02       		.uleb128 0x2
 422 0014 24       		.uleb128 0x24
 423 0015 00       		.byte	0
 424 0016 0B       		.uleb128 0xb
 425 0017 0B       		.uleb128 0xb
 426 0018 3E       		.uleb128 0x3e
 427 0019 0B       		.uleb128 0xb
 428 001a 03       		.uleb128 0x3
 429 001b 0E       		.uleb128 0xe
 430 001c 00       		.byte	0
 431 001d 00       		.byte	0
 432 001e 03       		.uleb128 0x3
 433 001f 24       		.uleb128 0x24
 434 0020 00       		.byte	0
 435 0021 0B       		.uleb128 0xb
 436 0022 0B       		.uleb128 0xb
ARM GAS  C:\Users\Jeppe\AppData\Local\Temp\ccLIomNR.s 			page 12


 437 0023 3E       		.uleb128 0x3e
 438 0024 0B       		.uleb128 0xb
 439 0025 03       		.uleb128 0x3
 440 0026 08       		.uleb128 0x8
 441 0027 00       		.byte	0
 442 0028 00       		.byte	0
 443 0029 04       		.uleb128 0x4
 444 002a 16       		.uleb128 0x16
 445 002b 00       		.byte	0
 446 002c 03       		.uleb128 0x3
 447 002d 0E       		.uleb128 0xe
 448 002e 3A       		.uleb128 0x3a
 449 002f 0B       		.uleb128 0xb
 450 0030 3B       		.uleb128 0x3b
 451 0031 0B       		.uleb128 0xb
 452 0032 49       		.uleb128 0x49
 453 0033 13       		.uleb128 0x13
 454 0034 00       		.byte	0
 455 0035 00       		.byte	0
 456 0036 05       		.uleb128 0x5
 457 0037 16       		.uleb128 0x16
 458 0038 00       		.byte	0
 459 0039 03       		.uleb128 0x3
 460 003a 0E       		.uleb128 0xe
 461 003b 3A       		.uleb128 0x3a
 462 003c 0B       		.uleb128 0xb
 463 003d 3B       		.uleb128 0x3b
 464 003e 05       		.uleb128 0x5
 465 003f 49       		.uleb128 0x49
 466 0040 13       		.uleb128 0x13
 467 0041 00       		.byte	0
 468 0042 00       		.byte	0
 469 0043 06       		.uleb128 0x6
 470 0044 35       		.uleb128 0x35
 471 0045 00       		.byte	0
 472 0046 49       		.uleb128 0x49
 473 0047 13       		.uleb128 0x13
 474 0048 00       		.byte	0
 475 0049 00       		.byte	0
 476 004a 07       		.uleb128 0x7
 477 004b 13       		.uleb128 0x13
 478 004c 01       		.byte	0x1
 479 004d 0B       		.uleb128 0xb
 480 004e 0B       		.uleb128 0xb
 481 004f 3A       		.uleb128 0x3a
 482 0050 0B       		.uleb128 0xb
 483 0051 3B       		.uleb128 0x3b
 484 0052 0B       		.uleb128 0xb
 485 0053 01       		.uleb128 0x1
 486 0054 13       		.uleb128 0x13
 487 0055 00       		.byte	0
 488 0056 00       		.byte	0
 489 0057 08       		.uleb128 0x8
 490 0058 0D       		.uleb128 0xd
 491 0059 00       		.byte	0
 492 005a 03       		.uleb128 0x3
 493 005b 0E       		.uleb128 0xe
ARM GAS  C:\Users\Jeppe\AppData\Local\Temp\ccLIomNR.s 			page 13


 494 005c 3A       		.uleb128 0x3a
 495 005d 0B       		.uleb128 0xb
 496 005e 3B       		.uleb128 0x3b
 497 005f 0B       		.uleb128 0xb
 498 0060 49       		.uleb128 0x49
 499 0061 13       		.uleb128 0x13
 500 0062 38       		.uleb128 0x38
 501 0063 0B       		.uleb128 0xb
 502 0064 00       		.byte	0
 503 0065 00       		.byte	0
 504 0066 09       		.uleb128 0x9
 505 0067 2E       		.uleb128 0x2e
 506 0068 00       		.byte	0
 507 0069 3F       		.uleb128 0x3f
 508 006a 19       		.uleb128 0x19
 509 006b 03       		.uleb128 0x3
 510 006c 0E       		.uleb128 0xe
 511 006d 3A       		.uleb128 0x3a
 512 006e 0B       		.uleb128 0xb
 513 006f 3B       		.uleb128 0x3b
 514 0070 0B       		.uleb128 0xb
 515 0071 27       		.uleb128 0x27
 516 0072 19       		.uleb128 0x19
 517 0073 11       		.uleb128 0x11
 518 0074 01       		.uleb128 0x1
 519 0075 12       		.uleb128 0x12
 520 0076 06       		.uleb128 0x6
 521 0077 40       		.uleb128 0x40
 522 0078 18       		.uleb128 0x18
 523 0079 9642     		.uleb128 0x2116
 524 007b 19       		.uleb128 0x19
 525 007c 00       		.byte	0
 526 007d 00       		.byte	0
 527 007e 0A       		.uleb128 0xa
 528 007f 34       		.uleb128 0x34
 529 0080 00       		.byte	0
 530 0081 03       		.uleb128 0x3
 531 0082 0E       		.uleb128 0xe
 532 0083 3A       		.uleb128 0x3a
 533 0084 0B       		.uleb128 0xb
 534 0085 3B       		.uleb128 0x3b
 535 0086 0B       		.uleb128 0xb
 536 0087 49       		.uleb128 0x49
 537 0088 13       		.uleb128 0x13
 538 0089 02       		.uleb128 0x2
 539 008a 18       		.uleb128 0x18
 540 008b 00       		.byte	0
 541 008c 00       		.byte	0
 542 008d 00       		.byte	0
 543              		.section	.debug_aranges,"",%progbits
 544 0000 34000000 		.4byte	0x34
 545 0004 0200     		.2byte	0x2
 546 0006 00000000 		.4byte	.Ldebug_info0
 547 000a 04       		.byte	0x4
 548 000b 00       		.byte	0
 549 000c 0000     		.2byte	0
 550 000e 0000     		.2byte	0
ARM GAS  C:\Users\Jeppe\AppData\Local\Temp\ccLIomNR.s 			page 14


 551 0010 00000000 		.4byte	.LFB0
 552 0014 4C000000 		.4byte	.LFE0-.LFB0
 553 0018 00000000 		.4byte	.LFB1
 554 001c 40000000 		.4byte	.LFE1-.LFB1
 555 0020 00000000 		.4byte	.LFB2
 556 0024 34000000 		.4byte	.LFE2-.LFB2
 557 0028 00000000 		.4byte	.LFB3
 558 002c 1C000000 		.4byte	.LFE3-.LFB3
 559 0030 00000000 		.4byte	0
 560 0034 00000000 		.4byte	0
 561              		.section	.debug_ranges,"",%progbits
 562              	.Ldebug_ranges0:
 563 0000 00000000 		.4byte	.LFB0
 564 0004 4C000000 		.4byte	.LFE0
 565 0008 00000000 		.4byte	.LFB1
 566 000c 40000000 		.4byte	.LFE1
 567 0010 00000000 		.4byte	.LFB2
 568 0014 34000000 		.4byte	.LFE2
 569 0018 00000000 		.4byte	.LFB3
 570 001c 1C000000 		.4byte	.LFE3
 571 0020 00000000 		.4byte	0
 572 0024 00000000 		.4byte	0
 573              		.section	.debug_line,"",%progbits
 574              	.Ldebug_line0:
 575 0000 B3000000 		.section	.debug_str,"MS",%progbits,1
 575      02005800 
 575      00000201 
 575      FB0E0D00 
 575      01010101 
 576              	.LASF17:
 577 0000 50574D55 		.ascii	"PWMUdb\000"
 577      646200
 578              	.LASF28:
 579 0007 2E5C4765 		.ascii	".\\Generated_Source\\PSoC4\\MotorPWM_PM.c\000"
 579      6E657261 
 579      7465645F 
 579      536F7572 
 579      63655C50 
 580              	.LASF18:
 581 002e 50574D50 		.ascii	"PWMPeriod\000"
 581      6572696F 
 581      6400
 582              	.LASF26:
 583 0038 4D6F746F 		.ascii	"MotorPWM_Wakeup\000"
 583      7250574D 
 583      5F57616B 
 583      65757000 
 584              	.LASF23:
 585 0048 4D6F746F 		.ascii	"MotorPWM_SaveConfig\000"
 585      7250574D 
 585      5F536176 
 585      65436F6E 
 585      66696700 
 586              	.LASF3:
 587 005c 73686F72 		.ascii	"short unsigned int\000"
 587      7420756E 
 587      7369676E 
ARM GAS  C:\Users\Jeppe\AppData\Local\Temp\ccLIomNR.s 			page 15


 587      65642069 
 587      6E7400
 588              	.LASF11:
 589 006f 666C6F61 		.ascii	"float\000"
 589      7400
 590              	.LASF27:
 591 0075 474E5520 		.ascii	"GNU C 4.8.4 20140526 (release) [ARM/embedded-4_8-br"
 591      4320342E 
 591      382E3420 
 591      32303134 
 591      30353236 
 592 00a8 616E6368 		.ascii	"anch revision 211358] -mcpu=cortex-m0 -mthumb -g -O"
 592      20726576 
 592      6973696F 
 592      6E203231 
 592      31333538 
 593 00db 30202D66 		.ascii	"0 -ffunction-sections\000"
 593      66756E63 
 593      74696F6E 
 593      2D736563 
 593      74696F6E 
 594              	.LASF24:
 595 00f1 4D6F746F 		.ascii	"MotorPWM_RestoreConfig\000"
 595      7250574D 
 595      5F526573 
 595      746F7265 
 595      436F6E66 
 596              	.LASF1:
 597 0108 756E7369 		.ascii	"unsigned char\000"
 597      676E6564 
 597      20636861 
 597      7200
 598              	.LASF16:
 599 0116 50574D45 		.ascii	"PWMEnableState\000"
 599      6E61626C 
 599      65537461 
 599      746500
 600              	.LASF5:
 601 0125 6C6F6E67 		.ascii	"long unsigned int\000"
 601      20756E73 
 601      69676E65 
 601      6420696E 
 601      7400
 602              	.LASF9:
 603 0137 75696E74 		.ascii	"uint8\000"
 603      3800
 604              	.LASF21:
 605 013d 50574D43 		.ascii	"PWMControlRegister\000"
 605      6F6E7472 
 605      6F6C5265 
 605      67697374 
 605      657200
 606              	.LASF12:
 607 0150 646F7562 		.ascii	"double\000"
 607      6C6500
 608              	.LASF10:
 609 0157 75696E74 		.ascii	"uint16\000"
ARM GAS  C:\Users\Jeppe\AppData\Local\Temp\ccLIomNR.s 			page 16


 609      313600
 610              	.LASF8:
 611 015e 756E7369 		.ascii	"unsigned int\000"
 611      676E6564 
 611      20696E74 
 611      00
 612              	.LASF22:
 613 016b 4D6F746F 		.ascii	"MotorPWM_backupStruct\000"
 613      7250574D 
 613      5F626163 
 613      6B757053 
 613      74727563 
 614              	.LASF7:
 615 0181 6C6F6E67 		.ascii	"long long unsigned int\000"
 615      206C6F6E 
 615      6720756E 
 615      7369676E 
 615      65642069 
 616              	.LASF25:
 617 0198 4D6F746F 		.ascii	"MotorPWM_Sleep\000"
 617      7250574D 
 617      5F536C65 
 617      657000
 618              	.LASF14:
 619 01a7 72656738 		.ascii	"reg8\000"
 619      00
 620              	.LASF15:
 621 01ac 73697A65 		.ascii	"sizetype\000"
 621      74797065 
 621      00
 622              	.LASF6:
 623 01b5 6C6F6E67 		.ascii	"long long int\000"
 623      206C6F6E 
 623      6720696E 
 623      7400
 624              	.LASF13:
 625 01c3 63686172 		.ascii	"char\000"
 625      00
 626              	.LASF20:
 627 01c8 50574D64 		.ascii	"PWMdeadBandValue\000"
 627      65616442 
 627      616E6456 
 627      616C7565 
 627      00
 628              	.LASF2:
 629 01d9 73686F72 		.ascii	"short int\000"
 629      7420696E 
 629      7400
 630              	.LASF30:
 631 01e3 4D6F746F 		.ascii	"MotorPWM_backup\000"
 631      7250574D 
 631      5F626163 
 631      6B757000 
 632              	.LASF29:
 633 01f3 433A5C55 		.ascii	"C:\\Users\\Jeppe\\Google Drev\\E4PRJ4 gDrive\\Vugge"
 633      73657273 
 633      5C4A6570 
ARM GAS  C:\Users\Jeppe\AppData\Local\Temp\ccLIomNR.s 			page 17


 633      70655C47 
 633      6F6F676C 
 634 0221 73797374 		.ascii	"system arbejdsdokumenter\\vuggeControl\\vuggeContro"
 634      656D2061 
 634      7262656A 
 634      6473646F 
 634      6B756D65 
 635 0252 6C2E6379 		.ascii	"l.cydsn\000"
 635      64736E00 
 636              	.LASF4:
 637 025a 6C6F6E67 		.ascii	"long int\000"
 637      20696E74 
 637      00
 638              	.LASF0:
 639 0263 7369676E 		.ascii	"signed char\000"
 639      65642063 
 639      68617200 
 640              	.LASF19:
 641 026f 496E7465 		.ascii	"InterruptMaskValue\000"
 641      72727570 
 641      744D6173 
 641      6B56616C 
 641      756500
 642              		.ident	"GCC: (GNU Tools for ARM Embedded Processors) 4.8.4 20140526 (release) [ARM/embedded-4_8-br
