ARM GAS  C:\Users\Jeppe\AppData\Local\Temp\ccp19vVh.s 			page 1


   1              		.cpu cortex-m0
   2              		.fpu softvfp
   3              		.eabi_attribute 20, 1
   4              		.eabi_attribute 21, 1
   5              		.eabi_attribute 23, 3
   6              		.eabi_attribute 24, 1
   7              		.eabi_attribute 25, 1
   8              		.eabi_attribute 26, 1
   9              		.eabi_attribute 30, 6
  10              		.eabi_attribute 34, 0
  11              		.eabi_attribute 18, 4
  12              		.code	16
  13              		.file	"vuggeControl.c"
  14              		.text
  15              	.Ltext0:
  16              		.cfi_sections	.debug_frame
  17              		.comm	I2CBuf,5,4
  18              		.comm	sensorDataPtr_,4,4
  19              		.comm	fixedPointReg_,4,4
  20              		.comm	reguleringsStatus_,4,4
  21              		.comm	going_up_,1,1
  22              		.comm	pwmSineAngle_,4,4
  23              		.comm	print1,4,4
  24              		.comm	print2,4,4
  25              		.comm	prevFrek,1,1
  26              		.comm	prevUdsving,1,1
  27              		.comm	angleInc,4,4
  28              		.comm	sineA,4,4
  29              		.comm	prev_e,4,4
  30              		.comm	i_e,4,4
  31              		.comm	endstopStatusPtr_,4,4
  32              		.comm	reguleringsStatusPtr_,4,4
  33              		.comm	i2cPtr_,4,4
  34              		.global	ready
  35              		.bss
  36              		.type	ready, %object
  37              		.size	ready, 1
  38              	ready:
  39 0000 00       		.space	1
  40              		.section	.rodata
  41              		.align	2
  42              	.LC0:
  43 0000 0D0A0A57 		.ascii	"\015\012\012Welcome to Baby Watch Vuggesystem\015\012"
  43      656C636F 
  43      6D652074 
  43      6F204261 
  43      62792057 
  44 0026 0A00     		.ascii	"\012\000"
  45              		.section	.text.main,"ax",%progbits
  46              		.align	2
  47              		.global	main
  48              		.code	16
  49              		.thumb_func
  50              		.type	main, %function
  51              	main:
  52              	.LFB33:
  53              		.file 1 ".\\vuggeControl.c"
ARM GAS  C:\Users\Jeppe\AppData\Local\Temp\ccp19vVh.s 			page 2


   1:.\vuggeControl.c **** /* ========================================
   2:.\vuggeControl.c ****  *
   3:.\vuggeControl.c ****  * Copyright Baby Watch, 2015
   4:.\vuggeControl.c ****  * All Rights Reserved
   5:.\vuggeControl.c ****  * UNPUBLISHED, LICENSED SOFTWARE.
   6:.\vuggeControl.c ****  *
   7:.\vuggeControl.c ****  * CONFIDENTIAL AND PROPRIETARY INFORMATION
   8:.\vuggeControl.c ****  * WHICH IS THE PROPERTY OF Baby Watch.
   9:.\vuggeControl.c ****  *
  10:.\vuggeControl.c ****  * ========================================
  11:.\vuggeControl.c **** */
  12:.\vuggeControl.c **** //========================================================================
  13:.\vuggeControl.c **** // FILENAME : vuggeControl.c
  14:.\vuggeControl.c **** // CREATED : 03-03-2015
  15:.\vuggeControl.c **** // AUTHOR  : Jeppe Hofni
  16:.\vuggeControl.c **** // DESCR.  : c file for PSoC4
  17:.\vuggeControl.c **** //
  18:.\vuggeControl.c **** //------------------------------------------------------------------------
  19:.\vuggeControl.c **** //
  20:.\vuggeControl.c **** // REV.  DATE/AUTHOR  CHANGE DESCRIPTION
  21:.\vuggeControl.c **** // 0.1  03-03-2015 - Jeppe - First writeup of vuggeControl.c
  22:.\vuggeControl.c **** // 0.2	17-04-2015 - Jeppe - I2C to Controller implemented, needstesting
  23:.\vuggeControl.c **** // 0.3	30-04-2015 - Jeppe - I2C tweeked and tested
  24:.\vuggeControl.c **** // 0.4	23-05-2015 - Jeppe - Main implemented with loop and initiation
  25:.\vuggeControl.c **** //------------------------------------------------------------------------
  26:.\vuggeControl.c **** // KNOWN ISSUES:
  27:.\vuggeControl.c **** // REV. - ISSUE(S)
  28:.\vuggeControl.c **** // 0.1 - Needs to be sorted proper
  29:.\vuggeControl.c **** // 0.2 - I2C needs testing, regulering needs finished implementation, sensorFortolker needs finishe
  30:.\vuggeControl.c **** // 0.3 - Regulering needs finished implementation, sensorFortolker needs finished implementation
  31:.\vuggeControl.c **** // 0.4 - Shutdown needs properhandling
  32:.\vuggeControl.c **** //========================================================================
  33:.\vuggeControl.c **** 
  34:.\vuggeControl.c **** // Includes
  35:.\vuggeControl.c **** #include <project.h>
  36:.\vuggeControl.c **** #include <stdio.h>
  37:.\vuggeControl.c **** #include <cytypes.h>
  38:.\vuggeControl.c **** #include "fixedMath.h"
  39:.\vuggeControl.c **** #include "i2cKommunikation.h"
  40:.\vuggeControl.c **** #include "sensorFortolker.h"
  41:.\vuggeControl.c **** #include "regulering.h"
  42:.\vuggeControl.c **** 
  43:.\vuggeControl.c **** // Attributes
  44:.\vuggeControl.c **** int* endstopStatusPtr_;
  45:.\vuggeControl.c **** int* reguleringsStatusPtr_;
  46:.\vuggeControl.c **** uint8* i2cPtr_;
  47:.\vuggeControl.c **** BOOL ready = FALSE;
  48:.\vuggeControl.c **** 
  49:.\vuggeControl.c **** // Prototype functions
  50:.\vuggeControl.c **** void initVuggesystem();
  51:.\vuggeControl.c **** void reguleringsStatus(void);
  52:.\vuggeControl.c **** void lukSystem(void);
  53:.\vuggeControl.c **** void checkOn_Off(void);
  54:.\vuggeControl.c **** void checkEndstop();
  55:.\vuggeControl.c **** void error(char* str);
  56:.\vuggeControl.c **** CY_ISR_PROTO(loopIsr);
  57:.\vuggeControl.c **** 
ARM GAS  C:\Users\Jeppe\AppData\Local\Temp\ccp19vVh.s 			page 3


  58:.\vuggeControl.c **** 
  59:.\vuggeControl.c **** int main()
  60:.\vuggeControl.c **** {
  54              		.loc 1 60 0
  55              		.cfi_startproc
  56 0000 80B5     		push	{r7, lr}
  57              		.cfi_def_cfa_offset 8
  58              		.cfi_offset 7, -8
  59              		.cfi_offset 14, -4
  60 0002 84B0     		sub	sp, sp, #16
  61              		.cfi_def_cfa_offset 24
  62 0004 00AF     		add	r7, sp, #0
  63              		.cfi_def_cfa_register 7
  61:.\vuggeControl.c ****     CyDelay(500);
  64              		.loc 1 61 0
  65 0006 FA23     		mov	r3, #250
  66 0008 5B00     		lsl	r3, r3, #1
  67 000a 181C     		mov	r0, r3
  68 000c FFF7FEFF 		bl	CyDelay
  62:.\vuggeControl.c ****     CyGlobalIntEnable;
  69              		.loc 1 62 0
  70              	@ 62 ".\vuggeControl.c" 1
  71 0010 62B6     		CPSIE   i
  72              	@ 0 "" 2
  63:.\vuggeControl.c ****     initVuggesystem();
  73              		.loc 1 63 0
  74              		.code	16
  75 0012 FFF7FEFF 		bl	initVuggesystem
  64:.\vuggeControl.c ****      // Global interrupts
  65:.\vuggeControl.c ****     debugOut_PutString("\r\n\nWelcome to Baby Watch Vuggesystem\r\n\n");
  76              		.loc 1 65 0
  77 0016 1D4B     		ldr	r3, .L4
  78 0018 181C     		mov	r0, r3
  79 001a FFF7FEFF 		bl	debugOut_PutString
  66:.\vuggeControl.c ****     
  67:.\vuggeControl.c ****     fix16_t count = 0;
  80              		.loc 1 67 0
  81 001e 0023     		mov	r3, #0
  82 0020 FB60     		str	r3, [r7, #12]
  83              	.L3:
  84              	.LBB2:
  68:.\vuggeControl.c ****     while(TRUE)
  69:.\vuggeControl.c ****     {
  70:.\vuggeControl.c ****         /* wait for the remainder of the loop period while  *
  71:.\vuggeControl.c ****          * exposing the idle period on the activity debug   *
  72:.\vuggeControl.c ****          * pin.                                             */
  73:.\vuggeControl.c ****         CyPins_ClearPin(activityDebug_0);  
  85              		.loc 1 73 0
  86 0022 1B4B     		ldr	r3, .L4+4
  87 0024 1A4A     		ldr	r2, .L4+4
  88 0026 1268     		ldr	r2, [r2]
  89 0028 4021     		mov	r1, #64
  90 002a 8A43     		bic	r2, r1
  91 002c 1A60     		str	r2, [r3]
  74:.\vuggeControl.c ****         while(!ready);
  92              		.loc 1 74 0
  93 002e C046     		mov	r8, r8
ARM GAS  C:\Users\Jeppe\AppData\Local\Temp\ccp19vVh.s 			page 4


  94              	.L2:
  95              		.loc 1 74 0 is_stmt 0 discriminator 1
  96 0030 184B     		ldr	r3, .L4+8
  97 0032 1B78     		ldrb	r3, [r3]
  98 0034 002B     		cmp	r3, #0
  99 0036 FBD0     		beq	.L2
  75:.\vuggeControl.c ****         CyPins_SetPin(activityDebug_0);
 100              		.loc 1 75 0 is_stmt 1
 101 0038 154B     		ldr	r3, .L4+4
 102 003a 154A     		ldr	r2, .L4+4
 103 003c 1268     		ldr	r2, [r2]
 104 003e 4021     		mov	r1, #64
 105 0040 0A43     		orr	r2, r1
 106 0042 1A60     		str	r2, [r3]
  76:.\vuggeControl.c ****         
  77:.\vuggeControl.c ****         //check system status
  78:.\vuggeControl.c ****         checkEndstop();
 107              		.loc 1 78 0
 108 0044 FFF7FEFF 		bl	checkEndstop
  79:.\vuggeControl.c ****         checkOn_Off();
 109              		.loc 1 79 0
 110 0048 FFF7FEFF 		bl	checkOn_Off
  80:.\vuggeControl.c ****         //update the target parameters
  81:.\vuggeControl.c ****         updateRegParameter(i2cPtr_[I2C_FREK_REG], i2cPtr_[I2C_VINK_REG]);
 111              		.loc 1 81 0
 112 004c 124B     		ldr	r3, .L4+12
 113 004e 1B68     		ldr	r3, [r3]
 114 0050 0233     		add	r3, r3, #2
 115 0052 1A78     		ldrb	r2, [r3]
 116 0054 104B     		ldr	r3, .L4+12
 117 0056 1B68     		ldr	r3, [r3]
 118 0058 0333     		add	r3, r3, #3
 119 005a 1B78     		ldrb	r3, [r3]
 120 005c 101C     		mov	r0, r2
 121 005e 191C     		mov	r1, r3
 122 0060 FFF7FEFF 		bl	updateRegParameter
  82:.\vuggeControl.c ****         //calculate correction from sensor input
  83:.\vuggeControl.c ****         fix16_t angle = getVuggeUdsvingSens();
 123              		.loc 1 83 0
 124 0064 FFF7FEFF 		bl	getVuggeUdsvingSens
 125 0068 031C     		mov	r3, r0
 126 006a BB60     		str	r3, [r7, #8]
  84:.\vuggeControl.c ****         fix16_t C = beregnRegulering(angle);
 127              		.loc 1 84 0
 128 006c BB68     		ldr	r3, [r7, #8]
 129 006e 181C     		mov	r0, r3
 130 0070 FFF7FEFF 		bl	beregnRegulering
 131 0074 031C     		mov	r3, r0
 132 0076 7B60     		str	r3, [r7, #4]
  85:.\vuggeControl.c ****         
  86:.\vuggeControl.c ****         //opdater motor output
  87:.\vuggeControl.c ****         PWMStyring(C);
 133              		.loc 1 87 0
 134 0078 7B68     		ldr	r3, [r7, #4]
 135 007a 181C     		mov	r0, r3
 136 007c FFF7FEFF 		bl	PWMStyring
  88:.\vuggeControl.c ****         //check for successful control output
ARM GAS  C:\Users\Jeppe\AppData\Local\Temp\ccp19vVh.s 			page 5


  89:.\vuggeControl.c ****         reguleringsStatus();
 137              		.loc 1 89 0
 138 0080 FFF7FEFF 		bl	reguleringsStatus
  90:.\vuggeControl.c **** //        print1 = count;
  91:.\vuggeControl.c **** //        count += 3277;
  92:.\vuggeControl.c ****         
  93:.\vuggeControl.c ****         /* ***** DEBUG ***** */
  94:.\vuggeControl.c **** //        char str[30];
  95:.\vuggeControl.c **** //        sprintf(str, "%d, ", angle>>);
  96:.\vuggeControl.c **** //        debugOut_PutString(str);
  97:.\vuggeControl.c **** //        
  98:.\vuggeControl.c **** //        sprintf(str, "%d; ", print2>>15);
  99:.\vuggeControl.c **** //        debugOut_PutString(str);
 100:.\vuggeControl.c ****         /* *** DEBUG END *** */
 101:.\vuggeControl.c ****         
 102:.\vuggeControl.c ****         //set waiting flag to false
 103:.\vuggeControl.c ****         ready = FALSE;
 139              		.loc 1 103 0
 140 0084 034B     		ldr	r3, .L4+8
 141 0086 0022     		mov	r2, #0
 142 0088 1A70     		strb	r2, [r3]
 143              	.LBE2:
 104:.\vuggeControl.c ****     }
 144              		.loc 1 104 0
 145 008a CAE7     		b	.L3
 146              	.L5:
 147              		.align	2
 148              	.L4:
 149 008c 00000000 		.word	.LC0
 150 0090 00030440 		.word	1074004736
 151 0094 00000000 		.word	ready
 152 0098 00000000 		.word	i2cPtr_
 153              		.cfi_endproc
 154              	.LFE33:
 155              		.size	main, .-main
 156              		.section	.text.initVuggesystem,"ax",%progbits
 157              		.align	2
 158              		.global	initVuggesystem
 159              		.code	16
 160              		.thumb_func
 161              		.type	initVuggesystem, %function
 162              	initVuggesystem:
 163              	.LFB34:
 105:.\vuggeControl.c **** }
 106:.\vuggeControl.c **** 
 107:.\vuggeControl.c **** void initVuggesystem()
 108:.\vuggeControl.c **** {   
 164              		.loc 1 108 0
 165              		.cfi_startproc
 166 0000 80B5     		push	{r7, lr}
 167              		.cfi_def_cfa_offset 8
 168              		.cfi_offset 7, -8
 169              		.cfi_offset 14, -4
 170 0002 00AF     		add	r7, sp, #0
 171              		.cfi_def_cfa_register 7
 109:.\vuggeControl.c ****     debugOut_Start();
 172              		.loc 1 109 0
ARM GAS  C:\Users\Jeppe\AppData\Local\Temp\ccp19vVh.s 			page 6


 173 0004 FFF7FEFF 		bl	debugOut_Start
 110:.\vuggeControl.c ****         
 111:.\vuggeControl.c ****     //Start components
 112:.\vuggeControl.c ****     loopTimer_Start();
 174              		.loc 1 112 0
 175 0008 FFF7FEFF 		bl	loopTimer_Start
 113:.\vuggeControl.c ****     loop_isr_StartEx(loopIsr);
 176              		.loc 1 113 0
 177 000c 0A4B     		ldr	r3, .L7
 178 000e 181C     		mov	r0, r3
 179 0010 FFF7FEFF 		bl	loop_isr_StartEx
 114:.\vuggeControl.c ****     
 115:.\vuggeControl.c ****     //start sensors
 116:.\vuggeControl.c ****     initSensors(); 
 180              		.loc 1 116 0
 181 0014 FFF7FEFF 		bl	initSensors
 117:.\vuggeControl.c ****     
 118:.\vuggeControl.c ****     //start controller I2C connection
 119:.\vuggeControl.c ****     initI2C();
 182              		.loc 1 119 0
 183 0018 FFF7FEFF 		bl	initI2C
 120:.\vuggeControl.c ****     i2cPtr_ = sendConKom();
 184              		.loc 1 120 0
 185 001c FFF7FEFF 		bl	sendConKom
 186 0020 021C     		mov	r2, r0
 187 0022 064B     		ldr	r3, .L7+4
 188 0024 1A60     		str	r2, [r3]
 121:.\vuggeControl.c ****     
 122:.\vuggeControl.c ****     //start regulering
 123:.\vuggeControl.c ****     initRegulering();
 189              		.loc 1 123 0
 190 0026 FFF7FEFF 		bl	initRegulering
 124:.\vuggeControl.c ****     reguleringsStatusPtr_ = getReguleringsStatus();
 191              		.loc 1 124 0
 192 002a FFF7FEFF 		bl	getReguleringsStatus
 193 002e 021C     		mov	r2, r0
 194 0030 034B     		ldr	r3, .L7+8
 195 0032 1A60     		str	r2, [r3]
 125:.\vuggeControl.c **** }
 196              		.loc 1 125 0
 197 0034 BD46     		mov	sp, r7
 198              		@ sp needed
 199 0036 80BD     		pop	{r7, pc}
 200              	.L8:
 201              		.align	2
 202              	.L7:
 203 0038 00000000 		.word	loopIsr
 204 003c 00000000 		.word	i2cPtr_
 205 0040 00000000 		.word	reguleringsStatusPtr_
 206              		.cfi_endproc
 207              	.LFE34:
 208              		.size	initVuggesystem, .-initVuggesystem
 209              		.section	.text.reguleringsStatus,"ax",%progbits
 210              		.align	2
 211              		.global	reguleringsStatus
 212              		.code	16
 213              		.thumb_func
ARM GAS  C:\Users\Jeppe\AppData\Local\Temp\ccp19vVh.s 			page 7


 214              		.type	reguleringsStatus, %function
 215              	reguleringsStatus:
 216              	.LFB35:
 126:.\vuggeControl.c **** 
 127:.\vuggeControl.c **** 
 128:.\vuggeControl.c **** /* Function Name: reguleringsStatus
 129:.\vuggeControl.c ****    Summary:
 130:.\vuggeControl.c ****     Checks for error and sets the I2CTxReg[1] with regStatus error message. ERR = 0b10000000(128_de
 131:.\vuggeControl.c **** */
 132:.\vuggeControl.c **** void reguleringsStatus()
 133:.\vuggeControl.c **** {
 217              		.loc 1 133 0
 218              		.cfi_startproc
 219 0000 80B5     		push	{r7, lr}
 220              		.cfi_def_cfa_offset 8
 221              		.cfi_offset 7, -8
 222              		.cfi_offset 14, -4
 223 0002 82B0     		sub	sp, sp, #8
 224              		.cfi_def_cfa_offset 16
 225 0004 00AF     		add	r7, sp, #0
 226              		.cfi_def_cfa_register 7
 134:.\vuggeControl.c ****     int reguleringsStatus = *reguleringsStatusPtr_;
 227              		.loc 1 134 0
 228 0006 094B     		ldr	r3, .L11
 229 0008 1B68     		ldr	r3, [r3]
 230 000a 1B68     		ldr	r3, [r3]
 231 000c 7B60     		str	r3, [r7, #4]
 135:.\vuggeControl.c ****     if(reguleringsStatus > 1)
 232              		.loc 1 135 0
 233 000e 7B68     		ldr	r3, [r7, #4]
 234 0010 012B     		cmp	r3, #1
 235 0012 07DD     		ble	.L9
 136:.\vuggeControl.c ****     {  
 137:.\vuggeControl.c ****         i2cPtr_[4] = reguleringsStatus;
 236              		.loc 1 137 0
 237 0014 064B     		ldr	r3, .L11+4
 238 0016 1B68     		ldr	r3, [r3]
 239 0018 0433     		add	r3, r3, #4
 240 001a 7A68     		ldr	r2, [r7, #4]
 241 001c D2B2     		uxtb	r2, r2
 242 001e 1A70     		strb	r2, [r3]
 138:.\vuggeControl.c ****         lukSystem();
 243              		.loc 1 138 0
 244 0020 FFF7FEFF 		bl	lukSystem
 245              	.L9:
 139:.\vuggeControl.c ****     }
 140:.\vuggeControl.c ****     
 141:.\vuggeControl.c **** }
 246              		.loc 1 141 0
 247 0024 BD46     		mov	sp, r7
 248 0026 02B0     		add	sp, sp, #8
 249              		@ sp needed
 250 0028 80BD     		pop	{r7, pc}
 251              	.L12:
 252 002a C046     		.align	2
 253              	.L11:
 254 002c 00000000 		.word	reguleringsStatusPtr_
ARM GAS  C:\Users\Jeppe\AppData\Local\Temp\ccp19vVh.s 			page 8


 255 0030 00000000 		.word	i2cPtr_
 256              		.cfi_endproc
 257              	.LFE35:
 258              		.size	reguleringsStatus, .-reguleringsStatus
 259              		.section	.rodata
 260              		.align	2
 261              	.LC9:
 262 0028 0D0A0A0A 		.ascii	"\015\012\012\012 SHUTDOWN AKTIVERET \015\012\012\012"
 262      20534855 
 262      54444F57 
 262      4E20414B 
 262      54495645 
 263 0044 00       		.ascii	"\000"
 264              		.section	.text.lukSystem,"ax",%progbits
 265              		.align	2
 266              		.global	lukSystem
 267              		.code	16
 268              		.thumb_func
 269              		.type	lukSystem, %function
 270              	lukSystem:
 271              	.LFB36:
 142:.\vuggeControl.c **** 
 143:.\vuggeControl.c **** /* Function Name: lukSystem
 144:.\vuggeControl.c ****    Summary:
 145:.\vuggeControl.c ****    Stops and closes all motor control operation  
 146:.\vuggeControl.c **** */
 147:.\vuggeControl.c **** void lukSystem()
 148:.\vuggeControl.c **** {  
 272              		.loc 1 148 0
 273              		.cfi_startproc
 274 0000 90B5     		push	{r4, r7, lr}
 275              		.cfi_def_cfa_offset 12
 276              		.cfi_offset 4, -12
 277              		.cfi_offset 7, -8
 278              		.cfi_offset 14, -4
 279 0002 89B0     		sub	sp, sp, #36
 280              		.cfi_def_cfa_offset 48
 281 0004 00AF     		add	r7, sp, #0
 282              		.cfi_def_cfa_register 7
 149:.\vuggeControl.c ****         loop_isr_Stop();
 283              		.loc 1 149 0
 284 0006 FFF7FEFF 		bl	loop_isr_Stop
 150:.\vuggeControl.c ****         char str[30];
 151:.\vuggeControl.c ****         sprintf(str, "\r\n\n\n SHUTDOWN AKTIVERET \r\n\n\n");
 285              		.loc 1 151 0
 286 000a 3B1C     		mov	r3, r7
 287 000c 154A     		ldr	r2, .L15
 288 000e 13CA     		ldmia	r2!, {r0, r1, r4}
 289 0010 13C3     		stmia	r3!, {r0, r1, r4}
 290 0012 13CA     		ldmia	r2!, {r0, r1, r4}
 291 0014 13C3     		stmia	r3!, {r0, r1, r4}
 292 0016 1168     		ldr	r1, [r2]
 293 0018 1960     		str	r1, [r3]
 294 001a 1279     		ldrb	r2, [r2, #4]
 295 001c 1A71     		strb	r2, [r3, #4]
 152:.\vuggeControl.c ****         debugOut_PutString(str);
 296              		.loc 1 152 0
ARM GAS  C:\Users\Jeppe\AppData\Local\Temp\ccp19vVh.s 			page 9


 297 001e 3B1C     		mov	r3, r7
 298 0020 181C     		mov	r0, r3
 299 0022 FFF7FEFF 		bl	debugOut_PutString
 153:.\vuggeControl.c ****         
 154:.\vuggeControl.c ****         i2cPtr_[4] = 0b10010000;
 300              		.loc 1 154 0
 301 0026 104B     		ldr	r3, .L15+4
 302 0028 1B68     		ldr	r3, [r3]
 303 002a 0433     		add	r3, r3, #4
 304 002c 9022     		mov	r2, #144
 305 002e 1A70     		strb	r2, [r3]
 155:.\vuggeControl.c ****         i2cPtr_[I2C_FREK_REG] = 0;
 306              		.loc 1 155 0
 307 0030 0D4B     		ldr	r3, .L15+4
 308 0032 1B68     		ldr	r3, [r3]
 309 0034 0233     		add	r3, r3, #2
 310 0036 0022     		mov	r2, #0
 311 0038 1A70     		strb	r2, [r3]
 156:.\vuggeControl.c ****         i2cPtr_[I2C_VINK_REG] = 0;
 312              		.loc 1 156 0
 313 003a 0B4B     		ldr	r3, .L15+4
 314 003c 1B68     		ldr	r3, [r3]
 315 003e 0333     		add	r3, r3, #3
 316 0040 0022     		mov	r2, #0
 317 0042 1A70     		strb	r2, [r3]
 157:.\vuggeControl.c ****         PWM_Stop();
 318              		.loc 1 157 0
 319 0044 FFF7FEFF 		bl	PWM_Stop
 158:.\vuggeControl.c ****         CyPins_ClearPin(PWM_A_0);
 320              		.loc 1 158 0
 321 0048 084B     		ldr	r3, .L15+8
 322 004a 084A     		ldr	r2, .L15+8
 323 004c 1268     		ldr	r2, [r2]
 324 004e 0121     		mov	r1, #1
 325 0050 8A43     		bic	r2, r1
 326 0052 1A60     		str	r2, [r3]
 159:.\vuggeControl.c ****         CyPins_ClearPin(PWM_B_0);
 327              		.loc 1 159 0
 328 0054 054B     		ldr	r3, .L15+8
 329 0056 054A     		ldr	r2, .L15+8
 330 0058 1268     		ldr	r2, [r2]
 331 005a 0221     		mov	r1, #2
 332 005c 8A43     		bic	r2, r1
 333 005e 1A60     		str	r2, [r3]
 334              	.L14:
 160:.\vuggeControl.c ****         while(1){}
 335              		.loc 1 160 0 discriminator 1
 336 0060 FEE7     		b	.L14
 337              	.L16:
 338 0062 C046     		.align	2
 339              	.L15:
 340 0064 28000000 		.word	.LC9
 341 0068 00000000 		.word	i2cPtr_
 342 006c 00020440 		.word	1074004480
 343              		.cfi_endproc
 344              	.LFE36:
 345              		.size	lukSystem, .-lukSystem
ARM GAS  C:\Users\Jeppe\AppData\Local\Temp\ccp19vVh.s 			page 10


 346              		.section	.rodata
 347 0045 000000   		.align	2
 348              	.LC13:
 349 0048 0D0A0A0A 		.ascii	"\015\012\012\012 Contoller lukker vuggesystemet \015"
 349      20436F6E 
 349      746F6C6C 
 349      6572206C 
 349      756B6B65 
 350 006d 0A0A0A00 		.ascii	"\012\012\012\000"
 351              		.section	.text.checkOn_Off,"ax",%progbits
 352              		.align	2
 353              		.global	checkOn_Off
 354              		.code	16
 355              		.thumb_func
 356              		.type	checkOn_Off, %function
 357              	checkOn_Off:
 358              	.LFB37:
 161:.\vuggeControl.c **** }
 162:.\vuggeControl.c **** 
 163:.\vuggeControl.c **** /* Function Name: checkOn_Off
 164:.\vuggeControl.c ****    Summary:
 165:.\vuggeControl.c ****    Checks i2cBuffer reg 4 for shutdown indicator 0x0f and signals Ready for shutdown 
 166:.\vuggeControl.c **** */
 167:.\vuggeControl.c **** void checkOn_Off()
 168:.\vuggeControl.c **** {  
 359              		.loc 1 168 0
 360              		.cfi_startproc
 361 0000 90B5     		push	{r4, r7, lr}
 362              		.cfi_def_cfa_offset 12
 363              		.cfi_offset 4, -12
 364              		.cfi_offset 7, -8
 365              		.cfi_offset 14, -4
 366 0002 89B0     		sub	sp, sp, #36
 367              		.cfi_def_cfa_offset 48
 368 0004 00AF     		add	r7, sp, #0
 369              		.cfi_def_cfa_register 7
 169:.\vuggeControl.c ****     uint8 shutdown = i2cPtr_[1];
 370              		.loc 1 169 0
 371 0006 104B     		ldr	r3, .L19
 372 0008 1A68     		ldr	r2, [r3]
 373 000a 3B1C     		mov	r3, r7
 374 000c 1F33     		add	r3, r3, #31
 375 000e 5278     		ldrb	r2, [r2, #1]
 376 0010 1A70     		strb	r2, [r3]
 170:.\vuggeControl.c ****     if(shutdown == 0x0f)
 377              		.loc 1 170 0
 378 0012 3B1C     		mov	r3, r7
 379 0014 1F33     		add	r3, r3, #31
 380 0016 1B78     		ldrb	r3, [r3]
 381 0018 0F2B     		cmp	r3, #15
 382 001a 11D1     		bne	.L17
 383              	.LBB3:
 171:.\vuggeControl.c ****     {  
 172:.\vuggeControl.c ****         // Set some pin LOW to shutdown motorcircuit??
 173:.\vuggeControl.c ****         char str[30];
 174:.\vuggeControl.c ****         sprintf(str, "\r\n\n\n Contoller lukker vuggesystemet \r\n\n\n");
 384              		.loc 1 174 0
ARM GAS  C:\Users\Jeppe\AppData\Local\Temp\ccp19vVh.s 			page 11


 385 001c 3B1C     		mov	r3, r7
 386 001e 0B4A     		ldr	r2, .L19+4
 387 0020 13CA     		ldmia	r2!, {r0, r1, r4}
 388 0022 13C3     		stmia	r3!, {r0, r1, r4}
 389 0024 13CA     		ldmia	r2!, {r0, r1, r4}
 390 0026 13C3     		stmia	r3!, {r0, r1, r4}
 391 0028 13CA     		ldmia	r2!, {r0, r1, r4}
 392 002a 13C3     		stmia	r3!, {r0, r1, r4}
 393 002c 1168     		ldr	r1, [r2]
 394 002e 1960     		str	r1, [r3]
 395 0030 1279     		ldrb	r2, [r2, #4]
 396 0032 1A71     		strb	r2, [r3, #4]
 175:.\vuggeControl.c ****         debugOut_PutString(str);
 397              		.loc 1 175 0
 398 0034 3B1C     		mov	r3, r7
 399 0036 181C     		mov	r0, r3
 400 0038 FFF7FEFF 		bl	debugOut_PutString
 176:.\vuggeControl.c ****         
 177:.\vuggeControl.c ****         
 178:.\vuggeControl.c ****         lukSystem();
 401              		.loc 1 178 0
 402 003c FFF7FEFF 		bl	lukSystem
 403              	.L17:
 404              	.LBE3:
 179:.\vuggeControl.c ****         
 180:.\vuggeControl.c ****     }
 181:.\vuggeControl.c **** }
 405              		.loc 1 181 0
 406 0040 BD46     		mov	sp, r7
 407 0042 09B0     		add	sp, sp, #36
 408              		@ sp needed
 409 0044 90BD     		pop	{r4, r7, pc}
 410              	.L20:
 411 0046 C046     		.align	2
 412              	.L19:
 413 0048 00000000 		.word	i2cPtr_
 414 004c 48000000 		.word	.LC13
 415              		.cfi_endproc
 416              	.LFE37:
 417              		.size	checkOn_Off, .-checkOn_Off
 418              		.section	.rodata
 419 0071 000000   		.align	2
 420              	.LC15:
 421 0074 0D0A0A0A 		.ascii	"\015\012\012\012 ENDSTOP AKTIVERET \015\012\012\012"
 421      20454E44 
 421      53544F50 
 421      20414B54 
 421      49564552 
 422 008f 00       		.ascii	"\000"
 423              		.section	.text.checkEndstop,"ax",%progbits
 424              		.align	2
 425              		.global	checkEndstop
 426              		.code	16
 427              		.thumb_func
 428              		.type	checkEndstop, %function
 429              	checkEndstop:
 430              	.LFB38:
ARM GAS  C:\Users\Jeppe\AppData\Local\Temp\ccp19vVh.s 			page 12


 182:.\vuggeControl.c **** 
 183:.\vuggeControl.c **** /* Function Name: checkEndstop
 184:.\vuggeControl.c ****    Summary:
 185:.\vuggeControl.c ****     Checks enstopstatus. If TRUE set statusPTR to error message: END_STP = 0b10100000 (160_dec A0_h
 186:.\vuggeControl.c **** */
 187:.\vuggeControl.c **** void checkEndstop()
 188:.\vuggeControl.c **** {
 431              		.loc 1 188 0
 432              		.cfi_startproc
 433 0000 90B5     		push	{r4, r7, lr}
 434              		.cfi_def_cfa_offset 12
 435              		.cfi_offset 4, -12
 436              		.cfi_offset 7, -8
 437              		.cfi_offset 14, -4
 438 0002 89B0     		sub	sp, sp, #36
 439              		.cfi_def_cfa_offset 48
 440 0004 00AF     		add	r7, sp, #0
 441              		.cfi_def_cfa_register 7
 189:.\vuggeControl.c ****     if(getEndstopGPIO() == TRUE)
 442              		.loc 1 189 0
 443 0006 FFF7FEFF 		bl	getEndstopGPIO
 444 000a 031C     		mov	r3, r0
 445 000c 012B     		cmp	r3, #1
 446 000e 15D1     		bne	.L21
 447              	.LBB4:
 190:.\vuggeControl.c ****     {  
 191:.\vuggeControl.c ****         char str[30];
 192:.\vuggeControl.c ****         sprintf(str, "\r\n\n\n ENDSTOP AKTIVERET \r\n\n\n");
 448              		.loc 1 192 0
 449 0010 3B1C     		mov	r3, r7
 450 0012 0C4A     		ldr	r2, .L23
 451 0014 13CA     		ldmia	r2!, {r0, r1, r4}
 452 0016 13C3     		stmia	r3!, {r0, r1, r4}
 453 0018 13CA     		ldmia	r2!, {r0, r1, r4}
 454 001a 13C3     		stmia	r3!, {r0, r1, r4}
 455 001c 1268     		ldr	r2, [r2]
 456 001e 1A60     		str	r2, [r3]
 193:.\vuggeControl.c ****         debugOut_PutString(str);
 457              		.loc 1 193 0
 458 0020 3B1C     		mov	r3, r7
 459 0022 181C     		mov	r0, r3
 460 0024 FFF7FEFF 		bl	debugOut_PutString
 194:.\vuggeControl.c ****         i2cPtr_[4] = 0b10100000;
 461              		.loc 1 194 0
 462 0028 074B     		ldr	r3, .L23+4
 463 002a 1B68     		ldr	r3, [r3]
 464 002c 0433     		add	r3, r3, #4
 465 002e A022     		mov	r2, #160
 466 0030 1A70     		strb	r2, [r3]
 195:.\vuggeControl.c ****         endstopStatusPtr_ = 0;
 467              		.loc 1 195 0
 468 0032 064B     		ldr	r3, .L23+8
 469 0034 0022     		mov	r2, #0
 470 0036 1A60     		str	r2, [r3]
 196:.\vuggeControl.c ****         lukSystem();
 471              		.loc 1 196 0
 472 0038 FFF7FEFF 		bl	lukSystem
ARM GAS  C:\Users\Jeppe\AppData\Local\Temp\ccp19vVh.s 			page 13


 473              	.L21:
 474              	.LBE4:
 197:.\vuggeControl.c ****     }
 198:.\vuggeControl.c **** }
 475              		.loc 1 198 0
 476 003c BD46     		mov	sp, r7
 477 003e 09B0     		add	sp, sp, #36
 478              		@ sp needed
 479 0040 90BD     		pop	{r4, r7, pc}
 480              	.L24:
 481 0042 C046     		.align	2
 482              	.L23:
 483 0044 74000000 		.word	.LC15
 484 0048 00000000 		.word	i2cPtr_
 485 004c 00000000 		.word	endstopStatusPtr_
 486              		.cfi_endproc
 487              	.LFE38:
 488              		.size	checkEndstop, .-checkEndstop
 489              		.section	.text.loopIsr,"ax",%progbits
 490              		.align	2
 491              		.global	loopIsr
 492              		.code	16
 493              		.thumb_func
 494              		.type	loopIsr, %function
 495              	loopIsr:
 496              	.LFB39:
 199:.\vuggeControl.c **** 
 200:.\vuggeControl.c **** CY_ISR(loopIsr)
 201:.\vuggeControl.c **** {
 497              		.loc 1 201 0
 498              		.cfi_startproc
 499 0000 80B5     		push	{r7, lr}
 500              		.cfi_def_cfa_offset 8
 501              		.cfi_offset 7, -8
 502              		.cfi_offset 14, -4
 503 0002 00AF     		add	r7, sp, #0
 504              		.cfi_def_cfa_register 7
 202:.\vuggeControl.c ****     if(ready == TRUE) 
 505              		.loc 1 202 0
 506 0004 054B     		ldr	r3, .L27
 507 0006 1B78     		ldrb	r3, [r3]
 508 0008 012B     		cmp	r3, #1
 509 000a 01D1     		bne	.L26
 203:.\vuggeControl.c ****     {
 204:.\vuggeControl.c ****         lukSystem();
 510              		.loc 1 204 0
 511 000c FFF7FEFF 		bl	lukSystem
 512              	.L26:
 205:.\vuggeControl.c ****     }
 206:.\vuggeControl.c ****     ready = TRUE;
 513              		.loc 1 206 0
 514 0010 024B     		ldr	r3, .L27
 515 0012 0122     		mov	r2, #1
 516 0014 1A70     		strb	r2, [r3]
 207:.\vuggeControl.c **** }
 517              		.loc 1 207 0
 518 0016 BD46     		mov	sp, r7
ARM GAS  C:\Users\Jeppe\AppData\Local\Temp\ccp19vVh.s 			page 14


 519              		@ sp needed
 520 0018 80BD     		pop	{r7, pc}
 521              	.L28:
 522 001a C046     		.align	2
 523              	.L27:
 524 001c 00000000 		.word	ready
 525              		.cfi_endproc
 526              	.LFE39:
 527              		.size	loopIsr, .-loopIsr
 528              		.section	.text.error,"ax",%progbits
 529              		.align	2
 530              		.global	error
 531              		.code	16
 532              		.thumb_func
 533              		.type	error, %function
 534              	error:
 535              	.LFB40:
 208:.\vuggeControl.c **** 
 209:.\vuggeControl.c **** void error(char* str)
 210:.\vuggeControl.c **** {
 536              		.loc 1 210 0
 537              		.cfi_startproc
 538 0000 80B5     		push	{r7, lr}
 539              		.cfi_def_cfa_offset 8
 540              		.cfi_offset 7, -8
 541              		.cfi_offset 14, -4
 542 0002 82B0     		sub	sp, sp, #8
 543              		.cfi_def_cfa_offset 16
 544 0004 00AF     		add	r7, sp, #0
 545              		.cfi_def_cfa_register 7
 546 0006 7860     		str	r0, [r7, #4]
 211:.\vuggeControl.c ****     debugOut_PutString(str);    
 547              		.loc 1 211 0
 548 0008 7B68     		ldr	r3, [r7, #4]
 549 000a 181C     		mov	r0, r3
 550 000c FFF7FEFF 		bl	debugOut_PutString
 551              	.L30:
 212:.\vuggeControl.c ****     while(TRUE);
 552              		.loc 1 212 0 discriminator 1
 553 0010 FEE7     		b	.L30
 554              		.cfi_endproc
 555              	.LFE40:
 556              		.size	error, .-error
 557 0012 C046     		.text
 558              	.Letext0:
 559              		.file 2 "c:\\program files (x86)\\cypress\\psoc creator\\3.1\\psoc creator\\import\\gnu_cs\\arm\\4
 560              		.file 3 "c:\\program files (x86)\\cypress\\psoc creator\\3.1\\psoc creator\\import\\gnu_cs\\arm\\4
 561              		.file 4 ".\\Generated_Source\\PSoC4/cytypes.h"
 562              		.file 5 ".\\fixedMath.h"
 563              		.file 6 ".\\globals.h"
 564              		.file 7 ".\\i2cKommunikation.h"
 565              		.file 8 ".\\regulering.h"
 566              		.section	.debug_info,"",%progbits
 567              	.Ldebug_info0:
 568 0000 95030000 		.4byte	0x395
 569 0004 0400     		.2byte	0x4
 570 0006 00000000 		.4byte	.Ldebug_abbrev0
ARM GAS  C:\Users\Jeppe\AppData\Local\Temp\ccp19vVh.s 			page 15


 571 000a 04       		.byte	0x4
 572 000b 01       		.uleb128 0x1
 573 000c 23010000 		.4byte	.LASF47
 574 0010 01       		.byte	0x1
 575 0011 00000000 		.4byte	.LASF48
 576 0015 A0000000 		.4byte	.LASF49
 577 0019 00000000 		.4byte	.Ldebug_ranges0+0
 578 001d 00000000 		.4byte	0
 579 0021 00000000 		.4byte	.Ldebug_line0
 580 0025 02       		.uleb128 0x2
 581 0026 01       		.byte	0x1
 582 0027 06       		.byte	0x6
 583 0028 FA020000 		.4byte	.LASF0
 584 002c 03       		.uleb128 0x3
 585 002d 17000000 		.4byte	.LASF4
 586 0031 02       		.byte	0x2
 587 0032 1C       		.byte	0x1c
 588 0033 37000000 		.4byte	0x37
 589 0037 02       		.uleb128 0x2
 590 0038 01       		.byte	0x1
 591 0039 08       		.byte	0x8
 592 003a AB010000 		.4byte	.LASF1
 593 003e 02       		.uleb128 0x2
 594 003f 02       		.byte	0x2
 595 0040 05       		.byte	0x5
 596 0041 D0020000 		.4byte	.LASF2
 597 0045 02       		.uleb128 0x2
 598 0046 02       		.byte	0x2
 599 0047 07       		.byte	0x7
 600 0048 55000000 		.4byte	.LASF3
 601 004c 03       		.uleb128 0x3
 602 004d 4B000000 		.4byte	.LASF5
 603 0051 02       		.byte	0x2
 604 0052 37       		.byte	0x37
 605 0053 57000000 		.4byte	0x57
 606 0057 02       		.uleb128 0x2
 607 0058 04       		.byte	0x4
 608 0059 05       		.byte	0x5
 609 005a E2020000 		.4byte	.LASF6
 610 005e 02       		.uleb128 0x2
 611 005f 04       		.byte	0x4
 612 0060 07       		.byte	0x7
 613 0061 B9010000 		.4byte	.LASF7
 614 0065 02       		.uleb128 0x2
 615 0066 08       		.byte	0x8
 616 0067 05       		.byte	0x5
 617 0068 AD020000 		.4byte	.LASF8
 618 006c 02       		.uleb128 0x2
 619 006d 08       		.byte	0x8
 620 006e 07       		.byte	0x7
 621 006f 53020000 		.4byte	.LASF9
 622 0073 04       		.uleb128 0x4
 623 0074 04       		.byte	0x4
 624 0075 05       		.byte	0x5
 625 0076 696E7400 		.ascii	"int\000"
 626 007a 02       		.uleb128 0x2
 627 007b 04       		.byte	0x4
ARM GAS  C:\Users\Jeppe\AppData\Local\Temp\ccp19vVh.s 			page 16


 628 007c 07       		.byte	0x7
 629 007d 70000000 		.4byte	.LASF10
 630 0081 03       		.uleb128 0x3
 631 0082 68000000 		.4byte	.LASF11
 632 0086 03       		.byte	0x3
 633 0087 2A       		.byte	0x2a
 634 0088 2C000000 		.4byte	0x2c
 635 008c 03       		.uleb128 0x3
 636 008d 98000000 		.4byte	.LASF12
 637 0091 03       		.byte	0x3
 638 0092 41       		.byte	0x41
 639 0093 4C000000 		.4byte	0x4c
 640 0097 03       		.uleb128 0x3
 641 0098 E1010000 		.4byte	.LASF13
 642 009c 04       		.byte	0x4
 643 009d A1       		.byte	0xa1
 644 009e 37000000 		.4byte	0x37
 645 00a2 03       		.uleb128 0x3
 646 00a3 35020000 		.4byte	.LASF14
 647 00a7 04       		.byte	0x4
 648 00a8 A3       		.byte	0xa3
 649 00a9 5E000000 		.4byte	0x5e
 650 00ad 02       		.uleb128 0x2
 651 00ae 04       		.byte	0x4
 652 00af 04       		.byte	0x4
 653 00b0 1D010000 		.4byte	.LASF15
 654 00b4 02       		.uleb128 0x2
 655 00b5 08       		.byte	0x8
 656 00b6 04       		.byte	0x4
 657 00b7 12020000 		.4byte	.LASF16
 658 00bb 02       		.uleb128 0x2
 659 00bc 01       		.byte	0x1
 660 00bd 08       		.byte	0x8
 661 00be BB020000 		.4byte	.LASF17
 662 00c2 05       		.uleb128 0x5
 663 00c3 11000000 		.4byte	.LASF18
 664 00c7 04       		.byte	0x4
 665 00c8 4D01     		.2byte	0x14d
 666 00ca CE000000 		.4byte	0xce
 667 00ce 06       		.uleb128 0x6
 668 00cf A2000000 		.4byte	0xa2
 669 00d3 02       		.uleb128 0x2
 670 00d4 04       		.byte	0x4
 671 00d5 07       		.byte	0x7
 672 00d6 96020000 		.4byte	.LASF19
 673 00da 07       		.uleb128 0x7
 674 00db 04       		.byte	0x4
 675 00dc BB000000 		.4byte	0xbb
 676 00e0 03       		.uleb128 0x3
 677 00e1 DA020000 		.4byte	.LASF20
 678 00e5 05       		.byte	0x5
 679 00e6 12       		.byte	0x12
 680 00e7 8C000000 		.4byte	0x8c
 681 00eb 03       		.uleb128 0x3
 682 00ec 46000000 		.4byte	.LASF21
 683 00f0 06       		.byte	0x6
 684 00f1 13       		.byte	0x13
ARM GAS  C:\Users\Jeppe\AppData\Local\Temp\ccp19vVh.s 			page 17


 685 00f2 97000000 		.4byte	0x97
 686 00f6 08       		.uleb128 0x8
 687 00f7 19020000 		.4byte	.LASF24
 688 00fb 01       		.byte	0x1
 689 00fc 3B       		.byte	0x3b
 690 00fd 73000000 		.4byte	0x73
 691 0101 00000000 		.4byte	.LFB33
 692 0105 9C000000 		.4byte	.LFE33-.LFB33
 693 0109 01       		.uleb128 0x1
 694 010a 9C       		.byte	0x9c
 695 010b 42010000 		.4byte	0x142
 696 010f 09       		.uleb128 0x9
 697 0110 40000000 		.4byte	.LASF22
 698 0114 01       		.byte	0x1
 699 0115 43       		.byte	0x43
 700 0116 E0000000 		.4byte	0xe0
 701 011a 02       		.uleb128 0x2
 702 011b 91       		.byte	0x91
 703 011c 74       		.sleb128 -12
 704 011d 0A       		.uleb128 0xa
 705 011e 22000000 		.4byte	.LBB2
 706 0122 68000000 		.4byte	.LBE2-.LBB2
 707 0126 09       		.uleb128 0x9
 708 0127 F0010000 		.4byte	.LASF23
 709 012b 01       		.byte	0x1
 710 012c 53       		.byte	0x53
 711 012d E0000000 		.4byte	0xe0
 712 0131 02       		.uleb128 0x2
 713 0132 91       		.byte	0x91
 714 0133 70       		.sleb128 -16
 715 0134 0B       		.uleb128 0xb
 716 0135 4300     		.ascii	"C\000"
 717 0137 01       		.byte	0x1
 718 0138 54       		.byte	0x54
 719 0139 E0000000 		.4byte	0xe0
 720 013d 02       		.uleb128 0x2
 721 013e 91       		.byte	0x91
 722 013f 6C       		.sleb128 -20
 723 0140 00       		.byte	0
 724 0141 00       		.byte	0
 725 0142 0C       		.uleb128 0xc
 726 0143 C0020000 		.4byte	.LASF50
 727 0147 01       		.byte	0x1
 728 0148 6B       		.byte	0x6b
 729 0149 00000000 		.4byte	.LFB34
 730 014d 44000000 		.4byte	.LFE34-.LFB34
 731 0151 01       		.uleb128 0x1
 732 0152 9C       		.byte	0x9c
 733 0153 0D       		.uleb128 0xd
 734 0154 2E000000 		.4byte	.LASF25
 735 0158 01       		.byte	0x1
 736 0159 84       		.byte	0x84
 737 015a 00000000 		.4byte	.LFB35
 738 015e 34000000 		.4byte	.LFE35-.LFB35
 739 0162 01       		.uleb128 0x1
 740 0163 9C       		.byte	0x9c
 741 0164 77010000 		.4byte	0x177
ARM GAS  C:\Users\Jeppe\AppData\Local\Temp\ccp19vVh.s 			page 18


 742 0168 09       		.uleb128 0x9
 743 0169 2E000000 		.4byte	.LASF25
 744 016d 01       		.byte	0x1
 745 016e 86       		.byte	0x86
 746 016f 73000000 		.4byte	0x73
 747 0173 02       		.uleb128 0x2
 748 0174 91       		.byte	0x91
 749 0175 74       		.sleb128 -12
 750 0176 00       		.byte	0
 751 0177 0D       		.uleb128 0xd
 752 0178 1E020000 		.4byte	.LASF26
 753 017c 01       		.byte	0x1
 754 017d 93       		.byte	0x93
 755 017e 00000000 		.4byte	.LFB36
 756 0182 70000000 		.4byte	.LFE36-.LFB36
 757 0186 01       		.uleb128 0x1
 758 0187 9C       		.byte	0x9c
 759 0188 9B010000 		.4byte	0x19b
 760 018c 0B       		.uleb128 0xb
 761 018d 73747200 		.ascii	"str\000"
 762 0191 01       		.byte	0x1
 763 0192 96       		.byte	0x96
 764 0193 9B010000 		.4byte	0x19b
 765 0197 02       		.uleb128 0x2
 766 0198 91       		.byte	0x91
 767 0199 50       		.sleb128 -48
 768 019a 00       		.byte	0
 769 019b 0E       		.uleb128 0xe
 770 019c BB000000 		.4byte	0xbb
 771 01a0 AB010000 		.4byte	0x1ab
 772 01a4 0F       		.uleb128 0xf
 773 01a5 D3000000 		.4byte	0xd3
 774 01a9 1D       		.byte	0x1d
 775 01aa 00       		.byte	0
 776 01ab 0D       		.uleb128 0xd
 777 01ac 7D000000 		.4byte	.LASF27
 778 01b0 01       		.byte	0x1
 779 01b1 A7       		.byte	0xa7
 780 01b2 00000000 		.4byte	.LFB37
 781 01b6 50000000 		.4byte	.LFE37-.LFB37
 782 01ba 01       		.uleb128 0x1
 783 01bb 9C       		.byte	0x9c
 784 01bc E7010000 		.4byte	0x1e7
 785 01c0 09       		.uleb128 0x9
 786 01c1 7B020000 		.4byte	.LASF28
 787 01c5 01       		.byte	0x1
 788 01c6 A9       		.byte	0xa9
 789 01c7 97000000 		.4byte	0x97
 790 01cb 02       		.uleb128 0x2
 791 01cc 91       		.byte	0x91
 792 01cd 6F       		.sleb128 -17
 793 01ce 0A       		.uleb128 0xa
 794 01cf 1C000000 		.4byte	.LBB3
 795 01d3 24000000 		.4byte	.LBE3-.LBB3
 796 01d7 0B       		.uleb128 0xb
 797 01d8 73747200 		.ascii	"str\000"
 798 01dc 01       		.byte	0x1
ARM GAS  C:\Users\Jeppe\AppData\Local\Temp\ccp19vVh.s 			page 19


 799 01dd AD       		.byte	0xad
 800 01de 9B010000 		.4byte	0x19b
 801 01e2 02       		.uleb128 0x2
 802 01e3 91       		.byte	0x91
 803 01e4 50       		.sleb128 -48
 804 01e5 00       		.byte	0
 805 01e6 00       		.byte	0
 806 01e7 10       		.uleb128 0x10
 807 01e8 28020000 		.4byte	.LASF51
 808 01ec 01       		.byte	0x1
 809 01ed BB       		.byte	0xbb
 810 01ee 00000000 		.4byte	.LFB38
 811 01f2 50000000 		.4byte	.LFE38-.LFB38
 812 01f6 01       		.uleb128 0x1
 813 01f7 9C       		.byte	0x9c
 814 01f8 15020000 		.4byte	0x215
 815 01fc 0A       		.uleb128 0xa
 816 01fd 10000000 		.4byte	.LBB4
 817 0201 2C000000 		.4byte	.LBE4-.LBB4
 818 0205 0B       		.uleb128 0xb
 819 0206 73747200 		.ascii	"str\000"
 820 020a 01       		.byte	0x1
 821 020b BF       		.byte	0xbf
 822 020c 9B010000 		.4byte	0x19b
 823 0210 02       		.uleb128 0x2
 824 0211 91       		.byte	0x91
 825 0212 50       		.sleb128 -48
 826 0213 00       		.byte	0
 827 0214 00       		.byte	0
 828 0215 11       		.uleb128 0x11
 829 0216 0A020000 		.4byte	.LASF52
 830 021a 01       		.byte	0x1
 831 021b C8       		.byte	0xc8
 832 021c 00000000 		.4byte	.LFB39
 833 0220 20000000 		.4byte	.LFE39-.LFB39
 834 0224 01       		.uleb128 0x1
 835 0225 9C       		.byte	0x9c
 836 0226 0D       		.uleb128 0xd
 837 0227 FD010000 		.4byte	.LASF29
 838 022b 01       		.byte	0x1
 839 022c D1       		.byte	0xd1
 840 022d 00000000 		.4byte	.LFB40
 841 0231 12000000 		.4byte	.LFE40-.LFB40
 842 0235 01       		.uleb128 0x1
 843 0236 9C       		.byte	0x9c
 844 0237 4A020000 		.4byte	0x24a
 845 023b 12       		.uleb128 0x12
 846 023c 73747200 		.ascii	"str\000"
 847 0240 01       		.byte	0x1
 848 0241 D1       		.byte	0xd1
 849 0242 DA000000 		.4byte	0xda
 850 0246 02       		.uleb128 0x2
 851 0247 91       		.byte	0x91
 852 0248 74       		.sleb128 -12
 853 0249 00       		.byte	0
 854 024a 0E       		.uleb128 0xe
 855 024b 97000000 		.4byte	0x97
ARM GAS  C:\Users\Jeppe\AppData\Local\Temp\ccp19vVh.s 			page 20


 856 024f 5A020000 		.4byte	0x25a
 857 0253 0F       		.uleb128 0xf
 858 0254 D3000000 		.4byte	0xd3
 859 0258 04       		.byte	0x4
 860 0259 00       		.byte	0
 861 025a 13       		.uleb128 0x13
 862 025b 27000000 		.4byte	.LASF30
 863 025f 07       		.byte	0x7
 864 0260 2F       		.byte	0x2f
 865 0261 4A020000 		.4byte	0x24a
 866 0265 05       		.uleb128 0x5
 867 0266 03       		.byte	0x3
 868 0267 00000000 		.4byte	I2CBuf
 869 026b 13       		.uleb128 0x13
 870 026c 89000000 		.4byte	.LASF31
 871 0270 08       		.byte	0x8
 872 0271 37       		.byte	0x37
 873 0272 7C020000 		.4byte	0x27c
 874 0276 05       		.uleb128 0x5
 875 0277 03       		.byte	0x3
 876 0278 00000000 		.4byte	sensorDataPtr_
 877 027c 07       		.uleb128 0x7
 878 027d 04       		.byte	0x4
 879 027e 73000000 		.4byte	0x73
 880 0282 13       		.uleb128 0x13
 881 0283 EB020000 		.4byte	.LASF32
 882 0287 08       		.byte	0x8
 883 0288 38       		.byte	0x38
 884 0289 73000000 		.4byte	0x73
 885 028d 05       		.uleb128 0x5
 886 028e 03       		.byte	0x3
 887 028f 00000000 		.4byte	fixedPointReg_
 888 0293 13       		.uleb128 0x13
 889 0294 06030000 		.4byte	.LASF33
 890 0298 08       		.byte	0x8
 891 0299 39       		.byte	0x39
 892 029a 73000000 		.4byte	0x73
 893 029e 05       		.uleb128 0x5
 894 029f 03       		.byte	0x3
 895 02a0 00000000 		.4byte	reguleringsStatus_
 896 02a4 13       		.uleb128 0x13
 897 02a5 71020000 		.4byte	.LASF34
 898 02a9 08       		.byte	0x8
 899 02aa 3A       		.byte	0x3a
 900 02ab EB000000 		.4byte	0xeb
 901 02af 05       		.uleb128 0x5
 902 02b0 03       		.byte	0x3
 903 02b1 00000000 		.4byte	going_up_
 904 02b5 13       		.uleb128 0x13
 905 02b6 9F020000 		.4byte	.LASF35
 906 02ba 08       		.byte	0x8
 907 02bb 3B       		.byte	0x3b
 908 02bc E0000000 		.4byte	0xe0
 909 02c0 05       		.uleb128 0x5
 910 02c1 03       		.byte	0x3
 911 02c2 00000000 		.4byte	pwmSineAngle_
 912 02c6 13       		.uleb128 0x13
ARM GAS  C:\Users\Jeppe\AppData\Local\Temp\ccp19vVh.s 			page 21


 913 02c7 F6010000 		.4byte	.LASF36
 914 02cb 08       		.byte	0x8
 915 02cc 3E       		.byte	0x3e
 916 02cd E0000000 		.4byte	0xe0
 917 02d1 05       		.uleb128 0x5
 918 02d2 03       		.byte	0x3
 919 02d3 00000000 		.4byte	print1
 920 02d7 13       		.uleb128 0x13
 921 02d8 03020000 		.4byte	.LASF37
 922 02dc 08       		.byte	0x8
 923 02dd 3F       		.byte	0x3f
 924 02de E0000000 		.4byte	0xe0
 925 02e2 05       		.uleb128 0x5
 926 02e3 03       		.byte	0x3
 927 02e4 00000000 		.4byte	print2
 928 02e8 13       		.uleb128 0x13
 929 02e9 44020000 		.4byte	.LASF38
 930 02ed 08       		.byte	0x8
 931 02ee 41       		.byte	0x41
 932 02ef 81000000 		.4byte	0x81
 933 02f3 05       		.uleb128 0x5
 934 02f4 03       		.byte	0x3
 935 02f5 00000000 		.4byte	prevFrek
 936 02f9 13       		.uleb128 0x13
 937 02fa 9F010000 		.4byte	.LASF39
 938 02fe 08       		.byte	0x8
 939 02ff 42       		.byte	0x42
 940 0300 81000000 		.4byte	0x81
 941 0304 05       		.uleb128 0x5
 942 0305 03       		.byte	0x3
 943 0306 00000000 		.4byte	prevUdsving
 944 030a 13       		.uleb128 0x13
 945 030b E7010000 		.4byte	.LASF40
 946 030f 08       		.byte	0x8
 947 0310 43       		.byte	0x43
 948 0311 E0000000 		.4byte	0xe0
 949 0315 05       		.uleb128 0x5
 950 0316 03       		.byte	0x3
 951 0317 00000000 		.4byte	angleInc
 952 031b 13       		.uleb128 0x13
 953 031c 21000000 		.4byte	.LASF41
 954 0320 08       		.byte	0x8
 955 0321 44       		.byte	0x44
 956 0322 E0000000 		.4byte	0xe0
 957 0326 05       		.uleb128 0x5
 958 0327 03       		.byte	0x3
 959 0328 00000000 		.4byte	sineA
 960 032c 13       		.uleb128 0x13
 961 032d 6A020000 		.4byte	.LASF42
 962 0331 08       		.byte	0x8
 963 0332 45       		.byte	0x45
 964 0333 E0000000 		.4byte	0xe0
 965 0337 05       		.uleb128 0x5
 966 0338 03       		.byte	0x3
 967 0339 00000000 		.4byte	prev_e
 968 033d 14       		.uleb128 0x14
 969 033e 695F6500 		.ascii	"i_e\000"
ARM GAS  C:\Users\Jeppe\AppData\Local\Temp\ccp19vVh.s 			page 22


 970 0342 08       		.byte	0x8
 971 0343 46       		.byte	0x46
 972 0344 E0000000 		.4byte	0xe0
 973 0348 05       		.uleb128 0x5
 974 0349 03       		.byte	0x3
 975 034a 00000000 		.4byte	i_e
 976 034e 13       		.uleb128 0x13
 977 034f 84020000 		.4byte	.LASF43
 978 0353 01       		.byte	0x1
 979 0354 2C       		.byte	0x2c
 980 0355 7C020000 		.4byte	0x27c
 981 0359 05       		.uleb128 0x5
 982 035a 03       		.byte	0x3
 983 035b 00000000 		.4byte	endstopStatusPtr_
 984 035f 13       		.uleb128 0x13
 985 0360 CB010000 		.4byte	.LASF44
 986 0364 01       		.byte	0x1
 987 0365 2D       		.byte	0x2d
 988 0366 7C020000 		.4byte	0x27c
 989 036a 05       		.uleb128 0x5
 990 036b 03       		.byte	0x3
 991 036c 00000000 		.4byte	reguleringsStatusPtr_
 992 0370 13       		.uleb128 0x13
 993 0371 3C020000 		.4byte	.LASF45
 994 0375 01       		.byte	0x1
 995 0376 2E       		.byte	0x2e
 996 0377 81030000 		.4byte	0x381
 997 037b 05       		.uleb128 0x5
 998 037c 03       		.byte	0x3
 999 037d 00000000 		.4byte	i2cPtr_
 1000 0381 07       		.uleb128 0x7
 1001 0382 04       		.byte	0x4
 1002 0383 97000000 		.4byte	0x97
 1003 0387 13       		.uleb128 0x13
 1004 0388 4D020000 		.4byte	.LASF46
 1005 038c 01       		.byte	0x1
 1006 038d 2F       		.byte	0x2f
 1007 038e EB000000 		.4byte	0xeb
 1008 0392 05       		.uleb128 0x5
 1009 0393 03       		.byte	0x3
 1010 0394 00000000 		.4byte	ready
 1011 0398 00       		.byte	0
 1012              		.section	.debug_abbrev,"",%progbits
 1013              	.Ldebug_abbrev0:
 1014 0000 01       		.uleb128 0x1
 1015 0001 11       		.uleb128 0x11
 1016 0002 01       		.byte	0x1
 1017 0003 25       		.uleb128 0x25
 1018 0004 0E       		.uleb128 0xe
 1019 0005 13       		.uleb128 0x13
 1020 0006 0B       		.uleb128 0xb
 1021 0007 03       		.uleb128 0x3
 1022 0008 0E       		.uleb128 0xe
 1023 0009 1B       		.uleb128 0x1b
 1024 000a 0E       		.uleb128 0xe
 1025 000b 55       		.uleb128 0x55
 1026 000c 17       		.uleb128 0x17
ARM GAS  C:\Users\Jeppe\AppData\Local\Temp\ccp19vVh.s 			page 23


 1027 000d 11       		.uleb128 0x11
 1028 000e 01       		.uleb128 0x1
 1029 000f 10       		.uleb128 0x10
 1030 0010 17       		.uleb128 0x17
 1031 0011 00       		.byte	0
 1032 0012 00       		.byte	0
 1033 0013 02       		.uleb128 0x2
 1034 0014 24       		.uleb128 0x24
 1035 0015 00       		.byte	0
 1036 0016 0B       		.uleb128 0xb
 1037 0017 0B       		.uleb128 0xb
 1038 0018 3E       		.uleb128 0x3e
 1039 0019 0B       		.uleb128 0xb
 1040 001a 03       		.uleb128 0x3
 1041 001b 0E       		.uleb128 0xe
 1042 001c 00       		.byte	0
 1043 001d 00       		.byte	0
 1044 001e 03       		.uleb128 0x3
 1045 001f 16       		.uleb128 0x16
 1046 0020 00       		.byte	0
 1047 0021 03       		.uleb128 0x3
 1048 0022 0E       		.uleb128 0xe
 1049 0023 3A       		.uleb128 0x3a
 1050 0024 0B       		.uleb128 0xb
 1051 0025 3B       		.uleb128 0x3b
 1052 0026 0B       		.uleb128 0xb
 1053 0027 49       		.uleb128 0x49
 1054 0028 13       		.uleb128 0x13
 1055 0029 00       		.byte	0
 1056 002a 00       		.byte	0
 1057 002b 04       		.uleb128 0x4
 1058 002c 24       		.uleb128 0x24
 1059 002d 00       		.byte	0
 1060 002e 0B       		.uleb128 0xb
 1061 002f 0B       		.uleb128 0xb
 1062 0030 3E       		.uleb128 0x3e
 1063 0031 0B       		.uleb128 0xb
 1064 0032 03       		.uleb128 0x3
 1065 0033 08       		.uleb128 0x8
 1066 0034 00       		.byte	0
 1067 0035 00       		.byte	0
 1068 0036 05       		.uleb128 0x5
 1069 0037 16       		.uleb128 0x16
 1070 0038 00       		.byte	0
 1071 0039 03       		.uleb128 0x3
 1072 003a 0E       		.uleb128 0xe
 1073 003b 3A       		.uleb128 0x3a
 1074 003c 0B       		.uleb128 0xb
 1075 003d 3B       		.uleb128 0x3b
 1076 003e 05       		.uleb128 0x5
 1077 003f 49       		.uleb128 0x49
 1078 0040 13       		.uleb128 0x13
 1079 0041 00       		.byte	0
 1080 0042 00       		.byte	0
 1081 0043 06       		.uleb128 0x6
 1082 0044 35       		.uleb128 0x35
 1083 0045 00       		.byte	0
ARM GAS  C:\Users\Jeppe\AppData\Local\Temp\ccp19vVh.s 			page 24


 1084 0046 49       		.uleb128 0x49
 1085 0047 13       		.uleb128 0x13
 1086 0048 00       		.byte	0
 1087 0049 00       		.byte	0
 1088 004a 07       		.uleb128 0x7
 1089 004b 0F       		.uleb128 0xf
 1090 004c 00       		.byte	0
 1091 004d 0B       		.uleb128 0xb
 1092 004e 0B       		.uleb128 0xb
 1093 004f 49       		.uleb128 0x49
 1094 0050 13       		.uleb128 0x13
 1095 0051 00       		.byte	0
 1096 0052 00       		.byte	0
 1097 0053 08       		.uleb128 0x8
 1098 0054 2E       		.uleb128 0x2e
 1099 0055 01       		.byte	0x1
 1100 0056 3F       		.uleb128 0x3f
 1101 0057 19       		.uleb128 0x19
 1102 0058 03       		.uleb128 0x3
 1103 0059 0E       		.uleb128 0xe
 1104 005a 3A       		.uleb128 0x3a
 1105 005b 0B       		.uleb128 0xb
 1106 005c 3B       		.uleb128 0x3b
 1107 005d 0B       		.uleb128 0xb
 1108 005e 49       		.uleb128 0x49
 1109 005f 13       		.uleb128 0x13
 1110 0060 11       		.uleb128 0x11
 1111 0061 01       		.uleb128 0x1
 1112 0062 12       		.uleb128 0x12
 1113 0063 06       		.uleb128 0x6
 1114 0064 40       		.uleb128 0x40
 1115 0065 18       		.uleb128 0x18
 1116 0066 9642     		.uleb128 0x2116
 1117 0068 19       		.uleb128 0x19
 1118 0069 01       		.uleb128 0x1
 1119 006a 13       		.uleb128 0x13
 1120 006b 00       		.byte	0
 1121 006c 00       		.byte	0
 1122 006d 09       		.uleb128 0x9
 1123 006e 34       		.uleb128 0x34
 1124 006f 00       		.byte	0
 1125 0070 03       		.uleb128 0x3
 1126 0071 0E       		.uleb128 0xe
 1127 0072 3A       		.uleb128 0x3a
 1128 0073 0B       		.uleb128 0xb
 1129 0074 3B       		.uleb128 0x3b
 1130 0075 0B       		.uleb128 0xb
 1131 0076 49       		.uleb128 0x49
 1132 0077 13       		.uleb128 0x13
 1133 0078 02       		.uleb128 0x2
 1134 0079 18       		.uleb128 0x18
 1135 007a 00       		.byte	0
 1136 007b 00       		.byte	0
 1137 007c 0A       		.uleb128 0xa
 1138 007d 0B       		.uleb128 0xb
 1139 007e 01       		.byte	0x1
 1140 007f 11       		.uleb128 0x11
ARM GAS  C:\Users\Jeppe\AppData\Local\Temp\ccp19vVh.s 			page 25


 1141 0080 01       		.uleb128 0x1
 1142 0081 12       		.uleb128 0x12
 1143 0082 06       		.uleb128 0x6
 1144 0083 00       		.byte	0
 1145 0084 00       		.byte	0
 1146 0085 0B       		.uleb128 0xb
 1147 0086 34       		.uleb128 0x34
 1148 0087 00       		.byte	0
 1149 0088 03       		.uleb128 0x3
 1150 0089 08       		.uleb128 0x8
 1151 008a 3A       		.uleb128 0x3a
 1152 008b 0B       		.uleb128 0xb
 1153 008c 3B       		.uleb128 0x3b
 1154 008d 0B       		.uleb128 0xb
 1155 008e 49       		.uleb128 0x49
 1156 008f 13       		.uleb128 0x13
 1157 0090 02       		.uleb128 0x2
 1158 0091 18       		.uleb128 0x18
 1159 0092 00       		.byte	0
 1160 0093 00       		.byte	0
 1161 0094 0C       		.uleb128 0xc
 1162 0095 2E       		.uleb128 0x2e
 1163 0096 00       		.byte	0
 1164 0097 3F       		.uleb128 0x3f
 1165 0098 19       		.uleb128 0x19
 1166 0099 03       		.uleb128 0x3
 1167 009a 0E       		.uleb128 0xe
 1168 009b 3A       		.uleb128 0x3a
 1169 009c 0B       		.uleb128 0xb
 1170 009d 3B       		.uleb128 0x3b
 1171 009e 0B       		.uleb128 0xb
 1172 009f 11       		.uleb128 0x11
 1173 00a0 01       		.uleb128 0x1
 1174 00a1 12       		.uleb128 0x12
 1175 00a2 06       		.uleb128 0x6
 1176 00a3 40       		.uleb128 0x40
 1177 00a4 18       		.uleb128 0x18
 1178 00a5 9642     		.uleb128 0x2116
 1179 00a7 19       		.uleb128 0x19
 1180 00a8 00       		.byte	0
 1181 00a9 00       		.byte	0
 1182 00aa 0D       		.uleb128 0xd
 1183 00ab 2E       		.uleb128 0x2e
 1184 00ac 01       		.byte	0x1
 1185 00ad 3F       		.uleb128 0x3f
 1186 00ae 19       		.uleb128 0x19
 1187 00af 03       		.uleb128 0x3
 1188 00b0 0E       		.uleb128 0xe
 1189 00b1 3A       		.uleb128 0x3a
 1190 00b2 0B       		.uleb128 0xb
 1191 00b3 3B       		.uleb128 0x3b
 1192 00b4 0B       		.uleb128 0xb
 1193 00b5 27       		.uleb128 0x27
 1194 00b6 19       		.uleb128 0x19
 1195 00b7 11       		.uleb128 0x11
 1196 00b8 01       		.uleb128 0x1
 1197 00b9 12       		.uleb128 0x12
ARM GAS  C:\Users\Jeppe\AppData\Local\Temp\ccp19vVh.s 			page 26


 1198 00ba 06       		.uleb128 0x6
 1199 00bb 40       		.uleb128 0x40
 1200 00bc 18       		.uleb128 0x18
 1201 00bd 9642     		.uleb128 0x2116
 1202 00bf 19       		.uleb128 0x19
 1203 00c0 01       		.uleb128 0x1
 1204 00c1 13       		.uleb128 0x13
 1205 00c2 00       		.byte	0
 1206 00c3 00       		.byte	0
 1207 00c4 0E       		.uleb128 0xe
 1208 00c5 01       		.uleb128 0x1
 1209 00c6 01       		.byte	0x1
 1210 00c7 49       		.uleb128 0x49
 1211 00c8 13       		.uleb128 0x13
 1212 00c9 01       		.uleb128 0x1
 1213 00ca 13       		.uleb128 0x13
 1214 00cb 00       		.byte	0
 1215 00cc 00       		.byte	0
 1216 00cd 0F       		.uleb128 0xf
 1217 00ce 21       		.uleb128 0x21
 1218 00cf 00       		.byte	0
 1219 00d0 49       		.uleb128 0x49
 1220 00d1 13       		.uleb128 0x13
 1221 00d2 2F       		.uleb128 0x2f
 1222 00d3 0B       		.uleb128 0xb
 1223 00d4 00       		.byte	0
 1224 00d5 00       		.byte	0
 1225 00d6 10       		.uleb128 0x10
 1226 00d7 2E       		.uleb128 0x2e
 1227 00d8 01       		.byte	0x1
 1228 00d9 3F       		.uleb128 0x3f
 1229 00da 19       		.uleb128 0x19
 1230 00db 03       		.uleb128 0x3
 1231 00dc 0E       		.uleb128 0xe
 1232 00dd 3A       		.uleb128 0x3a
 1233 00de 0B       		.uleb128 0xb
 1234 00df 3B       		.uleb128 0x3b
 1235 00e0 0B       		.uleb128 0xb
 1236 00e1 11       		.uleb128 0x11
 1237 00e2 01       		.uleb128 0x1
 1238 00e3 12       		.uleb128 0x12
 1239 00e4 06       		.uleb128 0x6
 1240 00e5 40       		.uleb128 0x40
 1241 00e6 18       		.uleb128 0x18
 1242 00e7 9642     		.uleb128 0x2116
 1243 00e9 19       		.uleb128 0x19
 1244 00ea 01       		.uleb128 0x1
 1245 00eb 13       		.uleb128 0x13
 1246 00ec 00       		.byte	0
 1247 00ed 00       		.byte	0
 1248 00ee 11       		.uleb128 0x11
 1249 00ef 2E       		.uleb128 0x2e
 1250 00f0 00       		.byte	0
 1251 00f1 3F       		.uleb128 0x3f
 1252 00f2 19       		.uleb128 0x19
 1253 00f3 03       		.uleb128 0x3
 1254 00f4 0E       		.uleb128 0xe
ARM GAS  C:\Users\Jeppe\AppData\Local\Temp\ccp19vVh.s 			page 27


 1255 00f5 3A       		.uleb128 0x3a
 1256 00f6 0B       		.uleb128 0xb
 1257 00f7 3B       		.uleb128 0x3b
 1258 00f8 0B       		.uleb128 0xb
 1259 00f9 27       		.uleb128 0x27
 1260 00fa 19       		.uleb128 0x19
 1261 00fb 11       		.uleb128 0x11
 1262 00fc 01       		.uleb128 0x1
 1263 00fd 12       		.uleb128 0x12
 1264 00fe 06       		.uleb128 0x6
 1265 00ff 40       		.uleb128 0x40
 1266 0100 18       		.uleb128 0x18
 1267 0101 9642     		.uleb128 0x2116
 1268 0103 19       		.uleb128 0x19
 1269 0104 00       		.byte	0
 1270 0105 00       		.byte	0
 1271 0106 12       		.uleb128 0x12
 1272 0107 05       		.uleb128 0x5
 1273 0108 00       		.byte	0
 1274 0109 03       		.uleb128 0x3
 1275 010a 08       		.uleb128 0x8
 1276 010b 3A       		.uleb128 0x3a
 1277 010c 0B       		.uleb128 0xb
 1278 010d 3B       		.uleb128 0x3b
 1279 010e 0B       		.uleb128 0xb
 1280 010f 49       		.uleb128 0x49
 1281 0110 13       		.uleb128 0x13
 1282 0111 02       		.uleb128 0x2
 1283 0112 18       		.uleb128 0x18
 1284 0113 00       		.byte	0
 1285 0114 00       		.byte	0
 1286 0115 13       		.uleb128 0x13
 1287 0116 34       		.uleb128 0x34
 1288 0117 00       		.byte	0
 1289 0118 03       		.uleb128 0x3
 1290 0119 0E       		.uleb128 0xe
 1291 011a 3A       		.uleb128 0x3a
 1292 011b 0B       		.uleb128 0xb
 1293 011c 3B       		.uleb128 0x3b
 1294 011d 0B       		.uleb128 0xb
 1295 011e 49       		.uleb128 0x49
 1296 011f 13       		.uleb128 0x13
 1297 0120 3F       		.uleb128 0x3f
 1298 0121 19       		.uleb128 0x19
 1299 0122 02       		.uleb128 0x2
 1300 0123 18       		.uleb128 0x18
 1301 0124 00       		.byte	0
 1302 0125 00       		.byte	0
 1303 0126 14       		.uleb128 0x14
 1304 0127 34       		.uleb128 0x34
 1305 0128 00       		.byte	0
 1306 0129 03       		.uleb128 0x3
 1307 012a 08       		.uleb128 0x8
 1308 012b 3A       		.uleb128 0x3a
 1309 012c 0B       		.uleb128 0xb
 1310 012d 3B       		.uleb128 0x3b
 1311 012e 0B       		.uleb128 0xb
ARM GAS  C:\Users\Jeppe\AppData\Local\Temp\ccp19vVh.s 			page 28


 1312 012f 49       		.uleb128 0x49
 1313 0130 13       		.uleb128 0x13
 1314 0131 3F       		.uleb128 0x3f
 1315 0132 19       		.uleb128 0x19
 1316 0133 02       		.uleb128 0x2
 1317 0134 18       		.uleb128 0x18
 1318 0135 00       		.byte	0
 1319 0136 00       		.byte	0
 1320 0137 00       		.byte	0
 1321              		.section	.debug_aranges,"",%progbits
 1322 0000 54000000 		.4byte	0x54
 1323 0004 0200     		.2byte	0x2
 1324 0006 00000000 		.4byte	.Ldebug_info0
 1325 000a 04       		.byte	0x4
 1326 000b 00       		.byte	0
 1327 000c 0000     		.2byte	0
 1328 000e 0000     		.2byte	0
 1329 0010 00000000 		.4byte	.LFB33
 1330 0014 9C000000 		.4byte	.LFE33-.LFB33
 1331 0018 00000000 		.4byte	.LFB34
 1332 001c 44000000 		.4byte	.LFE34-.LFB34
 1333 0020 00000000 		.4byte	.LFB35
 1334 0024 34000000 		.4byte	.LFE35-.LFB35
 1335 0028 00000000 		.4byte	.LFB36
 1336 002c 70000000 		.4byte	.LFE36-.LFB36
 1337 0030 00000000 		.4byte	.LFB37
 1338 0034 50000000 		.4byte	.LFE37-.LFB37
 1339 0038 00000000 		.4byte	.LFB38
 1340 003c 50000000 		.4byte	.LFE38-.LFB38
 1341 0040 00000000 		.4byte	.LFB39
 1342 0044 20000000 		.4byte	.LFE39-.LFB39
 1343 0048 00000000 		.4byte	.LFB40
 1344 004c 12000000 		.4byte	.LFE40-.LFB40
 1345 0050 00000000 		.4byte	0
 1346 0054 00000000 		.4byte	0
 1347              		.section	.debug_ranges,"",%progbits
 1348              	.Ldebug_ranges0:
 1349 0000 00000000 		.4byte	.LFB33
 1350 0004 9C000000 		.4byte	.LFE33
 1351 0008 00000000 		.4byte	.LFB34
 1352 000c 44000000 		.4byte	.LFE34
 1353 0010 00000000 		.4byte	.LFB35
 1354 0014 34000000 		.4byte	.LFE35
 1355 0018 00000000 		.4byte	.LFB36
 1356 001c 70000000 		.4byte	.LFE36
 1357 0020 00000000 		.4byte	.LFB37
 1358 0024 50000000 		.4byte	.LFE37
 1359 0028 00000000 		.4byte	.LFB38
 1360 002c 50000000 		.4byte	.LFE38
 1361 0030 00000000 		.4byte	.LFB39
 1362 0034 20000000 		.4byte	.LFE39
 1363 0038 00000000 		.4byte	.LFB40
 1364 003c 12000000 		.4byte	.LFE40
 1365 0040 00000000 		.4byte	0
 1366 0044 00000000 		.4byte	0
 1367              		.section	.debug_line,"",%progbits
 1368              	.Ldebug_line0:
ARM GAS  C:\Users\Jeppe\AppData\Local\Temp\ccp19vVh.s 			page 29


 1369 0000 67020000 		.section	.debug_str,"MS",%progbits,1
 1369      02009501 
 1369      00000201 
 1369      FB0E0D00 
 1369      01010101 
 1370              	.LASF48:
 1371 0000 2E5C7675 		.ascii	".\\vuggeControl.c\000"
 1371      67676543 
 1371      6F6E7472 
 1371      6F6C2E63 
 1371      00
 1372              	.LASF18:
 1373 0011 72656733 		.ascii	"reg32\000"
 1373      3200
 1374              	.LASF4:
 1375 0017 5F5F7569 		.ascii	"__uint8_t\000"
 1375      6E74385F 
 1375      7400
 1376              	.LASF41:
 1377 0021 73696E65 		.ascii	"sineA\000"
 1377      4100
 1378              	.LASF30:
 1379 0027 49324342 		.ascii	"I2CBuf\000"
 1379      756600
 1380              	.LASF25:
 1381 002e 72656775 		.ascii	"reguleringsStatus\000"
 1381      6C657269 
 1381      6E677353 
 1381      74617475 
 1381      7300
 1382              	.LASF22:
 1383 0040 636F756E 		.ascii	"count\000"
 1383      7400
 1384              	.LASF21:
 1385 0046 424F4F4C 		.ascii	"BOOL\000"
 1385      00
 1386              	.LASF5:
 1387 004b 5F5F696E 		.ascii	"__int32_t\000"
 1387      7433325F 
 1387      7400
 1388              	.LASF3:
 1389 0055 73686F72 		.ascii	"short unsigned int\000"
 1389      7420756E 
 1389      7369676E 
 1389      65642069 
 1389      6E7400
 1390              	.LASF11:
 1391 0068 75696E74 		.ascii	"uint8_t\000"
 1391      385F7400 
 1392              	.LASF10:
 1393 0070 756E7369 		.ascii	"unsigned int\000"
 1393      676E6564 
 1393      20696E74 
 1393      00
 1394              	.LASF27:
 1395 007d 63686563 		.ascii	"checkOn_Off\000"
 1395      6B4F6E5F 
ARM GAS  C:\Users\Jeppe\AppData\Local\Temp\ccp19vVh.s 			page 30


 1395      4F666600 
 1396              	.LASF31:
 1397 0089 73656E73 		.ascii	"sensorDataPtr_\000"
 1397      6F724461 
 1397      74615074 
 1397      725F00
 1398              	.LASF12:
 1399 0098 696E7433 		.ascii	"int32_t\000"
 1399      325F7400 
 1400              	.LASF49:
 1401 00a0 433A5C55 		.ascii	"C:\\Users\\Jeppe\\Google Drev\\E4PRJ4 gDrive\\Vugge"
 1401      73657273 
 1401      5C4A6570 
 1401      70655C47 
 1401      6F6F676C 
 1402 00ce 73797374 		.ascii	"system arbejdsdokumenter\\Test\\Integrationstest\\v"
 1402      656D2061 
 1402      7262656A 
 1402      6473646F 
 1402      6B756D65 
 1403 00fe 75676765 		.ascii	"uggeControl\\vuggeControl.cydsn\000"
 1403      436F6E74 
 1403      726F6C5C 
 1403      76756767 
 1403      65436F6E 
 1404              	.LASF15:
 1405 011d 666C6F61 		.ascii	"float\000"
 1405      7400
 1406              	.LASF47:
 1407 0123 474E5520 		.ascii	"GNU C 4.8.4 20140526 (release) [ARM/embedded-4_8-br"
 1407      4320342E 
 1407      382E3420 
 1407      32303134 
 1407      30353236 
 1408 0156 616E6368 		.ascii	"anch revision 211358] -mcpu=cortex-m0 -mthumb -g -O"
 1408      20726576 
 1408      6973696F 
 1408      6E203231 
 1408      31333538 
 1409 0189 30202D66 		.ascii	"0 -ffunction-sections\000"
 1409      66756E63 
 1409      74696F6E 
 1409      2D736563 
 1409      74696F6E 
 1410              	.LASF39:
 1411 019f 70726576 		.ascii	"prevUdsving\000"
 1411      55647376 
 1411      696E6700 
 1412              	.LASF1:
 1413 01ab 756E7369 		.ascii	"unsigned char\000"
 1413      676E6564 
 1413      20636861 
 1413      7200
 1414              	.LASF7:
 1415 01b9 6C6F6E67 		.ascii	"long unsigned int\000"
 1415      20756E73 
 1415      69676E65 
ARM GAS  C:\Users\Jeppe\AppData\Local\Temp\ccp19vVh.s 			page 31


 1415      6420696E 
 1415      7400
 1416              	.LASF44:
 1417 01cb 72656775 		.ascii	"reguleringsStatusPtr_\000"
 1417      6C657269 
 1417      6E677353 
 1417      74617475 
 1417      73507472 
 1418              	.LASF13:
 1419 01e1 75696E74 		.ascii	"uint8\000"
 1419      3800
 1420              	.LASF40:
 1421 01e7 616E676C 		.ascii	"angleInc\000"
 1421      65496E63 
 1421      00
 1422              	.LASF23:
 1423 01f0 616E676C 		.ascii	"angle\000"
 1423      6500
 1424              	.LASF36:
 1425 01f6 7072696E 		.ascii	"print1\000"
 1425      743100
 1426              	.LASF29:
 1427 01fd 6572726F 		.ascii	"error\000"
 1427      7200
 1428              	.LASF37:
 1429 0203 7072696E 		.ascii	"print2\000"
 1429      743200
 1430              	.LASF52:
 1431 020a 6C6F6F70 		.ascii	"loopIsr\000"
 1431      49737200 
 1432              	.LASF16:
 1433 0212 646F7562 		.ascii	"double\000"
 1433      6C6500
 1434              	.LASF24:
 1435 0219 6D61696E 		.ascii	"main\000"
 1435      00
 1436              	.LASF26:
 1437 021e 6C756B53 		.ascii	"lukSystem\000"
 1437      79737465 
 1437      6D00
 1438              	.LASF51:
 1439 0228 63686563 		.ascii	"checkEndstop\000"
 1439      6B456E64 
 1439      73746F70 
 1439      00
 1440              	.LASF14:
 1441 0235 75696E74 		.ascii	"uint32\000"
 1441      333200
 1442              	.LASF45:
 1443 023c 69326350 		.ascii	"i2cPtr_\000"
 1443      74725F00 
 1444              	.LASF38:
 1445 0244 70726576 		.ascii	"prevFrek\000"
 1445      4672656B 
 1445      00
 1446              	.LASF46:
 1447 024d 72656164 		.ascii	"ready\000"
ARM GAS  C:\Users\Jeppe\AppData\Local\Temp\ccp19vVh.s 			page 32


 1447      7900
 1448              	.LASF9:
 1449 0253 6C6F6E67 		.ascii	"long long unsigned int\000"
 1449      206C6F6E 
 1449      6720756E 
 1449      7369676E 
 1449      65642069 
 1450              	.LASF42:
 1451 026a 70726576 		.ascii	"prev_e\000"
 1451      5F6500
 1452              	.LASF34:
 1453 0271 676F696E 		.ascii	"going_up_\000"
 1453      675F7570 
 1453      5F00
 1454              	.LASF28:
 1455 027b 73687574 		.ascii	"shutdown\000"
 1455      646F776E 
 1455      00
 1456              	.LASF43:
 1457 0284 656E6473 		.ascii	"endstopStatusPtr_\000"
 1457      746F7053 
 1457      74617475 
 1457      73507472 
 1457      5F00
 1458              	.LASF19:
 1459 0296 73697A65 		.ascii	"sizetype\000"
 1459      74797065 
 1459      00
 1460              	.LASF35:
 1461 029f 70776D53 		.ascii	"pwmSineAngle_\000"
 1461      696E6541 
 1461      6E676C65 
 1461      5F00
 1462              	.LASF8:
 1463 02ad 6C6F6E67 		.ascii	"long long int\000"
 1463      206C6F6E 
 1463      6720696E 
 1463      7400
 1464              	.LASF17:
 1465 02bb 63686172 		.ascii	"char\000"
 1465      00
 1466              	.LASF50:
 1467 02c0 696E6974 		.ascii	"initVuggesystem\000"
 1467      56756767 
 1467      65737973 
 1467      74656D00 
 1468              	.LASF2:
 1469 02d0 73686F72 		.ascii	"short int\000"
 1469      7420696E 
 1469      7400
 1470              	.LASF20:
 1471 02da 66697831 		.ascii	"fix16_t\000"
 1471      365F7400 
 1472              	.LASF6:
 1473 02e2 6C6F6E67 		.ascii	"long int\000"
 1473      20696E74 
 1473      00
ARM GAS  C:\Users\Jeppe\AppData\Local\Temp\ccp19vVh.s 			page 33


 1474              	.LASF32:
 1475 02eb 66697865 		.ascii	"fixedPointReg_\000"
 1475      64506F69 
 1475      6E745265 
 1475      675F00
 1476              	.LASF0:
 1477 02fa 7369676E 		.ascii	"signed char\000"
 1477      65642063 
 1477      68617200 
 1478              	.LASF33:
 1479 0306 72656775 		.ascii	"reguleringsStatus_\000"
 1479      6C657269 
 1479      6E677353 
 1479      74617475 
 1479      735F00
 1480              		.ident	"GCC: (GNU Tools for ARM Embedded Processors) 4.8.4 20140526 (release) [ARM/embedded-4_8-br
