Loading plugins phase: Elapsed time ==> 0s.705ms
Initializing data phase: Elapsed time ==> 0s.000ms
<CYPRESSTAG name="CyDsfit arguments...">
cydsfit arguments: -.fdsnotice -.fdswarpdepfile=warp_dependencies.txt -.fdselabdepfile=elab_dependencies.txt -.fdsbldfile=generated_files.txt -p C:\Users\Felix\Git Repository\E4PRJ4\Implementering\Vuggesystem\Vinkelsensor.cydsn\Vinkelsensor.cyprj -d CY8C4245AXI-483 -s C:\Users\Felix\Git Repository\E4PRJ4\Implementering\Vuggesystem\Vinkelsensor.cydsn\Generated_Source\PSoC4 -- -yv2 -q10 -ygs -o2 -v3 -.fftcfgtype=LE</CYPRESSTAG>
<CYPRESSTAG name="Design elaboration results...">
</CYPRESSTAG>
Elaboration phase: Elapsed time ==> 9s.557ms
<CYPRESSTAG name="HDL generation results...">
</CYPRESSTAG>
HDL generation phase: Elapsed time ==> 0s.260ms
<CYPRESSTAG name="Synthesis results...">

     | | | | | | |
   _________________
  -|               |-
  -|               |-
  -|               |-
  -|    CYPRESS    |-
  -|               |-
  -|               |-   Warp Verilog Synthesis Compiler: Version 6.3 IR 41
  -|               |-   Copyright (C) 1991-2001 Cypress Semiconductor
   |_______________|
     | | | | | | |

======================================================================
Compiling:  Vinkelsensor.v
Program  :   C:\Program Files (x86)\Cypress\PSoC Creator\3.1\PSoC Creator\warp\bin/warp.exe
Options  :    -yv2 -q10 -ygs -o2 -v3 -.fftcfgtype=LE -ya -.fftprj=C:\Users\Felix\Git Repository\E4PRJ4\Implementering\Vuggesystem\Vinkelsensor.cydsn\Vinkelsensor.cyprj -dcpsoc3 Vinkelsensor.v -verilog
======================================================================

======================================================================
Compiling:  Vinkelsensor.v
Program  :   C:\Program Files (x86)\Cypress\PSoC Creator\3.1\PSoC Creator\warp\bin/warp.exe
Options  :    -yv2 -q10 -ygs -o2 -v3 -.fftcfgtype=LE -ya -.fftprj=C:\Users\Felix\Git Repository\E4PRJ4\Implementering\Vuggesystem\Vinkelsensor.cydsn\Vinkelsensor.cyprj -dcpsoc3 Vinkelsensor.v -verilog
======================================================================

======================================================================
Compiling:  Vinkelsensor.v
Program  :   vlogfe
Options  :    -yv2 -q10 -ygs -o2 -v3 -.fftcfgtype=LE -ya -.fftprj=C:\Users\Felix\Git Repository\E4PRJ4\Implementering\Vuggesystem\Vinkelsensor.cydsn\Vinkelsensor.cyprj -dcpsoc3 -verilog Vinkelsensor.v
======================================================================

vlogfe V6.3 IR 41:  Verilog parser
Sat Apr 04 20:50:01 2015


======================================================================
Compiling:  Vinkelsensor.v
Program  :   vpp
Options  :    -yv2 -q10 Vinkelsensor.v
======================================================================

vpp V6.3 IR 41:  Verilog Pre-Processor
Sat Apr 04 20:50:01 2015

Flattening file 'C:\Program Files (x86)\Cypress\PSoC Creator\3.1\PSoC Creator\warp\..\psoc\content\cyprimitives\CyPrimitives.cylib\ZeroTerminal\ZeroTerminal.v'
Flattening file 'C:\Program Files (x86)\Cypress\PSoC Creator\3.1\PSoC Creator\warp\..\psoc\content\cyprimitives\CyPrimitives.cylib\cy_virtualmux_v1_0\cy_virtualmux_v1_0.v'
Flattening file 'C:\Program Files (x86)\Cypress\PSoC Creator\3.1\PSoC Creator\warp\..\psoc\content\cyprimitives\CyPrimitives.cylib\or_v1_0\or_v1_0.v'
Flattening file 'C:\Program Files (x86)\Cypress\PSoC Creator\3.1\PSoC Creator\warp\..\psoc\content\cycomponentlibrary\CyComponentLibrary.cylib\B_PWM_v3_20\B_PWM_v3_20.v'
Flattening file 'C:\Program Files (x86)\Cypress\PSoC Creator\3.1\PSoC Creator\warp\lib\common\cypress.v'
Flattening file 'C:\Program Files (x86)\Cypress\PSoC Creator\3.1\PSoC Creator\warp\lib\common\cy_psoc3_inc.v'

vpp:  No errors.

Library 'work' => directory 'lcpsoc3'
General_symbol_table
General_symbol_table
Linking 'C:\Program Files (x86)\Cypress\PSoC Creator\3.1\PSoC Creator\warp\lib\common\std.vhd'.
Linking 'C:\Program Files (x86)\Cypress\PSoC Creator\3.1\PSoC Creator\warp\lib\common\cypress.vhd'.
Linking 'C:\Program Files (x86)\Cypress\PSoC Creator\3.1\PSoC Creator\warp\lib\common\work\cypress.vif'.
Linking 'C:\Program Files (x86)\Cypress\PSoC Creator\3.1\PSoC Creator\warp\lib\ieee\work\stdlogic.vif'.
Linking 'C:\Program Files (x86)\Cypress\PSoC Creator\3.1\PSoC Creator\warp\lib\common\stdlogic\lpmpkg.vif'.
Linking 'C:\Program Files (x86)\Cypress\PSoC Creator\3.1\PSoC Creator\warp\lib\common\stdlogic\rtlpkg.vif'.
Linking 'C:\Program Files (x86)\Cypress\PSoC Creator\3.1\PSoC Creator\warp\lib\common\stdlogic\mod_cnst.vif'.
Linking 'C:\Program Files (x86)\Cypress\PSoC Creator\3.1\PSoC Creator\warp\lib\common\stdlogic\mod_mthv.vif'.
Linking 'C:\Program Files (x86)\Cypress\PSoC Creator\3.1\PSoC Creator\warp\lib\common\stdlogic\mod_genv.vif'.
Using control file 'Vinkelsensor.ctl'.
C:\Program Files (x86)\Cypress\PSoC Creator\3.1\PSoC Creator\warp\..\psoc\content\cycomponentlibrary\CyComponentLibrary.cylib\B_PWM_v3_20\B_PWM_v3_20.v (line 955, col 46):  Note: Substituting module 'sub_vi_vv' for '-'.
C:\Program Files (x86)\Cypress\PSoC Creator\3.1\PSoC Creator\warp\..\psoc\content\cycomponentlibrary\CyComponentLibrary.cylib\B_PWM_v3_20\B_PWM_v3_20.v (line 985, col 46):  Note: Substituting module 'add_vi_vv' for '+'.
Linking 'C:\Program Files (x86)\Cypress\PSoC Creator\3.1\PSoC Creator\warp\lib\common\stdlogic\cy_psoc3pkg.vif'.
Linking 'C:\Program Files (x86)\Cypress\PSoC Creator\3.1\PSoC Creator\warp\lib\common\stdlogic\cy_psoc3.vif'.

vlogfe:  No errors.


======================================================================
Compiling:  Vinkelsensor.v
Program  :   tovif
Options  :    -yv2 -q10 -ygs -o2 -v3 -.fftcfgtype=LE -ya -.fftprj=C:\Users\Felix\Git Repository\E4PRJ4\Implementering\Vuggesystem\Vinkelsensor.cydsn\Vinkelsensor.cyprj -dcpsoc3 -verilog Vinkelsensor.v
======================================================================

tovif V6.3 IR 41:  High-level synthesis
Sat Apr 04 20:50:02 2015

Linking 'C:\Program Files (x86)\Cypress\PSoC Creator\3.1\PSoC Creator\warp\lib\common\std.vhd'.
Linking 'C:\Program Files (x86)\Cypress\PSoC Creator\3.1\PSoC Creator\warp\lib\common\cypress.vhd'.
Linking 'C:\Program Files (x86)\Cypress\PSoC Creator\3.1\PSoC Creator\warp\lib\common\work\cypress.vif'.
Linking 'C:\Program Files (x86)\Cypress\PSoC Creator\3.1\PSoC Creator\warp\lib\ieee\work\stdlogic.vif'.
Linking 'C:\Program Files (x86)\Cypress\PSoC Creator\3.1\PSoC Creator\warp\lib\common\stdlogic\lpmpkg.vif'.
Linking 'C:\Program Files (x86)\Cypress\PSoC Creator\3.1\PSoC Creator\warp\lib\common\stdlogic\rtlpkg.vif'.
Linking 'C:\Program Files (x86)\Cypress\PSoC Creator\3.1\PSoC Creator\warp\lib\common\stdlogic\mod_cnst.vif'.
Linking 'C:\Program Files (x86)\Cypress\PSoC Creator\3.1\PSoC Creator\warp\lib\common\stdlogic\mod_mthv.vif'.
Linking 'C:\Program Files (x86)\Cypress\PSoC Creator\3.1\PSoC Creator\warp\lib\common\stdlogic\mod_genv.vif'.
Linking 'C:\Users\Felix\Git Repository\E4PRJ4\Implementering\Vuggesystem\Vinkelsensor.cydsn\codegentemp\Vinkelsensor.ctl'.
Linking 'C:\Program Files (x86)\Cypress\PSoC Creator\3.1\PSoC Creator\psoc\content\cyprimitives\CyPrimitives.cylib\ZeroTerminal\ZeroTerminal.v'.
Linking 'C:\Users\Felix\Git Repository\E4PRJ4\Implementering\Vuggesystem\Vinkelsensor.cydsn\codegentemp\Vinkelsensor.v'.
Linking 'C:\Program Files (x86)\Cypress\PSoC Creator\3.1\PSoC Creator\psoc\content\cyprimitives\CyPrimitives.cylib\cy_virtualmux_v1_0\cy_virtualmux_v1_0.v'.
Linking 'C:\Program Files (x86)\Cypress\PSoC Creator\3.1\PSoC Creator\psoc\content\cyprimitives\CyPrimitives.cylib\or_v1_0\or_v1_0.v'.
Linking 'C:\Program Files (x86)\Cypress\PSoC Creator\3.1\PSoC Creator\psoc\content\cycomponentlibrary\CyComponentLibrary.cylib\B_PWM_v3_20\B_PWM_v3_20.v'.
Linking 'C:\Program Files (x86)\Cypress\PSoC Creator\3.1\PSoC Creator\warp\lib\common\cypress.v'.
Linking 'C:\Program Files (x86)\Cypress\PSoC Creator\3.1\PSoC Creator\warp\lib\common\cy_psoc3_inc.v'.
Linking 'C:\Program Files (x86)\Cypress\PSoC Creator\3.1\PSoC Creator\warp\lib\common\stdlogic\cy_psoc3pkg.vif'.
Linking 'C:\Program Files (x86)\Cypress\PSoC Creator\3.1\PSoC Creator\warp\lib\common\stdlogic\cy_psoc3.vif'.
Linking 'C:\Program Files (x86)\Cypress\PSoC Creator\3.1\PSoC Creator\warp\lib\lcpsoc3\stdlogic\mod_cnst.vif'.

tovif:  No errors.


======================================================================
Compiling:  Vinkelsensor.v
Program  :   topld
Options  :    -yv2 -q10 -ygs -o2 -v3 -.fftcfgtype=LE -ya -.fftprj=C:\Users\Felix\Git Repository\E4PRJ4\Implementering\Vuggesystem\Vinkelsensor.cydsn\Vinkelsensor.cyprj -dcpsoc3 -verilog Vinkelsensor.v
======================================================================

topld V6.3 IR 41:  Synthesis and optimization
Sat Apr 04 20:50:05 2015

Linking 'C:\Program Files (x86)\Cypress\PSoC Creator\3.1\PSoC Creator\warp\lib\common\std.vhd'.
Linking 'C:\Program Files (x86)\Cypress\PSoC Creator\3.1\PSoC Creator\warp\lib\common\cypress.vhd'.
Linking 'C:\Program Files (x86)\Cypress\PSoC Creator\3.1\PSoC Creator\warp\lib\common\work\cypress.vif'.
Linking 'C:\Program Files (x86)\Cypress\PSoC Creator\3.1\PSoC Creator\warp\lib\ieee\work\stdlogic.vif'.
Linking 'C:\Program Files (x86)\Cypress\PSoC Creator\3.1\PSoC Creator\warp\lib\common\stdlogic\lpmpkg.vif'.
Linking 'C:\Program Files (x86)\Cypress\PSoC Creator\3.1\PSoC Creator\warp\lib\common\stdlogic\rtlpkg.vif'.
Linking 'C:\Program Files (x86)\Cypress\PSoC Creator\3.1\PSoC Creator\warp\lib\common\stdlogic\mod_cnst.vif'.
Linking 'C:\Program Files (x86)\Cypress\PSoC Creator\3.1\PSoC Creator\warp\lib\common\stdlogic\mod_mthv.vif'.
Linking 'C:\Program Files (x86)\Cypress\PSoC Creator\3.1\PSoC Creator\warp\lib\common\stdlogic\mod_genv.vif'.
Linking 'C:\Users\Felix\Git Repository\E4PRJ4\Implementering\Vuggesystem\Vinkelsensor.cydsn\codegentemp\Vinkelsensor.ctl'.
Linking 'C:\Program Files (x86)\Cypress\PSoC Creator\3.1\PSoC Creator\psoc\content\cyprimitives\CyPrimitives.cylib\ZeroTerminal\ZeroTerminal.v'.
Linking 'C:\Users\Felix\Git Repository\E4PRJ4\Implementering\Vuggesystem\Vinkelsensor.cydsn\codegentemp\Vinkelsensor.v'.
Linking 'C:\Program Files (x86)\Cypress\PSoC Creator\3.1\PSoC Creator\psoc\content\cyprimitives\CyPrimitives.cylib\cy_virtualmux_v1_0\cy_virtualmux_v1_0.v'.
Linking 'C:\Program Files (x86)\Cypress\PSoC Creator\3.1\PSoC Creator\psoc\content\cyprimitives\CyPrimitives.cylib\or_v1_0\or_v1_0.v'.
Linking 'C:\Program Files (x86)\Cypress\PSoC Creator\3.1\PSoC Creator\psoc\content\cycomponentlibrary\CyComponentLibrary.cylib\B_PWM_v3_20\B_PWM_v3_20.v'.
Linking 'C:\Program Files (x86)\Cypress\PSoC Creator\3.1\PSoC Creator\warp\lib\common\cypress.v'.
Linking 'C:\Program Files (x86)\Cypress\PSoC Creator\3.1\PSoC Creator\warp\lib\common\cy_psoc3_inc.v'.
Linking 'C:\Program Files (x86)\Cypress\PSoC Creator\3.1\PSoC Creator\warp\lib\common\stdlogic\cy_psoc3pkg.vif'.
Linking 'C:\Program Files (x86)\Cypress\PSoC Creator\3.1\PSoC Creator\warp\lib\common\stdlogic\cy_psoc3.vif'.
Linking 'C:\Program Files (x86)\Cypress\PSoC Creator\3.1\PSoC Creator\warp\lib\lcpsoc3\stdlogic\mod_cnst.vif'.
Linking 'C:\Program Files (x86)\Cypress\PSoC Creator\3.1\PSoC Creator\warp\lib\lcpsoc3\stdlogic\cpsoc3.vif'.

----------------------------------------------------------
Detecting unused logic.
----------------------------------------------------------
    User names
	\I2C:Net_682\
	\I2C:uncfg_rx_irq\
	\I2C:Net_754\
	\I2C:Net_767\
	\I2C:Net_547\
	\I2C:Net_891\
	\I2C:Net_474\
	\I2C:Net_899\
	\UART:Net_452\
	\UART:Net_682\
	\UART:uncfg_rx_irq\
	\UART:Net_754\
	\UART:Net_767\
	\UART:Net_547\
	\UART:Net_891\
	\UART:Net_474\
	\UART:Net_899\
	\PWM_1:PWMUDB:km_run\
	\PWM_1:PWMUDB:ctrl_cmpmode2_2\
	\PWM_1:PWMUDB:ctrl_cmpmode2_1\
	\PWM_1:PWMUDB:ctrl_cmpmode2_0\
	\PWM_1:PWMUDB:ctrl_cmpmode1_2\
	\PWM_1:PWMUDB:ctrl_cmpmode1_1\
	\PWM_1:PWMUDB:ctrl_cmpmode1_0\
	\PWM_1:PWMUDB:capt_rising\
	\PWM_1:PWMUDB:capt_falling\
	\PWM_1:PWMUDB:trig_rise\
	\PWM_1:PWMUDB:trig_fall\
	\PWM_1:PWMUDB:sc_kill\
	\PWM_1:PWMUDB:min_kill\
	\PWM_1:PWMUDB:db_tc\
	\PWM_1:PWMUDB:dith_sel\
	\PWM_1:PWMUDB:compare2\
	Net_912
	Net_883
	Net_913
	Net_914
	\PWM_1:PWMUDB:MODULE_1:b_31\
	\PWM_1:PWMUDB:MODULE_1:b_30\
	\PWM_1:PWMUDB:MODULE_1:b_29\
	\PWM_1:PWMUDB:MODULE_1:b_28\
	\PWM_1:PWMUDB:MODULE_1:b_27\
	\PWM_1:PWMUDB:MODULE_1:b_26\
	\PWM_1:PWMUDB:MODULE_1:b_25\
	\PWM_1:PWMUDB:MODULE_1:b_24\
	\PWM_1:PWMUDB:MODULE_1:b_23\
	\PWM_1:PWMUDB:MODULE_1:b_22\
	\PWM_1:PWMUDB:MODULE_1:b_21\
	\PWM_1:PWMUDB:MODULE_1:b_20\
	\PWM_1:PWMUDB:MODULE_1:b_19\
	\PWM_1:PWMUDB:MODULE_1:b_18\
	\PWM_1:PWMUDB:MODULE_1:b_17\
	\PWM_1:PWMUDB:MODULE_1:b_16\
	\PWM_1:PWMUDB:MODULE_1:b_15\
	\PWM_1:PWMUDB:MODULE_1:b_14\
	\PWM_1:PWMUDB:MODULE_1:b_13\
	\PWM_1:PWMUDB:MODULE_1:b_12\
	\PWM_1:PWMUDB:MODULE_1:b_11\
	\PWM_1:PWMUDB:MODULE_1:b_10\
	\PWM_1:PWMUDB:MODULE_1:b_9\
	\PWM_1:PWMUDB:MODULE_1:b_8\
	\PWM_1:PWMUDB:MODULE_1:b_7\
	\PWM_1:PWMUDB:MODULE_1:b_6\
	\PWM_1:PWMUDB:MODULE_1:b_5\
	\PWM_1:PWMUDB:MODULE_1:b_4\
	\PWM_1:PWMUDB:MODULE_1:b_3\
	\PWM_1:PWMUDB:MODULE_1:b_2\
	\PWM_1:PWMUDB:MODULE_1:b_1\
	\PWM_1:PWMUDB:MODULE_1:b_0\
	\PWM_1:PWMUDB:MODULE_1:g2:a0:a_31\
	\PWM_1:PWMUDB:MODULE_1:g2:a0:a_30\
	\PWM_1:PWMUDB:MODULE_1:g2:a0:a_29\
	\PWM_1:PWMUDB:MODULE_1:g2:a0:a_28\
	\PWM_1:PWMUDB:MODULE_1:g2:a0:a_27\
	\PWM_1:PWMUDB:MODULE_1:g2:a0:a_26\
	\PWM_1:PWMUDB:MODULE_1:g2:a0:a_25\
	\PWM_1:PWMUDB:MODULE_1:g2:a0:a_24\
	\PWM_1:PWMUDB:MODULE_1:g2:a0:b_31\
	\PWM_1:PWMUDB:MODULE_1:g2:a0:b_30\
	\PWM_1:PWMUDB:MODULE_1:g2:a0:b_29\
	\PWM_1:PWMUDB:MODULE_1:g2:a0:b_28\
	\PWM_1:PWMUDB:MODULE_1:g2:a0:b_27\
	\PWM_1:PWMUDB:MODULE_1:g2:a0:b_26\
	\PWM_1:PWMUDB:MODULE_1:g2:a0:b_25\
	\PWM_1:PWMUDB:MODULE_1:g2:a0:b_24\
	\PWM_1:PWMUDB:MODULE_1:g2:a0:b_23\
	\PWM_1:PWMUDB:MODULE_1:g2:a0:b_22\
	\PWM_1:PWMUDB:MODULE_1:g2:a0:b_21\
	\PWM_1:PWMUDB:MODULE_1:g2:a0:b_20\
	\PWM_1:PWMUDB:MODULE_1:g2:a0:b_19\
	\PWM_1:PWMUDB:MODULE_1:g2:a0:b_18\
	\PWM_1:PWMUDB:MODULE_1:g2:a0:b_17\
	\PWM_1:PWMUDB:MODULE_1:g2:a0:b_16\
	\PWM_1:PWMUDB:MODULE_1:g2:a0:b_15\
	\PWM_1:PWMUDB:MODULE_1:g2:a0:b_14\
	\PWM_1:PWMUDB:MODULE_1:g2:a0:b_13\
	\PWM_1:PWMUDB:MODULE_1:g2:a0:b_12\
	\PWM_1:PWMUDB:MODULE_1:g2:a0:b_11\
	\PWM_1:PWMUDB:MODULE_1:g2:a0:b_10\
	\PWM_1:PWMUDB:MODULE_1:g2:a0:b_9\
	\PWM_1:PWMUDB:MODULE_1:g2:a0:b_8\
	\PWM_1:PWMUDB:MODULE_1:g2:a0:b_7\
	\PWM_1:PWMUDB:MODULE_1:g2:a0:b_6\
	\PWM_1:PWMUDB:MODULE_1:g2:a0:b_5\
	\PWM_1:PWMUDB:MODULE_1:g2:a0:b_4\
	\PWM_1:PWMUDB:MODULE_1:g2:a0:b_3\
	\PWM_1:PWMUDB:MODULE_1:g2:a0:b_2\
	\PWM_1:PWMUDB:MODULE_1:g2:a0:b_1\
	\PWM_1:PWMUDB:MODULE_1:g2:a0:b_0\
	\PWM_1:PWMUDB:MODULE_1:g2:a0:s_31\
	\PWM_1:PWMUDB:MODULE_1:g2:a0:s_30\
	\PWM_1:PWMUDB:MODULE_1:g2:a0:s_29\
	\PWM_1:PWMUDB:MODULE_1:g2:a0:s_28\
	\PWM_1:PWMUDB:MODULE_1:g2:a0:s_27\
	\PWM_1:PWMUDB:MODULE_1:g2:a0:s_26\
	\PWM_1:PWMUDB:MODULE_1:g2:a0:s_25\
	\PWM_1:PWMUDB:MODULE_1:g2:a0:s_24\
	\PWM_1:PWMUDB:MODULE_1:g2:a0:s_23\
	\PWM_1:PWMUDB:MODULE_1:g2:a0:s_22\
	\PWM_1:PWMUDB:MODULE_1:g2:a0:s_21\
	\PWM_1:PWMUDB:MODULE_1:g2:a0:s_20\
	\PWM_1:PWMUDB:MODULE_1:g2:a0:s_19\
	\PWM_1:PWMUDB:MODULE_1:g2:a0:s_18\
	\PWM_1:PWMUDB:MODULE_1:g2:a0:s_17\
	\PWM_1:PWMUDB:MODULE_1:g2:a0:s_16\
	\PWM_1:PWMUDB:MODULE_1:g2:a0:s_15\
	\PWM_1:PWMUDB:MODULE_1:g2:a0:s_14\
	\PWM_1:PWMUDB:MODULE_1:g2:a0:s_13\
	\PWM_1:PWMUDB:MODULE_1:g2:a0:s_12\
	\PWM_1:PWMUDB:MODULE_1:g2:a0:s_11\
	\PWM_1:PWMUDB:MODULE_1:g2:a0:s_10\
	\PWM_1:PWMUDB:MODULE_1:g2:a0:s_9\
	\PWM_1:PWMUDB:MODULE_1:g2:a0:s_8\
	\PWM_1:PWMUDB:MODULE_1:g2:a0:s_7\
	\PWM_1:PWMUDB:MODULE_1:g2:a0:s_6\
	\PWM_1:PWMUDB:MODULE_1:g2:a0:s_5\
	\PWM_1:PWMUDB:MODULE_1:g2:a0:s_4\
	\PWM_1:PWMUDB:MODULE_1:g2:a0:s_3\
	\PWM_1:PWMUDB:MODULE_1:g2:a0:s_2\
	\PWM_1:PWMUDB:MODULE_1:g2:a0:g1:z1:s0:g1:u0:c_31\
	\PWM_1:PWMUDB:MODULE_1:g2:a0:g1:z1:s0:g1:u0:c_30\
	\PWM_1:PWMUDB:MODULE_1:g2:a0:g1:z1:s0:g1:u0:c_29\
	\PWM_1:PWMUDB:MODULE_1:g2:a0:g1:z1:s0:g1:u0:c_28\
	\PWM_1:PWMUDB:MODULE_1:g2:a0:g1:z1:s0:g1:u0:c_27\
	\PWM_1:PWMUDB:MODULE_1:g2:a0:g1:z1:s0:g1:u0:c_26\
	\PWM_1:PWMUDB:MODULE_1:g2:a0:g1:z1:s0:g1:u0:c_25\
	\PWM_1:Net_139\
	\PWM_1:Net_138\
	\PWM_1:Net_183\
	\PWM_1:Net_181\

    Synthesized names
	\PWM_1:PWMUDB:add_vi_vv_MODGEN_1_31\
	\PWM_1:PWMUDB:add_vi_vv_MODGEN_1_30\
	\PWM_1:PWMUDB:add_vi_vv_MODGEN_1_29\
	\PWM_1:PWMUDB:add_vi_vv_MODGEN_1_28\
	\PWM_1:PWMUDB:add_vi_vv_MODGEN_1_27\
	\PWM_1:PWMUDB:add_vi_vv_MODGEN_1_26\
	\PWM_1:PWMUDB:add_vi_vv_MODGEN_1_25\
	\PWM_1:PWMUDB:add_vi_vv_MODGEN_1_24\
	\PWM_1:PWMUDB:add_vi_vv_MODGEN_1_23\
	\PWM_1:PWMUDB:add_vi_vv_MODGEN_1_22\
	\PWM_1:PWMUDB:add_vi_vv_MODGEN_1_21\
	\PWM_1:PWMUDB:add_vi_vv_MODGEN_1_20\
	\PWM_1:PWMUDB:add_vi_vv_MODGEN_1_19\
	\PWM_1:PWMUDB:add_vi_vv_MODGEN_1_18\
	\PWM_1:PWMUDB:add_vi_vv_MODGEN_1_17\
	\PWM_1:PWMUDB:add_vi_vv_MODGEN_1_16\
	\PWM_1:PWMUDB:add_vi_vv_MODGEN_1_15\
	\PWM_1:PWMUDB:add_vi_vv_MODGEN_1_14\
	\PWM_1:PWMUDB:add_vi_vv_MODGEN_1_13\
	\PWM_1:PWMUDB:add_vi_vv_MODGEN_1_12\
	\PWM_1:PWMUDB:add_vi_vv_MODGEN_1_11\
	\PWM_1:PWMUDB:add_vi_vv_MODGEN_1_10\
	\PWM_1:PWMUDB:add_vi_vv_MODGEN_1_9\
	\PWM_1:PWMUDB:add_vi_vv_MODGEN_1_8\
	\PWM_1:PWMUDB:add_vi_vv_MODGEN_1_7\
	\PWM_1:PWMUDB:add_vi_vv_MODGEN_1_6\
	\PWM_1:PWMUDB:add_vi_vv_MODGEN_1_5\
	\PWM_1:PWMUDB:add_vi_vv_MODGEN_1_4\
	\PWM_1:PWMUDB:add_vi_vv_MODGEN_1_3\
	\PWM_1:PWMUDB:add_vi_vv_MODGEN_1_2\

Deleted 150 User equations/components.
Deleted 30 Synthesized equations/components.

------------------------------------------------------
Alias Detection
------------------------------------------------------
Aliasing \I2C:Net_452\ to \I2C:Net_459\
Aliasing \I2C:Net_676\ to \I2C:Net_459\
Aliasing \I2C:Net_245\ to \I2C:Net_459\
Aliasing \I2C:Net_416\ to \I2C:Net_459\
Aliasing zero to \I2C:Net_459\
Aliasing one to \I2C:tmpOE__sda_net_0\
Aliasing \I2C:tmpOE__scl_net_0\ to \I2C:tmpOE__sda_net_0\
Aliasing \I2C:Net_747\ to \I2C:Net_459\
Aliasing \UART:Net_459\ to \I2C:Net_459\
Aliasing \UART:Net_676\ to \I2C:Net_459\
Aliasing \UART:Net_245\ to \I2C:Net_459\
Aliasing \UART:Net_416\ to \I2C:Net_459\
Aliasing \UART:tmpOE__tx_net_0\ to \I2C:tmpOE__sda_net_0\
Aliasing \UART:tmpOE__rx_net_0\ to \I2C:tmpOE__sda_net_0\
Aliasing \UART:Net_747\ to \I2C:Net_459\
Aliasing \PWM_1:Net_180\ to \I2C:Net_459\
Aliasing \PWM_1:PWMUDB:hwCapture\ to \I2C:Net_459\
Aliasing \PWM_1:Net_178\ to \I2C:Net_459\
Aliasing \PWM_1:PWMUDB:trig_out\ to \I2C:tmpOE__sda_net_0\
Aliasing \PWM_1:Net_186\ to \I2C:Net_459\
Aliasing \PWM_1:PWMUDB:runmode_enable\\S\ to \I2C:Net_459\
Aliasing \PWM_1:Net_179\ to \I2C:tmpOE__sda_net_0\
Aliasing \PWM_1:PWMUDB:ltch_kill_reg\\R\ to \PWM_1:PWMUDB:runmode_enable\\R\
Aliasing \PWM_1:PWMUDB:ltch_kill_reg\\S\ to \I2C:Net_459\
Aliasing \PWM_1:PWMUDB:km_tc\ to \I2C:Net_459\
Aliasing \PWM_1:PWMUDB:min_kill_reg\\R\ to \PWM_1:PWMUDB:runmode_enable\\R\
Aliasing \PWM_1:PWMUDB:min_kill_reg\\S\ to \I2C:Net_459\
Aliasing \PWM_1:PWMUDB:final_kill\ to \I2C:tmpOE__sda_net_0\
Aliasing \PWM_1:PWMUDB:dith_count_1\\R\ to \PWM_1:PWMUDB:runmode_enable\\R\
Aliasing \PWM_1:PWMUDB:dith_count_1\\S\ to \I2C:Net_459\
Aliasing \PWM_1:PWMUDB:dith_count_0\\R\ to \PWM_1:PWMUDB:runmode_enable\\R\
Aliasing \PWM_1:PWMUDB:dith_count_0\\S\ to \I2C:Net_459\
Aliasing \PWM_1:PWMUDB:status_6\ to \I2C:Net_459\
Aliasing \PWM_1:PWMUDB:status_4\ to \I2C:Net_459\
Aliasing \PWM_1:PWMUDB:cmp2\ to \I2C:Net_459\
Aliasing \PWM_1:PWMUDB:cmp1_status_reg\\R\ to \PWM_1:PWMUDB:runmode_enable\\R\
Aliasing \PWM_1:PWMUDB:cmp1_status_reg\\S\ to \I2C:Net_459\
Aliasing \PWM_1:PWMUDB:cmp2_status_reg\\R\ to \PWM_1:PWMUDB:runmode_enable\\R\
Aliasing \PWM_1:PWMUDB:cmp2_status_reg\\S\ to \I2C:Net_459\
Aliasing \PWM_1:PWMUDB:final_kill_reg\\R\ to \PWM_1:PWMUDB:runmode_enable\\R\
Aliasing \PWM_1:PWMUDB:final_kill_reg\\S\ to \I2C:Net_459\
Aliasing \PWM_1:PWMUDB:cs_addr_0\ to \PWM_1:PWMUDB:runmode_enable\\R\
Aliasing \PWM_1:PWMUDB:pwm1_i\ to \I2C:Net_459\
Aliasing \PWM_1:PWMUDB:pwm2_i\ to \I2C:Net_459\
Aliasing \PWM_1:PWMUDB:MODULE_1:g2:a0:a_23\ to \I2C:Net_459\
Aliasing \PWM_1:PWMUDB:MODULE_1:g2:a0:a_22\ to \I2C:Net_459\
Aliasing \PWM_1:PWMUDB:MODULE_1:g2:a0:a_21\ to \I2C:Net_459\
Aliasing \PWM_1:PWMUDB:MODULE_1:g2:a0:a_20\ to \I2C:Net_459\
Aliasing \PWM_1:PWMUDB:MODULE_1:g2:a0:a_19\ to \I2C:Net_459\
Aliasing \PWM_1:PWMUDB:MODULE_1:g2:a0:a_18\ to \I2C:Net_459\
Aliasing \PWM_1:PWMUDB:MODULE_1:g2:a0:a_17\ to \I2C:Net_459\
Aliasing \PWM_1:PWMUDB:MODULE_1:g2:a0:a_16\ to \I2C:Net_459\
Aliasing \PWM_1:PWMUDB:MODULE_1:g2:a0:a_15\ to \I2C:Net_459\
Aliasing \PWM_1:PWMUDB:MODULE_1:g2:a0:a_14\ to \I2C:Net_459\
Aliasing \PWM_1:PWMUDB:MODULE_1:g2:a0:a_13\ to \I2C:Net_459\
Aliasing \PWM_1:PWMUDB:MODULE_1:g2:a0:a_12\ to \I2C:Net_459\
Aliasing \PWM_1:PWMUDB:MODULE_1:g2:a0:a_11\ to \I2C:Net_459\
Aliasing \PWM_1:PWMUDB:MODULE_1:g2:a0:a_10\ to \I2C:Net_459\
Aliasing \PWM_1:PWMUDB:MODULE_1:g2:a0:a_9\ to \I2C:Net_459\
Aliasing \PWM_1:PWMUDB:MODULE_1:g2:a0:a_8\ to \I2C:Net_459\
Aliasing \PWM_1:PWMUDB:MODULE_1:g2:a0:a_7\ to \I2C:Net_459\
Aliasing \PWM_1:PWMUDB:MODULE_1:g2:a0:a_6\ to \I2C:Net_459\
Aliasing \PWM_1:PWMUDB:MODULE_1:g2:a0:a_5\ to \I2C:Net_459\
Aliasing \PWM_1:PWMUDB:MODULE_1:g2:a0:a_4\ to \I2C:Net_459\
Aliasing \PWM_1:PWMUDB:MODULE_1:g2:a0:a_3\ to \I2C:Net_459\
Aliasing \PWM_1:PWMUDB:MODULE_1:g2:a0:a_2\ to \I2C:Net_459\
Aliasing \PWM_1:PWMUDB:MODULE_1:g2:a0:g1:z1:s0:g1:u0:b_0\ to \I2C:tmpOE__sda_net_0\
Aliasing tmpOE__GYRO_DR_net_0 to \I2C:tmpOE__sda_net_0\
Aliasing tmpOE__Pin_1_net_0 to \I2C:tmpOE__sda_net_0\
Aliasing \PWM_1:PWMUDB:prevCompare1\\D\ to \PWM_1:PWMUDB:pwm_temp\
Aliasing \PWM_1:PWMUDB:tc_i_reg\\D\ to \PWM_1:PWMUDB:status_2\
Removing Lhs of wire \I2C:Net_652\[3] = \I2C:Net_459\[2]
Removing Lhs of wire \I2C:Net_452\[4] = \I2C:Net_459\[2]
Removing Lhs of wire \I2C:Net_676\[5] = \I2C:Net_459\[2]
Removing Lhs of wire \I2C:Net_245\[6] = \I2C:Net_459\[2]
Removing Lhs of wire \I2C:Net_416\[7] = \I2C:Net_459\[2]
Removing Lhs of wire \I2C:Net_654\[8] = \I2C:Net_459\[2]
Removing Lhs of wire \I2C:SCBclock\[11] = \I2C:Net_847\[1]
Removing Lhs of wire \I2C:Net_653\[12] = \I2C:Net_459\[2]
Removing Lhs of wire \I2C:Net_909\[13] = \I2C:Net_459\[2]
Removing Lhs of wire \I2C:Net_663\[14] = \I2C:Net_459\[2]
Removing Rhs of wire zero[17] = \I2C:Net_459\[2]
Removing Rhs of wire one[21] = \I2C:tmpOE__sda_net_0\[16]
Removing Lhs of wire \I2C:tmpOE__scl_net_0\[24] = one[21]
Removing Lhs of wire \I2C:Net_739\[33] = zero[17]
Removing Lhs of wire \I2C:Net_747\[34] = zero[17]
Removing Lhs of wire \UART:Net_459\[58] = zero[17]
Removing Lhs of wire \UART:Net_652\[59] = zero[17]
Removing Lhs of wire \UART:Net_676\[61] = zero[17]
Removing Lhs of wire \UART:Net_245\[62] = zero[17]
Removing Lhs of wire \UART:Net_416\[63] = zero[17]
Removing Rhs of wire \UART:Net_654\[64] = \UART:Net_379\[65]
Removing Lhs of wire \UART:SCBclock\[68] = \UART:Net_847\[57]
Removing Lhs of wire \UART:Net_653\[69] = zero[17]
Removing Lhs of wire \UART:Net_909\[70] = zero[17]
Removing Lhs of wire \UART:Net_663\[71] = zero[17]
Removing Lhs of wire \UART:tmpOE__tx_net_0\[73] = one[21]
Removing Lhs of wire \UART:tmpOE__rx_net_0\[82] = one[21]
Removing Lhs of wire \UART:Net_739\[86] = zero[17]
Removing Lhs of wire \UART:Net_747\[87] = zero[17]
Removing Lhs of wire \PWM_1:Net_68\[116] = Net_823[112]
Removing Rhs of wire \PWM_1:PWMUDB:hwEnable\[117] = \PWM_1:PWMUDB:ctrl_enable\[130]
Removing Rhs of wire \PWM_1:PWMUDB:hwEnable\[117] = \PWM_1:PWMUDB:control_7\[122]
Removing Lhs of wire \PWM_1:Net_180\[138] = zero[17]
Removing Lhs of wire \PWM_1:PWMUDB:hwCapture\[141] = zero[17]
Removing Lhs of wire \PWM_1:Net_178\[143] = zero[17]
Removing Lhs of wire \PWM_1:PWMUDB:trig_out\[146] = one[21]
Removing Lhs of wire \PWM_1:PWMUDB:runmode_enable\\R\[148] = zero[17]
Removing Lhs of wire \PWM_1:Net_186\[149] = zero[17]
Removing Lhs of wire \PWM_1:PWMUDB:runmode_enable\\S\[150] = zero[17]
Removing Lhs of wire \PWM_1:PWMUDB:final_enable\[151] = \PWM_1:PWMUDB:runmode_enable\[147]
Removing Lhs of wire \PWM_1:Net_179\[154] = one[21]
Removing Lhs of wire \PWM_1:PWMUDB:ltch_kill_reg\\R\[156] = zero[17]
Removing Lhs of wire \PWM_1:PWMUDB:ltch_kill_reg\\S\[157] = zero[17]
Removing Lhs of wire \PWM_1:PWMUDB:km_tc\[158] = zero[17]
Removing Lhs of wire \PWM_1:PWMUDB:min_kill_reg\\R\[159] = zero[17]
Removing Lhs of wire \PWM_1:PWMUDB:min_kill_reg\\S\[160] = zero[17]
Removing Lhs of wire \PWM_1:PWMUDB:final_kill\[163] = one[21]
Removing Lhs of wire \PWM_1:PWMUDB:add_vi_vv_MODGEN_1_1\[166] = \PWM_1:PWMUDB:MODULE_1:g2:a0:s_1\[453]
Removing Lhs of wire \PWM_1:PWMUDB:add_vi_vv_MODGEN_1_0\[168] = \PWM_1:PWMUDB:MODULE_1:g2:a0:s_0\[454]
Removing Lhs of wire \PWM_1:PWMUDB:dith_count_1\\R\[169] = zero[17]
Removing Lhs of wire \PWM_1:PWMUDB:dith_count_1\\S\[170] = zero[17]
Removing Lhs of wire \PWM_1:PWMUDB:dith_count_0\\R\[171] = zero[17]
Removing Lhs of wire \PWM_1:PWMUDB:dith_count_0\\S\[172] = zero[17]
Removing Lhs of wire \PWM_1:PWMUDB:status_6\[175] = zero[17]
Removing Rhs of wire \PWM_1:PWMUDB:status_5\[176] = \PWM_1:PWMUDB:final_kill_reg\[190]
Removing Lhs of wire \PWM_1:PWMUDB:status_4\[177] = zero[17]
Removing Rhs of wire \PWM_1:PWMUDB:status_3\[178] = \PWM_1:PWMUDB:fifo_full\[197]
Removing Rhs of wire \PWM_1:PWMUDB:status_1\[180] = \PWM_1:PWMUDB:cmp2_status_reg\[189]
Removing Rhs of wire \PWM_1:PWMUDB:status_0\[181] = \PWM_1:PWMUDB:cmp1_status_reg\[188]
Removing Lhs of wire \PWM_1:PWMUDB:cmp2_status\[186] = zero[17]
Removing Lhs of wire \PWM_1:PWMUDB:cmp2\[187] = zero[17]
Removing Lhs of wire \PWM_1:PWMUDB:cmp1_status_reg\\R\[191] = zero[17]
Removing Lhs of wire \PWM_1:PWMUDB:cmp1_status_reg\\S\[192] = zero[17]
Removing Lhs of wire \PWM_1:PWMUDB:cmp2_status_reg\\R\[193] = zero[17]
Removing Lhs of wire \PWM_1:PWMUDB:cmp2_status_reg\\S\[194] = zero[17]
Removing Lhs of wire \PWM_1:PWMUDB:final_kill_reg\\R\[195] = zero[17]
Removing Lhs of wire \PWM_1:PWMUDB:final_kill_reg\\S\[196] = zero[17]
Removing Lhs of wire \PWM_1:PWMUDB:cs_addr_2\[198] = \PWM_1:PWMUDB:tc_i\[153]
Removing Lhs of wire \PWM_1:PWMUDB:cs_addr_1\[199] = \PWM_1:PWMUDB:runmode_enable\[147]
Removing Lhs of wire \PWM_1:PWMUDB:cs_addr_0\[200] = zero[17]
Removing Lhs of wire \PWM_1:PWMUDB:compare1\[281] = \PWM_1:PWMUDB:cmp1_less\[252]
Removing Lhs of wire \PWM_1:PWMUDB:pwm1_i\[286] = zero[17]
Removing Lhs of wire \PWM_1:PWMUDB:pwm2_i\[288] = zero[17]
Removing Lhs of wire \PWM_1:PWMUDB:pwm_temp\[294] = \PWM_1:PWMUDB:cmp1\[184]
Removing Lhs of wire \PWM_1:PWMUDB:MODULE_1:g2:a0:a_23\[335] = zero[17]
Removing Lhs of wire \PWM_1:PWMUDB:MODULE_1:g2:a0:a_22\[336] = zero[17]
Removing Lhs of wire \PWM_1:PWMUDB:MODULE_1:g2:a0:a_21\[337] = zero[17]
Removing Lhs of wire \PWM_1:PWMUDB:MODULE_1:g2:a0:a_20\[338] = zero[17]
Removing Lhs of wire \PWM_1:PWMUDB:MODULE_1:g2:a0:a_19\[339] = zero[17]
Removing Lhs of wire \PWM_1:PWMUDB:MODULE_1:g2:a0:a_18\[340] = zero[17]
Removing Lhs of wire \PWM_1:PWMUDB:MODULE_1:g2:a0:a_17\[341] = zero[17]
Removing Lhs of wire \PWM_1:PWMUDB:MODULE_1:g2:a0:a_16\[342] = zero[17]
Removing Lhs of wire \PWM_1:PWMUDB:MODULE_1:g2:a0:a_15\[343] = zero[17]
Removing Lhs of wire \PWM_1:PWMUDB:MODULE_1:g2:a0:a_14\[344] = zero[17]
Removing Lhs of wire \PWM_1:PWMUDB:MODULE_1:g2:a0:a_13\[345] = zero[17]
Removing Lhs of wire \PWM_1:PWMUDB:MODULE_1:g2:a0:a_12\[346] = zero[17]
Removing Lhs of wire \PWM_1:PWMUDB:MODULE_1:g2:a0:a_11\[347] = zero[17]
Removing Lhs of wire \PWM_1:PWMUDB:MODULE_1:g2:a0:a_10\[348] = zero[17]
Removing Lhs of wire \PWM_1:PWMUDB:MODULE_1:g2:a0:a_9\[349] = zero[17]
Removing Lhs of wire \PWM_1:PWMUDB:MODULE_1:g2:a0:a_8\[350] = zero[17]
Removing Lhs of wire \PWM_1:PWMUDB:MODULE_1:g2:a0:a_7\[351] = zero[17]
Removing Lhs of wire \PWM_1:PWMUDB:MODULE_1:g2:a0:a_6\[352] = zero[17]
Removing Lhs of wire \PWM_1:PWMUDB:MODULE_1:g2:a0:a_5\[353] = zero[17]
Removing Lhs of wire \PWM_1:PWMUDB:MODULE_1:g2:a0:a_4\[354] = zero[17]
Removing Lhs of wire \PWM_1:PWMUDB:MODULE_1:g2:a0:a_3\[355] = zero[17]
Removing Lhs of wire \PWM_1:PWMUDB:MODULE_1:g2:a0:a_2\[356] = zero[17]
Removing Lhs of wire \PWM_1:PWMUDB:MODULE_1:g2:a0:a_1\[357] = \PWM_1:PWMUDB:MODIN1_1\[358]
Removing Lhs of wire \PWM_1:PWMUDB:MODIN1_1\[358] = \PWM_1:PWMUDB:dith_count_1\[165]
Removing Lhs of wire \PWM_1:PWMUDB:MODULE_1:g2:a0:a_0\[359] = \PWM_1:PWMUDB:MODIN1_0\[360]
Removing Lhs of wire \PWM_1:PWMUDB:MODIN1_0\[360] = \PWM_1:PWMUDB:dith_count_0\[167]
Removing Lhs of wire \PWM_1:PWMUDB:MODULE_1:g2:a0:g1:z1:s0:g1:u0:c_0\[492] = one[21]
Removing Lhs of wire \PWM_1:PWMUDB:MODULE_1:g2:a0:g1:z1:s0:g1:u0:b_0\[493] = one[21]
Removing Lhs of wire tmpOE__GYRO_DR_net_0[500] = one[21]
Removing Lhs of wire tmpOE__Pin_1_net_0[507] = one[21]
Removing Lhs of wire \PWM_1:PWMUDB:prevCapture\\D\[513] = zero[17]
Removing Lhs of wire \PWM_1:PWMUDB:trig_last\\D\[514] = zero[17]
Removing Lhs of wire \PWM_1:PWMUDB:prevCompare1\\D\[520] = \PWM_1:PWMUDB:cmp1\[184]
Removing Lhs of wire \PWM_1:PWMUDB:cmp1_status_reg\\D\[521] = \PWM_1:PWMUDB:cmp1_status\[185]
Removing Lhs of wire \PWM_1:PWMUDB:cmp2_status_reg\\D\[522] = zero[17]
Removing Lhs of wire \PWM_1:PWMUDB:pwm_i_reg\\D\[524] = \PWM_1:PWMUDB:pwm_i\[284]
Removing Lhs of wire \PWM_1:PWMUDB:pwm1_i_reg\\D\[525] = zero[17]
Removing Lhs of wire \PWM_1:PWMUDB:pwm2_i_reg\\D\[526] = zero[17]
Removing Lhs of wire \PWM_1:PWMUDB:tc_i_reg\\D\[527] = \PWM_1:PWMUDB:status_2\[179]

------------------------------------------------------
Aliased 0 equations, 113 wires.
------------------------------------------------------

----------------------------------------------------------
Circuit simplification
----------------------------------------------------------

Substituting virtuals - pass 1:

Note:  Expanding virtual equation for 'one' (cost = 0):
one <=  ('1') ;

Note:  Expanding virtual equation for 'zero' (cost = 0):
zero <=  ('0') ;

Note:  Expanding virtual equation for '\PWM_1:PWMUDB:cmp1\' (cost = 0):
\PWM_1:PWMUDB:cmp1\ <= (\PWM_1:PWMUDB:cmp1_less\);

Note:  Expanding virtual equation for '\PWM_1:PWMUDB:MODULE_1:g2:a0:g1:z1:s0:g1:u0:c_1\' (cost = 0):
\PWM_1:PWMUDB:MODULE_1:g2:a0:g1:z1:s0:g1:u0:c_1\ <= (\PWM_1:PWMUDB:dith_count_0\);

Note:  Expanding virtual equation for '\PWM_1:PWMUDB:MODULE_1:g2:a0:s_0\' (cost = 0):
\PWM_1:PWMUDB:MODULE_1:g2:a0:s_0\ <= (not \PWM_1:PWMUDB:dith_count_0\);

Note:  Expanding virtual equation for '\PWM_1:PWMUDB:MODULE_1:g2:a0:g1:z1:s0:g1:u0:c_17\' (cost = 0):
\PWM_1:PWMUDB:MODULE_1:g2:a0:g1:z1:s0:g1:u0:c_17\ <=  ('0') ;

Note:  Expanding virtual equation for '\PWM_1:PWMUDB:MODULE_1:g2:a0:g1:z1:s0:g1:u0:c_9\' (cost = 0):
\PWM_1:PWMUDB:MODULE_1:g2:a0:g1:z1:s0:g1:u0:c_9\ <=  ('0') ;

Note:  Expanding virtual equation for '\PWM_1:PWMUDB:MODULE_1:g2:a0:g1:z1:s0:g1:u0:c_2\' (cost = 0):
\PWM_1:PWMUDB:MODULE_1:g2:a0:g1:z1:s0:g1:u0:c_2\ <= ((\PWM_1:PWMUDB:dith_count_1\ and \PWM_1:PWMUDB:dith_count_0\));


Substituting virtuals - pass 2:

Note:  Expanding virtual equation for '\PWM_1:PWMUDB:MODULE_1:g2:a0:s_1\' (cost = 2):
\PWM_1:PWMUDB:MODULE_1:g2:a0:s_1\ <= ((not \PWM_1:PWMUDB:dith_count_0\ and \PWM_1:PWMUDB:dith_count_1\)
	OR (not \PWM_1:PWMUDB:dith_count_1\ and \PWM_1:PWMUDB:dith_count_0\));

Note:  Expanding virtual equation for '\PWM_1:PWMUDB:MODULE_1:g2:a0:g1:z1:s0:g1:u0:c_18\' (cost = 0):
\PWM_1:PWMUDB:MODULE_1:g2:a0:g1:z1:s0:g1:u0:c_18\ <=  ('0') ;

Note:  Expanding virtual equation for '\PWM_1:PWMUDB:MODULE_1:g2:a0:g1:z1:s0:g1:u0:c_10\' (cost = 0):
\PWM_1:PWMUDB:MODULE_1:g2:a0:g1:z1:s0:g1:u0:c_10\ <=  ('0') ;

Note:  Expanding virtual equation for '\PWM_1:PWMUDB:MODULE_1:g2:a0:g1:z1:s0:g1:u0:c_3\' (cost = 0):
\PWM_1:PWMUDB:MODULE_1:g2:a0:g1:z1:s0:g1:u0:c_3\ <=  ('0') ;


Substituting virtuals - pass 3:

Note:  Expanding virtual equation for '\PWM_1:PWMUDB:MODULE_1:g2:a0:g1:z1:s0:g1:u0:c_19\' (cost = 0):
\PWM_1:PWMUDB:MODULE_1:g2:a0:g1:z1:s0:g1:u0:c_19\ <=  ('0') ;

Note:  Expanding virtual equation for '\PWM_1:PWMUDB:MODULE_1:g2:a0:g1:z1:s0:g1:u0:c_11\' (cost = 0):
\PWM_1:PWMUDB:MODULE_1:g2:a0:g1:z1:s0:g1:u0:c_11\ <=  ('0') ;

Note:  Expanding virtual equation for '\PWM_1:PWMUDB:MODULE_1:g2:a0:g1:z1:s0:g1:u0:c_4\' (cost = 0):
\PWM_1:PWMUDB:MODULE_1:g2:a0:g1:z1:s0:g1:u0:c_4\ <=  ('0') ;


Substituting virtuals - pass 4:

Note:  Expanding virtual equation for '\PWM_1:PWMUDB:MODULE_1:g2:a0:g1:z1:s0:g1:u0:c_20\' (cost = 0):
\PWM_1:PWMUDB:MODULE_1:g2:a0:g1:z1:s0:g1:u0:c_20\ <=  ('0') ;

Note:  Expanding virtual equation for '\PWM_1:PWMUDB:MODULE_1:g2:a0:g1:z1:s0:g1:u0:c_12\' (cost = 0):
\PWM_1:PWMUDB:MODULE_1:g2:a0:g1:z1:s0:g1:u0:c_12\ <=  ('0') ;

Note:  Expanding virtual equation for '\PWM_1:PWMUDB:MODULE_1:g2:a0:g1:z1:s0:g1:u0:c_5\' (cost = 0):
\PWM_1:PWMUDB:MODULE_1:g2:a0:g1:z1:s0:g1:u0:c_5\ <=  ('0') ;


Substituting virtuals - pass 5:

Note:  Expanding virtual equation for '\PWM_1:PWMUDB:MODULE_1:g2:a0:g1:z1:s0:g1:u0:c_21\' (cost = 0):
\PWM_1:PWMUDB:MODULE_1:g2:a0:g1:z1:s0:g1:u0:c_21\ <=  ('0') ;

Note:  Expanding virtual equation for '\PWM_1:PWMUDB:MODULE_1:g2:a0:g1:z1:s0:g1:u0:c_13\' (cost = 0):
\PWM_1:PWMUDB:MODULE_1:g2:a0:g1:z1:s0:g1:u0:c_13\ <=  ('0') ;

Note:  Expanding virtual equation for '\PWM_1:PWMUDB:MODULE_1:g2:a0:g1:z1:s0:g1:u0:c_6\' (cost = 0):
\PWM_1:PWMUDB:MODULE_1:g2:a0:g1:z1:s0:g1:u0:c_6\ <=  ('0') ;


Substituting virtuals - pass 6:

Note:  Expanding virtual equation for '\PWM_1:PWMUDB:MODULE_1:g2:a0:g1:z1:s0:g1:u0:c_22\' (cost = 0):
\PWM_1:PWMUDB:MODULE_1:g2:a0:g1:z1:s0:g1:u0:c_22\ <=  ('0') ;

Note:  Expanding virtual equation for '\PWM_1:PWMUDB:MODULE_1:g2:a0:g1:z1:s0:g1:u0:c_14\' (cost = 0):
\PWM_1:PWMUDB:MODULE_1:g2:a0:g1:z1:s0:g1:u0:c_14\ <=  ('0') ;

Note:  Expanding virtual equation for '\PWM_1:PWMUDB:MODULE_1:g2:a0:g1:z1:s0:g1:u0:c_7\' (cost = 0):
\PWM_1:PWMUDB:MODULE_1:g2:a0:g1:z1:s0:g1:u0:c_7\ <=  ('0') ;


Substituting virtuals - pass 7:

Note:  Expanding virtual equation for '\PWM_1:PWMUDB:MODULE_1:g2:a0:g1:z1:s0:g1:u0:c_23\' (cost = 0):
\PWM_1:PWMUDB:MODULE_1:g2:a0:g1:z1:s0:g1:u0:c_23\ <=  ('0') ;

Note:  Expanding virtual equation for '\PWM_1:PWMUDB:MODULE_1:g2:a0:g1:z1:s0:g1:u0:c_15\' (cost = 0):
\PWM_1:PWMUDB:MODULE_1:g2:a0:g1:z1:s0:g1:u0:c_15\ <=  ('0') ;


Substituting virtuals - pass 8:


----------------------------------------------------------
Circuit simplification results:

	Expanded 26 signals.
	Turned 0 signals into soft nodes.
	Maximum default expansion cost was set at 3.
----------------------------------------------------------

------------------------------------------------------
Alias Detection
------------------------------------------------------
Aliasing \PWM_1:PWMUDB:final_capture\ to zero
Aliasing \PWM_1:PWMUDB:MODULE_1:g2:a0:g1:z1:s0:g1:u0:b_24\ to zero
Aliasing \PWM_1:PWMUDB:MODULE_1:g2:a0:g1:z1:s0:g1:u0:b_16\ to zero
Aliasing \PWM_1:PWMUDB:MODULE_1:g2:a0:g1:z1:s0:g1:u0:b_8\ to zero
Aliasing \PWM_1:PWMUDB:min_kill_reg\\D\ to one
Aliasing \PWM_1:PWMUDB:ltch_kill_reg\\D\ to one
Aliasing \PWM_1:PWMUDB:final_kill_reg\\D\ to zero
Removing Lhs of wire \PWM_1:PWMUDB:final_capture\[202] = zero[17]
Removing Lhs of wire \PWM_1:PWMUDB:MODULE_1:g2:a0:g1:z1:s0:g1:u0:b_24\[463] = zero[17]
Removing Lhs of wire \PWM_1:PWMUDB:MODULE_1:g2:a0:g1:z1:s0:g1:u0:b_16\[473] = zero[17]
Removing Lhs of wire \PWM_1:PWMUDB:MODULE_1:g2:a0:g1:z1:s0:g1:u0:b_8\[483] = zero[17]
Removing Lhs of wire \PWM_1:PWMUDB:min_kill_reg\\D\[512] = one[21]
Removing Lhs of wire \PWM_1:PWMUDB:runmode_enable\\D\[515] = \PWM_1:PWMUDB:hwEnable\[117]
Removing Lhs of wire \PWM_1:PWMUDB:ltch_kill_reg\\D\[517] = one[21]
Removing Lhs of wire \PWM_1:PWMUDB:final_kill_reg\\D\[523] = zero[17]

------------------------------------------------------
Aliased 0 equations, 8 wires.
------------------------------------------------------

----------------------------------------------------------
Circuit simplification
----------------------------------------------------------

Eliminating unused logic - pass 1:


Eliminating unused logic - pass 2:


Substituting virtuals - pass 1:


----------------------------------------------------------
Circuit simplification results:

	Expanded 0 signals.
	Turned 0 signals into soft nodes.
	Maximum default expansion cost was set at 3.
----------------------------------------------------------

topld:  No errors.

CYPRESS_DIR    : C:\Program Files (x86)\Cypress\PSoC Creator\3.1\PSoC Creator\warp
Warp Program   : C:\Program Files (x86)\Cypress\PSoC Creator\3.1\PSoC Creator\warp\bin/warp.exe
Warp Arguments : -yv2 -q10 -ygs -o2 -v3 -.fftcfgtype=LE -ya "-.fftprj=C:\Users\Felix\Git Repository\E4PRJ4\Implementering\Vuggesystem\Vinkelsensor.cydsn\Vinkelsensor.cyprj" -dcpsoc3 Vinkelsensor.v -verilog
</CYPRESSTAG>
Warp synthesis phase: Elapsed time ==> 5s.946ms
<CYPRESSTAG name="Fitter results...">
<CYPRESSTAG name="Fitter startup details...">
cyp3fit: V3.1.0.2177, Family: PSoC3, Started at: Saturday, 04 April 2015 20:50:07
Options: -yv2 -q10 -ygs -o2 -v3 -.fftcfgtype=LE -ya -.fftprj=C:\Users\Felix\Git Repository\E4PRJ4\Implementering\Vuggesystem\Vinkelsensor.cydsn\Vinkelsensor.cyprj -d CY8C4245AXI-483 Vinkelsensor.v -verilog
</CYPRESSTAG>
<CYPRESSTAG name="Design parsing">
Design parsing phase: Elapsed time ==> 0s.040ms
</CYPRESSTAG>
<CYPRESSTAG name="Tech mapping">
<CYPRESSTAG name="Initial Mapping" icon="FILE_RPT_TECHM">
    Removed wire end \PWM_1:PWMUDB:MODULE_1:g2:a0:g1:z1:s0:g1:u0:c_16\ kept zero
    Removed wire end \PWM_1:PWMUDB:MODULE_1:g2:a0:g1:z1:s0:g1:u0:c_24\ kept zero
    Removed wire end \PWM_1:PWMUDB:MODULE_1:g2:a0:g1:z1:s0:g1:u0:c_8\ kept zero
    Converted constant MacroCell: \PWM_1:PWMUDB:status_1\ from registered to combinatorial
    Converted constant MacroCell: \PWM_1:PWMUDB:status_5\ from registered to combinatorial
    Converted constant MacroCell: \PWM_1:PWMUDB:prevCapture\ from registered to combinatorial
    Converted constant MacroCell: \PWM_1:PWMUDB:pwm1_i_reg\ from registered to combinatorial
    Converted constant MacroCell: \PWM_1:PWMUDB:pwm2_i_reg\ from registered to combinatorial
    Converted constant MacroCell: \PWM_1:PWMUDB:trig_last\ from registered to combinatorial

Removing unused cells resulting from optimization
Done removing unused cells.
<CYPRESSTAG name="Global Clock Selection" icon="FILE_RPT_TECHM">
    Digital Clock 0: Automatic-assigning  clock 'Clock_1'. Fanout=2, Signal=Net_823_digital
    Fixed Function Clock 2: Automatic-assigning  clock 'I2C_SCBCLK'. Signal=\I2C:Net_847_ff2\
    Fixed Function Clock 3: Automatic-assigning  clock 'UART_SCBCLK'. Signal=\UART:Net_847_ff3\
<CYPRESSTAG name="UDB Clock/Enable Remapping Results">
    UDB Clk/Enable \PWM_1:PWMUDB:clock_enable_block\: with output requested to be synchronous
        ClockIn: ClockGenBlock:m0s8clockgenblockcell.gen_clk_out_0 was determined to be a global clock that is synchronous to HFCLK
        EnableIn: \PWM_1:PWMUDB:genblk1:ctrlreg\:controlcell.control_7 was determined to be synchronous to ClockIn
        ClockOut: ClockGenBlock:m0s8clockgenblockcell.gen_clk_out_0, EnableOut: \PWM_1:PWMUDB:genblk1:ctrlreg\:controlcell.control_7
    UDB Clk/Enable \PWM_1:PWMUDB:ctrl_enable_block\: with output requested to be synchronous
        ClockIn: ClockGenBlock:m0s8clockgenblockcell.gen_clk_out_0 was determined to be a global clock that is synchronous to HFCLK
        EnableIn: Constant 1 was determined to be synchronous to ClockIn
        ClockOut: ClockGenBlock:m0s8clockgenblockcell.gen_clk_out_0, EnableOut: Constant 1
</CYPRESSTAG>
</CYPRESSTAG>

Removing unused cells resulting from optimization
Done removing unused cells.
<CYPRESSTAG name="Duplicate Macrocell detection">
</CYPRESSTAG>
</CYPRESSTAG>
<CYPRESSTAG name="Duplicate Macrocell detection">

Removing unused cells resulting from optimization
Done removing unused cells.
</CYPRESSTAG>
<CYPRESSTAG name="Design Equations" icon="FILE_RPT_EQUATION">

------------------------------------------------------------
Design Equations
------------------------------------------------------------
    <CYPRESSTAG name="Pin listing">

    ------------------------------------------------------------
    Pin listing
    ------------------------------------------------------------

    Pin : Name = GYRO_DR(0)
        Attributes:
            In Group/Port: True
            In Sync Option: NOSYNC
            Out Sync Option: AUTO
            Interrupt generated: True
            Interrupt mode: RISING
            Drive mode: HI_Z_DIGITAL
            VTrip: CMOS
            Slew: FAST
            Input Sync needed: False
            Output Sync needed: False
            SC shield enabled: False
            POR State: ANY
            LCD Mode: COMMON
            Register Mode: RegComb
            CaSense Mode: NEITHER
            Treat as pin: False
            Is OE Registered: False
            Uses Analog: False
            Can contain Digital: True
            Is SIO: False
            SIO Output Buf: NONREGULATED
            SIO Input Buf: SINGLE_ENDED
            SIO HiFreq: LOW
            SIO Hyst: DISABLED
            SIO Vtrip: MULTIPLIER_0_5
            SIO RefSel: VCC_IO
            Required Capabilitites: DIGITAL, PORT_INTERRUPT
            Initial Value: 0
            IO Voltage: 0
        PORT MAP (
            pa_out => GYRO_DR(0)__PA ,
            pad => GYRO_DR(0)_PAD );
        Properties:
        {
        }

    Pin : Name = Pin_1(0)
        Attributes:
            In Group/Port: True
            In Sync Option: AUTO
            Out Sync Option: NOSYNC
            Interrupt generated: False
            Interrupt mode: NONE
            Drive mode: OPEN_DRAIN_LO
            VTrip: EITHER
            Slew: FAST
            Input Sync needed: False
            Output Sync needed: False
            SC shield enabled: False
            POR State: ANY
            LCD Mode: COMMON
            Register Mode: RegComb
            CaSense Mode: NEITHER
            Treat as pin: True
            Is OE Registered: False
            Uses Analog: False
            Can contain Digital: True
            Is SIO: False
            SIO Output Buf: NONREGULATED
            SIO Input Buf: SINGLE_ENDED
            SIO HiFreq: LOW
            SIO Hyst: DISABLED
            SIO Vtrip: MULTIPLIER_0_5
            SIO RefSel: VCC_IO
            Required Capabilitites: DIGITAL
            Initial Value: 0
            IO Voltage: 0
        PORT MAP (
            pa_out => Pin_1(0)__PA ,
            pad => Pin_1(0)_PAD );
        Properties:
        {
        }

    Pin : Name = \I2C:scl(0)\
        Attributes:
            In Group/Port: True
            In Sync Option: NOSYNC
            Out Sync Option: NOSYNC
            Interrupt generated: False
            Interrupt mode: NONE
            Drive mode: OPEN_DRAIN_LO
            VTrip: CMOS
            Slew: FAST
            Input Sync needed: False
            Output Sync needed: False
            SC shield enabled: False
            POR State: ANY
            LCD Mode: COMMON
            Register Mode: RegComb
            CaSense Mode: NEITHER
            Treat as pin: True
            Is OE Registered: False
            Uses Analog: False
            Can contain Digital: True
            Is SIO: False
            SIO Output Buf: NONREGULATED
            SIO Input Buf: SINGLE_ENDED
            SIO HiFreq: LOW
            SIO Hyst: DISABLED
            SIO Vtrip: MULTIPLIER_0_5
            SIO RefSel: VCC_IO
            Required Capabilitites: DIGITAL, I2CWKUP_SCL
            Initial Value: 1
            IO Voltage: 0
        PORT MAP (
            pa_out => \I2C:scl(0)\__PA ,
            fb => \I2C:Net_580\ ,
            pad => \I2C:scl(0)_PAD\ );
        Properties:
        {
        }

    Pin : Name = \I2C:sda(0)\
        Attributes:
            In Group/Port: True
            In Sync Option: NOSYNC
            Out Sync Option: NOSYNC
            Interrupt generated: False
            Interrupt mode: NONE
            Drive mode: OPEN_DRAIN_LO
            VTrip: CMOS
            Slew: FAST
            Input Sync needed: False
            Output Sync needed: False
            SC shield enabled: False
            POR State: ANY
            LCD Mode: COMMON
            Register Mode: RegComb
            CaSense Mode: NEITHER
            Treat as pin: True
            Is OE Registered: False
            Uses Analog: False
            Can contain Digital: True
            Is SIO: False
            SIO Output Buf: NONREGULATED
            SIO Input Buf: SINGLE_ENDED
            SIO HiFreq: LOW
            SIO Hyst: DISABLED
            SIO Vtrip: MULTIPLIER_0_5
            SIO RefSel: VCC_IO
            Required Capabilitites: DIGITAL, I2CWKUP_SDA
            Initial Value: 1
            IO Voltage: 0
        PORT MAP (
            pa_out => \I2C:sda(0)\__PA ,
            fb => \I2C:Net_581\ ,
            pad => \I2C:sda(0)_PAD\ );
        Properties:
        {
        }

    Pin : Name = \UART:rx(0)\
        Attributes:
            In Group/Port: True
            In Sync Option: NOSYNC
            Out Sync Option: AUTO
            Interrupt generated: False
            Interrupt mode: NONE
            Drive mode: HI_Z_DIGITAL
            VTrip: CMOS
            Slew: FAST
            Input Sync needed: False
            Output Sync needed: False
            SC shield enabled: False
            POR State: ANY
            LCD Mode: COMMON
            Register Mode: RegComb
            CaSense Mode: NEITHER
            Treat as pin: True
            Is OE Registered: False
            Uses Analog: False
            Can contain Digital: True
            Is SIO: False
            SIO Output Buf: NONREGULATED
            SIO Input Buf: SINGLE_ENDED
            SIO HiFreq: LOW
            SIO Hyst: DISABLED
            SIO Vtrip: MULTIPLIER_0_5
            SIO RefSel: VCC_IO
            Required Capabilitites: DIGITAL, SCB_UART_RX
            Initial Value: 0
            IO Voltage: 0
        PORT MAP (
            pa_out => \UART:rx(0)\__PA ,
            fb => \UART:Net_654\ ,
            pad => \UART:rx(0)_PAD\ );
        Properties:
        {
        }

    Pin : Name = \UART:tx(0)\
        Attributes:
            In Group/Port: True
            In Sync Option: NOSYNC
            Out Sync Option: NOSYNC
            Interrupt generated: False
            Interrupt mode: NONE
            Drive mode: CMOS_OUT
            VTrip: CMOS
            Slew: FAST
            Input Sync needed: False
            Output Sync needed: False
            SC shield enabled: False
            POR State: ANY
            LCD Mode: COMMON
            Register Mode: RegComb
            CaSense Mode: NEITHER
            Treat as pin: True
            Is OE Registered: False
            Uses Analog: False
            Can contain Digital: True
            Is SIO: False
            SIO Output Buf: NONREGULATED
            SIO Input Buf: SINGLE_ENDED
            SIO HiFreq: LOW
            SIO Hyst: DISABLED
            SIO Vtrip: MULTIPLIER_0_5
            SIO RefSel: VCC_IO
            Required Capabilitites: DIGITAL, SCB_UART_TX
            Initial Value: 1
            IO Voltage: 0
        PORT MAP (
            pa_out => \UART:tx(0)\__PA ,
            input => \UART:Net_656\ ,
            pad => \UART:tx(0)_PAD\ );
        Properties:
        {
        }
    </CYPRESSTAG>
    <CYPRESSTAG name="Macrocell listing" icon="FILE_RPT_EQUATION">

    ------------------------------------------------------------
    Macrocell listing
    ------------------------------------------------------------

    MacroCell: Name=\PWM_1:PWMUDB:prevCompare1\, Mode=(D-Register)
        Total # of inputs        : 1
        Total # of product terms : 1
        List of special equations: 
            Clock  = (Net_823_digital) => Global
            Clock Enable: PosEdge(\PWM_1:PWMUDB:hwEnable\)
        Main Equation            : 1 pterm
        (
              \PWM_1:PWMUDB:cmp1_less\
        );
        Output = \PWM_1:PWMUDB:prevCompare1\ (fanout=1)

    MacroCell: Name=\PWM_1:PWMUDB:runmode_enable\, Mode=(D-Register)
        Total # of inputs        : 1
        Total # of product terms : 1
        List of special equations: 
            Clock  = (Net_823_digital) => Global
            Clock Enable: PosEdge(\PWM_1:PWMUDB:hwEnable\)
        Main Equation            : 1 pterm
        (
              \PWM_1:PWMUDB:hwEnable\
        );
        Output = \PWM_1:PWMUDB:runmode_enable\ (fanout=3)

    MacroCell: Name=\PWM_1:PWMUDB:status_0\, Mode=(D-Register)
        Total # of inputs        : 2
        Total # of product terms : 1
        List of special equations: 
            Clock  = (Net_823_digital) => Global
            Clock Enable: PosEdge(\PWM_1:PWMUDB:hwEnable\)
        Main Equation            : 1 pterm
        (
              !\PWM_1:PWMUDB:prevCompare1\ * \PWM_1:PWMUDB:cmp1_less\
        );
        Output = \PWM_1:PWMUDB:status_0\ (fanout=1)

    MacroCell: Name=\PWM_1:PWMUDB:status_2\, Mode=(Combinatorial)
        Total # of inputs        : 2
        Total # of product terms : 1
            Clock Enable: True
        Main Equation            : 1 pterm
        (
              \PWM_1:PWMUDB:runmode_enable\ * \PWM_1:PWMUDB:tc_i\
        );
        Output = \PWM_1:PWMUDB:status_2\ (fanout=1)
    </CYPRESSTAG>
    <CYPRESSTAG name="Datapath listing">

    ------------------------------------------------------------
    Datapath listing
    ------------------------------------------------------------

    datapathcell: Name =\PWM_1:PWMUDB:sP16:pwmdp:u0\
        PORT MAP (
            clock => Net_823_digital ,
            cs_addr_2 => \PWM_1:PWMUDB:tc_i\ ,
            cs_addr_1 => \PWM_1:PWMUDB:runmode_enable\ ,
            chain_out => \PWM_1:PWMUDB:sP16:pwmdp:carry\ ,
            clk_en => \PWM_1:PWMUDB:hwEnable\ );
        Properties:
        {
            a0_init = "00000000"
            a1_init = "00000000"
            ce0_sync = 1
            ce1_sync = 1
            cl0_sync = 1
            cl1_sync = 1
            cmsb_sync = 1
            co_msb_sync = 1
            cy_dpconfig = "0000000001000000000000001100000001000000010000000000000011000000000000001100000000000000110000000000000011000000000000001100000011111111000000001111111111111111101000000000000000000100000000000000000000011000"
            d0_init = "00000000"
            d1_init = "00000000"
            f0_blk_sync = 1
            f0_bus_sync = 1
            f1_blk_sync = 1
            f1_bus_sync = 1
            ff0_sync = 1
            ff1_sync = 1
            ov_msb_sync = 1
            so_sync = 1
            z0_sync = 1
            z1_sync = 1
        }
        Clock Polarity: Active High
        Clock Enable: PosEdge(\PWM_1:PWMUDB:hwEnable\)
        Next in chain : \PWM_1:PWMUDB:sP16:pwmdp:u1\

    datapathcell: Name =\PWM_1:PWMUDB:sP16:pwmdp:u1\
        PORT MAP (
            clock => Net_823_digital ,
            cs_addr_2 => \PWM_1:PWMUDB:tc_i\ ,
            cs_addr_1 => \PWM_1:PWMUDB:runmode_enable\ ,
            cl0_comb => \PWM_1:PWMUDB:cmp1_less\ ,
            z0_comb => \PWM_1:PWMUDB:tc_i\ ,
            f1_blk_stat_comb => \PWM_1:PWMUDB:status_3\ ,
            chain_in => \PWM_1:PWMUDB:sP16:pwmdp:carry\ ,
            clk_en => \PWM_1:PWMUDB:hwEnable\ );
        Properties:
        {
            a0_init = "00000000"
            a1_init = "00000000"
            ce0_sync = 1
            ce1_sync = 1
            cl0_sync = 1
            cl1_sync = 1
            cmsb_sync = 1
            co_msb_sync = 1
            cy_dpconfig = "0000000001000000000000001100000001000000010000000000000011000000000000001100000000000000110000000000000011000000000000001100000011111111000000001111111111111111101011110000000000000100000011110000000000011000"
            d0_init = "00000000"
            d1_init = "00000000"
            f0_blk_sync = 1
            f0_bus_sync = 1
            f1_blk_sync = 1
            f1_bus_sync = 1
            ff0_sync = 1
            ff1_sync = 1
            ov_msb_sync = 1
            so_sync = 1
            z0_sync = 1
            z1_sync = 1
        }
        Clock Polarity: Active High
        Clock Enable: PosEdge(\PWM_1:PWMUDB:hwEnable\)
        Previous in chain : \PWM_1:PWMUDB:sP16:pwmdp:u0\
    </CYPRESSTAG>
    <CYPRESSTAG name="Status register listing">
    </CYPRESSTAG>
    <CYPRESSTAG name="StatusI register listing">

    ------------------------------------------------------------
    StatusI register listing
    ------------------------------------------------------------

    statusicell: Name =\PWM_1:PWMUDB:genblk8:stsreg\
        PORT MAP (
            clock => Net_823_digital ,
            status_3 => \PWM_1:PWMUDB:status_3\ ,
            status_2 => \PWM_1:PWMUDB:status_2\ ,
            status_0 => \PWM_1:PWMUDB:status_0\ ,
            clk_en => \PWM_1:PWMUDB:hwEnable\ );
        Properties:
        {
            cy_force_order = 1
            cy_int_mask = "1111111"
            cy_md_select = "0100111"
        }
        Clock Polarity: Active High
        Clock Enable: PosEdge(\PWM_1:PWMUDB:hwEnable\)
    </CYPRESSTAG>
    <CYPRESSTAG name="Sync listing">
    </CYPRESSTAG>
    <CYPRESSTAG name="Control register listing">

    ------------------------------------------------------------
    Control register listing
    ------------------------------------------------------------

    controlcell: Name =\PWM_1:PWMUDB:genblk1:ctrlreg\
        PORT MAP (
            clock => Net_823_digital ,
            control_7 => \PWM_1:PWMUDB:hwEnable\ ,
            control_6 => \PWM_1:PWMUDB:control_6\ ,
            control_5 => \PWM_1:PWMUDB:control_5\ ,
            control_4 => \PWM_1:PWMUDB:control_4\ ,
            control_3 => \PWM_1:PWMUDB:control_3\ ,
            control_2 => \PWM_1:PWMUDB:control_2\ ,
            control_1 => \PWM_1:PWMUDB:control_1\ ,
            control_0 => \PWM_1:PWMUDB:control_0\ );
        Properties:
        {
            cy_ctrl_mode_0 = "11111111"
            cy_ctrl_mode_1 = "00000000"
            cy_ext_reset = 0
            cy_force_order = 1
            cy_init_value = "00000000"
        }
        Clock Polarity: Active High
        Clock Enable: True
    </CYPRESSTAG>
    <CYPRESSTAG name="Count7 listing">
    </CYPRESSTAG>
    <CYPRESSTAG name="DRQ listing">
    </CYPRESSTAG>
    <CYPRESSTAG name="Interrupt listing">

    ------------------------------------------------------------
    Interrupt listing
    ------------------------------------------------------------

    interrupt: Name =GYRO_DR_INT
        PORT MAP (
            interrupt => Net_654 );
        Properties:
        {
            int_type = "10"
        }

    interrupt: Name =\I2C:SCB_IRQ\
        PORT MAP (
            interrupt => Net_646 );
        Properties:
        {
            int_type = "10"
        }
    </CYPRESSTAG>
</CYPRESSTAG>
<CYPRESSTAG name="Technology mapping summary" expanded>

------------------------------------------------------------
Technology mapping summary
------------------------------------------------------------

Resource Type                 : Used : Free :  Max :  % Used
============================================================
Digital clock dividers        :    1 :    3 :    4 :  25.00%
Pins                          :    8 :   28 :   36 :  22.22%
UDB Macrocells                :    4 :   28 :   32 :  12.50%
UDB Unique Pterms             :    4 :   60 :   64 :   6.25%
UDB Total Pterms              :    4 :      :      : 
UDB Datapath Cells            :    2 :    2 :    4 :  50.00%
UDB Status Cells              :    1 :    3 :    4 :  25.00%
            StatusI Registers :    1 
UDB Control Cells             :    1 :    3 :    4 :  25.00%
            Control Registers :    1 
Interrupts                    :    2 :   30 :   32 :   6.25%
Comparator/Opamp Fixed Blocks :    0 :    2 :    2 :   0.00%
SAR Fixed Blocks              :    0 :    1 :    1 :   0.00%
CSD Fixed Blocks              :    0 :    1 :    1 :   0.00%
CapSense Blocks               :    0 :    1 :    1 :   0.00%
8-bit CapSense IDACs          :    0 :    1 :    1 :   0.00%
7-bit CapSense IDACs          :    0 :    1 :    1 :   0.00%
Temperature Sensors           :    0 :    1 :    1 :   0.00%
Low Power Comparators         :    0 :    2 :    2 :   0.00%
TCPWM Blocks                  :    0 :    4 :    4 :   0.00%
Serial Communication Blocks   :    2 :    0 :    2 : 100.00%
Segment LCD Blocks            :    0 :    1 :    1 :   0.00%
</CYPRESSTAG>
Technology Mapping: Elapsed time ==> 1s.700ms
Tech mapping phase: Elapsed time ==> 1s.860ms
</CYPRESSTAG>
<CYPRESSTAG name="Analog Placement">
<CYPRESSTAG name="Analog Placement">
Elapsed time ==> 0.0307466s
</CYPRESSTAG>
Analog Placement phase: Elapsed time ==> 0s.119ms
</CYPRESSTAG>
<CYPRESSTAG name="Analog Routing">
<CYPRESSTAG name="Analog Routing">
Route success=True, Iterations=1 Elapsed=0.0039136 secs
</CYPRESSTAG>
Analog Routing phase: Elapsed time ==> 0s.039ms
</CYPRESSTAG>
<CYPRESSTAG name="Analog Code Generation">
============ Analog Final Answer Routes ============
Dump of CyAnalogRoutingResultsDB
Map of net to items {
}
Map of item to net {
}
Mux Info {
}
Analog Code Generation phase: Elapsed time ==> 0s.660ms
</CYPRESSTAG>
<CYPRESSTAG name="Digital Placement">
<CYPRESSTAG name="Detailed placement messages">
I2076: Total run-time: 0.9 sec.

</CYPRESSTAG>
<CYPRESSTAG name="PLD Packing">
<CYPRESSTAG name="PLD Packing Summary" expanded>

------------------------------------------------------------
PLD Packing Summary
------------------------------------------------------------
            Resource Type : Used : Free :  Max :  % Used
    ====================================================
                     PLDs :    3 :    5 :    8 :  37.50%

<CYPRESSTAG name="PLD Statistics">

        PLD Resource Type :     Average/LAB
    =======================================
                   Inputs :            1.67
                   Pterms :            1.33
               Macrocells :            1.33
</CYPRESSTAG>
<CYPRESSTAG name="Packed PLD Contents">
Packed PLD Contents not displayed at this verbose level.</CYPRESSTAG>
</CYPRESSTAG>
PLD Packing: Elapsed time ==> 0s.009ms
</CYPRESSTAG>
<CYPRESSTAG name="Partitioning">
<CYPRESSTAG name="Initial Partitioning Summary">
Initial Partitioning Summary not displayed at this verbose level.</CYPRESSTAG>
<CYPRESSTAG name="Final Partitioning Summary">
Final Partitioning Summary not displayed at this verbose level.</CYPRESSTAG>
Partitioning: Elapsed time ==> 0s.070ms
</CYPRESSTAG>
<CYPRESSTAG name="Simulated Annealing">
Annealing: Elapsed time ==> 0s.009ms
<CYPRESSTAG name="Simulated Annealing Results">
The seed used for moves was 114161200.
Inital cost was 34, final cost is 34 (0.00% improvement).</CYPRESSTAG>
</CYPRESSTAG>
<CYPRESSTAG name="Final Placement Summary">

------------------------------------------------------------
Final Placement Summary
------------------------------------------------------------

       Resource Type :      Count : Avg Inputs : Avg Outputs
    ========================================================
                 UDB :          2 :       2.50 :       2.00
<CYPRESSTAG name="Final Placement Details">
<CYPRESSTAG name="Component Details">

------------------------------------------------------------
Component Placement Details
------------------------------------------------------------
UDB [UDB=(0,0)] contents:
LAB@[UDB=(0,0)][LB=0] #macrocells=1, #inputs=2, #pterms=1
{
    [McSlotId=0]:     MacroCell: Name=\PWM_1:PWMUDB:status_2\, Mode=(Combinatorial) @ [UDB=(0,0)][LB=0][MC=0]
        Total # of inputs        : 2
        Total # of product terms : 1
            Clock Enable: True
        Main Equation            : 1 pterm
        (
              \PWM_1:PWMUDB:runmode_enable\ * \PWM_1:PWMUDB:tc_i\
        );
        Output = \PWM_1:PWMUDB:status_2\ (fanout=1)
        Properties               : 
        {
        }

    [McSlotId=1]: (empty)
    [McSlotId=2]: (empty)
    [McSlotId=3]: (empty)
}

LAB@[UDB=(0,0)][LB=1] #macrocells=2, #inputs=2, #pterms=2
{
    [McSlotId=0]: (empty)
    [McSlotId=1]: (empty)
    [McSlotId=2]:     MacroCell: Name=\PWM_1:PWMUDB:prevCompare1\, Mode=(D-Register) @ [UDB=(0,0)][LB=1][MC=2]
        Total # of inputs        : 1
        Total # of product terms : 1
        List of special equations: 
            Clock  = (Net_823_digital) => Global
            Clock Enable: PosEdge(\PWM_1:PWMUDB:hwEnable\)
        Main Equation            : 1 pterm
        (
              \PWM_1:PWMUDB:cmp1_less\
        );
        Output = \PWM_1:PWMUDB:prevCompare1\ (fanout=1)
        Properties               : 
        {
        }

    [McSlotId=3]:     MacroCell: Name=\PWM_1:PWMUDB:status_0\, Mode=(D-Register) @ [UDB=(0,0)][LB=1][MC=3]
        Total # of inputs        : 2
        Total # of product terms : 1
        List of special equations: 
            Clock  = (Net_823_digital) => Global
            Clock Enable: PosEdge(\PWM_1:PWMUDB:hwEnable\)
        Main Equation            : 1 pterm
        (
              !\PWM_1:PWMUDB:prevCompare1\ * \PWM_1:PWMUDB:cmp1_less\
        );
        Output = \PWM_1:PWMUDB:status_0\ (fanout=1)
        Properties               : 
        {
        }
}

datapathcell: Name =\PWM_1:PWMUDB:sP16:pwmdp:u1\
    PORT MAP (
        clock => Net_823_digital ,
        cs_addr_2 => \PWM_1:PWMUDB:tc_i\ ,
        cs_addr_1 => \PWM_1:PWMUDB:runmode_enable\ ,
        cl0_comb => \PWM_1:PWMUDB:cmp1_less\ ,
        z0_comb => \PWM_1:PWMUDB:tc_i\ ,
        f1_blk_stat_comb => \PWM_1:PWMUDB:status_3\ ,
        chain_in => \PWM_1:PWMUDB:sP16:pwmdp:carry\ ,
        clk_en => \PWM_1:PWMUDB:hwEnable\ );
    Properties:
    {
        a0_init = "00000000"
        a1_init = "00000000"
        ce0_sync = 1
        ce1_sync = 1
        cl0_sync = 1
        cl1_sync = 1
        cmsb_sync = 1
        co_msb_sync = 1
        cy_dpconfig = "0000000001000000000000001100000001000000010000000000000011000000000000001100000000000000110000000000000011000000000000001100000011111111000000001111111111111111101011110000000000000100000011110000000000011000"
        d0_init = "00000000"
        d1_init = "00000000"
        f0_blk_sync = 1
        f0_bus_sync = 1
        f1_blk_sync = 1
        f1_bus_sync = 1
        ff0_sync = 1
        ff1_sync = 1
        ov_msb_sync = 1
        so_sync = 1
        z0_sync = 1
        z1_sync = 1
    }
    Clock Polarity: Active High
    Clock Enable: PosEdge(\PWM_1:PWMUDB:hwEnable\)
    Previous in chain : \PWM_1:PWMUDB:sP16:pwmdp:u0\

statusicell: Name =\PWM_1:PWMUDB:genblk8:stsreg\
    PORT MAP (
        clock => Net_823_digital ,
        status_3 => \PWM_1:PWMUDB:status_3\ ,
        status_2 => \PWM_1:PWMUDB:status_2\ ,
        status_0 => \PWM_1:PWMUDB:status_0\ ,
        clk_en => \PWM_1:PWMUDB:hwEnable\ );
    Properties:
    {
        cy_force_order = 1
        cy_int_mask = "1111111"
        cy_md_select = "0100111"
    }
    Clock Polarity: Active High
    Clock Enable: PosEdge(\PWM_1:PWMUDB:hwEnable\)

UDB [UDB=(0,1)] is empty.
UDB [UDB=(1,0)] contents:
LAB@[UDB=(1,0)][LB=1] #macrocells=1, #inputs=1, #pterms=1
{
    [McSlotId=0]: (empty)
    [McSlotId=1]: (empty)
    [McSlotId=2]: (empty)
    [McSlotId=3]:     MacroCell: Name=\PWM_1:PWMUDB:runmode_enable\, Mode=(D-Register) @ [UDB=(1,0)][LB=1][MC=3]
        Total # of inputs        : 1
        Total # of product terms : 1
        List of special equations: 
            Clock  = (Net_823_digital) => Global
            Clock Enable: PosEdge(\PWM_1:PWMUDB:hwEnable\)
        Main Equation            : 1 pterm
        (
              \PWM_1:PWMUDB:hwEnable\
        );
        Output = \PWM_1:PWMUDB:runmode_enable\ (fanout=3)
        Properties               : 
        {
        }
}

datapathcell: Name =\PWM_1:PWMUDB:sP16:pwmdp:u0\
    PORT MAP (
        clock => Net_823_digital ,
        cs_addr_2 => \PWM_1:PWMUDB:tc_i\ ,
        cs_addr_1 => \PWM_1:PWMUDB:runmode_enable\ ,
        chain_out => \PWM_1:PWMUDB:sP16:pwmdp:carry\ ,
        clk_en => \PWM_1:PWMUDB:hwEnable\ );
    Properties:
    {
        a0_init = "00000000"
        a1_init = "00000000"
        ce0_sync = 1
        ce1_sync = 1
        cl0_sync = 1
        cl1_sync = 1
        cmsb_sync = 1
        co_msb_sync = 1
        cy_dpconfig = "0000000001000000000000001100000001000000010000000000000011000000000000001100000000000000110000000000000011000000000000001100000011111111000000001111111111111111101000000000000000000100000000000000000000011000"
        d0_init = "00000000"
        d1_init = "00000000"
        f0_blk_sync = 1
        f0_bus_sync = 1
        f1_blk_sync = 1
        f1_bus_sync = 1
        ff0_sync = 1
        ff1_sync = 1
        ov_msb_sync = 1
        so_sync = 1
        z0_sync = 1
        z1_sync = 1
    }
    Clock Polarity: Active High
    Clock Enable: PosEdge(\PWM_1:PWMUDB:hwEnable\)
    Next in chain : \PWM_1:PWMUDB:sP16:pwmdp:u1\

controlcell: Name =\PWM_1:PWMUDB:genblk1:ctrlreg\
    PORT MAP (
        clock => Net_823_digital ,
        control_7 => \PWM_1:PWMUDB:hwEnable\ ,
        control_6 => \PWM_1:PWMUDB:control_6\ ,
        control_5 => \PWM_1:PWMUDB:control_5\ ,
        control_4 => \PWM_1:PWMUDB:control_4\ ,
        control_3 => \PWM_1:PWMUDB:control_3\ ,
        control_2 => \PWM_1:PWMUDB:control_2\ ,
        control_1 => \PWM_1:PWMUDB:control_1\ ,
        control_0 => \PWM_1:PWMUDB:control_0\ );
    Properties:
    {
        cy_ctrl_mode_0 = "11111111"
        cy_ctrl_mode_1 = "00000000"
        cy_ext_reset = 0
        cy_force_order = 1
        cy_init_value = "00000000"
    }
    Clock Polarity: Active High
    Clock Enable: True

UDB [UDB=(1,1)] is empty.
Intr hod @ [IntrHod=(0)]: 
  Intr@ [IntrHod=(0)][IntrId=(3)] 
    interrupt: Name =GYRO_DR_INT
        PORT MAP (
            interrupt => Net_654 );
        Properties:
        {
            int_type = "10"
        }
  Intr@ [IntrHod=(0)][IntrId=(10)] 
    interrupt: Name =\I2C:SCB_IRQ\
        PORT MAP (
            interrupt => Net_646 );
        Properties:
        {
            int_type = "10"
        }
Port 0 contains the following IO cells:
[IoId=4]: 
Pin : Name = \UART:rx(0)\
    Attributes:
        In Group/Port: True
        In Sync Option: NOSYNC
        Out Sync Option: AUTO
        Interrupt generated: False
        Interrupt mode: NONE
        Drive mode: HI_Z_DIGITAL
        VTrip: CMOS
        Slew: FAST
        Input Sync needed: False
        Output Sync needed: False
        SC shield enabled: False
        POR State: ANY
        LCD Mode: COMMON
        Register Mode: RegComb
        CaSense Mode: NEITHER
        Treat as pin: True
        Is OE Registered: False
        Uses Analog: False
        Can contain Digital: True
        Is SIO: False
        SIO Output Buf: NONREGULATED
        SIO Input Buf: SINGLE_ENDED
        SIO HiFreq: LOW
        SIO Hyst: DISABLED
        SIO Vtrip: MULTIPLIER_0_5
        SIO RefSel: VCC_IO
        Required Capabilitites: DIGITAL, SCB_UART_RX
        Initial Value: 0
        IO Voltage: 0
    PORT MAP (
        pa_out => \UART:rx(0)\__PA ,
        fb => \UART:Net_654\ ,
        pad => \UART:rx(0)_PAD\ );
    Properties:
    {
    }

[IoId=5]: 
Pin : Name = \UART:tx(0)\
    Attributes:
        In Group/Port: True
        In Sync Option: NOSYNC
        Out Sync Option: NOSYNC
        Interrupt generated: False
        Interrupt mode: NONE
        Drive mode: CMOS_OUT
        VTrip: CMOS
        Slew: FAST
        Input Sync needed: False
        Output Sync needed: False
        SC shield enabled: False
        POR State: ANY
        LCD Mode: COMMON
        Register Mode: RegComb
        CaSense Mode: NEITHER
        Treat as pin: True
        Is OE Registered: False
        Uses Analog: False
        Can contain Digital: True
        Is SIO: False
        SIO Output Buf: NONREGULATED
        SIO Input Buf: SINGLE_ENDED
        SIO HiFreq: LOW
        SIO Hyst: DISABLED
        SIO Vtrip: MULTIPLIER_0_5
        SIO RefSel: VCC_IO
        Required Capabilitites: DIGITAL, SCB_UART_TX
        Initial Value: 1
        IO Voltage: 0
    PORT MAP (
        pa_out => \UART:tx(0)\__PA ,
        input => \UART:Net_656\ ,
        pad => \UART:tx(0)_PAD\ );
    Properties:
    {
    }

Port 1 contains the following IO cells:
[IoId=3]: 
Pin : Name = Pin_1(0)
    Attributes:
        In Group/Port: True
        In Sync Option: AUTO
        Out Sync Option: NOSYNC
        Interrupt generated: False
        Interrupt mode: NONE
        Drive mode: OPEN_DRAIN_LO
        VTrip: EITHER
        Slew: FAST
        Input Sync needed: False
        Output Sync needed: False
        SC shield enabled: False
        POR State: ANY
        LCD Mode: COMMON
        Register Mode: RegComb
        CaSense Mode: NEITHER
        Treat as pin: True
        Is OE Registered: False
        Uses Analog: False
        Can contain Digital: True
        Is SIO: False
        SIO Output Buf: NONREGULATED
        SIO Input Buf: SINGLE_ENDED
        SIO HiFreq: LOW
        SIO Hyst: DISABLED
        SIO Vtrip: MULTIPLIER_0_5
        SIO RefSel: VCC_IO
        Required Capabilitites: DIGITAL
        Initial Value: 0
        IO Voltage: 0
    PORT MAP (
        pa_out => Pin_1(0)__PA ,
        pad => Pin_1(0)_PAD );
    Properties:
    {
    }

Port 2 is empty
Port 3 generates interrupt for logical port:
    logicalport: Name =GYRO_DR
        PORT MAP (
            in_clock_en => one ,
            in_reset => zero ,
            out_clock_en => one ,
            out_reset => zero ,
            interrupt => Net_654 );
        Properties:
        {
            drive_mode = "001"
            ibuf_enabled = "1"
            id = "1b032d76-bbbd-496b-a99e-e4d7cca1420f"
            init_dr_st = "0"
            input_buffer_sel = "00"
            input_clk_en = 0
            input_sync = "0"
            input_sync_mode = "0"
            intr_mode = "01"
            invert_in_clock = 0
            invert_in_clock_en = 0
            invert_in_reset = 0
            invert_out_clock = 0
            invert_out_clock_en = 0
            invert_out_reset = 0
            io_voltage = ""
            layout_mode = "CONTIGUOUS"
            oe_conn = "0"
            oe_reset = 0
            oe_sync = "0"
            output_clk_en = 0
            output_clock_mode = "0"
            output_conn = "0"
            output_mode = "0"
            output_reset = 0
            output_sync = "0"
            ovt_hyst_trim = "0"
            ovt_needed = "0"
            ovt_slew_control = "00"
            pa_in_clock = -1
            pa_in_clock_en = -1
            pa_in_reset = -1
            pa_out_clock = -1
            pa_out_clock_en = -1
            pa_out_reset = -1
            pin_aliases = ""
            pin_mode = "I"
            por_state = 4
            port_alias_group = ""
            port_alias_required = 0
            sio_group_cnt = 0
            sio_hifreq = ""
            sio_hyst = "1"
            sio_ibuf = "00000000"
            sio_info = "00"
            sio_obuf = "00000000"
            sio_refsel = "00000000"
            sio_vtrip = "00000000"
            slew_rate = "0"
            spanning = 0
            sw_only = 0
            use_annotation = "0"
            vtrip = "00"
            width = 1
        }
    and contains the following IO cells:
[IoId=0]: 
Pin : Name = GYRO_DR(0)
    Attributes:
        In Group/Port: True
        In Sync Option: NOSYNC
        Out Sync Option: AUTO
        Interrupt generated: True
        Interrupt mode: RISING
        Drive mode: HI_Z_DIGITAL
        VTrip: CMOS
        Slew: FAST
        Input Sync needed: False
        Output Sync needed: False
        SC shield enabled: False
        POR State: ANY
        LCD Mode: COMMON
        Register Mode: RegComb
        CaSense Mode: NEITHER
        Treat as pin: False
        Is OE Registered: False
        Uses Analog: False
        Can contain Digital: True
        Is SIO: False
        SIO Output Buf: NONREGULATED
        SIO Input Buf: SINGLE_ENDED
        SIO HiFreq: LOW
        SIO Hyst: DISABLED
        SIO Vtrip: MULTIPLIER_0_5
        SIO RefSel: VCC_IO
        Required Capabilitites: DIGITAL, PORT_INTERRUPT
        Initial Value: 0
        IO Voltage: 0
    PORT MAP (
        pa_out => GYRO_DR(0)__PA ,
        pad => GYRO_DR(0)_PAD );
    Properties:
    {
    }

Port 4 contains the following IO cells:
[IoId=0]: 
Pin : Name = \I2C:scl(0)\
    Attributes:
        In Group/Port: True
        In Sync Option: NOSYNC
        Out Sync Option: NOSYNC
        Interrupt generated: False
        Interrupt mode: NONE
        Drive mode: OPEN_DRAIN_LO
        VTrip: CMOS
        Slew: FAST
        Input Sync needed: False
        Output Sync needed: False
        SC shield enabled: False
        POR State: ANY
        LCD Mode: COMMON
        Register Mode: RegComb
        CaSense Mode: NEITHER
        Treat as pin: True
        Is OE Registered: False
        Uses Analog: False
        Can contain Digital: True
        Is SIO: False
        SIO Output Buf: NONREGULATED
        SIO Input Buf: SINGLE_ENDED
        SIO HiFreq: LOW
        SIO Hyst: DISABLED
        SIO Vtrip: MULTIPLIER_0_5
        SIO RefSel: VCC_IO
        Required Capabilitites: DIGITAL, I2CWKUP_SCL
        Initial Value: 1
        IO Voltage: 0
    PORT MAP (
        pa_out => \I2C:scl(0)\__PA ,
        fb => \I2C:Net_580\ ,
        pad => \I2C:scl(0)_PAD\ );
    Properties:
    {
    }

[IoId=1]: 
Pin : Name = \I2C:sda(0)\
    Attributes:
        In Group/Port: True
        In Sync Option: NOSYNC
        Out Sync Option: NOSYNC
        Interrupt generated: False
        Interrupt mode: NONE
        Drive mode: OPEN_DRAIN_LO
        VTrip: CMOS
        Slew: FAST
        Input Sync needed: False
        Output Sync needed: False
        SC shield enabled: False
        POR State: ANY
        LCD Mode: COMMON
        Register Mode: RegComb
        CaSense Mode: NEITHER
        Treat as pin: True
        Is OE Registered: False
        Uses Analog: False
        Can contain Digital: True
        Is SIO: False
        SIO Output Buf: NONREGULATED
        SIO Input Buf: SINGLE_ENDED
        SIO HiFreq: LOW
        SIO Hyst: DISABLED
        SIO Vtrip: MULTIPLIER_0_5
        SIO RefSel: VCC_IO
        Required Capabilitites: DIGITAL, I2CWKUP_SDA
        Initial Value: 1
        IO Voltage: 0
    PORT MAP (
        pa_out => \I2C:sda(0)\__PA ,
        fb => \I2C:Net_581\ ,
        pad => \I2C:sda(0)_PAD\ );
    Properties:
    {
    }

Clock group 0: 
    M0S8 Clock Block @ [FFB(Clock,0)]: 
    m0s8clockblockcell: Name =ClockBlock
        PORT MAP (
            dsi_in_0 => ClockBlock_Routed1 ,
            lfclk => ClockBlock_LFCLK ,
            ilo => ClockBlock_ILO ,
            sysclk => ClockBlock_SYSCLK ,
            ext => ClockBlock_EXTCLK ,
            imo => ClockBlock_IMO ,
            hfclk => ClockBlock_HFCLK ,
            udb_div_0 => dclk_to_genclk ,
            ff_div_2 => \I2C:Net_847_ff2\ ,
            ff_div_3 => \UART:Net_847_ff3\ );
        Properties:
        {
        }
PM group 0: empty
SPC group 0: empty
WDT group 0: empty
FSS group 0: empty
Low Power Comparator group 0: empty
Serial Communication Block group 0: 
    Scb Block @ [FFB(SCB,0)]: 
    m0s8scbcell: Name =\I2C:SCB\
        PORT MAP (
            clock => \I2C:Net_847_ff2\ ,
            interrupt => Net_646 ,
            tx => \I2C:Net_656\ ,
            rts => \I2C:Net_751\ ,
            mosi_m => \I2C:Net_660\ ,
            select_m_3 => \I2C:ss_3\ ,
            select_m_2 => \I2C:ss_2\ ,
            select_m_1 => \I2C:ss_1\ ,
            select_m_0 => \I2C:ss_0\ ,
            sclk_m => \I2C:Net_687\ ,
            miso_s => \I2C:Net_703\ ,
            scl => \I2C:Net_580\ ,
            sda => \I2C:Net_581\ ,
            tx_req => \I2C:Net_823\ ,
            rx_req => \I2C:Net_824\ );
        Properties:
        {
            cy_registers = ""
            scb_mode = 0
        }
    Scb Block @ [FFB(SCB,1)]: 
    m0s8scbcell: Name =\UART:SCB\
        PORT MAP (
            clock => \UART:Net_847_ff3\ ,
            interrupt => Net_643 ,
            rx => \UART:Net_654\ ,
            tx => \UART:Net_656\ ,
            rts => \UART:Net_751\ ,
            mosi_m => \UART:Net_660\ ,
            select_m_3 => \UART:ss_3\ ,
            select_m_2 => \UART:ss_2\ ,
            select_m_1 => \UART:ss_1\ ,
            select_m_0 => \UART:ss_0\ ,
            sclk_m => \UART:Net_687\ ,
            miso_s => \UART:Net_703\ ,
            tx_req => \UART:Net_823\ ,
            rx_req => \UART:Net_824\ );
        Properties:
        {
            cy_registers = ""
            scb_mode = 2
        }
CSD Fixed Block group 0: empty
8-bit CapSense IDAC group 0: empty
7-bit CapSense IDAC group 0: empty
TCPWM Block group 0: empty
Comparator/Opamp Fixed Block group 0: empty
Temperature Sensor group 0: empty
SAR Fixed Block group 0: empty
Segment LCD Block group 0: empty
CLK_GEN group 0: 
    M0S8 Clock Gen Block @ [FFB(CLK_GEN,0)]: 
    m0s8clockgenblockcell: Name =ClockGenBlock
        PORT MAP (
            gen_clk_out_0 => Net_823_digital ,
            gen_clk_in_0 => dclk_to_genclk );
        Properties:
        {
        }
LPCOMPBLOCK group 0: empty
CTBMBLOCK group 0: empty
ANAPUMP group 0: empty
</CYPRESSTAG>
<CYPRESSTAG name="Port Configuration Details">

------------------------------------------------------------
Port Configuration report
------------------------------------------------------------
     |     |       | Interrupt |                  |              | 
Port | Pin | Fixed |      Type |       Drive Mode |         Name | Connections
-----+-----+-------+-----------+------------------+--------------+-------------------
   0 |   4 |     * |      NONE |     HI_Z_DIGITAL | \UART:rx(0)\ | FB(\UART:Net_654\)
     |   5 |     * |      NONE |         CMOS_OUT | \UART:tx(0)\ | In(\UART:Net_656\)
-----+-----+-------+-----------+------------------+--------------+-------------------
   1 |   3 |     * |      NONE |    OPEN_DRAIN_LO |     Pin_1(0) | 
-----+-----+-------+-----------+------------------+--------------+-------------------
   3 |   0 |     * |    RISING |     HI_Z_DIGITAL |   GYRO_DR(0) | 
-----+-----+-------+-----------+------------------+--------------+-------------------
   4 |   0 |     * |      NONE |    OPEN_DRAIN_LO | \I2C:scl(0)\ | FB(\I2C:Net_580\)
     |   1 |     * |      NONE |    OPEN_DRAIN_LO | \I2C:sda(0)\ | FB(\I2C:Net_581\)
-------------------------------------------------------------------------------------
</CYPRESSTAG>
</CYPRESSTAG>
</CYPRESSTAG>
Digital component placer commit/Report: Elapsed time ==> 0s.009ms
Digital Placement phase: Elapsed time ==> 1s.690ms
</CYPRESSTAG>
<CYPRESSTAG name="Digital Routing">
Routing successful.
Digital Routing phase: Elapsed time ==> 1s.812ms
</CYPRESSTAG>
<CYPRESSTAG name="Bitstream and API generation">
Bitstream and API generation phase: Elapsed time ==> 0s.340ms
</CYPRESSTAG>
<CYPRESSTAG name="Bitstream verification">
Bitstream verification phase: Elapsed time ==> 0s.119ms
</CYPRESSTAG>
<CYPRESSTAG name="Static timing analysis">
Timing report is in Vinkelsensor_timing.html.
Static timing analysis phase: Elapsed time ==> 0s.600ms
</CYPRESSTAG>
<CYPRESSTAG name="Data reporting">
Data reporting phase: Elapsed time ==> 0s.000ms
</CYPRESSTAG>
<CYPRESSTAG name="Database update...">
Design database save phase: Elapsed time ==> 0s.560ms
</CYPRESSTAG>
cydsfit: Elapsed time ==> 7s.902ms
</CYPRESSTAG>
Fitter phase: Elapsed time ==> 8s.072ms
API generation phase: Elapsed time ==> 3s.643ms
Dependency generation phase: Elapsed time ==> 0s.079ms
Cleanup phase: Elapsed time ==> 0s.080ms
