ARM GAS  C:\Users\Felix\AppData\Local\Temp\cciLKkiE.s 			page 1


   1              		.cpu cortex-m0
   2              		.fpu softvfp
   3              		.eabi_attribute 20, 1
   4              		.eabi_attribute 21, 1
   5              		.eabi_attribute 23, 3
   6              		.eabi_attribute 24, 1
   7              		.eabi_attribute 25, 1
   8              		.eabi_attribute 26, 1
   9              		.eabi_attribute 30, 6
  10              		.eabi_attribute 34, 0
  11              		.eabi_attribute 18, 4
  12              		.code	16
  13              		.file	"main.c"
  14              		.text
  15              	.Ltext0:
  16              		.cfi_sections	.debug_frame
  17              		.global	I2CRegPtr
  18              		.bss
  19              		.type	I2CRegPtr, %object
  20              		.size	I2CRegPtr, 1
  21              	I2CRegPtr:
  22 0000 00       		.space	1
  23              		.global	I2CRegisters
  24              		.data
  25              		.align	2
  26              		.type	I2CRegisters, %object
  27              		.size	I2CRegisters, 5
  28              	I2CRegisters:
  29 0000 FB       		.byte	-5
  30 0001 00       		.byte	0
  31 0002 FF       		.byte	-1
  32 0003 00       		.byte	0
  33 0004 00       		.byte	0
  34              		.comm	I2CRxBuf,5,4
  35 0005 000000   		.section	.rodata
  36              		.align	2
  37              	.LC0:
  38 0000 48656C6C 		.ascii	"Hello World\012\000"
  38      6F20576F 
  38      726C640A 
  38      00
  39 000d 000000   		.section	.text.main,"ax",%progbits
  40              		.align	2
  41              		.global	main
  42              		.code	16
  43              		.thumb_func
  44              		.type	main, %function
  45              	main:
  46              	.LFB33:
  47              		.file 1 ".\\main.c"
   1:.\main.c      **** /*******************************************************************************
   2:.\main.c      **** * File Name: main.c
   3:.\main.c      **** *
   4:.\main.c      **** * Version: 1.00
   5:.\main.c      **** *
   6:.\main.c      **** * Description:
   7:.\main.c      **** *  
ARM GAS  C:\Users\Felix\AppData\Local\Temp\cciLKkiE.s 			page 2


   8:.\main.c      **** *
   9:.\main.c      **** ********************************************************************************
  10:.\main.c      **** * 
  11:.\main.c      **** *******************************************************************************/
  12:.\main.c      **** 
  13:.\main.c      **** #include <device.h>
  14:.\main.c      **** #include <stdio.h>
  15:.\main.c      **** 
  16:.\main.c      **** /* Macro definitions */
  17:.\main.c      **** #define I2C_ID_REG 0x00
  18:.\main.c      **** #define I2C_STAT_REG 0x01
  19:.\main.c      **** #define I2C_ONOFF_REG 0x02
  20:.\main.c      **** #define I2C_FREK_REG 0x03
  21:.\main.c      **** #define I2C_VINK_REG 0x04 
  22:.\main.c      **** #define I2C_BUF_SIZE 5
  23:.\main.c      **** #define DEBUG 1
  24:.\main.c      **** 
  25:.\main.c      **** /* Global variables */
  26:.\main.c      **** volatile uint8 I2CRegPtr = 0;
  27:.\main.c      **** volatile uint8 I2CRegisters[] = {0xFB, 0x00, 0xFF, 0x00, 0x00};
  28:.\main.c      **** uint8 I2CRxBuf[I2C_BUF_SIZE];
  29:.\main.c      **** 
  30:.\main.c      **** /* Function prototypes */
  31:.\main.c      **** void SetupI2C();
  32:.\main.c      **** void I2C_isr();
  33:.\main.c      **** 
  34:.\main.c      **** 
  35:.\main.c      **** /*******************************************************************************
  36:.\main.c      **** * Function Name: main
  37:.\main.c      **** ********************************************************************************
  38:.\main.c      **** *
  39:.\main.c      **** * Summary:
  40:.\main.c      **** *  Performs the following tasks:
  41:.\main.c      **** *
  42:.\main.c      **** *******************************************************************************/
  43:.\main.c      **** int main()
  44:.\main.c      **** {
  48              		.loc 1 44 0
  49              		.cfi_startproc
  50 0000 80B5     		push	{r7, lr}
  51              	.LCFI0:
  52              		.cfi_def_cfa_offset 8
  53              		.cfi_offset 7, -8
  54              		.cfi_offset 14, -4
  55 0002 00AF     		add	r7, sp, #0
  56              	.LCFI1:
  57              		.cfi_def_cfa_register 7
  45:.\main.c      ****     /* Start the Components */
  46:.\main.c      ****     UART_Start();
  58              		.loc 1 46 0
  59 0004 FFF7FEFF 		bl	UART_Start
  47:.\main.c      ****     SetupI2C();
  60              		.loc 1 47 0
  61 0008 FFF7FEFF 		bl	SetupI2C
  48:.\main.c      ****     
  49:.\main.c      ****     /* Enable global interrupts */
  50:.\main.c      ****     CyGlobalIntEnable;
ARM GAS  C:\Users\Felix\AppData\Local\Temp\cciLKkiE.s 			page 3


  62              		.loc 1 50 0
  63              	@ 50 ".\main.c" 1
  64 000c 62B6     		CPSIE   i
  65              	@ 0 "" 2
  51:.\main.c      ****     UART_UartPutString("Hello World\n");
  66              		.loc 1 51 0
  67              		.code	16
  68 000e 024B     		ldr	r3, .L3
  69 0010 181C     		mov	r0, r3
  70 0012 FFF7FEFF 		bl	UART_UartPutString
  71              	.L2:
  52:.\main.c      ****     while(1);
  72              		.loc 1 52 0 discriminator 1
  73 0016 FEE7     		b	.L2
  74              	.L4:
  75              		.align	2
  76              	.L3:
  77 0018 00000000 		.word	.LC0
  78              		.cfi_endproc
  79              	.LFE33:
  80              		.size	main, .-main
  81              		.section	.text.SetupI2C,"ax",%progbits
  82              		.align	2
  83              		.global	SetupI2C
  84              		.code	16
  85              		.thumb_func
  86              		.type	SetupI2C, %function
  87              	SetupI2C:
  88              	.LFB34:
  53:.\main.c      ****     return 0;
  54:.\main.c      **** }
  55:.\main.c      **** 
  56:.\main.c      **** /******************************************************************************
  57:.\main.c      **** * Function Name: SetupI2C
  58:.\main.c      **** *******************************************************************************
  59:.\main.c      **** *
  60:.\main.c      **** * Summary:
  61:.\main.c      **** *  Sets up the I2C bus, and enables it.
  62:.\main.c      **** * 
  63:.\main.c      **** ******************************************************************************/
  64:.\main.c      **** 
  65:.\main.c      **** void SetupI2C()
  66:.\main.c      **** {
  89              		.loc 1 66 0
  90              		.cfi_startproc
  91 0000 80B5     		push	{r7, lr}
  92              	.LCFI2:
  93              		.cfi_def_cfa_offset 8
  94              		.cfi_offset 7, -8
  95              		.cfi_offset 14, -4
  96 0002 00AF     		add	r7, sp, #0
  97              	.LCFI3:
  98              		.cfi_def_cfa_register 7
  67:.\main.c      ****     I2C_Start();
  99              		.loc 1 67 0
 100 0004 FFF7FEFF 		bl	I2C_Start
  68:.\main.c      **** }
ARM GAS  C:\Users\Felix\AppData\Local\Temp\cciLKkiE.s 			page 4


 101              		.loc 1 68 0
 102 0008 BD46     		mov	sp, r7
 103              		@ sp needed for prologue
 104 000a 80BD     		pop	{r7, pc}
 105              		.cfi_endproc
 106              	.LFE34:
 107              		.size	SetupI2C, .-SetupI2C
 108              		.section	.text.accDataReadyInterrupt,"ax",%progbits
 109              		.align	2
 110              		.global	accDataReadyInterrupt
 111              		.code	16
 112              		.thumb_func
 113              		.type	accDataReadyInterrupt, %function
 114              	accDataReadyInterrupt:
 115              	.LFB35:
  69:.\main.c      **** 
  70:.\main.c      **** CY_ISR(accDataReadyInterrupt)
  71:.\main.c      **** {
 116              		.loc 1 71 0
 117              		.cfi_startproc
 118 0000 80B5     		push	{r7, lr}
 119              	.LCFI4:
 120              		.cfi_def_cfa_offset 8
 121              		.cfi_offset 7, -8
 122              		.cfi_offset 14, -4
 123 0002 00AF     		add	r7, sp, #0
 124              	.LCFI5:
 125              		.cfi_def_cfa_register 7
  72:.\main.c      ****     //make necessary i2c reads from accellerometer.
  73:.\main.c      **** }
 126              		.loc 1 73 0
 127 0004 BD46     		mov	sp, r7
 128              		@ sp needed for prologue
 129 0006 80BD     		pop	{r7, pc}
 130              		.cfi_endproc
 131              	.LFE35:
 132              		.size	accDataReadyInterrupt, .-accDataReadyInterrupt
 133              		.section	.text.gyroDataReadyInterrupt,"ax",%progbits
 134              		.align	2
 135              		.global	gyroDataReadyInterrupt
 136              		.code	16
 137              		.thumb_func
 138              		.type	gyroDataReadyInterrupt, %function
 139              	gyroDataReadyInterrupt:
 140              	.LFB36:
  74:.\main.c      **** 
  75:.\main.c      **** CY_ISR(gyroDataReadyInterrupt)
  76:.\main.c      **** {
 141              		.loc 1 76 0
 142              		.cfi_startproc
 143 0000 80B5     		push	{r7, lr}
 144              	.LCFI6:
 145              		.cfi_def_cfa_offset 8
 146              		.cfi_offset 7, -8
 147              		.cfi_offset 14, -4
 148 0002 00AF     		add	r7, sp, #0
 149              	.LCFI7:
ARM GAS  C:\Users\Felix\AppData\Local\Temp\cciLKkiE.s 			page 5


 150              		.cfi_def_cfa_register 7
  77:.\main.c      ****     //make necessary i2c reads from accellerometer.
  78:.\main.c      **** }
 151              		.loc 1 78 0
 152 0004 BD46     		mov	sp, r7
 153              		@ sp needed for prologue
 154 0006 80BD     		pop	{r7, pc}
 155              		.cfi_endproc
 156              	.LFE36:
 157              		.size	gyroDataReadyInterrupt, .-gyroDataReadyInterrupt
 158              		.text
 159              	.Letext0:
 160              		.file 2 "./Generated_Source/PSoC4/cytypes.h"
 161              		.section	.debug_info,"",%progbits
 162              	.Ldebug_info0:
 163 0000 3D010000 		.4byte	0x13d
 164 0004 0200     		.2byte	0x2
 165 0006 00000000 		.4byte	.Ldebug_abbrev0
 166 000a 04       		.byte	0x4
 167 000b 01       		.uleb128 0x1
 168 000c 3C000000 		.4byte	.LASF19
 169 0010 01       		.byte	0x1
 170 0011 86010000 		.4byte	.LASF20
 171 0015 CB000000 		.4byte	.LASF21
 172 0019 00000000 		.4byte	.Ldebug_ranges0+0
 173 001d 00000000 		.4byte	0
 174 0021 00000000 		.4byte	0
 175 0025 00000000 		.4byte	.Ldebug_line0
 176 0029 02       		.uleb128 0x2
 177 002a 01       		.byte	0x1
 178 002b 06       		.byte	0x6
 179 002c 5E010000 		.4byte	.LASF0
 180 0030 02       		.uleb128 0x2
 181 0031 01       		.byte	0x1
 182 0032 08       		.byte	0x8
 183 0033 1E010000 		.4byte	.LASF1
 184 0037 02       		.uleb128 0x2
 185 0038 02       		.byte	0x2
 186 0039 05       		.byte	0x5
 187 003a 3A010000 		.4byte	.LASF2
 188 003e 02       		.uleb128 0x2
 189 003f 02       		.byte	0x2
 190 0040 07       		.byte	0x7
 191 0041 4B010000 		.4byte	.LASF3
 192 0045 02       		.uleb128 0x2
 193 0046 04       		.byte	0x4
 194 0047 05       		.byte	0x5
 195 0048 31010000 		.4byte	.LASF4
 196 004c 02       		.uleb128 0x2
 197 004d 04       		.byte	0x4
 198 004e 07       		.byte	0x7
 199 004f 8B000000 		.4byte	.LASF5
 200 0053 02       		.uleb128 0x2
 201 0054 08       		.byte	0x8
 202 0055 05       		.byte	0x5
 203 0056 00000000 		.4byte	.LASF6
 204 005a 02       		.uleb128 0x2
ARM GAS  C:\Users\Felix\AppData\Local\Temp\cciLKkiE.s 			page 6


 205 005b 08       		.byte	0x8
 206 005c 07       		.byte	0x7
 207 005d 9D000000 		.4byte	.LASF7
 208 0061 03       		.uleb128 0x3
 209 0062 04       		.byte	0x4
 210 0063 05       		.byte	0x5
 211 0064 696E7400 		.ascii	"int\000"
 212 0068 02       		.uleb128 0x2
 213 0069 04       		.byte	0x4
 214 006a 07       		.byte	0x7
 215 006b 0E000000 		.4byte	.LASF8
 216 006f 04       		.uleb128 0x4
 217 0070 85000000 		.4byte	.LASF22
 218 0074 02       		.byte	0x2
 219 0075 5B       		.byte	0x5b
 220 0076 30000000 		.4byte	0x30
 221 007a 02       		.uleb128 0x2
 222 007b 04       		.byte	0x4
 223 007c 04       		.byte	0x4
 224 007d 80010000 		.4byte	.LASF9
 225 0081 02       		.uleb128 0x2
 226 0082 08       		.byte	0x8
 227 0083 04       		.byte	0x4
 228 0084 44010000 		.4byte	.LASF10
 229 0088 02       		.uleb128 0x2
 230 0089 01       		.byte	0x1
 231 008a 08       		.byte	0x8
 232 008b 2C010000 		.4byte	.LASF11
 233 008f 05       		.uleb128 0x5
 234 0090 6F000000 		.4byte	0x6f
 235 0094 02       		.uleb128 0x2
 236 0095 04       		.byte	0x4
 237 0096 07       		.byte	0x7
 238 0097 9C010000 		.4byte	.LASF12
 239 009b 06       		.uleb128 0x6
 240 009c 01       		.byte	0x1
 241 009d 2E000000 		.4byte	.LASF13
 242 00a1 01       		.byte	0x1
 243 00a2 2B       		.byte	0x2b
 244 00a3 61000000 		.4byte	0x61
 245 00a7 00000000 		.4byte	.LFB33
 246 00ab 1C000000 		.4byte	.LFE33
 247 00af 00000000 		.4byte	.LLST0
 248 00b3 01       		.byte	0x1
 249 00b4 07       		.uleb128 0x7
 250 00b5 01       		.byte	0x1
 251 00b6 25000000 		.4byte	.LASF23
 252 00ba 01       		.byte	0x1
 253 00bb 41       		.byte	0x41
 254 00bc 00000000 		.4byte	.LFB34
 255 00c0 0C000000 		.4byte	.LFE34
 256 00c4 2C000000 		.4byte	.LLST1
 257 00c8 01       		.byte	0x1
 258 00c9 08       		.uleb128 0x8
 259 00ca 01       		.byte	0x1
 260 00cb 6A010000 		.4byte	.LASF14
 261 00cf 01       		.byte	0x1
ARM GAS  C:\Users\Felix\AppData\Local\Temp\cciLKkiE.s 			page 7


 262 00d0 46       		.byte	0x46
 263 00d1 01       		.byte	0x1
 264 00d2 00000000 		.4byte	.LFB35
 265 00d6 08000000 		.4byte	.LFE35
 266 00da 58000000 		.4byte	.LLST2
 267 00de 01       		.byte	0x1
 268 00df 08       		.uleb128 0x8
 269 00e0 01       		.byte	0x1
 270 00e1 B4000000 		.4byte	.LASF15
 271 00e5 01       		.byte	0x1
 272 00e6 4B       		.byte	0x4b
 273 00e7 01       		.byte	0x1
 274 00e8 00000000 		.4byte	.LFB36
 275 00ec 08000000 		.4byte	.LFE36
 276 00f0 84000000 		.4byte	.LLST3
 277 00f4 01       		.byte	0x1
 278 00f5 09       		.uleb128 0x9
 279 00f6 1B000000 		.4byte	.LASF16
 280 00fa 01       		.byte	0x1
 281 00fb 1A       		.byte	0x1a
 282 00fc 8F000000 		.4byte	0x8f
 283 0100 01       		.byte	0x1
 284 0101 05       		.byte	0x5
 285 0102 03       		.byte	0x3
 286 0103 00000000 		.4byte	I2CRegPtr
 287 0107 0A       		.uleb128 0xa
 288 0108 6F000000 		.4byte	0x6f
 289 010c 17010000 		.4byte	0x117
 290 0110 0B       		.uleb128 0xb
 291 0111 94000000 		.4byte	0x94
 292 0115 04       		.byte	0x4
 293 0116 00       		.byte	0
 294 0117 09       		.uleb128 0x9
 295 0118 8F010000 		.4byte	.LASF17
 296 011c 01       		.byte	0x1
 297 011d 1B       		.byte	0x1b
 298 011e 29010000 		.4byte	0x129
 299 0122 01       		.byte	0x1
 300 0123 05       		.byte	0x5
 301 0124 03       		.byte	0x3
 302 0125 00000000 		.4byte	I2CRegisters
 303 0129 05       		.uleb128 0x5
 304 012a 07010000 		.4byte	0x107
 305 012e 09       		.uleb128 0x9
 306 012f 33000000 		.4byte	.LASF18
 307 0133 01       		.byte	0x1
 308 0134 1C       		.byte	0x1c
 309 0135 07010000 		.4byte	0x107
 310 0139 01       		.byte	0x1
 311 013a 05       		.byte	0x5
 312 013b 03       		.byte	0x3
 313 013c 00000000 		.4byte	I2CRxBuf
 314 0140 00       		.byte	0
 315              		.section	.debug_abbrev,"",%progbits
 316              	.Ldebug_abbrev0:
 317 0000 01       		.uleb128 0x1
 318 0001 11       		.uleb128 0x11
ARM GAS  C:\Users\Felix\AppData\Local\Temp\cciLKkiE.s 			page 8


 319 0002 01       		.byte	0x1
 320 0003 25       		.uleb128 0x25
 321 0004 0E       		.uleb128 0xe
 322 0005 13       		.uleb128 0x13
 323 0006 0B       		.uleb128 0xb
 324 0007 03       		.uleb128 0x3
 325 0008 0E       		.uleb128 0xe
 326 0009 1B       		.uleb128 0x1b
 327 000a 0E       		.uleb128 0xe
 328 000b 55       		.uleb128 0x55
 329 000c 06       		.uleb128 0x6
 330 000d 11       		.uleb128 0x11
 331 000e 01       		.uleb128 0x1
 332 000f 52       		.uleb128 0x52
 333 0010 01       		.uleb128 0x1
 334 0011 10       		.uleb128 0x10
 335 0012 06       		.uleb128 0x6
 336 0013 00       		.byte	0
 337 0014 00       		.byte	0
 338 0015 02       		.uleb128 0x2
 339 0016 24       		.uleb128 0x24
 340 0017 00       		.byte	0
 341 0018 0B       		.uleb128 0xb
 342 0019 0B       		.uleb128 0xb
 343 001a 3E       		.uleb128 0x3e
 344 001b 0B       		.uleb128 0xb
 345 001c 03       		.uleb128 0x3
 346 001d 0E       		.uleb128 0xe
 347 001e 00       		.byte	0
 348 001f 00       		.byte	0
 349 0020 03       		.uleb128 0x3
 350 0021 24       		.uleb128 0x24
 351 0022 00       		.byte	0
 352 0023 0B       		.uleb128 0xb
 353 0024 0B       		.uleb128 0xb
 354 0025 3E       		.uleb128 0x3e
 355 0026 0B       		.uleb128 0xb
 356 0027 03       		.uleb128 0x3
 357 0028 08       		.uleb128 0x8
 358 0029 00       		.byte	0
 359 002a 00       		.byte	0
 360 002b 04       		.uleb128 0x4
 361 002c 16       		.uleb128 0x16
 362 002d 00       		.byte	0
 363 002e 03       		.uleb128 0x3
 364 002f 0E       		.uleb128 0xe
 365 0030 3A       		.uleb128 0x3a
 366 0031 0B       		.uleb128 0xb
 367 0032 3B       		.uleb128 0x3b
 368 0033 0B       		.uleb128 0xb
 369 0034 49       		.uleb128 0x49
 370 0035 13       		.uleb128 0x13
 371 0036 00       		.byte	0
 372 0037 00       		.byte	0
 373 0038 05       		.uleb128 0x5
 374 0039 35       		.uleb128 0x35
 375 003a 00       		.byte	0
ARM GAS  C:\Users\Felix\AppData\Local\Temp\cciLKkiE.s 			page 9


 376 003b 49       		.uleb128 0x49
 377 003c 13       		.uleb128 0x13
 378 003d 00       		.byte	0
 379 003e 00       		.byte	0
 380 003f 06       		.uleb128 0x6
 381 0040 2E       		.uleb128 0x2e
 382 0041 00       		.byte	0
 383 0042 3F       		.uleb128 0x3f
 384 0043 0C       		.uleb128 0xc
 385 0044 03       		.uleb128 0x3
 386 0045 0E       		.uleb128 0xe
 387 0046 3A       		.uleb128 0x3a
 388 0047 0B       		.uleb128 0xb
 389 0048 3B       		.uleb128 0x3b
 390 0049 0B       		.uleb128 0xb
 391 004a 49       		.uleb128 0x49
 392 004b 13       		.uleb128 0x13
 393 004c 11       		.uleb128 0x11
 394 004d 01       		.uleb128 0x1
 395 004e 12       		.uleb128 0x12
 396 004f 01       		.uleb128 0x1
 397 0050 40       		.uleb128 0x40
 398 0051 06       		.uleb128 0x6
 399 0052 9642     		.uleb128 0x2116
 400 0054 0C       		.uleb128 0xc
 401 0055 00       		.byte	0
 402 0056 00       		.byte	0
 403 0057 07       		.uleb128 0x7
 404 0058 2E       		.uleb128 0x2e
 405 0059 00       		.byte	0
 406 005a 3F       		.uleb128 0x3f
 407 005b 0C       		.uleb128 0xc
 408 005c 03       		.uleb128 0x3
 409 005d 0E       		.uleb128 0xe
 410 005e 3A       		.uleb128 0x3a
 411 005f 0B       		.uleb128 0xb
 412 0060 3B       		.uleb128 0x3b
 413 0061 0B       		.uleb128 0xb
 414 0062 11       		.uleb128 0x11
 415 0063 01       		.uleb128 0x1
 416 0064 12       		.uleb128 0x12
 417 0065 01       		.uleb128 0x1
 418 0066 40       		.uleb128 0x40
 419 0067 06       		.uleb128 0x6
 420 0068 9642     		.uleb128 0x2116
 421 006a 0C       		.uleb128 0xc
 422 006b 00       		.byte	0
 423 006c 00       		.byte	0
 424 006d 08       		.uleb128 0x8
 425 006e 2E       		.uleb128 0x2e
 426 006f 00       		.byte	0
 427 0070 3F       		.uleb128 0x3f
 428 0071 0C       		.uleb128 0xc
 429 0072 03       		.uleb128 0x3
 430 0073 0E       		.uleb128 0xe
 431 0074 3A       		.uleb128 0x3a
 432 0075 0B       		.uleb128 0xb
ARM GAS  C:\Users\Felix\AppData\Local\Temp\cciLKkiE.s 			page 10


 433 0076 3B       		.uleb128 0x3b
 434 0077 0B       		.uleb128 0xb
 435 0078 27       		.uleb128 0x27
 436 0079 0C       		.uleb128 0xc
 437 007a 11       		.uleb128 0x11
 438 007b 01       		.uleb128 0x1
 439 007c 12       		.uleb128 0x12
 440 007d 01       		.uleb128 0x1
 441 007e 40       		.uleb128 0x40
 442 007f 06       		.uleb128 0x6
 443 0080 9742     		.uleb128 0x2117
 444 0082 0C       		.uleb128 0xc
 445 0083 00       		.byte	0
 446 0084 00       		.byte	0
 447 0085 09       		.uleb128 0x9
 448 0086 34       		.uleb128 0x34
 449 0087 00       		.byte	0
 450 0088 03       		.uleb128 0x3
 451 0089 0E       		.uleb128 0xe
 452 008a 3A       		.uleb128 0x3a
 453 008b 0B       		.uleb128 0xb
 454 008c 3B       		.uleb128 0x3b
 455 008d 0B       		.uleb128 0xb
 456 008e 49       		.uleb128 0x49
 457 008f 13       		.uleb128 0x13
 458 0090 3F       		.uleb128 0x3f
 459 0091 0C       		.uleb128 0xc
 460 0092 02       		.uleb128 0x2
 461 0093 0A       		.uleb128 0xa
 462 0094 00       		.byte	0
 463 0095 00       		.byte	0
 464 0096 0A       		.uleb128 0xa
 465 0097 01       		.uleb128 0x1
 466 0098 01       		.byte	0x1
 467 0099 49       		.uleb128 0x49
 468 009a 13       		.uleb128 0x13
 469 009b 01       		.uleb128 0x1
 470 009c 13       		.uleb128 0x13
 471 009d 00       		.byte	0
 472 009e 00       		.byte	0
 473 009f 0B       		.uleb128 0xb
 474 00a0 21       		.uleb128 0x21
 475 00a1 00       		.byte	0
 476 00a2 49       		.uleb128 0x49
 477 00a3 13       		.uleb128 0x13
 478 00a4 2F       		.uleb128 0x2f
 479 00a5 0B       		.uleb128 0xb
 480 00a6 00       		.byte	0
 481 00a7 00       		.byte	0
 482 00a8 00       		.byte	0
 483              		.section	.debug_loc,"",%progbits
 484              	.Ldebug_loc0:
 485              	.LLST0:
 486 0000 00000000 		.4byte	.LFB33
 487 0004 02000000 		.4byte	.LCFI0
 488 0008 0200     		.2byte	0x2
 489 000a 7D       		.byte	0x7d
ARM GAS  C:\Users\Felix\AppData\Local\Temp\cciLKkiE.s 			page 11


 490 000b 00       		.sleb128 0
 491 000c 02000000 		.4byte	.LCFI0
 492 0010 04000000 		.4byte	.LCFI1
 493 0014 0200     		.2byte	0x2
 494 0016 7D       		.byte	0x7d
 495 0017 08       		.sleb128 8
 496 0018 04000000 		.4byte	.LCFI1
 497 001c 1C000000 		.4byte	.LFE33
 498 0020 0200     		.2byte	0x2
 499 0022 77       		.byte	0x77
 500 0023 08       		.sleb128 8
 501 0024 00000000 		.4byte	0
 502 0028 00000000 		.4byte	0
 503              	.LLST1:
 504 002c 00000000 		.4byte	.LFB34
 505 0030 02000000 		.4byte	.LCFI2
 506 0034 0200     		.2byte	0x2
 507 0036 7D       		.byte	0x7d
 508 0037 00       		.sleb128 0
 509 0038 02000000 		.4byte	.LCFI2
 510 003c 04000000 		.4byte	.LCFI3
 511 0040 0200     		.2byte	0x2
 512 0042 7D       		.byte	0x7d
 513 0043 08       		.sleb128 8
 514 0044 04000000 		.4byte	.LCFI3
 515 0048 0C000000 		.4byte	.LFE34
 516 004c 0200     		.2byte	0x2
 517 004e 77       		.byte	0x77
 518 004f 08       		.sleb128 8
 519 0050 00000000 		.4byte	0
 520 0054 00000000 		.4byte	0
 521              	.LLST2:
 522 0058 00000000 		.4byte	.LFB35
 523 005c 02000000 		.4byte	.LCFI4
 524 0060 0200     		.2byte	0x2
 525 0062 7D       		.byte	0x7d
 526 0063 00       		.sleb128 0
 527 0064 02000000 		.4byte	.LCFI4
 528 0068 04000000 		.4byte	.LCFI5
 529 006c 0200     		.2byte	0x2
 530 006e 7D       		.byte	0x7d
 531 006f 08       		.sleb128 8
 532 0070 04000000 		.4byte	.LCFI5
 533 0074 08000000 		.4byte	.LFE35
 534 0078 0200     		.2byte	0x2
 535 007a 77       		.byte	0x77
 536 007b 08       		.sleb128 8
 537 007c 00000000 		.4byte	0
 538 0080 00000000 		.4byte	0
 539              	.LLST3:
 540 0084 00000000 		.4byte	.LFB36
 541 0088 02000000 		.4byte	.LCFI6
 542 008c 0200     		.2byte	0x2
 543 008e 7D       		.byte	0x7d
 544 008f 00       		.sleb128 0
 545 0090 02000000 		.4byte	.LCFI6
 546 0094 04000000 		.4byte	.LCFI7
ARM GAS  C:\Users\Felix\AppData\Local\Temp\cciLKkiE.s 			page 12


 547 0098 0200     		.2byte	0x2
 548 009a 7D       		.byte	0x7d
 549 009b 08       		.sleb128 8
 550 009c 04000000 		.4byte	.LCFI7
 551 00a0 08000000 		.4byte	.LFE36
 552 00a4 0200     		.2byte	0x2
 553 00a6 77       		.byte	0x77
 554 00a7 08       		.sleb128 8
 555 00a8 00000000 		.4byte	0
 556 00ac 00000000 		.4byte	0
 557              		.section	.debug_aranges,"",%progbits
 558 0000 34000000 		.4byte	0x34
 559 0004 0200     		.2byte	0x2
 560 0006 00000000 		.4byte	.Ldebug_info0
 561 000a 04       		.byte	0x4
 562 000b 00       		.byte	0
 563 000c 0000     		.2byte	0
 564 000e 0000     		.2byte	0
 565 0010 00000000 		.4byte	.LFB33
 566 0014 1C000000 		.4byte	.LFE33-.LFB33
 567 0018 00000000 		.4byte	.LFB34
 568 001c 0C000000 		.4byte	.LFE34-.LFB34
 569 0020 00000000 		.4byte	.LFB35
 570 0024 08000000 		.4byte	.LFE35-.LFB35
 571 0028 00000000 		.4byte	.LFB36
 572 002c 08000000 		.4byte	.LFE36-.LFB36
 573 0030 00000000 		.4byte	0
 574 0034 00000000 		.4byte	0
 575              		.section	.debug_ranges,"",%progbits
 576              	.Ldebug_ranges0:
 577 0000 00000000 		.4byte	.LFB33
 578 0004 1C000000 		.4byte	.LFE33
 579 0008 00000000 		.4byte	.LFB34
 580 000c 0C000000 		.4byte	.LFE34
 581 0010 00000000 		.4byte	.LFB35
 582 0014 08000000 		.4byte	.LFE35
 583 0018 00000000 		.4byte	.LFB36
 584 001c 08000000 		.4byte	.LFE36
 585 0020 00000000 		.4byte	0
 586 0024 00000000 		.4byte	0
 587              		.section	.debug_line,"",%progbits
 588              	.Ldebug_line0:
 589 0000 97000000 		.section	.debug_str,"MS",%progbits,1
 589      02004500 
 589      00000201 
 589      FB0E0D00 
 589      01010101 
 590              	.LASF6:
 591 0000 6C6F6E67 		.ascii	"long long int\000"
 591      206C6F6E 
 591      6720696E 
 591      7400
 592              	.LASF8:
 593 000e 756E7369 		.ascii	"unsigned int\000"
 593      676E6564 
 593      20696E74 
 593      00
ARM GAS  C:\Users\Felix\AppData\Local\Temp\cciLKkiE.s 			page 13


 594              	.LASF16:
 595 001b 49324352 		.ascii	"I2CRegPtr\000"
 595      65675074 
 595      7200
 596              	.LASF23:
 597 0025 53657475 		.ascii	"SetupI2C\000"
 597      70493243 
 597      00
 598              	.LASF13:
 599 002e 6D61696E 		.ascii	"main\000"
 599      00
 600              	.LASF18:
 601 0033 49324352 		.ascii	"I2CRxBuf\000"
 601      78427566 
 601      00
 602              	.LASF19:
 603 003c 474E5520 		.ascii	"GNU C 4.7.3 20130312 (release) [ARM/embedded-4_7-br"
 603      4320342E 
 603      372E3320 
 603      32303133 
 603      30333132 
 604 006f 616E6368 		.ascii	"anch revision 196615]\000"
 604      20726576 
 604      6973696F 
 604      6E203139 
 604      36363135 
 605              	.LASF22:
 606 0085 75696E74 		.ascii	"uint8\000"
 606      3800
 607              	.LASF5:
 608 008b 6C6F6E67 		.ascii	"long unsigned int\000"
 608      20756E73 
 608      69676E65 
 608      6420696E 
 608      7400
 609              	.LASF7:
 610 009d 6C6F6E67 		.ascii	"long long unsigned int\000"
 610      206C6F6E 
 610      6720756E 
 610      7369676E 
 610      65642069 
 611              	.LASF15:
 612 00b4 6779726F 		.ascii	"gyroDataReadyInterrupt\000"
 612      44617461 
 612      52656164 
 612      79496E74 
 612      65727275 
 613              	.LASF21:
 614 00cb 433A5C55 		.ascii	"C:\\Users\\Felix\\Git Repository\\E4PRJ4\\Implement"
 614      73657273 
 614      5C46656C 
 614      69785C47 
 614      69742052 
 615 00f9 6572696E 		.ascii	"ering\\Vuggesystem\\Vinkelsensor.cydsn\000"
 615      675C5675 
 615      67676573 
 615      79737465 
ARM GAS  C:\Users\Felix\AppData\Local\Temp\cciLKkiE.s 			page 14


 615      6D5C5669 
 616              	.LASF1:
 617 011e 756E7369 		.ascii	"unsigned char\000"
 617      676E6564 
 617      20636861 
 617      7200
 618              	.LASF11:
 619 012c 63686172 		.ascii	"char\000"
 619      00
 620              	.LASF4:
 621 0131 6C6F6E67 		.ascii	"long int\000"
 621      20696E74 
 621      00
 622              	.LASF2:
 623 013a 73686F72 		.ascii	"short int\000"
 623      7420696E 
 623      7400
 624              	.LASF10:
 625 0144 646F7562 		.ascii	"double\000"
 625      6C6500
 626              	.LASF3:
 627 014b 73686F72 		.ascii	"short unsigned int\000"
 627      7420756E 
 627      7369676E 
 627      65642069 
 627      6E7400
 628              	.LASF0:
 629 015e 7369676E 		.ascii	"signed char\000"
 629      65642063 
 629      68617200 
 630              	.LASF14:
 631 016a 61636344 		.ascii	"accDataReadyInterrupt\000"
 631      61746152 
 631      65616479 
 631      496E7465 
 631      72727570 
 632              	.LASF9:
 633 0180 666C6F61 		.ascii	"float\000"
 633      7400
 634              	.LASF20:
 635 0186 2E5C6D61 		.ascii	".\\main.c\000"
 635      696E2E63 
 635      00
 636              	.LASF17:
 637 018f 49324352 		.ascii	"I2CRegisters\000"
 637      65676973 
 637      74657273 
 637      00
 638              	.LASF12:
 639 019c 73697A65 		.ascii	"sizetype\000"
 639      74797065 
 639      00
 640              		.ident	"GCC: (GNU Tools for ARM Embedded Processors) 4.7.3 20130312 (release) [ARM/embedded-4_7-br
