ARM GAS  C:\Users\Felix\AppData\Local\Temp\ccyXa2fE.s 			page 1


   1              		.cpu cortex-m0
   2              		.fpu softvfp
   3              		.eabi_attribute 20, 1
   4              		.eabi_attribute 21, 1
   5              		.eabi_attribute 23, 3
   6              		.eabi_attribute 24, 1
   7              		.eabi_attribute 25, 1
   8              		.eabi_attribute 26, 1
   9              		.eabi_attribute 30, 6
  10              		.eabi_attribute 34, 0
  11              		.eabi_attribute 18, 4
  12              		.code	16
  13              		.file	"I2CVuggesystem_EZI2C.c"
  14              		.text
  15              	.Ltext0:
  16              		.cfi_sections	.debug_frame
  17              		.comm	I2CVuggesystem_curStatus,1,1
  18              		.comm	I2CVuggesystem_fsmState,1,1
  19              		.comm	I2CVuggesystem_dataBuffer1,4,4
  20              		.comm	I2CVuggesystem_bufSizeBuf1,2,2
  21              		.comm	I2CVuggesystem_protectBuf1,2,2
  22              		.comm	I2CVuggesystem_offsetBuf1,1,1
  23              		.comm	I2CVuggesystem_indexBuf1,2,2
  24              		.section	.text.I2CVuggesystem_EzI2CInit,"ax",%progbits
  25              		.align	2
  26              		.global	I2CVuggesystem_EzI2CInit
  27              		.code	16
  28              		.thumb_func
  29              		.type	I2CVuggesystem_EzI2CInit, %function
  30              	I2CVuggesystem_EzI2CInit:
  31              	.LFB0:
  32              		.file 1 ".\\Generated_Source\\PSoC4\\I2CVuggesystem_EZI2C.c"
   1:.\Generated_Source\PSoC4/I2CVuggesystem_EZI2C.c **** /*******************************************************************************
   2:.\Generated_Source\PSoC4/I2CVuggesystem_EZI2C.c **** * File Name: I2CVuggesystem_EZI2C.c
   3:.\Generated_Source\PSoC4/I2CVuggesystem_EZI2C.c **** * Version 2.0
   4:.\Generated_Source\PSoC4/I2CVuggesystem_EZI2C.c **** *
   5:.\Generated_Source\PSoC4/I2CVuggesystem_EZI2C.c **** * Description:
   6:.\Generated_Source\PSoC4/I2CVuggesystem_EZI2C.c **** *  This file provides the source code to the API for the SCB Component in
   7:.\Generated_Source\PSoC4/I2CVuggesystem_EZI2C.c **** *  EZI2C mode.
   8:.\Generated_Source\PSoC4/I2CVuggesystem_EZI2C.c **** *
   9:.\Generated_Source\PSoC4/I2CVuggesystem_EZI2C.c **** * Note:
  10:.\Generated_Source\PSoC4/I2CVuggesystem_EZI2C.c **** *
  11:.\Generated_Source\PSoC4/I2CVuggesystem_EZI2C.c **** *******************************************************************************
  12:.\Generated_Source\PSoC4/I2CVuggesystem_EZI2C.c **** * Copyright 2013-2014, Cypress Semiconductor Corporation.  All rights reserved.
  13:.\Generated_Source\PSoC4/I2CVuggesystem_EZI2C.c **** * You may use this file only in accordance with the license, terms, conditions,
  14:.\Generated_Source\PSoC4/I2CVuggesystem_EZI2C.c **** * disclaimers, and limitations in the end user license agreement accompanying
  15:.\Generated_Source\PSoC4/I2CVuggesystem_EZI2C.c **** * the software package with which this file was provided.
  16:.\Generated_Source\PSoC4/I2CVuggesystem_EZI2C.c **** *******************************************************************************/
  17:.\Generated_Source\PSoC4/I2CVuggesystem_EZI2C.c **** 
  18:.\Generated_Source\PSoC4/I2CVuggesystem_EZI2C.c **** #include "I2CVuggesystem_PVT.h"
  19:.\Generated_Source\PSoC4/I2CVuggesystem_EZI2C.c **** #include "I2CVuggesystem_EZI2C_PVT.h"
  20:.\Generated_Source\PSoC4/I2CVuggesystem_EZI2C.c **** 
  21:.\Generated_Source\PSoC4/I2CVuggesystem_EZI2C.c **** 
  22:.\Generated_Source\PSoC4/I2CVuggesystem_EZI2C.c **** /***************************************
  23:.\Generated_Source\PSoC4/I2CVuggesystem_EZI2C.c **** *      EZI2C Private Vars
  24:.\Generated_Source\PSoC4/I2CVuggesystem_EZI2C.c **** ***************************************/
  25:.\Generated_Source\PSoC4/I2CVuggesystem_EZI2C.c **** 
ARM GAS  C:\Users\Felix\AppData\Local\Temp\ccyXa2fE.s 			page 2


  26:.\Generated_Source\PSoC4/I2CVuggesystem_EZI2C.c **** volatile uint8 I2CVuggesystem_curStatus; /* Status byte */
  27:.\Generated_Source\PSoC4/I2CVuggesystem_EZI2C.c **** uint8 I2CVuggesystem_fsmState;           /* FSM state   */
  28:.\Generated_Source\PSoC4/I2CVuggesystem_EZI2C.c **** 
  29:.\Generated_Source\PSoC4/I2CVuggesystem_EZI2C.c **** /* Variables intended to be used with Buffer 1: Primary slave address */
  30:.\Generated_Source\PSoC4/I2CVuggesystem_EZI2C.c **** volatile uint8 * I2CVuggesystem_dataBuffer1; /* Pointer to data buffer 1 */
  31:.\Generated_Source\PSoC4/I2CVuggesystem_EZI2C.c **** uint16 I2CVuggesystem_bufSizeBuf1; /* Size of buffer 1 in bytes      */
  32:.\Generated_Source\PSoC4/I2CVuggesystem_EZI2C.c **** uint16 I2CVuggesystem_protectBuf1; /* Start index of write protected area buffer 1 */
  33:.\Generated_Source\PSoC4/I2CVuggesystem_EZI2C.c **** uint8 I2CVuggesystem_offsetBuf1; /* Current offset within buffer 1 */
  34:.\Generated_Source\PSoC4/I2CVuggesystem_EZI2C.c **** uint16 I2CVuggesystem_indexBuf1;  /* Current index within buffer 1  */
  35:.\Generated_Source\PSoC4/I2CVuggesystem_EZI2C.c **** 
  36:.\Generated_Source\PSoC4/I2CVuggesystem_EZI2C.c **** #if(I2CVuggesystem_SECONDARY_ADDRESS_ENABLE_CONST)
  37:.\Generated_Source\PSoC4/I2CVuggesystem_EZI2C.c ****     uint8 I2CVuggesystem_addrBuf1; /* Primary slave address. Used for software comparison   */
  38:.\Generated_Source\PSoC4/I2CVuggesystem_EZI2C.c ****     uint8 I2CVuggesystem_addrBuf2; /* Secondary slave address. Used for software comparison */
  39:.\Generated_Source\PSoC4/I2CVuggesystem_EZI2C.c **** 
  40:.\Generated_Source\PSoC4/I2CVuggesystem_EZI2C.c ****     /* Variables intended to be used with Buffer 2: Primary slave address */
  41:.\Generated_Source\PSoC4/I2CVuggesystem_EZI2C.c ****     volatile uint8 * I2CVuggesystem_dataBuffer2; /* Pointer to data buffer 2 */
  42:.\Generated_Source\PSoC4/I2CVuggesystem_EZI2C.c ****     uint16 I2CVuggesystem_bufSizeBuf2; /* Size of buffer 2 in bytes      */
  43:.\Generated_Source\PSoC4/I2CVuggesystem_EZI2C.c ****     uint16 I2CVuggesystem_protectBuf2; /* Start index of write protected area buffer 2 */
  44:.\Generated_Source\PSoC4/I2CVuggesystem_EZI2C.c ****     uint8 I2CVuggesystem_offsetBuf2; /* Current offset within buffer 2 */
  45:.\Generated_Source\PSoC4/I2CVuggesystem_EZI2C.c ****     uint16 I2CVuggesystem_indexBuf2;  /* Current index within buffer 2  */
  46:.\Generated_Source\PSoC4/I2CVuggesystem_EZI2C.c **** #endif /* (I2CVuggesystem_SECONDARY_ADDRESS_ENABLE_CONST) */
  47:.\Generated_Source\PSoC4/I2CVuggesystem_EZI2C.c **** 
  48:.\Generated_Source\PSoC4/I2CVuggesystem_EZI2C.c **** 
  49:.\Generated_Source\PSoC4/I2CVuggesystem_EZI2C.c **** /***************************************
  50:.\Generated_Source\PSoC4/I2CVuggesystem_EZI2C.c **** *      EZI2C Private Functions
  51:.\Generated_Source\PSoC4/I2CVuggesystem_EZI2C.c **** ***************************************/
  52:.\Generated_Source\PSoC4/I2CVuggesystem_EZI2C.c **** 
  53:.\Generated_Source\PSoC4/I2CVuggesystem_EZI2C.c **** #if(I2CVuggesystem_SECONDARY_ADDRESS_ENABLE_CONST)
  54:.\Generated_Source\PSoC4/I2CVuggesystem_EZI2C.c ****     static uint32 I2CVuggesystem_EzI2CUpdateRxMatchReg(uint32 addr1, uint32 addr2);
  55:.\Generated_Source\PSoC4/I2CVuggesystem_EZI2C.c **** #endif /* (I2CVuggesystem_SECONDARY_ADDRESS_ENABLE_CONST) */
  56:.\Generated_Source\PSoC4/I2CVuggesystem_EZI2C.c **** 
  57:.\Generated_Source\PSoC4/I2CVuggesystem_EZI2C.c **** #if(I2CVuggesystem_SCB_MODE_UNCONFIG_CONST_CFG)
  58:.\Generated_Source\PSoC4/I2CVuggesystem_EZI2C.c **** 
  59:.\Generated_Source\PSoC4/I2CVuggesystem_EZI2C.c ****     /***************************************
  60:.\Generated_Source\PSoC4/I2CVuggesystem_EZI2C.c ****     *  Configuration Structure Initialization
  61:.\Generated_Source\PSoC4/I2CVuggesystem_EZI2C.c ****     ***************************************/
  62:.\Generated_Source\PSoC4/I2CVuggesystem_EZI2C.c **** 
  63:.\Generated_Source\PSoC4/I2CVuggesystem_EZI2C.c ****     /* Constant configuration of EZI2C */
  64:.\Generated_Source\PSoC4/I2CVuggesystem_EZI2C.c ****     const I2CVuggesystem_EZI2C_INIT_STRUCT I2CVuggesystem_configEzI2C =
  65:.\Generated_Source\PSoC4/I2CVuggesystem_EZI2C.c ****     {
  66:.\Generated_Source\PSoC4/I2CVuggesystem_EZI2C.c ****         I2CVuggesystem_EZI2C_CLOCK_STRETCHING,
  67:.\Generated_Source\PSoC4/I2CVuggesystem_EZI2C.c ****         I2CVuggesystem_EZI2C_MEDIAN_FILTER_ENABLE,
  68:.\Generated_Source\PSoC4/I2CVuggesystem_EZI2C.c ****         I2CVuggesystem_EZI2C_NUMBER_OF_ADDRESSES,
  69:.\Generated_Source\PSoC4/I2CVuggesystem_EZI2C.c ****         I2CVuggesystem_EZI2C_PRIMARY_SLAVE_ADDRESS,
  70:.\Generated_Source\PSoC4/I2CVuggesystem_EZI2C.c ****         I2CVuggesystem_EZI2C_SECONDARY_SLAVE_ADDRESS,
  71:.\Generated_Source\PSoC4/I2CVuggesystem_EZI2C.c ****         I2CVuggesystem_EZI2C_SUB_ADDRESS_SIZE,
  72:.\Generated_Source\PSoC4/I2CVuggesystem_EZI2C.c ****         I2CVuggesystem_EZI2C_WAKE_ENABLE,
  73:.\Generated_Source\PSoC4/I2CVuggesystem_EZI2C.c ****         I2CVuggesystem_EZI2C_BYTE_MODE_ENABLE
  74:.\Generated_Source\PSoC4/I2CVuggesystem_EZI2C.c ****     };
  75:.\Generated_Source\PSoC4/I2CVuggesystem_EZI2C.c **** 
  76:.\Generated_Source\PSoC4/I2CVuggesystem_EZI2C.c ****     /*******************************************************************************
  77:.\Generated_Source\PSoC4/I2CVuggesystem_EZI2C.c ****     * Function Name: I2CVuggesystem_EzI2CInit
  78:.\Generated_Source\PSoC4/I2CVuggesystem_EZI2C.c ****     ********************************************************************************
  79:.\Generated_Source\PSoC4/I2CVuggesystem_EZI2C.c ****     *
  80:.\Generated_Source\PSoC4/I2CVuggesystem_EZI2C.c ****     * Summary:
  81:.\Generated_Source\PSoC4/I2CVuggesystem_EZI2C.c ****     *  Configures the SCB for the EZI2C operation.
  82:.\Generated_Source\PSoC4/I2CVuggesystem_EZI2C.c ****     *
ARM GAS  C:\Users\Felix\AppData\Local\Temp\ccyXa2fE.s 			page 3


  83:.\Generated_Source\PSoC4/I2CVuggesystem_EZI2C.c ****     * Parameters:
  84:.\Generated_Source\PSoC4/I2CVuggesystem_EZI2C.c ****     *  config:  Pointer to a structure that contains the following ordered list of
  85:.\Generated_Source\PSoC4/I2CVuggesystem_EZI2C.c ****     *           fields. These fields match the selections available in the
  86:.\Generated_Source\PSoC4/I2CVuggesystem_EZI2C.c ****     *           customizer.
  87:.\Generated_Source\PSoC4/I2CVuggesystem_EZI2C.c ****     *
  88:.\Generated_Source\PSoC4/I2CVuggesystem_EZI2C.c ****     * Return:
  89:.\Generated_Source\PSoC4/I2CVuggesystem_EZI2C.c ****     *  None
  90:.\Generated_Source\PSoC4/I2CVuggesystem_EZI2C.c ****     *
  91:.\Generated_Source\PSoC4/I2CVuggesystem_EZI2C.c ****     *******************************************************************************/
  92:.\Generated_Source\PSoC4/I2CVuggesystem_EZI2C.c ****     void I2CVuggesystem_EzI2CInit(const I2CVuggesystem_EZI2C_INIT_STRUCT *config)
  93:.\Generated_Source\PSoC4/I2CVuggesystem_EZI2C.c ****     {
  94:.\Generated_Source\PSoC4/I2CVuggesystem_EZI2C.c ****         if(NULL == config)
  95:.\Generated_Source\PSoC4/I2CVuggesystem_EZI2C.c ****         {
  96:.\Generated_Source\PSoC4/I2CVuggesystem_EZI2C.c ****             CYASSERT(0u != 0u); /* Halt execution due to bad function parameter */
  97:.\Generated_Source\PSoC4/I2CVuggesystem_EZI2C.c ****         }
  98:.\Generated_Source\PSoC4/I2CVuggesystem_EZI2C.c ****         else
  99:.\Generated_Source\PSoC4/I2CVuggesystem_EZI2C.c ****         {
 100:.\Generated_Source\PSoC4/I2CVuggesystem_EZI2C.c ****             /* Configure pins */
 101:.\Generated_Source\PSoC4/I2CVuggesystem_EZI2C.c ****             I2CVuggesystem_SetPins(I2CVuggesystem_SCB_MODE_EZI2C, I2CVuggesystem_DUMMY_PARAM,
 102:.\Generated_Source\PSoC4/I2CVuggesystem_EZI2C.c ****                                                                       I2CVuggesystem_DUMMY_PARAM);
 103:.\Generated_Source\PSoC4/I2CVuggesystem_EZI2C.c **** 
 104:.\Generated_Source\PSoC4/I2CVuggesystem_EZI2C.c ****             /* Store internal configuration */
 105:.\Generated_Source\PSoC4/I2CVuggesystem_EZI2C.c ****             I2CVuggesystem_scbMode       = (uint8) I2CVuggesystem_SCB_MODE_EZI2C;
 106:.\Generated_Source\PSoC4/I2CVuggesystem_EZI2C.c ****             I2CVuggesystem_scbEnableWake = (uint8) config->enableWake;
 107:.\Generated_Source\PSoC4/I2CVuggesystem_EZI2C.c ****             I2CVuggesystem_scbEnableIntr = (uint8) I2CVuggesystem_SCB_IRQ_INTERNAL;
 108:.\Generated_Source\PSoC4/I2CVuggesystem_EZI2C.c **** 
 109:.\Generated_Source\PSoC4/I2CVuggesystem_EZI2C.c ****             I2CVuggesystem_numberOfAddr  = (uint8) config->numberOfAddresses;
 110:.\Generated_Source\PSoC4/I2CVuggesystem_EZI2C.c ****             I2CVuggesystem_subAddrSize   = (uint8) config->subAddrSize;
 111:.\Generated_Source\PSoC4/I2CVuggesystem_EZI2C.c **** 
 112:.\Generated_Source\PSoC4/I2CVuggesystem_EZI2C.c ****         #if (I2CVuggesystem_CY_SCBIP_V0)
 113:.\Generated_Source\PSoC4/I2CVuggesystem_EZI2C.c ****             /* Adjust SDA filter settings. Ticket ID#150521 */
 114:.\Generated_Source\PSoC4/I2CVuggesystem_EZI2C.c ****             I2CVuggesystem_SET_I2C_CFG_SDA_FILT_TRIM(I2CVuggesystem_EC_AM_I2C_CFG_SDA_FILT_TRIM);
 115:.\Generated_Source\PSoC4/I2CVuggesystem_EZI2C.c ****         #endif /* (I2CVuggesystem_CY_SCBIP_V0) */
 116:.\Generated_Source\PSoC4/I2CVuggesystem_EZI2C.c **** 
 117:.\Generated_Source\PSoC4/I2CVuggesystem_EZI2C.c ****             /* Adjust AF and DF filter settings, AF = 1, DF = 0. Ticket ID#176179 */
 118:.\Generated_Source\PSoC4/I2CVuggesystem_EZI2C.c ****             I2CVuggesystem_I2C_CFG_ANALOG_FITER_ENABLE;
 119:.\Generated_Source\PSoC4/I2CVuggesystem_EZI2C.c **** 
 120:.\Generated_Source\PSoC4/I2CVuggesystem_EZI2C.c ****             /* Configure I2C interface */
 121:.\Generated_Source\PSoC4/I2CVuggesystem_EZI2C.c ****             I2CVuggesystem_CTRL_REG     = I2CVuggesystem_GET_CTRL_BYTE_MODE  (config->enableByteMod
 122:.\Generated_Source\PSoC4/I2CVuggesystem_EZI2C.c ****                                             I2CVuggesystem_GET_CTRL_ADDR_ACCEPT(config->numberOfAdd
 123:.\Generated_Source\PSoC4/I2CVuggesystem_EZI2C.c ****                                             I2CVuggesystem_GET_CTRL_EC_AM_MODE (config->enableWake)
 124:.\Generated_Source\PSoC4/I2CVuggesystem_EZI2C.c **** 
 125:.\Generated_Source\PSoC4/I2CVuggesystem_EZI2C.c ****             I2CVuggesystem_I2C_CTRL_REG = I2CVuggesystem_EZI2C_CTRL;
 126:.\Generated_Source\PSoC4/I2CVuggesystem_EZI2C.c **** 
 127:.\Generated_Source\PSoC4/I2CVuggesystem_EZI2C.c ****             /* Configure RX direction */
 128:.\Generated_Source\PSoC4/I2CVuggesystem_EZI2C.c ****             I2CVuggesystem_RX_CTRL_REG = I2CVuggesystem_EZI2C_RX_CTRL |
 129:.\Generated_Source\PSoC4/I2CVuggesystem_EZI2C.c ****                                         I2CVuggesystem_GET_RX_CTRL_MEDIAN(I2CVuggesystem_DIGITAL_FI
 130:.\Generated_Source\PSoC4/I2CVuggesystem_EZI2C.c ****                                                 ;
 131:.\Generated_Source\PSoC4/I2CVuggesystem_EZI2C.c ****             I2CVuggesystem_RX_FIFO_CTRL_REG = I2CVuggesystem_CLEAR_REG;
 132:.\Generated_Source\PSoC4/I2CVuggesystem_EZI2C.c **** 
 133:.\Generated_Source\PSoC4/I2CVuggesystem_EZI2C.c ****             /* Set default address and mask */
 134:.\Generated_Source\PSoC4/I2CVuggesystem_EZI2C.c ****             if(I2CVuggesystem_EZI2C_PRIMARY_ADDRESS == config->numberOfAddresses)
 135:.\Generated_Source\PSoC4/I2CVuggesystem_EZI2C.c ****             {
 136:.\Generated_Source\PSoC4/I2CVuggesystem_EZI2C.c ****                 I2CVuggesystem_RX_MATCH_REG = I2CVuggesystem_EzI2CUpdateRxMatchReg(config->primaryS
 137:.\Generated_Source\PSoC4/I2CVuggesystem_EZI2C.c ****                                                                                        config->prim
 138:.\Generated_Source\PSoC4/I2CVuggesystem_EZI2C.c ****             }
 139:.\Generated_Source\PSoC4/I2CVuggesystem_EZI2C.c ****             else
ARM GAS  C:\Users\Felix\AppData\Local\Temp\ccyXa2fE.s 			page 4


 140:.\Generated_Source\PSoC4/I2CVuggesystem_EZI2C.c ****             {
 141:.\Generated_Source\PSoC4/I2CVuggesystem_EZI2C.c ****                 I2CVuggesystem_RX_MATCH_REG = I2CVuggesystem_EzI2CUpdateRxMatchReg(config->primaryS
 142:.\Generated_Source\PSoC4/I2CVuggesystem_EZI2C.c ****                                                                                        config->seco
 143:.\Generated_Source\PSoC4/I2CVuggesystem_EZI2C.c ****             }
 144:.\Generated_Source\PSoC4/I2CVuggesystem_EZI2C.c **** 
 145:.\Generated_Source\PSoC4/I2CVuggesystem_EZI2C.c ****             /* Configure TX direction */
 146:.\Generated_Source\PSoC4/I2CVuggesystem_EZI2C.c ****             I2CVuggesystem_TX_CTRL_REG      = I2CVuggesystem_EZI2C_TX_CTRL;
 147:.\Generated_Source\PSoC4/I2CVuggesystem_EZI2C.c ****             I2CVuggesystem_TX_FIFO_CTRL_REG = ((0u != (config->enableClockStretch)) ?
 148:.\Generated_Source\PSoC4/I2CVuggesystem_EZI2C.c ****                                                  I2CVuggesystem_CLEAR_REG : I2CVuggesystem_EZI2C_TX
 149:.\Generated_Source\PSoC4/I2CVuggesystem_EZI2C.c **** 
 150:.\Generated_Source\PSoC4/I2CVuggesystem_EZI2C.c ****             /* Configure interrupt sources */
 151:.\Generated_Source\PSoC4/I2CVuggesystem_EZI2C.c ****         #if (!I2CVuggesystem_CY_SCBIP_V1)
 152:.\Generated_Source\PSoC4/I2CVuggesystem_EZI2C.c ****            I2CVuggesystem_INTR_SPI_EC_MASK_REG = I2CVuggesystem_NO_INTR_SOURCES;
 153:.\Generated_Source\PSoC4/I2CVuggesystem_EZI2C.c ****         #endif /* (!I2CVuggesystem_CY_SCBIP_V1) */
 154:.\Generated_Source\PSoC4/I2CVuggesystem_EZI2C.c **** 
 155:.\Generated_Source\PSoC4/I2CVuggesystem_EZI2C.c ****             I2CVuggesystem_INTR_I2C_EC_MASK_REG = I2CVuggesystem_NO_INTR_SOURCES;
 156:.\Generated_Source\PSoC4/I2CVuggesystem_EZI2C.c ****             I2CVuggesystem_INTR_MASTER_MASK_REG = I2CVuggesystem_NO_INTR_SOURCES;
 157:.\Generated_Source\PSoC4/I2CVuggesystem_EZI2C.c ****             I2CVuggesystem_INTR_SLAVE_MASK_REG  = I2CVuggesystem_EZI2C_INTR_SLAVE_MASK;
 158:.\Generated_Source\PSoC4/I2CVuggesystem_EZI2C.c ****             I2CVuggesystem_INTR_TX_MASK_REG     = I2CVuggesystem_NO_INTR_SOURCES;
 159:.\Generated_Source\PSoC4/I2CVuggesystem_EZI2C.c **** 
 160:.\Generated_Source\PSoC4/I2CVuggesystem_EZI2C.c ****             /* Configure interrupt with EZI2C handler but do not enable it */
 161:.\Generated_Source\PSoC4/I2CVuggesystem_EZI2C.c ****             CyIntDisable    (I2CVuggesystem_ISR_NUMBER);
 162:.\Generated_Source\PSoC4/I2CVuggesystem_EZI2C.c ****             CyIntSetPriority(I2CVuggesystem_ISR_NUMBER, I2CVuggesystem_ISR_PRIORITY);
 163:.\Generated_Source\PSoC4/I2CVuggesystem_EZI2C.c ****             (void) CyIntSetVector(I2CVuggesystem_ISR_NUMBER, (0u != (config->enableClockStretch)) ?
 164:.\Generated_Source\PSoC4/I2CVuggesystem_EZI2C.c ****                                                                       (&I2CVuggesystem_EZI2C_STRETC
 165:.\Generated_Source\PSoC4/I2CVuggesystem_EZI2C.c ****                                                                       (&I2CVuggesystem_EZI2C_NO_STR
 166:.\Generated_Source\PSoC4/I2CVuggesystem_EZI2C.c **** 
 167:.\Generated_Source\PSoC4/I2CVuggesystem_EZI2C.c ****             if(0u != (config->enableClockStretch))
 168:.\Generated_Source\PSoC4/I2CVuggesystem_EZI2C.c ****             {
 169:.\Generated_Source\PSoC4/I2CVuggesystem_EZI2C.c ****                 /* Configure interrupt sources */
 170:.\Generated_Source\PSoC4/I2CVuggesystem_EZI2C.c ****                 I2CVuggesystem_INTR_SLAVE_MASK_REG |= I2CVuggesystem_INTR_SLAVE_I2C_ADDR_MATCH;
 171:.\Generated_Source\PSoC4/I2CVuggesystem_EZI2C.c ****                 I2CVuggesystem_INTR_RX_MASK_REG     = I2CVuggesystem_NO_INTR_SOURCES;
 172:.\Generated_Source\PSoC4/I2CVuggesystem_EZI2C.c ****             }
 173:.\Generated_Source\PSoC4/I2CVuggesystem_EZI2C.c ****             else
 174:.\Generated_Source\PSoC4/I2CVuggesystem_EZI2C.c ****             {
 175:.\Generated_Source\PSoC4/I2CVuggesystem_EZI2C.c ****                 /* Enable Auto ACK/NACK features */
 176:.\Generated_Source\PSoC4/I2CVuggesystem_EZI2C.c ****                 I2CVuggesystem_I2C_CTRL_REG |= I2CVuggesystem_EZI2C_CTRL_AUTO;
 177:.\Generated_Source\PSoC4/I2CVuggesystem_EZI2C.c **** 
 178:.\Generated_Source\PSoC4/I2CVuggesystem_EZI2C.c ****                 /* Configure RX interrupt source */
 179:.\Generated_Source\PSoC4/I2CVuggesystem_EZI2C.c ****                 I2CVuggesystem_INTR_SLAVE_MASK_REG |= I2CVuggesystem_INTR_SLAVE_I2C_START;
 180:.\Generated_Source\PSoC4/I2CVuggesystem_EZI2C.c ****                 I2CVuggesystem_INTR_RX_MASK_REG     = I2CVuggesystem_INTR_RX_NOT_EMPTY;
 181:.\Generated_Source\PSoC4/I2CVuggesystem_EZI2C.c ****             }
 182:.\Generated_Source\PSoC4/I2CVuggesystem_EZI2C.c **** 
 183:.\Generated_Source\PSoC4/I2CVuggesystem_EZI2C.c ****             /* Configure global variables */
 184:.\Generated_Source\PSoC4/I2CVuggesystem_EZI2C.c ****             I2CVuggesystem_fsmState = I2CVuggesystem_EZI2C_FSM_IDLE;
 185:.\Generated_Source\PSoC4/I2CVuggesystem_EZI2C.c **** 
 186:.\Generated_Source\PSoC4/I2CVuggesystem_EZI2C.c ****             I2CVuggesystem_curStatus  = 0u;
 187:.\Generated_Source\PSoC4/I2CVuggesystem_EZI2C.c ****             I2CVuggesystem_indexBuf1  = 0u;
 188:.\Generated_Source\PSoC4/I2CVuggesystem_EZI2C.c ****             I2CVuggesystem_offsetBuf1 = 0u;
 189:.\Generated_Source\PSoC4/I2CVuggesystem_EZI2C.c ****             I2CVuggesystem_indexBuf2  = 0u;
 190:.\Generated_Source\PSoC4/I2CVuggesystem_EZI2C.c ****             I2CVuggesystem_offsetBuf2 = 0u;
 191:.\Generated_Source\PSoC4/I2CVuggesystem_EZI2C.c **** 
 192:.\Generated_Source\PSoC4/I2CVuggesystem_EZI2C.c ****             I2CVuggesystem_addrBuf1 = (uint8) config->primarySlaveAddr;
 193:.\Generated_Source\PSoC4/I2CVuggesystem_EZI2C.c ****             I2CVuggesystem_addrBuf2 = (uint8) config->secondarySlaveAddr;
 194:.\Generated_Source\PSoC4/I2CVuggesystem_EZI2C.c ****         }
 195:.\Generated_Source\PSoC4/I2CVuggesystem_EZI2C.c ****     }
 196:.\Generated_Source\PSoC4/I2CVuggesystem_EZI2C.c **** 
ARM GAS  C:\Users\Felix\AppData\Local\Temp\ccyXa2fE.s 			page 5


 197:.\Generated_Source\PSoC4/I2CVuggesystem_EZI2C.c **** #else
 198:.\Generated_Source\PSoC4/I2CVuggesystem_EZI2C.c **** 
 199:.\Generated_Source\PSoC4/I2CVuggesystem_EZI2C.c ****     /*******************************************************************************
 200:.\Generated_Source\PSoC4/I2CVuggesystem_EZI2C.c ****     * Function Name: I2CVuggesystem_EzI2CInit
 201:.\Generated_Source\PSoC4/I2CVuggesystem_EZI2C.c ****     ********************************************************************************
 202:.\Generated_Source\PSoC4/I2CVuggesystem_EZI2C.c ****     *
 203:.\Generated_Source\PSoC4/I2CVuggesystem_EZI2C.c ****     * Summary:
 204:.\Generated_Source\PSoC4/I2CVuggesystem_EZI2C.c ****     *  Configures the SCB for the EZI2C operation.
 205:.\Generated_Source\PSoC4/I2CVuggesystem_EZI2C.c ****     *
 206:.\Generated_Source\PSoC4/I2CVuggesystem_EZI2C.c ****     * Parameters:
 207:.\Generated_Source\PSoC4/I2CVuggesystem_EZI2C.c ****     *  None
 208:.\Generated_Source\PSoC4/I2CVuggesystem_EZI2C.c ****     *
 209:.\Generated_Source\PSoC4/I2CVuggesystem_EZI2C.c ****     * Return:
 210:.\Generated_Source\PSoC4/I2CVuggesystem_EZI2C.c ****     *  None
 211:.\Generated_Source\PSoC4/I2CVuggesystem_EZI2C.c ****     *
 212:.\Generated_Source\PSoC4/I2CVuggesystem_EZI2C.c ****     *******************************************************************************/
 213:.\Generated_Source\PSoC4/I2CVuggesystem_EZI2C.c ****     void I2CVuggesystem_EzI2CInit(void)
 214:.\Generated_Source\PSoC4/I2CVuggesystem_EZI2C.c ****     {
  33              		.loc 1 214 0
  34              		.cfi_startproc
  35 0000 80B5     		push	{r7, lr}
  36              		.cfi_def_cfa_offset 8
  37              		.cfi_offset 7, -8
  38              		.cfi_offset 14, -4
  39 0002 00AF     		add	r7, sp, #0
  40              		.cfi_def_cfa_register 7
 215:.\Generated_Source\PSoC4/I2CVuggesystem_EZI2C.c ****         /* Configure I2C interface */
 216:.\Generated_Source\PSoC4/I2CVuggesystem_EZI2C.c ****         I2CVuggesystem_CTRL_REG     = I2CVuggesystem_EZI2C_DEFAULT_CTRL;
  41              		.loc 1 216 0
  42 0004 234B     		ldr	r3, .L2
  43 0006 0022     		mov	r2, #0
  44 0008 1A60     		str	r2, [r3]
 217:.\Generated_Source\PSoC4/I2CVuggesystem_EZI2C.c ****         I2CVuggesystem_I2C_CTRL_REG = I2CVuggesystem_EZI2C_DEFAULT_I2C_CTRL;
  45              		.loc 1 217 0
  46 000a 234B     		ldr	r3, .L2+4
  47 000c 234A     		ldr	r2, .L2+8
  48 000e 1A60     		str	r2, [r3]
 218:.\Generated_Source\PSoC4/I2CVuggesystem_EZI2C.c **** 
 219:.\Generated_Source\PSoC4/I2CVuggesystem_EZI2C.c ****     #if (I2CVuggesystem_CY_SCBIP_V0)
 220:.\Generated_Source\PSoC4/I2CVuggesystem_EZI2C.c ****         /* Adjust SDA filter settings. Ticket ID#150521 */
 221:.\Generated_Source\PSoC4/I2CVuggesystem_EZI2C.c ****         I2CVuggesystem_SET_I2C_CFG_SDA_FILT_TRIM(I2CVuggesystem_EC_AM_I2C_CFG_SDA_FILT_TRIM);
  49              		.loc 1 221 0
  50 0010 234B     		ldr	r3, .L2+12
  51 0012 234A     		ldr	r2, .L2+12
  52 0014 1268     		ldr	r2, [r2]
  53 0016 0C21     		mov	r1, #12
  54 0018 0A43     		orr	r2, r1
  55 001a 1A60     		str	r2, [r3]
 222:.\Generated_Source\PSoC4/I2CVuggesystem_EZI2C.c ****     #endif /* (I2CVuggesystem_CY_SCBIP_V0) */
 223:.\Generated_Source\PSoC4/I2CVuggesystem_EZI2C.c **** 
 224:.\Generated_Source\PSoC4/I2CVuggesystem_EZI2C.c ****         /* Configure RX direction */
 225:.\Generated_Source\PSoC4/I2CVuggesystem_EZI2C.c ****         I2CVuggesystem_RX_CTRL_REG      = I2CVuggesystem_EZI2C_DEFAULT_RX_CTRL;
  56              		.loc 1 225 0
  57 001c 214B     		ldr	r3, .L2+16
  58 001e 224A     		ldr	r2, .L2+20
  59 0020 1A60     		str	r2, [r3]
 226:.\Generated_Source\PSoC4/I2CVuggesystem_EZI2C.c ****         I2CVuggesystem_RX_FIFO_CTRL_REG = I2CVuggesystem_EZI2C_DEFAULT_RX_FIFO_CTRL;
ARM GAS  C:\Users\Felix\AppData\Local\Temp\ccyXa2fE.s 			page 6


  60              		.loc 1 226 0
  61 0022 224B     		ldr	r3, .L2+24
  62 0024 0022     		mov	r2, #0
  63 0026 1A60     		str	r2, [r3]
 227:.\Generated_Source\PSoC4/I2CVuggesystem_EZI2C.c **** 
 228:.\Generated_Source\PSoC4/I2CVuggesystem_EZI2C.c ****         /* Set default address and mask */
 229:.\Generated_Source\PSoC4/I2CVuggesystem_EZI2C.c ****         I2CVuggesystem_RX_MATCH_REG     = I2CVuggesystem_EZI2C_DEFAULT_RX_MATCH;
  64              		.loc 1 229 0
  65 0028 214B     		ldr	r3, .L2+28
  66 002a 224A     		ldr	r2, .L2+32
  67 002c 1A60     		str	r2, [r3]
 230:.\Generated_Source\PSoC4/I2CVuggesystem_EZI2C.c **** 
 231:.\Generated_Source\PSoC4/I2CVuggesystem_EZI2C.c ****         /* Configure TX direction */
 232:.\Generated_Source\PSoC4/I2CVuggesystem_EZI2C.c ****         I2CVuggesystem_TX_CTRL_REG      = I2CVuggesystem_EZI2C_DEFAULT_TX_CTRL;
  68              		.loc 1 232 0
  69 002e 224B     		ldr	r3, .L2+36
  70 0030 1D4A     		ldr	r2, .L2+20
  71 0032 1A60     		str	r2, [r3]
 233:.\Generated_Source\PSoC4/I2CVuggesystem_EZI2C.c ****         I2CVuggesystem_TX_FIFO_CTRL_REG = I2CVuggesystem_EZI2C_DEFAULT_TX_FIFO_CTRL;
  72              		.loc 1 233 0
  73 0034 214B     		ldr	r3, .L2+40
  74 0036 0022     		mov	r2, #0
  75 0038 1A60     		str	r2, [r3]
 234:.\Generated_Source\PSoC4/I2CVuggesystem_EZI2C.c **** 
 235:.\Generated_Source\PSoC4/I2CVuggesystem_EZI2C.c ****         /* Configure interrupt with EZI2C handler but do not enable it */
 236:.\Generated_Source\PSoC4/I2CVuggesystem_EZI2C.c ****     #if !defined (CY_EXTERNAL_INTERRUPT_CONFIG)
 237:.\Generated_Source\PSoC4/I2CVuggesystem_EZI2C.c ****         CyIntDisable    (I2CVuggesystem_ISR_NUMBER);
  76              		.loc 1 237 0
  77 003a 0A20     		mov	r0, #10
  78 003c FFF7FEFF 		bl	CyIntDisable
 238:.\Generated_Source\PSoC4/I2CVuggesystem_EZI2C.c ****         CyIntSetPriority(I2CVuggesystem_ISR_NUMBER, I2CVuggesystem_ISR_PRIORITY);
  79              		.loc 1 238 0
  80 0040 0A20     		mov	r0, #10
  81 0042 0321     		mov	r1, #3
  82 0044 FFF7FEFF 		bl	CyIntSetPriority
 239:.\Generated_Source\PSoC4/I2CVuggesystem_EZI2C.c **** 
 240:.\Generated_Source\PSoC4/I2CVuggesystem_EZI2C.c ****     #if (I2CVuggesystem_EZI2C_SCL_STRETCH_ENABLE_CONST)
 241:.\Generated_Source\PSoC4/I2CVuggesystem_EZI2C.c ****         (void) CyIntSetVector(I2CVuggesystem_ISR_NUMBER, &I2CVuggesystem_EZI2C_STRETCH_ISR);
  83              		.loc 1 241 0
  84 0048 1D4B     		ldr	r3, .L2+44
  85 004a 0A20     		mov	r0, #10
  86 004c 191C     		mov	r1, r3
  87 004e FFF7FEFF 		bl	CyIntSetVector
 242:.\Generated_Source\PSoC4/I2CVuggesystem_EZI2C.c ****     #else
 243:.\Generated_Source\PSoC4/I2CVuggesystem_EZI2C.c ****         (void) CyIntSetVector(I2CVuggesystem_ISR_NUMBER, &I2CVuggesystem_EZI2C_NO_STRETCH_ISR);
 244:.\Generated_Source\PSoC4/I2CVuggesystem_EZI2C.c ****     #endif /* (I2CVuggesystem_EZI2C_SCL_STRETCH_ENABLE_CONST) */
 245:.\Generated_Source\PSoC4/I2CVuggesystem_EZI2C.c **** 
 246:.\Generated_Source\PSoC4/I2CVuggesystem_EZI2C.c ****     #endif /* !defined (CY_EXTERNAL_INTERRUPT_CONFIG) */
 247:.\Generated_Source\PSoC4/I2CVuggesystem_EZI2C.c **** 
 248:.\Generated_Source\PSoC4/I2CVuggesystem_EZI2C.c ****         /* Configure interrupt sources */
 249:.\Generated_Source\PSoC4/I2CVuggesystem_EZI2C.c ****     #if (!I2CVuggesystem_CY_SCBIP_V1)
 250:.\Generated_Source\PSoC4/I2CVuggesystem_EZI2C.c ****         I2CVuggesystem_INTR_SPI_EC_MASK_REG = I2CVuggesystem_EZI2C_DEFAULT_INTR_SPI_EC_MASK;
  88              		.loc 1 250 0
  89 0052 1C4B     		ldr	r3, .L2+48
  90 0054 0022     		mov	r2, #0
  91 0056 1A60     		str	r2, [r3]
 251:.\Generated_Source\PSoC4/I2CVuggesystem_EZI2C.c ****     #endif /* (!I2CVuggesystem_CY_SCBIP_V1) */
ARM GAS  C:\Users\Felix\AppData\Local\Temp\ccyXa2fE.s 			page 7


 252:.\Generated_Source\PSoC4/I2CVuggesystem_EZI2C.c **** 
 253:.\Generated_Source\PSoC4/I2CVuggesystem_EZI2C.c ****         I2CVuggesystem_INTR_I2C_EC_MASK_REG = I2CVuggesystem_EZI2C_DEFAULT_INTR_I2C_EC_MASK;
  92              		.loc 1 253 0
  93 0058 1B4B     		ldr	r3, .L2+52
  94 005a 0022     		mov	r2, #0
  95 005c 1A60     		str	r2, [r3]
 254:.\Generated_Source\PSoC4/I2CVuggesystem_EZI2C.c ****         I2CVuggesystem_INTR_SLAVE_MASK_REG  = I2CVuggesystem_EZI2C_DEFAULT_INTR_SLAVE_MASK;
  96              		.loc 1 254 0
  97 005e 1B4B     		ldr	r3, .L2+56
  98 0060 5222     		mov	r2, #82
  99 0062 FF32     		add	r2, r2, #255
 100 0064 1A60     		str	r2, [r3]
 255:.\Generated_Source\PSoC4/I2CVuggesystem_EZI2C.c ****         I2CVuggesystem_INTR_MASTER_MASK_REG = I2CVuggesystem_EZI2C_DEFAULT_INTR_MASTER_MASK;
 101              		.loc 1 255 0
 102 0066 1A4B     		ldr	r3, .L2+60
 103 0068 0022     		mov	r2, #0
 104 006a 1A60     		str	r2, [r3]
 256:.\Generated_Source\PSoC4/I2CVuggesystem_EZI2C.c ****         I2CVuggesystem_INTR_RX_MASK_REG     = I2CVuggesystem_EZI2C_DEFAULT_INTR_RX_MASK;
 105              		.loc 1 256 0
 106 006c 194B     		ldr	r3, .L2+64
 107 006e 0022     		mov	r2, #0
 108 0070 1A60     		str	r2, [r3]
 257:.\Generated_Source\PSoC4/I2CVuggesystem_EZI2C.c ****         I2CVuggesystem_INTR_TX_MASK_REG     = I2CVuggesystem_EZI2C_DEFAULT_INTR_TX_MASK;
 109              		.loc 1 257 0
 110 0072 194B     		ldr	r3, .L2+68
 111 0074 0022     		mov	r2, #0
 112 0076 1A60     		str	r2, [r3]
 258:.\Generated_Source\PSoC4/I2CVuggesystem_EZI2C.c **** 
 259:.\Generated_Source\PSoC4/I2CVuggesystem_EZI2C.c ****         /* Configure global variables */
 260:.\Generated_Source\PSoC4/I2CVuggesystem_EZI2C.c ****         I2CVuggesystem_fsmState = I2CVuggesystem_EZI2C_FSM_IDLE;
 113              		.loc 1 260 0
 114 0078 184B     		ldr	r3, .L2+72
 115 007a 0022     		mov	r2, #0
 116 007c 1A70     		strb	r2, [r3]
 261:.\Generated_Source\PSoC4/I2CVuggesystem_EZI2C.c **** 
 262:.\Generated_Source\PSoC4/I2CVuggesystem_EZI2C.c ****         I2CVuggesystem_curStatus  = 0u;
 117              		.loc 1 262 0
 118 007e 184B     		ldr	r3, .L2+76
 119 0080 0022     		mov	r2, #0
 120 0082 1A70     		strb	r2, [r3]
 263:.\Generated_Source\PSoC4/I2CVuggesystem_EZI2C.c ****         I2CVuggesystem_indexBuf1  = 0u;
 121              		.loc 1 263 0
 122 0084 174B     		ldr	r3, .L2+80
 123 0086 0022     		mov	r2, #0
 124 0088 1A80     		strh	r2, [r3]
 264:.\Generated_Source\PSoC4/I2CVuggesystem_EZI2C.c ****         I2CVuggesystem_offsetBuf1 = 0u;
 125              		.loc 1 264 0
 126 008a 174B     		ldr	r3, .L2+84
 127 008c 0022     		mov	r2, #0
 128 008e 1A70     		strb	r2, [r3]
 265:.\Generated_Source\PSoC4/I2CVuggesystem_EZI2C.c **** 
 266:.\Generated_Source\PSoC4/I2CVuggesystem_EZI2C.c ****     #if(I2CVuggesystem_SECONDARY_ADDRESS_ENABLE_CONST)
 267:.\Generated_Source\PSoC4/I2CVuggesystem_EZI2C.c ****         I2CVuggesystem_indexBuf2  = 0u;
 268:.\Generated_Source\PSoC4/I2CVuggesystem_EZI2C.c ****         I2CVuggesystem_offsetBuf2 = 0u;
 269:.\Generated_Source\PSoC4/I2CVuggesystem_EZI2C.c **** 
 270:.\Generated_Source\PSoC4/I2CVuggesystem_EZI2C.c ****         I2CVuggesystem_addrBuf1 = I2CVuggesystem_EZI2C_PRIMARY_SLAVE_ADDRESS;
 271:.\Generated_Source\PSoC4/I2CVuggesystem_EZI2C.c ****         I2CVuggesystem_addrBuf2 = I2CVuggesystem_EZI2C_SECONDARY_SLAVE_ADDRESS;
ARM GAS  C:\Users\Felix\AppData\Local\Temp\ccyXa2fE.s 			page 8


 272:.\Generated_Source\PSoC4/I2CVuggesystem_EZI2C.c ****     #endif /* (I2CVuggesystem_SECONDARY_ADDRESS_ENABLE_CONST) */
 273:.\Generated_Source\PSoC4/I2CVuggesystem_EZI2C.c ****     }
 129              		.loc 1 273 0
 130 0090 BD46     		mov	sp, r7
 131              		@ sp needed
 132 0092 80BD     		pop	{r7, pc}
 133              	.L3:
 134              		.align	2
 135              	.L2:
 136 0094 00000640 		.word	1074135040
 137 0098 60000640 		.word	1074135136
 138 009c 00080040 		.word	1073743872
 139 00a0 70000640 		.word	1074135152
 140 00a4 00030640 		.word	1074135808
 141 00a8 07010080 		.word	-2147483385
 142 00ac 04030640 		.word	1074135812
 143 00b0 10030640 		.word	1074135824
 144 00b4 1000FE00 		.word	16646160
 145 00b8 00020640 		.word	1074135552
 146 00bc 04020640 		.word	1074135556
 147 00c0 00000000 		.word	I2CVuggesystem_EZI2C_STRETCH_ISR
 148 00c4 C80E0640 		.word	1074138824
 149 00c8 880E0640 		.word	1074138760
 150 00cc 480F0640 		.word	1074138952
 151 00d0 080F0640 		.word	1074138888
 152 00d4 C80F0640 		.word	1074139080
 153 00d8 880F0640 		.word	1074139016
 154 00dc 00000000 		.word	I2CVuggesystem_fsmState
 155 00e0 00000000 		.word	I2CVuggesystem_curStatus
 156 00e4 00000000 		.word	I2CVuggesystem_indexBuf1
 157 00e8 00000000 		.word	I2CVuggesystem_offsetBuf1
 158              		.cfi_endproc
 159              	.LFE0:
 160              		.size	I2CVuggesystem_EzI2CInit, .-I2CVuggesystem_EzI2CInit
 161              		.section	.text.I2CVuggesystem_EzI2CStop,"ax",%progbits
 162              		.align	2
 163              		.global	I2CVuggesystem_EzI2CStop
 164              		.code	16
 165              		.thumb_func
 166              		.type	I2CVuggesystem_EzI2CStop, %function
 167              	I2CVuggesystem_EzI2CStop:
 168              	.LFB1:
 274:.\Generated_Source\PSoC4/I2CVuggesystem_EZI2C.c **** #endif /* (I2CVuggesystem_SCB_MODE_UNCONFIG_CONST_CFG) */
 275:.\Generated_Source\PSoC4/I2CVuggesystem_EZI2C.c **** 
 276:.\Generated_Source\PSoC4/I2CVuggesystem_EZI2C.c **** 
 277:.\Generated_Source\PSoC4/I2CVuggesystem_EZI2C.c **** /*******************************************************************************
 278:.\Generated_Source\PSoC4/I2CVuggesystem_EZI2C.c **** * Function Name: I2CVuggesystem_EzI2CStop
 279:.\Generated_Source\PSoC4/I2CVuggesystem_EZI2C.c **** ********************************************************************************
 280:.\Generated_Source\PSoC4/I2CVuggesystem_EZI2C.c **** *
 281:.\Generated_Source\PSoC4/I2CVuggesystem_EZI2C.c **** * Summary:
 282:.\Generated_Source\PSoC4/I2CVuggesystem_EZI2C.c **** *  Resets the EZI2C FSM into a default state and disables TX interrupt sources.
 283:.\Generated_Source\PSoC4/I2CVuggesystem_EZI2C.c **** *
 284:.\Generated_Source\PSoC4/I2CVuggesystem_EZI2C.c **** * Parameters:
 285:.\Generated_Source\PSoC4/I2CVuggesystem_EZI2C.c **** *  None
 286:.\Generated_Source\PSoC4/I2CVuggesystem_EZI2C.c **** *
 287:.\Generated_Source\PSoC4/I2CVuggesystem_EZI2C.c **** * Return:
 288:.\Generated_Source\PSoC4/I2CVuggesystem_EZI2C.c **** *  None
ARM GAS  C:\Users\Felix\AppData\Local\Temp\ccyXa2fE.s 			page 9


 289:.\Generated_Source\PSoC4/I2CVuggesystem_EZI2C.c **** *
 290:.\Generated_Source\PSoC4/I2CVuggesystem_EZI2C.c **** *******************************************************************************/
 291:.\Generated_Source\PSoC4/I2CVuggesystem_EZI2C.c **** void I2CVuggesystem_EzI2CStop(void)
 292:.\Generated_Source\PSoC4/I2CVuggesystem_EZI2C.c **** {
 169              		.loc 1 292 0
 170              		.cfi_startproc
 171 0000 80B5     		push	{r7, lr}
 172              		.cfi_def_cfa_offset 8
 173              		.cfi_offset 7, -8
 174              		.cfi_offset 14, -4
 175 0002 00AF     		add	r7, sp, #0
 176              		.cfi_def_cfa_register 7
 293:.\Generated_Source\PSoC4/I2CVuggesystem_EZI2C.c ****     /* Disable TX interrupt sources in order not to  cause the false interrupts
 294:.\Generated_Source\PSoC4/I2CVuggesystem_EZI2C.c ****     * trigger. The incoming transaction will enable an appropriate TX interrupt.
 295:.\Generated_Source\PSoC4/I2CVuggesystem_EZI2C.c ****     */
 296:.\Generated_Source\PSoC4/I2CVuggesystem_EZI2C.c ****     I2CVuggesystem_SetTxInterruptMode(I2CVuggesystem_NO_INTR_SOURCES);
 177              		.loc 1 296 0
 178 0004 054B     		ldr	r3, .L5
 179 0006 0022     		mov	r2, #0
 180 0008 1A60     		str	r2, [r3]
 297:.\Generated_Source\PSoC4/I2CVuggesystem_EZI2C.c **** 
 298:.\Generated_Source\PSoC4/I2CVuggesystem_EZI2C.c **** #if(I2CVuggesystem_CY_SCBIP_V0)
 299:.\Generated_Source\PSoC4/I2CVuggesystem_EZI2C.c ****     /* Clear pending interrupt as after the block is disabled, the TX FIFO
 300:.\Generated_Source\PSoC4/I2CVuggesystem_EZI2C.c ****     * becomes empty and the block does not gate the interrupt sources when
 301:.\Generated_Source\PSoC4/I2CVuggesystem_EZI2C.c ****     * disabled.
 302:.\Generated_Source\PSoC4/I2CVuggesystem_EZI2C.c ****     */
 303:.\Generated_Source\PSoC4/I2CVuggesystem_EZI2C.c ****     I2CVuggesystem_ClearPendingInt();
 181              		.loc 1 303 0
 182 000a 0A20     		mov	r0, #10
 183 000c FFF7FEFF 		bl	CyIntClearPending
 304:.\Generated_Source\PSoC4/I2CVuggesystem_EZI2C.c **** #endif /* (I2CVuggesystem_CY_SCBIP_V0) */
 305:.\Generated_Source\PSoC4/I2CVuggesystem_EZI2C.c **** 
 306:.\Generated_Source\PSoC4/I2CVuggesystem_EZI2C.c ****     I2CVuggesystem_fsmState = I2CVuggesystem_EZI2C_FSM_IDLE;
 184              		.loc 1 306 0
 185 0010 034B     		ldr	r3, .L5+4
 186 0012 0022     		mov	r2, #0
 187 0014 1A70     		strb	r2, [r3]
 307:.\Generated_Source\PSoC4/I2CVuggesystem_EZI2C.c **** }
 188              		.loc 1 307 0
 189 0016 BD46     		mov	sp, r7
 190              		@ sp needed
 191 0018 80BD     		pop	{r7, pc}
 192              	.L6:
 193 001a C046     		.align	2
 194              	.L5:
 195 001c 880F0640 		.word	1074139016
 196 0020 00000000 		.word	I2CVuggesystem_fsmState
 197              		.cfi_endproc
 198              	.LFE1:
 199              		.size	I2CVuggesystem_EzI2CStop, .-I2CVuggesystem_EzI2CStop
 200              		.section	.text.I2CVuggesystem_EzI2CGetActivity,"ax",%progbits
 201              		.align	2
 202              		.global	I2CVuggesystem_EzI2CGetActivity
 203              		.code	16
 204              		.thumb_func
 205              		.type	I2CVuggesystem_EzI2CGetActivity, %function
 206              	I2CVuggesystem_EzI2CGetActivity:
ARM GAS  C:\Users\Felix\AppData\Local\Temp\ccyXa2fE.s 			page 10


 207              	.LFB2:
 308:.\Generated_Source\PSoC4/I2CVuggesystem_EZI2C.c **** 
 309:.\Generated_Source\PSoC4/I2CVuggesystem_EZI2C.c **** 
 310:.\Generated_Source\PSoC4/I2CVuggesystem_EZI2C.c **** /*******************************************************************************
 311:.\Generated_Source\PSoC4/I2CVuggesystem_EZI2C.c **** * Function Name: I2CVuggesystem_EzI2CGetActivity
 312:.\Generated_Source\PSoC4/I2CVuggesystem_EZI2C.c **** ********************************************************************************
 313:.\Generated_Source\PSoC4/I2CVuggesystem_EZI2C.c **** *
 314:.\Generated_Source\PSoC4/I2CVuggesystem_EZI2C.c **** * Summary:
 315:.\Generated_Source\PSoC4/I2CVuggesystem_EZI2C.c **** *  Returns the EZI2C slave status.
 316:.\Generated_Source\PSoC4/I2CVuggesystem_EZI2C.c **** *  The read, write and error status flags reset to zero after this function
 317:.\Generated_Source\PSoC4/I2CVuggesystem_EZI2C.c **** *  call. The busy status flag is cleared when the transaction intended for
 318:.\Generated_Source\PSoC4/I2CVuggesystem_EZI2C.c **** *  the EZI2C slave completes.
 319:.\Generated_Source\PSoC4/I2CVuggesystem_EZI2C.c **** *
 320:.\Generated_Source\PSoC4/I2CVuggesystem_EZI2C.c **** * Parameters:
 321:.\Generated_Source\PSoC4/I2CVuggesystem_EZI2C.c **** *  None
 322:.\Generated_Source\PSoC4/I2CVuggesystem_EZI2C.c **** *
 323:.\Generated_Source\PSoC4/I2CVuggesystem_EZI2C.c **** * Return:
 324:.\Generated_Source\PSoC4/I2CVuggesystem_EZI2C.c **** *  Returns the status of the EZI2C Slave activity.
 325:.\Generated_Source\PSoC4/I2CVuggesystem_EZI2C.c **** *
 326:.\Generated_Source\PSoC4/I2CVuggesystem_EZI2C.c **** *******************************************************************************/
 327:.\Generated_Source\PSoC4/I2CVuggesystem_EZI2C.c **** uint32 I2CVuggesystem_EzI2CGetActivity(void)
 328:.\Generated_Source\PSoC4/I2CVuggesystem_EZI2C.c **** {
 208              		.loc 1 328 0
 209              		.cfi_startproc
 210 0000 80B5     		push	{r7, lr}
 211              		.cfi_def_cfa_offset 8
 212              		.cfi_offset 7, -8
 213              		.cfi_offset 14, -4
 214 0002 82B0     		sub	sp, sp, #8
 215              		.cfi_def_cfa_offset 16
 216 0004 00AF     		add	r7, sp, #0
 217              		.cfi_def_cfa_register 7
 329:.\Generated_Source\PSoC4/I2CVuggesystem_EZI2C.c ****     uint32 status;
 330:.\Generated_Source\PSoC4/I2CVuggesystem_EZI2C.c **** 
 331:.\Generated_Source\PSoC4/I2CVuggesystem_EZI2C.c ****     I2CVuggesystem_DisableInt();  /* Lock from interruption */
 218              		.loc 1 331 0
 219 0006 0A20     		mov	r0, #10
 220 0008 FFF7FEFF 		bl	CyIntDisable
 332:.\Generated_Source\PSoC4/I2CVuggesystem_EZI2C.c **** 
 333:.\Generated_Source\PSoC4/I2CVuggesystem_EZI2C.c ****     status = I2CVuggesystem_curStatus;
 221              		.loc 1 333 0
 222 000c 094B     		ldr	r3, .L9
 223 000e 1B78     		ldrb	r3, [r3]
 224 0010 DBB2     		uxtb	r3, r3
 225 0012 7B60     		str	r3, [r7, #4]
 334:.\Generated_Source\PSoC4/I2CVuggesystem_EZI2C.c **** 
 335:.\Generated_Source\PSoC4/I2CVuggesystem_EZI2C.c ****     /* Relay on address match event from HW as bus busy status */
 336:.\Generated_Source\PSoC4/I2CVuggesystem_EZI2C.c ****     #if(I2CVuggesystem_EZI2C_SCL_STRETCH_DISABLE)
 337:.\Generated_Source\PSoC4/I2CVuggesystem_EZI2C.c ****     {
 338:.\Generated_Source\PSoC4/I2CVuggesystem_EZI2C.c ****         /* For I2CVuggesystem_CY_SCBIP_V0 the wake is prohibited by customizer */
 339:.\Generated_Source\PSoC4/I2CVuggesystem_EZI2C.c ****         #if(I2CVuggesystem_EZI2C_EC_AM_ENABLE)
 340:.\Generated_Source\PSoC4/I2CVuggesystem_EZI2C.c ****         {
 341:.\Generated_Source\PSoC4/I2CVuggesystem_EZI2C.c ****             status |= I2CVuggesystem_CHECK_INTR_I2C_EC(I2CVuggesystem_INTR_I2C_EC_WAKE_UP) ?
 342:.\Generated_Source\PSoC4/I2CVuggesystem_EZI2C.c ****                         I2CVuggesystem_EZI2C_STATUS_BUSY : 0u;
 343:.\Generated_Source\PSoC4/I2CVuggesystem_EZI2C.c ****         }
 344:.\Generated_Source\PSoC4/I2CVuggesystem_EZI2C.c ****         #else
 345:.\Generated_Source\PSoC4/I2CVuggesystem_EZI2C.c ****         {
ARM GAS  C:\Users\Felix\AppData\Local\Temp\ccyXa2fE.s 			page 11


 346:.\Generated_Source\PSoC4/I2CVuggesystem_EZI2C.c ****             status |= I2CVuggesystem_CHECK_INTR_SLAVE(I2CVuggesystem_INTR_SLAVE_I2C_ADDR_MATCH) ?
 347:.\Generated_Source\PSoC4/I2CVuggesystem_EZI2C.c ****                         I2CVuggesystem_EZI2C_STATUS_BUSY : 0u;
 348:.\Generated_Source\PSoC4/I2CVuggesystem_EZI2C.c ****         }
 349:.\Generated_Source\PSoC4/I2CVuggesystem_EZI2C.c ****         #endif
 350:.\Generated_Source\PSoC4/I2CVuggesystem_EZI2C.c ****     }
 351:.\Generated_Source\PSoC4/I2CVuggesystem_EZI2C.c ****     #endif
 352:.\Generated_Source\PSoC4/I2CVuggesystem_EZI2C.c **** 
 353:.\Generated_Source\PSoC4/I2CVuggesystem_EZI2C.c ****     I2CVuggesystem_curStatus &= ((uint8) ~I2CVuggesystem_EZI2C_CLEAR_STATUS);
 226              		.loc 1 353 0
 227 0014 074B     		ldr	r3, .L9
 228 0016 1B78     		ldrb	r3, [r3]
 229 0018 DBB2     		uxtb	r3, r3
 230 001a 1F22     		mov	r2, #31
 231 001c 9343     		bic	r3, r2
 232 001e DAB2     		uxtb	r2, r3
 233 0020 044B     		ldr	r3, .L9
 234 0022 1A70     		strb	r2, [r3]
 354:.\Generated_Source\PSoC4/I2CVuggesystem_EZI2C.c **** 
 355:.\Generated_Source\PSoC4/I2CVuggesystem_EZI2C.c ****     I2CVuggesystem_EnableInt();   /* Release lock */
 235              		.loc 1 355 0
 236 0024 0A20     		mov	r0, #10
 237 0026 FFF7FEFF 		bl	CyIntEnable
 356:.\Generated_Source\PSoC4/I2CVuggesystem_EZI2C.c **** 
 357:.\Generated_Source\PSoC4/I2CVuggesystem_EZI2C.c ****     return(status);
 238              		.loc 1 357 0
 239 002a 7B68     		ldr	r3, [r7, #4]
 358:.\Generated_Source\PSoC4/I2CVuggesystem_EZI2C.c **** }
 240              		.loc 1 358 0
 241 002c 181C     		mov	r0, r3
 242 002e BD46     		mov	sp, r7
 243 0030 02B0     		add	sp, sp, #8
 244              		@ sp needed
 245 0032 80BD     		pop	{r7, pc}
 246              	.L10:
 247              		.align	2
 248              	.L9:
 249 0034 00000000 		.word	I2CVuggesystem_curStatus
 250              		.cfi_endproc
 251              	.LFE2:
 252              		.size	I2CVuggesystem_EzI2CGetActivity, .-I2CVuggesystem_EzI2CGetActivity
 253              		.section	.text.I2CVuggesystem_EzI2CSetAddress1,"ax",%progbits
 254              		.align	2
 255              		.global	I2CVuggesystem_EzI2CSetAddress1
 256              		.code	16
 257              		.thumb_func
 258              		.type	I2CVuggesystem_EzI2CSetAddress1, %function
 259              	I2CVuggesystem_EzI2CSetAddress1:
 260              	.LFB3:
 359:.\Generated_Source\PSoC4/I2CVuggesystem_EZI2C.c **** 
 360:.\Generated_Source\PSoC4/I2CVuggesystem_EZI2C.c **** 
 361:.\Generated_Source\PSoC4/I2CVuggesystem_EZI2C.c **** /*******************************************************************************
 362:.\Generated_Source\PSoC4/I2CVuggesystem_EZI2C.c **** * Function Name: I2CVuggesystem_EzI2CSetAddress1
 363:.\Generated_Source\PSoC4/I2CVuggesystem_EZI2C.c **** ********************************************************************************
 364:.\Generated_Source\PSoC4/I2CVuggesystem_EZI2C.c **** *
 365:.\Generated_Source\PSoC4/I2CVuggesystem_EZI2C.c **** * Summary:
 366:.\Generated_Source\PSoC4/I2CVuggesystem_EZI2C.c **** *  Sets the primary I2C slave address.
 367:.\Generated_Source\PSoC4/I2CVuggesystem_EZI2C.c **** *
ARM GAS  C:\Users\Felix\AppData\Local\Temp\ccyXa2fE.s 			page 12


 368:.\Generated_Source\PSoC4/I2CVuggesystem_EZI2C.c **** * Parameters:
 369:.\Generated_Source\PSoC4/I2CVuggesystem_EZI2C.c **** *  address: I2C slave address for the secondary device.
 370:.\Generated_Source\PSoC4/I2CVuggesystem_EZI2C.c **** *           This address is the 7-bit right-justified slave address and does
 371:.\Generated_Source\PSoC4/I2CVuggesystem_EZI2C.c **** *           not include the R/W bit.
 372:.\Generated_Source\PSoC4/I2CVuggesystem_EZI2C.c **** *           This value may be any address between 0 and 127 (0x00 to 0x7F).
 373:.\Generated_Source\PSoC4/I2CVuggesystem_EZI2C.c **** *
 374:.\Generated_Source\PSoC4/I2CVuggesystem_EZI2C.c **** * Return:
 375:.\Generated_Source\PSoC4/I2CVuggesystem_EZI2C.c **** *  None
 376:.\Generated_Source\PSoC4/I2CVuggesystem_EZI2C.c **** *
 377:.\Generated_Source\PSoC4/I2CVuggesystem_EZI2C.c **** *******************************************************************************/
 378:.\Generated_Source\PSoC4/I2CVuggesystem_EZI2C.c **** void I2CVuggesystem_EzI2CSetAddress1(uint32 address)
 379:.\Generated_Source\PSoC4/I2CVuggesystem_EZI2C.c **** {
 261              		.loc 1 379 0
 262              		.cfi_startproc
 263 0000 80B5     		push	{r7, lr}
 264              		.cfi_def_cfa_offset 8
 265              		.cfi_offset 7, -8
 266              		.cfi_offset 14, -4
 267 0002 84B0     		sub	sp, sp, #16
 268              		.cfi_def_cfa_offset 24
 269 0004 00AF     		add	r7, sp, #0
 270              		.cfi_def_cfa_register 7
 271 0006 7860     		str	r0, [r7, #4]
 272              	.LBB2:
 380:.\Generated_Source\PSoC4/I2CVuggesystem_EZI2C.c ****     #if(I2CVuggesystem_SECONDARY_ADDRESS_ENABLE)
 381:.\Generated_Source\PSoC4/I2CVuggesystem_EZI2C.c ****     {
 382:.\Generated_Source\PSoC4/I2CVuggesystem_EZI2C.c ****         I2CVuggesystem_addrBuf1 = (uint8) address;
 383:.\Generated_Source\PSoC4/I2CVuggesystem_EZI2C.c **** 
 384:.\Generated_Source\PSoC4/I2CVuggesystem_EZI2C.c ****         I2CVuggesystem_RX_MATCH_REG = I2CVuggesystem_EzI2CUpdateRxMatchReg(address,
 385:.\Generated_Source\PSoC4/I2CVuggesystem_EZI2C.c ****                                                                                (uint32) I2CVuggesys
 386:.\Generated_Source\PSoC4/I2CVuggesystem_EZI2C.c ****     }
 387:.\Generated_Source\PSoC4/I2CVuggesystem_EZI2C.c ****     #else
 388:.\Generated_Source\PSoC4/I2CVuggesystem_EZI2C.c ****     {
 389:.\Generated_Source\PSoC4/I2CVuggesystem_EZI2C.c ****         uint32 matchReg;
 390:.\Generated_Source\PSoC4/I2CVuggesystem_EZI2C.c **** 
 391:.\Generated_Source\PSoC4/I2CVuggesystem_EZI2C.c ****         matchReg = I2CVuggesystem_RX_MATCH_REG;
 273              		.loc 1 391 0
 274 0008 094B     		ldr	r3, .L12
 275 000a 1B68     		ldr	r3, [r3]
 276 000c FB60     		str	r3, [r7, #12]
 392:.\Generated_Source\PSoC4/I2CVuggesystem_EZI2C.c **** 
 393:.\Generated_Source\PSoC4/I2CVuggesystem_EZI2C.c ****         matchReg &= ((uint32) ~I2CVuggesystem_RX_MATCH_ADDR_MASK);            /* Clear address bits
 277              		.loc 1 393 0
 278 000e FB68     		ldr	r3, [r7, #12]
 279 0010 FF22     		mov	r2, #255
 280 0012 9343     		bic	r3, r2
 281 0014 FB60     		str	r3, [r7, #12]
 394:.\Generated_Source\PSoC4/I2CVuggesystem_EZI2C.c ****         matchReg |= ((uint32)  I2CVuggesystem_GET_I2C_8BIT_ADDRESS(address)); /* Set mask */
 282              		.loc 1 394 0
 283 0016 7B68     		ldr	r3, [r7, #4]
 284 0018 5A00     		lsl	r2, r3, #1
 285 001a FF23     		mov	r3, #255
 286 001c 1340     		and	r3, r2
 287 001e FA68     		ldr	r2, [r7, #12]
 288 0020 1343     		orr	r3, r2
 289 0022 FB60     		str	r3, [r7, #12]
 395:.\Generated_Source\PSoC4/I2CVuggesystem_EZI2C.c **** 
ARM GAS  C:\Users\Felix\AppData\Local\Temp\ccyXa2fE.s 			page 13


 396:.\Generated_Source\PSoC4/I2CVuggesystem_EZI2C.c ****         I2CVuggesystem_RX_MATCH_REG = matchReg;
 290              		.loc 1 396 0
 291 0024 024B     		ldr	r3, .L12
 292 0026 FA68     		ldr	r2, [r7, #12]
 293 0028 1A60     		str	r2, [r3]
 294              	.LBE2:
 397:.\Generated_Source\PSoC4/I2CVuggesystem_EZI2C.c ****     }
 398:.\Generated_Source\PSoC4/I2CVuggesystem_EZI2C.c ****     #endif
 399:.\Generated_Source\PSoC4/I2CVuggesystem_EZI2C.c **** }
 295              		.loc 1 399 0
 296 002a BD46     		mov	sp, r7
 297 002c 04B0     		add	sp, sp, #16
 298              		@ sp needed
 299 002e 80BD     		pop	{r7, pc}
 300              	.L13:
 301              		.align	2
 302              	.L12:
 303 0030 10030640 		.word	1074135824
 304              		.cfi_endproc
 305              	.LFE3:
 306              		.size	I2CVuggesystem_EzI2CSetAddress1, .-I2CVuggesystem_EzI2CSetAddress1
 307              		.section	.text.I2CVuggesystem_EzI2CGetAddress1,"ax",%progbits
 308              		.align	2
 309              		.global	I2CVuggesystem_EzI2CGetAddress1
 310              		.code	16
 311              		.thumb_func
 312              		.type	I2CVuggesystem_EzI2CGetAddress1, %function
 313              	I2CVuggesystem_EzI2CGetAddress1:
 314              	.LFB4:
 400:.\Generated_Source\PSoC4/I2CVuggesystem_EZI2C.c **** 
 401:.\Generated_Source\PSoC4/I2CVuggesystem_EZI2C.c **** 
 402:.\Generated_Source\PSoC4/I2CVuggesystem_EZI2C.c **** /*******************************************************************************
 403:.\Generated_Source\PSoC4/I2CVuggesystem_EZI2C.c **** * Function Name: I2CVuggesystem_EzI2CGetAddress1
 404:.\Generated_Source\PSoC4/I2CVuggesystem_EZI2C.c **** ********************************************************************************
 405:.\Generated_Source\PSoC4/I2CVuggesystem_EZI2C.c **** *
 406:.\Generated_Source\PSoC4/I2CVuggesystem_EZI2C.c **** * Summary:
 407:.\Generated_Source\PSoC4/I2CVuggesystem_EZI2C.c **** *  Gets the primary I2C slave 7-bit address.
 408:.\Generated_Source\PSoC4/I2CVuggesystem_EZI2C.c **** *
 409:.\Generated_Source\PSoC4/I2CVuggesystem_EZI2C.c **** * Parameters:
 410:.\Generated_Source\PSoC4/I2CVuggesystem_EZI2C.c **** *  None
 411:.\Generated_Source\PSoC4/I2CVuggesystem_EZI2C.c **** *
 412:.\Generated_Source\PSoC4/I2CVuggesystem_EZI2C.c **** * Return:
 413:.\Generated_Source\PSoC4/I2CVuggesystem_EZI2C.c **** *  Returns I2C slave address for the primary device.
 414:.\Generated_Source\PSoC4/I2CVuggesystem_EZI2C.c **** *  This address is the 7-bit right-justified slave address and does not
 415:.\Generated_Source\PSoC4/I2CVuggesystem_EZI2C.c **** *  include the R/W bit.
 416:.\Generated_Source\PSoC4/I2CVuggesystem_EZI2C.c **** *  This value may be any address between 0 and 127 (0x00 to 0x7F).
 417:.\Generated_Source\PSoC4/I2CVuggesystem_EZI2C.c **** *
 418:.\Generated_Source\PSoC4/I2CVuggesystem_EZI2C.c **** *******************************************************************************/
 419:.\Generated_Source\PSoC4/I2CVuggesystem_EZI2C.c **** uint32 I2CVuggesystem_EzI2CGetAddress1(void)
 420:.\Generated_Source\PSoC4/I2CVuggesystem_EZI2C.c **** {
 315              		.loc 1 420 0
 316              		.cfi_startproc
 317 0000 80B5     		push	{r7, lr}
 318              		.cfi_def_cfa_offset 8
 319              		.cfi_offset 7, -8
 320              		.cfi_offset 14, -4
 321 0002 82B0     		sub	sp, sp, #8
ARM GAS  C:\Users\Felix\AppData\Local\Temp\ccyXa2fE.s 			page 14


 322              		.cfi_def_cfa_offset 16
 323 0004 00AF     		add	r7, sp, #0
 324              		.cfi_def_cfa_register 7
 421:.\Generated_Source\PSoC4/I2CVuggesystem_EZI2C.c ****     uint32 address;
 422:.\Generated_Source\PSoC4/I2CVuggesystem_EZI2C.c **** 
 423:.\Generated_Source\PSoC4/I2CVuggesystem_EZI2C.c ****     #if(I2CVuggesystem_SECONDARY_ADDRESS_ENABLE)
 424:.\Generated_Source\PSoC4/I2CVuggesystem_EZI2C.c ****     {
 425:.\Generated_Source\PSoC4/I2CVuggesystem_EZI2C.c ****         address = (uint32) I2CVuggesystem_addrBuf1;
 426:.\Generated_Source\PSoC4/I2CVuggesystem_EZI2C.c ****     }
 427:.\Generated_Source\PSoC4/I2CVuggesystem_EZI2C.c ****     #else
 428:.\Generated_Source\PSoC4/I2CVuggesystem_EZI2C.c ****     {
 429:.\Generated_Source\PSoC4/I2CVuggesystem_EZI2C.c ****         address = (I2CVuggesystem_GET_RX_MATCH_ADDR(I2CVuggesystem_RX_MATCH_REG) >>
 325              		.loc 1 429 0
 326 0006 054B     		ldr	r3, .L16
 327 0008 1A68     		ldr	r2, [r3]
 328 000a FF23     		mov	r3, #255
 329 000c 1340     		and	r3, r2
 330 000e 5B08     		lsr	r3, r3, #1
 331 0010 7B60     		str	r3, [r7, #4]
 430:.\Generated_Source\PSoC4/I2CVuggesystem_EZI2C.c ****                    I2CVuggesystem_I2C_SLAVE_ADDR_POS);
 431:.\Generated_Source\PSoC4/I2CVuggesystem_EZI2C.c ****     }
 432:.\Generated_Source\PSoC4/I2CVuggesystem_EZI2C.c ****     #endif
 433:.\Generated_Source\PSoC4/I2CVuggesystem_EZI2C.c **** 
 434:.\Generated_Source\PSoC4/I2CVuggesystem_EZI2C.c ****     return(address);
 332              		.loc 1 434 0
 333 0012 7B68     		ldr	r3, [r7, #4]
 435:.\Generated_Source\PSoC4/I2CVuggesystem_EZI2C.c **** }
 334              		.loc 1 435 0
 335 0014 181C     		mov	r0, r3
 336 0016 BD46     		mov	sp, r7
 337 0018 02B0     		add	sp, sp, #8
 338              		@ sp needed
 339 001a 80BD     		pop	{r7, pc}
 340              	.L17:
 341              		.align	2
 342              	.L16:
 343 001c 10030640 		.word	1074135824
 344              		.cfi_endproc
 345              	.LFE4:
 346              		.size	I2CVuggesystem_EzI2CGetAddress1, .-I2CVuggesystem_EzI2CGetAddress1
 347              		.section	.text.I2CVuggesystem_EzI2CSetBuffer1,"ax",%progbits
 348              		.align	2
 349              		.global	I2CVuggesystem_EzI2CSetBuffer1
 350              		.code	16
 351              		.thumb_func
 352              		.type	I2CVuggesystem_EzI2CSetBuffer1, %function
 353              	I2CVuggesystem_EzI2CSetBuffer1:
 354              	.LFB5:
 436:.\Generated_Source\PSoC4/I2CVuggesystem_EZI2C.c **** 
 437:.\Generated_Source\PSoC4/I2CVuggesystem_EZI2C.c **** 
 438:.\Generated_Source\PSoC4/I2CVuggesystem_EZI2C.c **** /*******************************************************************************
 439:.\Generated_Source\PSoC4/I2CVuggesystem_EZI2C.c **** * Function Name: I2CVuggesystem_EzI2CSetBuffer1
 440:.\Generated_Source\PSoC4/I2CVuggesystem_EZI2C.c **** ********************************************************************************
 441:.\Generated_Source\PSoC4/I2CVuggesystem_EZI2C.c **** *
 442:.\Generated_Source\PSoC4/I2CVuggesystem_EZI2C.c **** * Summary:
 443:.\Generated_Source\PSoC4/I2CVuggesystem_EZI2C.c **** *  Sets up the data buffer to be exposed to the I2C master on a primary slave
 444:.\Generated_Source\PSoC4/I2CVuggesystem_EZI2C.c **** *  address request.
ARM GAS  C:\Users\Felix\AppData\Local\Temp\ccyXa2fE.s 			page 15


 445:.\Generated_Source\PSoC4/I2CVuggesystem_EZI2C.c **** *
 446:.\Generated_Source\PSoC4/I2CVuggesystem_EZI2C.c **** * Parameters:
 447:.\Generated_Source\PSoC4/I2CVuggesystem_EZI2C.c **** *  bufSize: Size of the buffer in bytes.
 448:.\Generated_Source\PSoC4/I2CVuggesystem_EZI2C.c **** *  rwBoundary: Sets how many bytes are writeable in the beginning of the buffer.
 449:.\Generated_Source\PSoC4/I2CVuggesystem_EZI2C.c **** *              This value must be less than or equal to the buffer size.
 450:.\Generated_Source\PSoC4/I2CVuggesystem_EZI2C.c **** *              Data located at offset rwBoundry and greater are read only.
 451:.\Generated_Source\PSoC4/I2CVuggesystem_EZI2C.c **** *  buffer: Pointer to the data buffer.
 452:.\Generated_Source\PSoC4/I2CVuggesystem_EZI2C.c **** *
 453:.\Generated_Source\PSoC4/I2CVuggesystem_EZI2C.c **** * Return:
 454:.\Generated_Source\PSoC4/I2CVuggesystem_EZI2C.c **** *  None
 455:.\Generated_Source\PSoC4/I2CVuggesystem_EZI2C.c **** *
 456:.\Generated_Source\PSoC4/I2CVuggesystem_EZI2C.c **** *******************************************************************************/
 457:.\Generated_Source\PSoC4/I2CVuggesystem_EZI2C.c **** void I2CVuggesystem_EzI2CSetBuffer1(uint32 bufSize, uint32 rwBoundary, volatile uint8 * buffer)
 458:.\Generated_Source\PSoC4/I2CVuggesystem_EZI2C.c **** {
 355              		.loc 1 458 0
 356              		.cfi_startproc
 357 0000 80B5     		push	{r7, lr}
 358              		.cfi_def_cfa_offset 8
 359              		.cfi_offset 7, -8
 360              		.cfi_offset 14, -4
 361 0002 84B0     		sub	sp, sp, #16
 362              		.cfi_def_cfa_offset 24
 363 0004 00AF     		add	r7, sp, #0
 364              		.cfi_def_cfa_register 7
 365 0006 F860     		str	r0, [r7, #12]
 366 0008 B960     		str	r1, [r7, #8]
 367 000a 7A60     		str	r2, [r7, #4]
 459:.\Generated_Source\PSoC4/I2CVuggesystem_EZI2C.c ****     if (NULL != buffer)
 368              		.loc 1 459 0
 369 000c 7B68     		ldr	r3, [r7, #4]
 370 000e 002B     		cmp	r3, #0
 371 0010 10D0     		beq	.L18
 460:.\Generated_Source\PSoC4/I2CVuggesystem_EZI2C.c ****     {
 461:.\Generated_Source\PSoC4/I2CVuggesystem_EZI2C.c ****         I2CVuggesystem_DisableInt();  /* Lock from interruption */
 372              		.loc 1 461 0
 373 0012 0A20     		mov	r0, #10
 374 0014 FFF7FEFF 		bl	CyIntDisable
 462:.\Generated_Source\PSoC4/I2CVuggesystem_EZI2C.c **** 
 463:.\Generated_Source\PSoC4/I2CVuggesystem_EZI2C.c ****         I2CVuggesystem_dataBuffer1 =  buffer;
 375              		.loc 1 463 0
 376 0018 084B     		ldr	r3, .L20
 377 001a 7A68     		ldr	r2, [r7, #4]
 378 001c 1A60     		str	r2, [r3]
 464:.\Generated_Source\PSoC4/I2CVuggesystem_EZI2C.c ****         I2CVuggesystem_bufSizeBuf1 = (uint16) bufSize;
 379              		.loc 1 464 0
 380 001e FB68     		ldr	r3, [r7, #12]
 381 0020 9AB2     		uxth	r2, r3
 382 0022 074B     		ldr	r3, .L20+4
 383 0024 1A80     		strh	r2, [r3]
 465:.\Generated_Source\PSoC4/I2CVuggesystem_EZI2C.c ****         I2CVuggesystem_protectBuf1 = (uint16) rwBoundary;
 384              		.loc 1 465 0
 385 0026 BB68     		ldr	r3, [r7, #8]
 386 0028 9AB2     		uxth	r2, r3
 387 002a 064B     		ldr	r3, .L20+8
 388 002c 1A80     		strh	r2, [r3]
 466:.\Generated_Source\PSoC4/I2CVuggesystem_EZI2C.c **** 
 467:.\Generated_Source\PSoC4/I2CVuggesystem_EZI2C.c ****         I2CVuggesystem_EnableInt();   /* Release lock */
ARM GAS  C:\Users\Felix\AppData\Local\Temp\ccyXa2fE.s 			page 16


 389              		.loc 1 467 0
 390 002e 0A20     		mov	r0, #10
 391 0030 FFF7FEFF 		bl	CyIntEnable
 392              	.L18:
 468:.\Generated_Source\PSoC4/I2CVuggesystem_EZI2C.c ****     }
 469:.\Generated_Source\PSoC4/I2CVuggesystem_EZI2C.c **** }
 393              		.loc 1 469 0
 394 0034 BD46     		mov	sp, r7
 395 0036 04B0     		add	sp, sp, #16
 396              		@ sp needed
 397 0038 80BD     		pop	{r7, pc}
 398              	.L21:
 399 003a C046     		.align	2
 400              	.L20:
 401 003c 00000000 		.word	I2CVuggesystem_dataBuffer1
 402 0040 00000000 		.word	I2CVuggesystem_bufSizeBuf1
 403 0044 00000000 		.word	I2CVuggesystem_protectBuf1
 404              		.cfi_endproc
 405              	.LFE5:
 406              		.size	I2CVuggesystem_EzI2CSetBuffer1, .-I2CVuggesystem_EzI2CSetBuffer1
 407              		.section	.text.I2CVuggesystem_EzI2CSetReadBoundaryBuffer1,"ax",%progbits
 408              		.align	2
 409              		.global	I2CVuggesystem_EzI2CSetReadBoundaryBuffer1
 410              		.code	16
 411              		.thumb_func
 412              		.type	I2CVuggesystem_EzI2CSetReadBoundaryBuffer1, %function
 413              	I2CVuggesystem_EzI2CSetReadBoundaryBuffer1:
 414              	.LFB6:
 470:.\Generated_Source\PSoC4/I2CVuggesystem_EZI2C.c **** 
 471:.\Generated_Source\PSoC4/I2CVuggesystem_EZI2C.c **** 
 472:.\Generated_Source\PSoC4/I2CVuggesystem_EZI2C.c **** /*******************************************************************************
 473:.\Generated_Source\PSoC4/I2CVuggesystem_EZI2C.c **** * Function Name: I2CVuggesystem_EzI2CSetReadBoundaryBuffer1
 474:.\Generated_Source\PSoC4/I2CVuggesystem_EZI2C.c **** ********************************************************************************
 475:.\Generated_Source\PSoC4/I2CVuggesystem_EZI2C.c **** *
 476:.\Generated_Source\PSoC4/I2CVuggesystem_EZI2C.c **** * Summary:
 477:.\Generated_Source\PSoC4/I2CVuggesystem_EZI2C.c **** *  Sets the read only boundary in the data buffer to be exposed to the I2C
 478:.\Generated_Source\PSoC4/I2CVuggesystem_EZI2C.c **** *  master on a primary slave address request.
 479:.\Generated_Source\PSoC4/I2CVuggesystem_EZI2C.c **** *
 480:.\Generated_Source\PSoC4/I2CVuggesystem_EZI2C.c **** * Parameters:
 481:.\Generated_Source\PSoC4/I2CVuggesystem_EZI2C.c **** *  rwBoundry: Sets how many bytes are writeable in the beginning of the buffer.
 482:.\Generated_Source\PSoC4/I2CVuggesystem_EZI2C.c **** *             This value must be less than or equal to the buffer size.
 483:.\Generated_Source\PSoC4/I2CVuggesystem_EZI2C.c **** *             Data located at offset rwBoundry and greater are read only.
 484:.\Generated_Source\PSoC4/I2CVuggesystem_EZI2C.c **** *
 485:.\Generated_Source\PSoC4/I2CVuggesystem_EZI2C.c **** * Return:
 486:.\Generated_Source\PSoC4/I2CVuggesystem_EZI2C.c **** *  None
 487:.\Generated_Source\PSoC4/I2CVuggesystem_EZI2C.c **** *
 488:.\Generated_Source\PSoC4/I2CVuggesystem_EZI2C.c **** *******************************************************************************/
 489:.\Generated_Source\PSoC4/I2CVuggesystem_EZI2C.c **** void I2CVuggesystem_EzI2CSetReadBoundaryBuffer1(uint32 rwBoundary)
 490:.\Generated_Source\PSoC4/I2CVuggesystem_EZI2C.c **** {
 415              		.loc 1 490 0
 416              		.cfi_startproc
 417 0000 80B5     		push	{r7, lr}
 418              		.cfi_def_cfa_offset 8
 419              		.cfi_offset 7, -8
 420              		.cfi_offset 14, -4
 421 0002 82B0     		sub	sp, sp, #8
 422              		.cfi_def_cfa_offset 16
ARM GAS  C:\Users\Felix\AppData\Local\Temp\ccyXa2fE.s 			page 17


 423 0004 00AF     		add	r7, sp, #0
 424              		.cfi_def_cfa_register 7
 425 0006 7860     		str	r0, [r7, #4]
 491:.\Generated_Source\PSoC4/I2CVuggesystem_EZI2C.c ****     I2CVuggesystem_protectBuf1 = (uint16) rwBoundary;
 426              		.loc 1 491 0
 427 0008 7B68     		ldr	r3, [r7, #4]
 428 000a 9AB2     		uxth	r2, r3
 429 000c 024B     		ldr	r3, .L23
 430 000e 1A80     		strh	r2, [r3]
 492:.\Generated_Source\PSoC4/I2CVuggesystem_EZI2C.c **** }
 431              		.loc 1 492 0
 432 0010 BD46     		mov	sp, r7
 433 0012 02B0     		add	sp, sp, #8
 434              		@ sp needed
 435 0014 80BD     		pop	{r7, pc}
 436              	.L24:
 437 0016 C046     		.align	2
 438              	.L23:
 439 0018 00000000 		.word	I2CVuggesystem_protectBuf1
 440              		.cfi_endproc
 441              	.LFE6:
 442              		.size	I2CVuggesystem_EzI2CSetReadBoundaryBuffer1, .-I2CVuggesystem_EzI2CSetReadBoundaryBuffer1
 443              		.text
 444              	.Letext0:
 445              		.file 2 ".\\Generated_Source\\PSoC4/cytypes.h"
 446              		.section	.debug_info,"",%progbits
 447              	.Ldebug_info0:
 448 0000 58020000 		.4byte	0x258
 449 0004 0400     		.2byte	0x4
 450 0006 00000000 		.4byte	.Ldebug_abbrev0
 451 000a 04       		.byte	0x4
 452 000b 01       		.uleb128 0x1
 453 000c 00010000 		.4byte	.LASF37
 454 0010 01       		.byte	0x1
 455 0011 58000000 		.4byte	.LASF38
 456 0015 0F030000 		.4byte	.LASF39
 457 0019 00000000 		.4byte	.Ldebug_ranges0+0
 458 001d 00000000 		.4byte	0
 459 0021 00000000 		.4byte	.Ldebug_line0
 460 0025 02       		.uleb128 0x2
 461 0026 01       		.byte	0x1
 462 0027 06       		.byte	0x6
 463 0028 C3020000 		.4byte	.LASF0
 464 002c 02       		.uleb128 0x2
 465 002d 01       		.byte	0x1
 466 002e 08       		.byte	0x8
 467 002f A7010000 		.4byte	.LASF1
 468 0033 02       		.uleb128 0x2
 469 0034 02       		.byte	0x2
 470 0035 05       		.byte	0x5
 471 0036 6D020000 		.4byte	.LASF2
 472 003a 02       		.uleb128 0x2
 473 003b 02       		.byte	0x2
 474 003c 07       		.byte	0x7
 475 003d 88000000 		.4byte	.LASF3
 476 0041 02       		.uleb128 0x2
 477 0042 04       		.byte	0x4
ARM GAS  C:\Users\Felix\AppData\Local\Temp\ccyXa2fE.s 			page 18


 478 0043 05       		.byte	0x5
 479 0044 B1020000 		.4byte	.LASF4
 480 0048 02       		.uleb128 0x2
 481 0049 04       		.byte	0x4
 482 004a 07       		.byte	0x7
 483 004b B5010000 		.4byte	.LASF5
 484 004f 02       		.uleb128 0x2
 485 0050 08       		.byte	0x8
 486 0051 05       		.byte	0x5
 487 0052 53020000 		.4byte	.LASF6
 488 0056 02       		.uleb128 0x2
 489 0057 08       		.byte	0x8
 490 0058 07       		.byte	0x7
 491 0059 2C020000 		.4byte	.LASF7
 492 005d 03       		.uleb128 0x3
 493 005e 04       		.byte	0x4
 494 005f 05       		.byte	0x5
 495 0060 696E7400 		.ascii	"int\000"
 496 0064 02       		.uleb128 0x2
 497 0065 04       		.byte	0x4
 498 0066 07       		.byte	0x7
 499 0067 FC010000 		.4byte	.LASF8
 500 006b 04       		.uleb128 0x4
 501 006c C7010000 		.4byte	.LASF9
 502 0070 02       		.byte	0x2
 503 0071 A1       		.byte	0xa1
 504 0072 2C000000 		.4byte	0x2c
 505 0076 04       		.uleb128 0x4
 506 0077 EE010000 		.4byte	.LASF10
 507 007b 02       		.byte	0x2
 508 007c A2       		.byte	0xa2
 509 007d 3A000000 		.4byte	0x3a
 510 0081 04       		.uleb128 0x4
 511 0082 F5010000 		.4byte	.LASF11
 512 0086 02       		.byte	0x2
 513 0087 A3       		.byte	0xa3
 514 0088 48000000 		.4byte	0x48
 515 008c 02       		.uleb128 0x2
 516 008d 04       		.byte	0x4
 517 008e 04       		.byte	0x4
 518 008f FA000000 		.4byte	.LASF12
 519 0093 02       		.uleb128 0x2
 520 0094 08       		.byte	0x8
 521 0095 04       		.byte	0x4
 522 0096 CD010000 		.4byte	.LASF13
 523 009a 02       		.uleb128 0x2
 524 009b 01       		.byte	0x1
 525 009c 08       		.byte	0x8
 526 009d 68020000 		.4byte	.LASF14
 527 00a1 05       		.uleb128 0x5
 528 00a2 6B000000 		.4byte	0x6b
 529 00a6 06       		.uleb128 0x6
 530 00a7 00000000 		.4byte	.LASF15
 531 00ab 02       		.byte	0x2
 532 00ac 4D01     		.2byte	0x14d
 533 00ae B2000000 		.4byte	0xb2
 534 00b2 05       		.uleb128 0x5
ARM GAS  C:\Users\Felix\AppData\Local\Temp\ccyXa2fE.s 			page 19


 535 00b3 81000000 		.4byte	0x81
 536 00b7 02       		.uleb128 0x2
 537 00b8 04       		.byte	0x4
 538 00b9 07       		.byte	0x7
 539 00ba 4A020000 		.4byte	.LASF16
 540 00be 07       		.uleb128 0x7
 541 00bf 98020000 		.4byte	.LASF17
 542 00c3 01       		.byte	0x1
 543 00c4 D5       		.byte	0xd5
 544 00c5 00000000 		.4byte	.LFB0
 545 00c9 EC000000 		.4byte	.LFE0-.LFB0
 546 00cd 01       		.uleb128 0x1
 547 00ce 9C       		.byte	0x9c
 548 00cf 08       		.uleb128 0x8
 549 00d0 76030000 		.4byte	.LASF18
 550 00d4 01       		.byte	0x1
 551 00d5 2301     		.2byte	0x123
 552 00d7 00000000 		.4byte	.LFB1
 553 00db 24000000 		.4byte	.LFE1-.LFB1
 554 00df 01       		.uleb128 0x1
 555 00e0 9C       		.byte	0x9c
 556 00e1 09       		.uleb128 0x9
 557 00e2 CF020000 		.4byte	.LASF21
 558 00e6 01       		.byte	0x1
 559 00e7 4701     		.2byte	0x147
 560 00e9 81000000 		.4byte	0x81
 561 00ed 00000000 		.4byte	.LFB2
 562 00f1 38000000 		.4byte	.LFE2-.LFB2
 563 00f5 01       		.uleb128 0x1
 564 00f6 9C       		.byte	0x9c
 565 00f7 0B010000 		.4byte	0x10b
 566 00fb 0A       		.uleb128 0xa
 567 00fc 61020000 		.4byte	.LASF19
 568 0100 01       		.byte	0x1
 569 0101 4901     		.2byte	0x149
 570 0103 81000000 		.4byte	0x81
 571 0107 02       		.uleb128 0x2
 572 0108 91       		.byte	0x91
 573 0109 74       		.sleb128 -12
 574 010a 00       		.byte	0
 575 010b 0B       		.uleb128 0xb
 576 010c BF000000 		.4byte	.LASF24
 577 0110 01       		.byte	0x1
 578 0111 7A01     		.2byte	0x17a
 579 0113 00000000 		.4byte	.LFB3
 580 0117 34000000 		.4byte	.LFE3-.LFB3
 581 011b 01       		.uleb128 0x1
 582 011c 9C       		.byte	0x9c
 583 011d 4A010000 		.4byte	0x14a
 584 0121 0C       		.uleb128 0xc
 585 0122 24020000 		.4byte	.LASF23
 586 0126 01       		.byte	0x1
 587 0127 7A01     		.2byte	0x17a
 588 0129 81000000 		.4byte	0x81
 589 012d 02       		.uleb128 0x2
 590 012e 91       		.byte	0x91
 591 012f 6C       		.sleb128 -20
ARM GAS  C:\Users\Felix\AppData\Local\Temp\ccyXa2fE.s 			page 20


 592 0130 0D       		.uleb128 0xd
 593 0131 08000000 		.4byte	.LBB2
 594 0135 22000000 		.4byte	.LBE2-.LBB2
 595 0139 0A       		.uleb128 0xa
 596 013a BA020000 		.4byte	.LASF20
 597 013e 01       		.byte	0x1
 598 013f 8501     		.2byte	0x185
 599 0141 81000000 		.4byte	0x81
 600 0145 02       		.uleb128 0x2
 601 0146 91       		.byte	0x91
 602 0147 74       		.sleb128 -12
 603 0148 00       		.byte	0
 604 0149 00       		.byte	0
 605 014a 0E       		.uleb128 0xe
 606 014b EF020000 		.4byte	.LASF22
 607 014f 01       		.byte	0x1
 608 0150 A301     		.2byte	0x1a3
 609 0152 81000000 		.4byte	0x81
 610 0156 00000000 		.4byte	.LFB4
 611 015a 20000000 		.4byte	.LFE4-.LFB4
 612 015e 01       		.uleb128 0x1
 613 015f 9C       		.byte	0x9c
 614 0160 74010000 		.4byte	0x174
 615 0164 0A       		.uleb128 0xa
 616 0165 24020000 		.4byte	.LASF23
 617 0169 01       		.byte	0x1
 618 016a A501     		.2byte	0x1a5
 619 016c 81000000 		.4byte	0x81
 620 0170 02       		.uleb128 0x2
 621 0171 91       		.byte	0x91
 622 0172 74       		.sleb128 -12
 623 0173 00       		.byte	0
 624 0174 0F       		.uleb128 0xf
 625 0175 21000000 		.4byte	.LASF25
 626 0179 01       		.byte	0x1
 627 017a C901     		.2byte	0x1c9
 628 017c 00000000 		.4byte	.LFB5
 629 0180 48000000 		.4byte	.LFE5-.LFB5
 630 0184 01       		.uleb128 0x1
 631 0185 9C       		.byte	0x9c
 632 0186 B8010000 		.4byte	0x1b8
 633 018a 0C       		.uleb128 0xc
 634 018b 77020000 		.4byte	.LASF26
 635 018f 01       		.byte	0x1
 636 0190 C901     		.2byte	0x1c9
 637 0192 81000000 		.4byte	0x81
 638 0196 02       		.uleb128 0x2
 639 0197 91       		.byte	0x91
 640 0198 74       		.sleb128 -12
 641 0199 0C       		.uleb128 0xc
 642 019a 9B000000 		.4byte	.LASF27
 643 019e 01       		.byte	0x1
 644 019f C901     		.2byte	0x1c9
 645 01a1 81000000 		.4byte	0x81
 646 01a5 02       		.uleb128 0x2
 647 01a6 91       		.byte	0x91
 648 01a7 70       		.sleb128 -16
ARM GAS  C:\Users\Felix\AppData\Local\Temp\ccyXa2fE.s 			page 21


 649 01a8 0C       		.uleb128 0xc
 650 01a9 43020000 		.4byte	.LASF28
 651 01ad 01       		.byte	0x1
 652 01ae C901     		.2byte	0x1c9
 653 01b0 B8010000 		.4byte	0x1b8
 654 01b4 02       		.uleb128 0x2
 655 01b5 91       		.byte	0x91
 656 01b6 6C       		.sleb128 -20
 657 01b7 00       		.byte	0
 658 01b8 10       		.uleb128 0x10
 659 01b9 04       		.byte	0x4
 660 01ba A1000000 		.4byte	0xa1
 661 01be 0B       		.uleb128 0xb
 662 01bf 7C010000 		.4byte	.LASF29
 663 01c3 01       		.byte	0x1
 664 01c4 E901     		.2byte	0x1e9
 665 01c6 00000000 		.4byte	.LFB6
 666 01ca 1C000000 		.4byte	.LFE6-.LFB6
 667 01ce 01       		.uleb128 0x1
 668 01cf 9C       		.byte	0x9c
 669 01d0 E4010000 		.4byte	0x1e4
 670 01d4 0C       		.uleb128 0xc
 671 01d5 9B000000 		.4byte	.LASF27
 672 01d9 01       		.byte	0x1
 673 01da E901     		.2byte	0x1e9
 674 01dc 81000000 		.4byte	0x81
 675 01e0 02       		.uleb128 0x2
 676 01e1 91       		.byte	0x91
 677 01e2 74       		.sleb128 -12
 678 01e3 00       		.byte	0
 679 01e4 11       		.uleb128 0x11
 680 01e5 7F020000 		.4byte	.LASF30
 681 01e9 01       		.byte	0x1
 682 01ea 1A       		.byte	0x1a
 683 01eb A1000000 		.4byte	0xa1
 684 01ef 05       		.uleb128 0x5
 685 01f0 03       		.byte	0x3
 686 01f1 00000000 		.4byte	I2CVuggesystem_curStatus
 687 01f5 11       		.uleb128 0x11
 688 01f6 40000000 		.4byte	.LASF31
 689 01fa 01       		.byte	0x1
 690 01fb 1B       		.byte	0x1b
 691 01fc 6B000000 		.4byte	0x6b
 692 0200 05       		.uleb128 0x5
 693 0201 03       		.byte	0x3
 694 0202 00000000 		.4byte	I2CVuggesystem_fsmState
 695 0206 11       		.uleb128 0x11
 696 0207 DF000000 		.4byte	.LASF32
 697 020b 01       		.byte	0x1
 698 020c 1E       		.byte	0x1e
 699 020d B8010000 		.4byte	0x1b8
 700 0211 05       		.uleb128 0x5
 701 0212 03       		.byte	0x3
 702 0213 00000000 		.4byte	I2CVuggesystem_dataBuffer1
 703 0217 11       		.uleb128 0x11
 704 0218 09020000 		.4byte	.LASF33
 705 021c 01       		.byte	0x1
ARM GAS  C:\Users\Felix\AppData\Local\Temp\ccyXa2fE.s 			page 22


 706 021d 1F       		.byte	0x1f
 707 021e 76000000 		.4byte	0x76
 708 0222 05       		.uleb128 0x5
 709 0223 03       		.byte	0x3
 710 0224 00000000 		.4byte	I2CVuggesystem_bufSizeBuf1
 711 0228 11       		.uleb128 0x11
 712 0229 06000000 		.4byte	.LASF34
 713 022d 01       		.byte	0x1
 714 022e 20       		.byte	0x20
 715 022f 76000000 		.4byte	0x76
 716 0233 05       		.uleb128 0x5
 717 0234 03       		.byte	0x3
 718 0235 00000000 		.4byte	I2CVuggesystem_protectBuf1
 719 0239 11       		.uleb128 0x11
 720 023a D4010000 		.4byte	.LASF35
 721 023e 01       		.byte	0x1
 722 023f 21       		.byte	0x21
 723 0240 6B000000 		.4byte	0x6b
 724 0244 05       		.uleb128 0x5
 725 0245 03       		.byte	0x3
 726 0246 00000000 		.4byte	I2CVuggesystem_offsetBuf1
 727 024a 11       		.uleb128 0x11
 728 024b A6000000 		.4byte	.LASF36
 729 024f 01       		.byte	0x1
 730 0250 22       		.byte	0x22
 731 0251 76000000 		.4byte	0x76
 732 0255 05       		.uleb128 0x5
 733 0256 03       		.byte	0x3
 734 0257 00000000 		.4byte	I2CVuggesystem_indexBuf1
 735 025b 00       		.byte	0
 736              		.section	.debug_abbrev,"",%progbits
 737              	.Ldebug_abbrev0:
 738 0000 01       		.uleb128 0x1
 739 0001 11       		.uleb128 0x11
 740 0002 01       		.byte	0x1
 741 0003 25       		.uleb128 0x25
 742 0004 0E       		.uleb128 0xe
 743 0005 13       		.uleb128 0x13
 744 0006 0B       		.uleb128 0xb
 745 0007 03       		.uleb128 0x3
 746 0008 0E       		.uleb128 0xe
 747 0009 1B       		.uleb128 0x1b
 748 000a 0E       		.uleb128 0xe
 749 000b 55       		.uleb128 0x55
 750 000c 17       		.uleb128 0x17
 751 000d 11       		.uleb128 0x11
 752 000e 01       		.uleb128 0x1
 753 000f 10       		.uleb128 0x10
 754 0010 17       		.uleb128 0x17
 755 0011 00       		.byte	0
 756 0012 00       		.byte	0
 757 0013 02       		.uleb128 0x2
 758 0014 24       		.uleb128 0x24
 759 0015 00       		.byte	0
 760 0016 0B       		.uleb128 0xb
 761 0017 0B       		.uleb128 0xb
 762 0018 3E       		.uleb128 0x3e
ARM GAS  C:\Users\Felix\AppData\Local\Temp\ccyXa2fE.s 			page 23


 763 0019 0B       		.uleb128 0xb
 764 001a 03       		.uleb128 0x3
 765 001b 0E       		.uleb128 0xe
 766 001c 00       		.byte	0
 767 001d 00       		.byte	0
 768 001e 03       		.uleb128 0x3
 769 001f 24       		.uleb128 0x24
 770 0020 00       		.byte	0
 771 0021 0B       		.uleb128 0xb
 772 0022 0B       		.uleb128 0xb
 773 0023 3E       		.uleb128 0x3e
 774 0024 0B       		.uleb128 0xb
 775 0025 03       		.uleb128 0x3
 776 0026 08       		.uleb128 0x8
 777 0027 00       		.byte	0
 778 0028 00       		.byte	0
 779 0029 04       		.uleb128 0x4
 780 002a 16       		.uleb128 0x16
 781 002b 00       		.byte	0
 782 002c 03       		.uleb128 0x3
 783 002d 0E       		.uleb128 0xe
 784 002e 3A       		.uleb128 0x3a
 785 002f 0B       		.uleb128 0xb
 786 0030 3B       		.uleb128 0x3b
 787 0031 0B       		.uleb128 0xb
 788 0032 49       		.uleb128 0x49
 789 0033 13       		.uleb128 0x13
 790 0034 00       		.byte	0
 791 0035 00       		.byte	0
 792 0036 05       		.uleb128 0x5
 793 0037 35       		.uleb128 0x35
 794 0038 00       		.byte	0
 795 0039 49       		.uleb128 0x49
 796 003a 13       		.uleb128 0x13
 797 003b 00       		.byte	0
 798 003c 00       		.byte	0
 799 003d 06       		.uleb128 0x6
 800 003e 16       		.uleb128 0x16
 801 003f 00       		.byte	0
 802 0040 03       		.uleb128 0x3
 803 0041 0E       		.uleb128 0xe
 804 0042 3A       		.uleb128 0x3a
 805 0043 0B       		.uleb128 0xb
 806 0044 3B       		.uleb128 0x3b
 807 0045 05       		.uleb128 0x5
 808 0046 49       		.uleb128 0x49
 809 0047 13       		.uleb128 0x13
 810 0048 00       		.byte	0
 811 0049 00       		.byte	0
 812 004a 07       		.uleb128 0x7
 813 004b 2E       		.uleb128 0x2e
 814 004c 00       		.byte	0
 815 004d 3F       		.uleb128 0x3f
 816 004e 19       		.uleb128 0x19
 817 004f 03       		.uleb128 0x3
 818 0050 0E       		.uleb128 0xe
 819 0051 3A       		.uleb128 0x3a
ARM GAS  C:\Users\Felix\AppData\Local\Temp\ccyXa2fE.s 			page 24


 820 0052 0B       		.uleb128 0xb
 821 0053 3B       		.uleb128 0x3b
 822 0054 0B       		.uleb128 0xb
 823 0055 27       		.uleb128 0x27
 824 0056 19       		.uleb128 0x19
 825 0057 11       		.uleb128 0x11
 826 0058 01       		.uleb128 0x1
 827 0059 12       		.uleb128 0x12
 828 005a 06       		.uleb128 0x6
 829 005b 40       		.uleb128 0x40
 830 005c 18       		.uleb128 0x18
 831 005d 9642     		.uleb128 0x2116
 832 005f 19       		.uleb128 0x19
 833 0060 00       		.byte	0
 834 0061 00       		.byte	0
 835 0062 08       		.uleb128 0x8
 836 0063 2E       		.uleb128 0x2e
 837 0064 00       		.byte	0
 838 0065 3F       		.uleb128 0x3f
 839 0066 19       		.uleb128 0x19
 840 0067 03       		.uleb128 0x3
 841 0068 0E       		.uleb128 0xe
 842 0069 3A       		.uleb128 0x3a
 843 006a 0B       		.uleb128 0xb
 844 006b 3B       		.uleb128 0x3b
 845 006c 05       		.uleb128 0x5
 846 006d 27       		.uleb128 0x27
 847 006e 19       		.uleb128 0x19
 848 006f 11       		.uleb128 0x11
 849 0070 01       		.uleb128 0x1
 850 0071 12       		.uleb128 0x12
 851 0072 06       		.uleb128 0x6
 852 0073 40       		.uleb128 0x40
 853 0074 18       		.uleb128 0x18
 854 0075 9642     		.uleb128 0x2116
 855 0077 19       		.uleb128 0x19
 856 0078 00       		.byte	0
 857 0079 00       		.byte	0
 858 007a 09       		.uleb128 0x9
 859 007b 2E       		.uleb128 0x2e
 860 007c 01       		.byte	0x1
 861 007d 3F       		.uleb128 0x3f
 862 007e 19       		.uleb128 0x19
 863 007f 03       		.uleb128 0x3
 864 0080 0E       		.uleb128 0xe
 865 0081 3A       		.uleb128 0x3a
 866 0082 0B       		.uleb128 0xb
 867 0083 3B       		.uleb128 0x3b
 868 0084 05       		.uleb128 0x5
 869 0085 27       		.uleb128 0x27
 870 0086 19       		.uleb128 0x19
 871 0087 49       		.uleb128 0x49
 872 0088 13       		.uleb128 0x13
 873 0089 11       		.uleb128 0x11
 874 008a 01       		.uleb128 0x1
 875 008b 12       		.uleb128 0x12
 876 008c 06       		.uleb128 0x6
ARM GAS  C:\Users\Felix\AppData\Local\Temp\ccyXa2fE.s 			page 25


 877 008d 40       		.uleb128 0x40
 878 008e 18       		.uleb128 0x18
 879 008f 9642     		.uleb128 0x2116
 880 0091 19       		.uleb128 0x19
 881 0092 01       		.uleb128 0x1
 882 0093 13       		.uleb128 0x13
 883 0094 00       		.byte	0
 884 0095 00       		.byte	0
 885 0096 0A       		.uleb128 0xa
 886 0097 34       		.uleb128 0x34
 887 0098 00       		.byte	0
 888 0099 03       		.uleb128 0x3
 889 009a 0E       		.uleb128 0xe
 890 009b 3A       		.uleb128 0x3a
 891 009c 0B       		.uleb128 0xb
 892 009d 3B       		.uleb128 0x3b
 893 009e 05       		.uleb128 0x5
 894 009f 49       		.uleb128 0x49
 895 00a0 13       		.uleb128 0x13
 896 00a1 02       		.uleb128 0x2
 897 00a2 18       		.uleb128 0x18
 898 00a3 00       		.byte	0
 899 00a4 00       		.byte	0
 900 00a5 0B       		.uleb128 0xb
 901 00a6 2E       		.uleb128 0x2e
 902 00a7 01       		.byte	0x1
 903 00a8 3F       		.uleb128 0x3f
 904 00a9 19       		.uleb128 0x19
 905 00aa 03       		.uleb128 0x3
 906 00ab 0E       		.uleb128 0xe
 907 00ac 3A       		.uleb128 0x3a
 908 00ad 0B       		.uleb128 0xb
 909 00ae 3B       		.uleb128 0x3b
 910 00af 05       		.uleb128 0x5
 911 00b0 27       		.uleb128 0x27
 912 00b1 19       		.uleb128 0x19
 913 00b2 11       		.uleb128 0x11
 914 00b3 01       		.uleb128 0x1
 915 00b4 12       		.uleb128 0x12
 916 00b5 06       		.uleb128 0x6
 917 00b6 40       		.uleb128 0x40
 918 00b7 18       		.uleb128 0x18
 919 00b8 9742     		.uleb128 0x2117
 920 00ba 19       		.uleb128 0x19
 921 00bb 01       		.uleb128 0x1
 922 00bc 13       		.uleb128 0x13
 923 00bd 00       		.byte	0
 924 00be 00       		.byte	0
 925 00bf 0C       		.uleb128 0xc
 926 00c0 05       		.uleb128 0x5
 927 00c1 00       		.byte	0
 928 00c2 03       		.uleb128 0x3
 929 00c3 0E       		.uleb128 0xe
 930 00c4 3A       		.uleb128 0x3a
 931 00c5 0B       		.uleb128 0xb
 932 00c6 3B       		.uleb128 0x3b
 933 00c7 05       		.uleb128 0x5
ARM GAS  C:\Users\Felix\AppData\Local\Temp\ccyXa2fE.s 			page 26


 934 00c8 49       		.uleb128 0x49
 935 00c9 13       		.uleb128 0x13
 936 00ca 02       		.uleb128 0x2
 937 00cb 18       		.uleb128 0x18
 938 00cc 00       		.byte	0
 939 00cd 00       		.byte	0
 940 00ce 0D       		.uleb128 0xd
 941 00cf 0B       		.uleb128 0xb
 942 00d0 01       		.byte	0x1
 943 00d1 11       		.uleb128 0x11
 944 00d2 01       		.uleb128 0x1
 945 00d3 12       		.uleb128 0x12
 946 00d4 06       		.uleb128 0x6
 947 00d5 00       		.byte	0
 948 00d6 00       		.byte	0
 949 00d7 0E       		.uleb128 0xe
 950 00d8 2E       		.uleb128 0x2e
 951 00d9 01       		.byte	0x1
 952 00da 3F       		.uleb128 0x3f
 953 00db 19       		.uleb128 0x19
 954 00dc 03       		.uleb128 0x3
 955 00dd 0E       		.uleb128 0xe
 956 00de 3A       		.uleb128 0x3a
 957 00df 0B       		.uleb128 0xb
 958 00e0 3B       		.uleb128 0x3b
 959 00e1 05       		.uleb128 0x5
 960 00e2 27       		.uleb128 0x27
 961 00e3 19       		.uleb128 0x19
 962 00e4 49       		.uleb128 0x49
 963 00e5 13       		.uleb128 0x13
 964 00e6 11       		.uleb128 0x11
 965 00e7 01       		.uleb128 0x1
 966 00e8 12       		.uleb128 0x12
 967 00e9 06       		.uleb128 0x6
 968 00ea 40       		.uleb128 0x40
 969 00eb 18       		.uleb128 0x18
 970 00ec 9742     		.uleb128 0x2117
 971 00ee 19       		.uleb128 0x19
 972 00ef 01       		.uleb128 0x1
 973 00f0 13       		.uleb128 0x13
 974 00f1 00       		.byte	0
 975 00f2 00       		.byte	0
 976 00f3 0F       		.uleb128 0xf
 977 00f4 2E       		.uleb128 0x2e
 978 00f5 01       		.byte	0x1
 979 00f6 3F       		.uleb128 0x3f
 980 00f7 19       		.uleb128 0x19
 981 00f8 03       		.uleb128 0x3
 982 00f9 0E       		.uleb128 0xe
 983 00fa 3A       		.uleb128 0x3a
 984 00fb 0B       		.uleb128 0xb
 985 00fc 3B       		.uleb128 0x3b
 986 00fd 05       		.uleb128 0x5
 987 00fe 27       		.uleb128 0x27
 988 00ff 19       		.uleb128 0x19
 989 0100 11       		.uleb128 0x11
 990 0101 01       		.uleb128 0x1
ARM GAS  C:\Users\Felix\AppData\Local\Temp\ccyXa2fE.s 			page 27


 991 0102 12       		.uleb128 0x12
 992 0103 06       		.uleb128 0x6
 993 0104 40       		.uleb128 0x40
 994 0105 18       		.uleb128 0x18
 995 0106 9642     		.uleb128 0x2116
 996 0108 19       		.uleb128 0x19
 997 0109 01       		.uleb128 0x1
 998 010a 13       		.uleb128 0x13
 999 010b 00       		.byte	0
 1000 010c 00       		.byte	0
 1001 010d 10       		.uleb128 0x10
 1002 010e 0F       		.uleb128 0xf
 1003 010f 00       		.byte	0
 1004 0110 0B       		.uleb128 0xb
 1005 0111 0B       		.uleb128 0xb
 1006 0112 49       		.uleb128 0x49
 1007 0113 13       		.uleb128 0x13
 1008 0114 00       		.byte	0
 1009 0115 00       		.byte	0
 1010 0116 11       		.uleb128 0x11
 1011 0117 34       		.uleb128 0x34
 1012 0118 00       		.byte	0
 1013 0119 03       		.uleb128 0x3
 1014 011a 0E       		.uleb128 0xe
 1015 011b 3A       		.uleb128 0x3a
 1016 011c 0B       		.uleb128 0xb
 1017 011d 3B       		.uleb128 0x3b
 1018 011e 0B       		.uleb128 0xb
 1019 011f 49       		.uleb128 0x49
 1020 0120 13       		.uleb128 0x13
 1021 0121 3F       		.uleb128 0x3f
 1022 0122 19       		.uleb128 0x19
 1023 0123 02       		.uleb128 0x2
 1024 0124 18       		.uleb128 0x18
 1025 0125 00       		.byte	0
 1026 0126 00       		.byte	0
 1027 0127 00       		.byte	0
 1028              		.section	.debug_aranges,"",%progbits
 1029 0000 4C000000 		.4byte	0x4c
 1030 0004 0200     		.2byte	0x2
 1031 0006 00000000 		.4byte	.Ldebug_info0
 1032 000a 04       		.byte	0x4
 1033 000b 00       		.byte	0
 1034 000c 0000     		.2byte	0
 1035 000e 0000     		.2byte	0
 1036 0010 00000000 		.4byte	.LFB0
 1037 0014 EC000000 		.4byte	.LFE0-.LFB0
 1038 0018 00000000 		.4byte	.LFB1
 1039 001c 24000000 		.4byte	.LFE1-.LFB1
 1040 0020 00000000 		.4byte	.LFB2
 1041 0024 38000000 		.4byte	.LFE2-.LFB2
 1042 0028 00000000 		.4byte	.LFB3
 1043 002c 34000000 		.4byte	.LFE3-.LFB3
 1044 0030 00000000 		.4byte	.LFB4
 1045 0034 20000000 		.4byte	.LFE4-.LFB4
 1046 0038 00000000 		.4byte	.LFB5
 1047 003c 48000000 		.4byte	.LFE5-.LFB5
ARM GAS  C:\Users\Felix\AppData\Local\Temp\ccyXa2fE.s 			page 28


 1048 0040 00000000 		.4byte	.LFB6
 1049 0044 1C000000 		.4byte	.LFE6-.LFB6
 1050 0048 00000000 		.4byte	0
 1051 004c 00000000 		.4byte	0
 1052              		.section	.debug_ranges,"",%progbits
 1053              	.Ldebug_ranges0:
 1054 0000 00000000 		.4byte	.LFB0
 1055 0004 EC000000 		.4byte	.LFE0
 1056 0008 00000000 		.4byte	.LFB1
 1057 000c 24000000 		.4byte	.LFE1
 1058 0010 00000000 		.4byte	.LFB2
 1059 0014 38000000 		.4byte	.LFE2
 1060 0018 00000000 		.4byte	.LFB3
 1061 001c 34000000 		.4byte	.LFE3
 1062 0020 00000000 		.4byte	.LFB4
 1063 0024 20000000 		.4byte	.LFE4
 1064 0028 00000000 		.4byte	.LFB5
 1065 002c 48000000 		.4byte	.LFE5
 1066 0030 00000000 		.4byte	.LFB6
 1067 0034 1C000000 		.4byte	.LFE6
 1068 0038 00000000 		.4byte	0
 1069 003c 00000000 		.4byte	0
 1070              		.section	.debug_line,"",%progbits
 1071              	.Ldebug_line0:
 1072 0000 04010000 		.section	.debug_str,"MS",%progbits,1
 1072      02005300 
 1072      00000201 
 1072      FB0E0D00 
 1072      01010101 
 1073              	.LASF15:
 1074 0000 72656733 		.ascii	"reg32\000"
 1074      3200
 1075              	.LASF34:
 1076 0006 49324356 		.ascii	"I2CVuggesystem_protectBuf1\000"
 1076      75676765 
 1076      73797374 
 1076      656D5F70 
 1076      726F7465 
 1077              	.LASF25:
 1078 0021 49324356 		.ascii	"I2CVuggesystem_EzI2CSetBuffer1\000"
 1078      75676765 
 1078      73797374 
 1078      656D5F45 
 1078      7A493243 
 1079              	.LASF31:
 1080 0040 49324356 		.ascii	"I2CVuggesystem_fsmState\000"
 1080      75676765 
 1080      73797374 
 1080      656D5F66 
 1080      736D5374 
 1081              	.LASF38:
 1082 0058 2E5C4765 		.ascii	".\\Generated_Source\\PSoC4\\I2CVuggesystem_EZI2C.c\000"
 1082      6E657261 
 1082      7465645F 
 1082      536F7572 
 1082      63655C50 
 1083              	.LASF3:
ARM GAS  C:\Users\Felix\AppData\Local\Temp\ccyXa2fE.s 			page 29


 1084 0088 73686F72 		.ascii	"short unsigned int\000"
 1084      7420756E 
 1084      7369676E 
 1084      65642069 
 1084      6E7400
 1085              	.LASF27:
 1086 009b 7277426F 		.ascii	"rwBoundary\000"
 1086      756E6461 
 1086      727900
 1087              	.LASF36:
 1088 00a6 49324356 		.ascii	"I2CVuggesystem_indexBuf1\000"
 1088      75676765 
 1088      73797374 
 1088      656D5F69 
 1088      6E646578 
 1089              	.LASF24:
 1090 00bf 49324356 		.ascii	"I2CVuggesystem_EzI2CSetAddress1\000"
 1090      75676765 
 1090      73797374 
 1090      656D5F45 
 1090      7A493243 
 1091              	.LASF32:
 1092 00df 49324356 		.ascii	"I2CVuggesystem_dataBuffer1\000"
 1092      75676765 
 1092      73797374 
 1092      656D5F64 
 1092      61746142 
 1093              	.LASF12:
 1094 00fa 666C6F61 		.ascii	"float\000"
 1094      7400
 1095              	.LASF37:
 1096 0100 474E5520 		.ascii	"GNU C 4.8.4 20140526 (release) [ARM/embedded-4_8-br"
 1096      4320342E 
 1096      382E3420 
 1096      32303134 
 1096      30353236 
 1097 0133 616E6368 		.ascii	"anch revision 211358] -mcpu=cortex-m0 -mthumb -g -O"
 1097      20726576 
 1097      6973696F 
 1097      6E203231 
 1097      31333538 
 1098 0166 30202D66 		.ascii	"0 -ffunction-sections\000"
 1098      66756E63 
 1098      74696F6E 
 1098      2D736563 
 1098      74696F6E 
 1099              	.LASF29:
 1100 017c 49324356 		.ascii	"I2CVuggesystem_EzI2CSetReadBoundaryBuffer1\000"
 1100      75676765 
 1100      73797374 
 1100      656D5F45 
 1100      7A493243 
 1101              	.LASF1:
 1102 01a7 756E7369 		.ascii	"unsigned char\000"
 1102      676E6564 
 1102      20636861 
 1102      7200
ARM GAS  C:\Users\Felix\AppData\Local\Temp\ccyXa2fE.s 			page 30


 1103              	.LASF5:
 1104 01b5 6C6F6E67 		.ascii	"long unsigned int\000"
 1104      20756E73 
 1104      69676E65 
 1104      6420696E 
 1104      7400
 1105              	.LASF9:
 1106 01c7 75696E74 		.ascii	"uint8\000"
 1106      3800
 1107              	.LASF13:
 1108 01cd 646F7562 		.ascii	"double\000"
 1108      6C6500
 1109              	.LASF35:
 1110 01d4 49324356 		.ascii	"I2CVuggesystem_offsetBuf1\000"
 1110      75676765 
 1110      73797374 
 1110      656D5F6F 
 1110      66667365 
 1111              	.LASF10:
 1112 01ee 75696E74 		.ascii	"uint16\000"
 1112      313600
 1113              	.LASF11:
 1114 01f5 75696E74 		.ascii	"uint32\000"
 1114      333200
 1115              	.LASF8:
 1116 01fc 756E7369 		.ascii	"unsigned int\000"
 1116      676E6564 
 1116      20696E74 
 1116      00
 1117              	.LASF33:
 1118 0209 49324356 		.ascii	"I2CVuggesystem_bufSizeBuf1\000"
 1118      75676765 
 1118      73797374 
 1118      656D5F62 
 1118      75665369 
 1119              	.LASF23:
 1120 0224 61646472 		.ascii	"address\000"
 1120      65737300 
 1121              	.LASF7:
 1122 022c 6C6F6E67 		.ascii	"long long unsigned int\000"
 1122      206C6F6E 
 1122      6720756E 
 1122      7369676E 
 1122      65642069 
 1123              	.LASF28:
 1124 0243 62756666 		.ascii	"buffer\000"
 1124      657200
 1125              	.LASF16:
 1126 024a 73697A65 		.ascii	"sizetype\000"
 1126      74797065 
 1126      00
 1127              	.LASF6:
 1128 0253 6C6F6E67 		.ascii	"long long int\000"
 1128      206C6F6E 
 1128      6720696E 
 1128      7400
 1129              	.LASF19:
ARM GAS  C:\Users\Felix\AppData\Local\Temp\ccyXa2fE.s 			page 31


 1130 0261 73746174 		.ascii	"status\000"
 1130      757300
 1131              	.LASF14:
 1132 0268 63686172 		.ascii	"char\000"
 1132      00
 1133              	.LASF2:
 1134 026d 73686F72 		.ascii	"short int\000"
 1134      7420696E 
 1134      7400
 1135              	.LASF26:
 1136 0277 62756653 		.ascii	"bufSize\000"
 1136      697A6500 
 1137              	.LASF30:
 1138 027f 49324356 		.ascii	"I2CVuggesystem_curStatus\000"
 1138      75676765 
 1138      73797374 
 1138      656D5F63 
 1138      75725374 
 1139              	.LASF17:
 1140 0298 49324356 		.ascii	"I2CVuggesystem_EzI2CInit\000"
 1140      75676765 
 1140      73797374 
 1140      656D5F45 
 1140      7A493243 
 1141              	.LASF4:
 1142 02b1 6C6F6E67 		.ascii	"long int\000"
 1142      20696E74 
 1142      00
 1143              	.LASF20:
 1144 02ba 6D617463 		.ascii	"matchReg\000"
 1144      68526567 
 1144      00
 1145              	.LASF0:
 1146 02c3 7369676E 		.ascii	"signed char\000"
 1146      65642063 
 1146      68617200 
 1147              	.LASF21:
 1148 02cf 49324356 		.ascii	"I2CVuggesystem_EzI2CGetActivity\000"
 1148      75676765 
 1148      73797374 
 1148      656D5F45 
 1148      7A493243 
 1149              	.LASF22:
 1150 02ef 49324356 		.ascii	"I2CVuggesystem_EzI2CGetAddress1\000"
 1150      75676765 
 1150      73797374 
 1150      656D5F45 
 1150      7A493243 
 1151              	.LASF39:
 1152 030f 433A5C55 		.ascii	"C:\\Users\\Felix\\Google Drev\\E4PRJ4 gDrive\\Vugge"
 1152      73657273 
 1152      5C46656C 
 1152      69785C47 
 1152      6F6F676C 
 1153 033d 73797374 		.ascii	"system arbejdsdokumenter\\vuggeControl\\vuggeContro"
 1153      656D2061 
 1153      7262656A 
ARM GAS  C:\Users\Felix\AppData\Local\Temp\ccyXa2fE.s 			page 32


 1153      6473646F 
 1153      6B756D65 
 1154 036e 6C2E6379 		.ascii	"l.cydsn\000"
 1154      64736E00 
 1155              	.LASF18:
 1156 0376 49324356 		.ascii	"I2CVuggesystem_EzI2CStop\000"
 1156      75676765 
 1156      73797374 
 1156      656D5F45 
 1156      7A493243 
 1157              		.ident	"GCC: (GNU Tools for ARM Embedded Processors) 4.8.4 20140526 (release) [ARM/embedded-4_8-br
