ARM GAS  C:\Users\Felix\AppData\Local\Temp\ccMaNilo.s 			page 1


   1              		.cpu cortex-m0
   2              		.fpu softvfp
   3              		.eabi_attribute 20, 1
   4              		.eabi_attribute 21, 1
   5              		.eabi_attribute 23, 3
   6              		.eabi_attribute 24, 1
   7              		.eabi_attribute 25, 1
   8              		.eabi_attribute 26, 1
   9              		.eabi_attribute 30, 6
  10              		.eabi_attribute 34, 0
  11              		.eabi_attribute 18, 4
  12              		.code	16
  13              		.file	"sensorFortolker.c"
  14              		.text
  15              	.Ltext0:
  16              		.cfi_sections	.debug_frame
  17              		.global	imuInitArray
  18              		.section	.rodata
  19              		.align	2
  20              		.type	imuInitArray, %object
  21              		.size	imuInitArray, 10
  22              	imuInitArray:
  23 0000 19       		.byte	25
  24 0001 04       		.byte	4
  25 0002 1A       		.byte	26
  26 0003 03       		.byte	3
  27 0004 1B       		.byte	27
  28 0005 18       		.byte	24
  29 0006 1C       		.byte	28
  30 0007 08       		.byte	8
  31 0008 6B       		.byte	107
  32 0009 01       		.byte	1
  33              		.global	dataReady
  34 000a 0000     		.bss
  35              		.type	dataReady, %object
  36              		.size	dataReady, 1
  37              	dataReady:
  38 0000 00       		.space	1
  39              		.global	endstop_
  40              		.type	endstop_, %object
  41              		.size	endstop_, 1
  42              	endstop_:
  43 0001 00       		.space	1
  44              		.global	accData
  45 0002 0000     		.align	2
  46              		.type	accData, %object
  47              		.size	accData, 8
  48              	accData:
  49 0004 00000000 		.space	8
  49      00000000 
  50              		.global	gyroData
  51              		.align	2
  52              		.type	gyroData, %object
  53              		.size	gyroData, 4
  54              	gyroData:
  55 000c 00000000 		.space	4
  56              		.global	gyroAng
ARM GAS  C:\Users\Felix\AppData\Local\Temp\ccMaNilo.s 			page 2


  57              		.align	2
  58              		.type	gyroAng, %object
  59              		.size	gyroAng, 4
  60              	gyroAng:
  61 0010 00000000 		.space	4
  62              		.global	accAng
  63              		.align	2
  64              		.type	accAng, %object
  65              		.size	accAng, 4
  66              	accAng:
  67 0014 00000000 		.space	4
  68              		.global	estAng
  69              		.align	2
  70              		.type	estAng, %object
  71              		.size	estAng, 4
  72              	estAng:
  73 0018 00000000 		.space	4
  74              		.section	.text.initSensors,"ax",%progbits
  75              		.align	2
  76              		.global	initSensors
  77              		.code	16
  78              		.thumb_func
  79              		.type	initSensors, %function
  80              	initSensors:
  81              	.LFB33:
  82              		.file 1 ".\\sensorFortolker.c"
   1:.\sensorFortolker.c **** /* ========================================
   2:.\sensorFortolker.c ****  *
   3:.\sensorFortolker.c ****  * Copyright Baby Watch, 2015
   4:.\sensorFortolker.c ****  * All Rights Reserved
   5:.\sensorFortolker.c ****  * UNPUBLISHED, LICENSED SOFTWARE.
   6:.\sensorFortolker.c ****  *
   7:.\sensorFortolker.c ****  * CONFIDENTIAL AND PROPRIETARY INFORMATION
   8:.\sensorFortolker.c ****  * WHICH IS THE PROPERTY OF Baby Watch.
   9:.\sensorFortolker.c ****  *
  10:.\sensorFortolker.c ****  * ========================================
  11:.\sensorFortolker.c **** */
  12:.\sensorFortolker.c **** //========================================================================
  13:.\sensorFortolker.c **** // FILENAME : sensorFortolker.c
  14:.\sensorFortolker.c **** // CREATED : 03-03-2015
  15:.\sensorFortolker.c **** // AUTHOR  : Jeppe Hofni
  16:.\sensorFortolker.c **** // DESCR.  : c file for PSoC4
  17:.\sensorFortolker.c **** //
  18:.\sensorFortolker.c **** //------------------------------------------------------------------------
  19:.\sensorFortolker.c **** //
  20:.\sensorFortolker.c **** // REV.  DATE/AUTHOR  CHANGE DESCRIPTION
  21:.\sensorFortolker.c **** // 0.1  03-03-2015 - Jeppe - First writeup of vuggeControl.c
  22:.\sensorFortolker.c **** // 0.2	30-04-2015 - Jeppe - getEndstopGPIO implemented
  23:.\sensorFortolker.c **** //------------------------------------------------------------------------
  24:.\sensorFortolker.c **** // KNOWN ISSUES:
  25:.\sensorFortolker.c **** // REV. - ISSUE(S)
  26:.\sensorFortolker.c **** // 0.1 - Needs to be sorted proper
  27:.\sensorFortolker.c **** // 0.2 - SensorFortolker needs finished implementation
  28:.\sensorFortolker.c **** //========================================================================
  29:.\sensorFortolker.c **** 
  30:.\sensorFortolker.c **** //includes
  31:.\sensorFortolker.c **** #include "sensorFortolker.h"
ARM GAS  C:\Users\Felix\AppData\Local\Temp\ccMaNilo.s 			page 3


  32:.\sensorFortolker.c **** #include <stdio.h>
  33:.\sensorFortolker.c **** #include <fixedMath.h>
  34:.\sensorFortolker.c **** #include "globals.h"
  35:.\sensorFortolker.c **** 
  36:.\sensorFortolker.c **** /*        -------------------        MACROS       --------------------          */
  37:.\sensorFortolker.c **** //sample rate and sample period
  38:.\sensorFortolker.c **** #define FS 200
  39:.\sensorFortolker.c **** #define DT 328 // 65536/FS //dt defined as a 16.16 fixed point number
  40:.\sensorFortolker.c **** 
  41:.\sensorFortolker.c **** /* The scale factor of the mpu6050 gyroscope is 16.4 Lsb per    *
  42:.\sensorFortolker.c ****  * deg/s, converted to 16.16 fixed point. (2^16/16.4  )         */
  43:.\sensorFortolker.c **** #define GYRO_SCALE_FACTOR 3996
  44:.\sensorFortolker.c **** 
  45:.\sensorFortolker.c **** /* The accelerometer scale factor of the mpu6050 accelerometer  *
  46:.\sensorFortolker.c ****  * in the +- 4g range is 8192 Lsb/g, converted to 16.16 fixed   *
  47:.\sensorFortolker.c ****  * point. (2^16/8192)                                           */
  48:.\sensorFortolker.c **** #define ACC_SCALE_FACTOR 8
  49:.\sensorFortolker.c **** 
  50:.\sensorFortolker.c **** #define GYRO_WEIGHT 6554 //0.90 * 2^16
  51:.\sensorFortolker.c **** #define ACC_WEIGHT 58982 // (1 - gyro_weight) * 2^16
  52:.\sensorFortolker.c **** 
  53:.\sensorFortolker.c **** //I2C defines
  54:.\sensorFortolker.c **** #define IMU_ADDRESS 0b1101000 //+1 for alt
  55:.\sensorFortolker.c **** 
  56:.\sensorFortolker.c **** #define GYRO_FIRST_DATA 0x43 //this is X_H which will be followed by X_L
  57:.\sensorFortolker.c **** #define ACC_FIRST_DATA 0x3D //first in seq. Y_H, Y_L, Z_H, Z_L
  58:.\sensorFortolker.c **** 
  59:.\sensorFortolker.c **** #define IMU_INIT_LEN 5
  60:.\sensorFortolker.c **** const uint8_t imuInitArray[IMU_INIT_LEN][2] = {
  61:.\sensorFortolker.c ****     {0x19, 4},              //set the datarate to 200Hz (1kHz/1+4)
  62:.\sensorFortolker.c ****     {0x1A, 3},              //set dlpf freq to 44 and 42 for acc and gyro respectively
  63:.\sensorFortolker.c ****     {0x1B, 24},             //gyro range = +/-2000 deg/s
  64:.\sensorFortolker.c ****     {0x1C, 8},              //acc range = +/-4g
  65:.\sensorFortolker.c ****     {0x6B, 1}               //set clk source to x gyro
  66:.\sensorFortolker.c **** };
  67:.\sensorFortolker.c **** 
  68:.\sensorFortolker.c **** /*        -------------------        END MACROS       --------------------          */
  69:.\sensorFortolker.c **** 
  70:.\sensorFortolker.c **** //flags
  71:.\sensorFortolker.c **** volatile BOOL dataReady = FALSE, endstop_ = FALSE;
  72:.\sensorFortolker.c **** //raw data
  73:.\sensorFortolker.c **** fix16_t accData[2] = {0, 0}, gyroData = 0;
  74:.\sensorFortolker.c **** //calculated angles
  75:.\sensorFortolker.c **** fix16_t gyroAng = 0, accAng = 0, estAng = 0;
  76:.\sensorFortolker.c **** 
  77:.\sensorFortolker.c **** 
  78:.\sensorFortolker.c **** 
  79:.\sensorFortolker.c **** /*        --------------        FUNCTION DEFINITIONS       ---------------          */ 
  80:.\sensorFortolker.c **** 
  81:.\sensorFortolker.c **** /* Function initSensor         *
  82:.\sensorFortolker.c ****  * Summary:                    *
  83:.\sensorFortolker.c ****  * Initialtes sensorFortolker  *
  84:.\sensorFortolker.c ****  * to operation status         */
  85:.\sensorFortolker.c **** void initSensors()
  86:.\sensorFortolker.c **** {
  83              		.loc 1 86 0
  84              		.cfi_startproc
ARM GAS  C:\Users\Felix\AppData\Local\Temp\ccMaNilo.s 			page 4


  85 0000 80B5     		push	{r7, lr}
  86              		.cfi_def_cfa_offset 8
  87              		.cfi_offset 7, -8
  88              		.cfi_offset 14, -4
  89 0002 00AF     		add	r7, sp, #0
  90              		.cfi_def_cfa_register 7
  87:.\sensorFortolker.c ****     /* Start the Components */
  88:.\sensorFortolker.c ****     sensorI2C_Start();
  91              		.loc 1 88 0
  92 0004 FFF7FEFF 		bl	sensorI2C_Start
  89:.\sensorFortolker.c ****     //GYRO_DR_INT_StartEx(gyroDataReadyInterrupt);    
  90:.\sensorFortolker.c ****     Endstop_isr_StartEx(EndstopGPIO);
  93              		.loc 1 90 0
  94 0008 054B     		ldr	r3, .L2
  95 000a 181C     		mov	r0, r3
  96 000c FFF7FEFF 		bl	Endstop_isr_StartEx
  91:.\sensorFortolker.c ****     
  92:.\sensorFortolker.c ****     /* Setup the accelerometer and gyro */
  93:.\sensorFortolker.c ****     setupI2CDevice(IMU_ADDRESS, imuInitArray, IMU_INIT_LEN);
  97              		.loc 1 93 0
  98 0010 044B     		ldr	r3, .L2+4
  99 0012 6820     		mov	r0, #104
 100 0014 191C     		mov	r1, r3
 101 0016 0522     		mov	r2, #5
 102 0018 FFF7FEFF 		bl	setupI2CDevice
  94:.\sensorFortolker.c **** }
 103              		.loc 1 94 0
 104 001c BD46     		mov	sp, r7
 105              		@ sp needed
 106 001e 80BD     		pop	{r7, pc}
 107              	.L3:
 108              		.align	2
 109              	.L2:
 110 0020 00000000 		.word	EndstopGPIO
 111 0024 00000000 		.word	imuInitArray
 112              		.cfi_endproc
 113              	.LFE33:
 114              		.size	initSensors, .-initSensors
 115              		.section	.text.getVuggeUdsvingSens,"ax",%progbits
 116              		.align	2
 117              		.global	getVuggeUdsvingSens
 118              		.code	16
 119              		.thumb_func
 120              		.type	getVuggeUdsvingSens, %function
 121              	getVuggeUdsvingSens:
 122              	.LFB34:
  95:.\sensorFortolker.c **** 
  96:.\sensorFortolker.c **** ///* Function getMotorPosSens
  97:.\sensorFortolker.c **** //   Summary:
  98:.\sensorFortolker.c **** //    ??
  99:.\sensorFortolker.c **** //*/
 100:.\sensorFortolker.c **** //fix16_t getMotorPosSens()
 101:.\sensorFortolker.c **** //{
 102:.\sensorFortolker.c **** //
 103:.\sensorFortolker.c **** //}
 104:.\sensorFortolker.c **** 
 105:.\sensorFortolker.c **** /* Function getVuggeUdsvingSens
ARM GAS  C:\Users\Felix\AppData\Local\Temp\ccMaNilo.s 			page 5


 106:.\sensorFortolker.c ****    Summary:
 107:.\sensorFortolker.c ****     ??
 108:.\sensorFortolker.c **** */
 109:.\sensorFortolker.c **** fix16_t getVuggeUdsvingSens()
 110:.\sensorFortolker.c **** {
 123              		.loc 1 110 0
 124              		.cfi_startproc
 125 0000 90B5     		push	{r4, r7, lr}
 126              		.cfi_def_cfa_offset 12
 127              		.cfi_offset 4, -12
 128              		.cfi_offset 7, -8
 129              		.cfi_offset 14, -4
 130 0002 83B0     		sub	sp, sp, #12
 131              		.cfi_def_cfa_offset 24
 132 0004 00AF     		add	r7, sp, #0
 133              		.cfi_def_cfa_register 7
 111:.\sensorFortolker.c ****      //read sensor data
 112:.\sensorFortolker.c ****     readGyroData(&gyroData);
 134              		.loc 1 112 0
 135 0006 374B     		ldr	r3, .L9
 136 0008 181C     		mov	r0, r3
 137 000a FFF7FEFF 		bl	readGyroData
 113:.\sensorFortolker.c ****     readAccData(accData);
 138              		.loc 1 113 0
 139 000e 364B     		ldr	r3, .L9+4
 140 0010 181C     		mov	r0, r3
 141 0012 FFF7FEFF 		bl	readAccData
 114:.\sensorFortolker.c ****     // Integrate gyro data over last sample period, and calculate new angle from gyro              
 115:.\sensorFortolker.c ****     estAng += fix16mul(gyroData, DT);
 142              		.loc 1 115 0
 143 0016 334B     		ldr	r3, .L9
 144 0018 1A68     		ldr	r2, [r3]
 145 001a A423     		mov	r3, #164
 146 001c 5B00     		lsl	r3, r3, #1
 147 001e 101C     		mov	r0, r2
 148 0020 191C     		mov	r1, r3
 149 0022 FFF7FEFF 		bl	fix16mul
 150 0026 021C     		mov	r2, r0
 151 0028 304B     		ldr	r3, .L9+8
 152 002a 1B68     		ldr	r3, [r3]
 153 002c D218     		add	r2, r2, r3
 154 002e 2F4B     		ldr	r3, .L9+8
 155 0030 1A60     		str	r2, [r3]
 116:.\sensorFortolker.c ****     
 117:.\sensorFortolker.c ****     // wrap angle if outside +/- 180 area
 118:.\sensorFortolker.c ****     if(estAng < -FIXED_DEG_180) estAng += FIXED_DEG_360; 
 156              		.loc 1 118 0
 157 0032 2E4B     		ldr	r3, .L9+8
 158 0034 1A68     		ldr	r2, [r3]
 159 0036 2E4B     		ldr	r3, .L9+12
 160 0038 9A42     		cmp	r2, r3
 161 003a 06DA     		bge	.L5
 162              		.loc 1 118 0 is_stmt 0 discriminator 1
 163 003c 2B4B     		ldr	r3, .L9+8
 164 003e 1B68     		ldr	r3, [r3]
 165 0040 B421     		mov	r1, #180
 166 0042 4904     		lsl	r1, r1, #17
ARM GAS  C:\Users\Felix\AppData\Local\Temp\ccMaNilo.s 			page 6


 167 0044 5A18     		add	r2, r3, r1
 168 0046 294B     		ldr	r3, .L9+8
 169 0048 1A60     		str	r2, [r3]
 170              	.L5:
 119:.\sensorFortolker.c ****     if(estAng > FIXED_DEG_180) estAng -= FIXED_DEG_360; 
 171              		.loc 1 119 0 is_stmt 1
 172 004a 284B     		ldr	r3, .L9+8
 173 004c 1A68     		ldr	r2, [r3]
 174 004e B423     		mov	r3, #180
 175 0050 1B04     		lsl	r3, r3, #16
 176 0052 9A42     		cmp	r2, r3
 177 0054 05DD     		ble	.L6
 178              		.loc 1 119 0 is_stmt 0 discriminator 1
 179 0056 254B     		ldr	r3, .L9+8
 180 0058 1B68     		ldr	r3, [r3]
 181 005a 2649     		ldr	r1, .L9+16
 182 005c 5A18     		add	r2, r3, r1
 183 005e 234B     		ldr	r3, .L9+8
 184 0060 1A60     		str	r2, [r3]
 185              	.L6:
 120:.\sensorFortolker.c ****     
 121:.\sensorFortolker.c ****     /* Correct angle estimate using accelerometer data if it is estimated valid. *
 122:.\sensorFortolker.c ****      * The acc input can be used if the accelleration vector has a length close  *
 123:.\sensorFortolker.c ****      * to 1g (no force other than gravity), which is estimated by the sum of the *
 124:.\sensorFortolker.c ****      * components for computational efficiency.                                  */
 125:.\sensorFortolker.c ****     fix16_t forceMagEst = fix16abs(accData[0]) + fix16abs(accData[1]);
 186              		.loc 1 125 0 is_stmt 1
 187 0062 214B     		ldr	r3, .L9+4
 188 0064 1B68     		ldr	r3, [r3]
 189 0066 181C     		mov	r0, r3
 190 0068 FFF7FEFF 		bl	fix16abs
 191 006c 041C     		mov	r4, r0
 192 006e 1E4B     		ldr	r3, .L9+4
 193 0070 5B68     		ldr	r3, [r3, #4]
 194 0072 181C     		mov	r0, r3
 195 0074 FFF7FEFF 		bl	fix16abs
 196 0078 031C     		mov	r3, r0
 197 007a E318     		add	r3, r4, r3
 198 007c 7B60     		str	r3, [r7, #4]
 126:.\sensorFortolker.c ****     
 127:.\sensorFortolker.c ****     // Use if forcemag is between 0.95*(2^16) and 1.3*(2^16)
 128:.\sensorFortolker.c ****     fix16_t accAng = 0;
 199              		.loc 1 128 0
 200 007e 0023     		mov	r3, #0
 201 0080 3B60     		str	r3, [r7]
 129:.\sensorFortolker.c ****     if(62259 < forceMagEst && forceMagEst < 85197) 
 202              		.loc 1 129 0
 203 0082 7A68     		ldr	r2, [r7, #4]
 204 0084 1C4B     		ldr	r3, .L9+20
 205 0086 9A42     		cmp	r2, r3
 206 0088 25DD     		ble	.L7
 207              		.loc 1 129 0 is_stmt 0 discriminator 1
 208 008a 7A68     		ldr	r2, [r7, #4]
 209 008c 1B4B     		ldr	r3, .L9+24
 210 008e 9A42     		cmp	r2, r3
 211 0090 21DC     		bgt	.L7
 130:.\sensorFortolker.c ****     {
ARM GAS  C:\Users\Felix\AppData\Local\Temp\ccMaNilo.s 			page 7


 131:.\sensorFortolker.c ****         accAng = fix16rad2deg(FIXED_HALF_PI + fix16atan2(accData[1], accData[0]));
 212              		.loc 1 131 0 is_stmt 1
 213 0092 154B     		ldr	r3, .L9+4
 214 0094 5A68     		ldr	r2, [r3, #4]
 215 0096 144B     		ldr	r3, .L9+4
 216 0098 1B68     		ldr	r3, [r3]
 217 009a 101C     		mov	r0, r2
 218 009c 191C     		mov	r1, r3
 219 009e FFF7FEFF 		bl	fix16atan2
 220 00a2 031C     		mov	r3, r0
 221 00a4 164A     		ldr	r2, .L9+28
 222 00a6 9B18     		add	r3, r3, r2
 223 00a8 181C     		mov	r0, r3
 224 00aa FFF7FEFF 		bl	fix16rad2deg
 225 00ae 031C     		mov	r3, r0
 226 00b0 3B60     		str	r3, [r7]
 132:.\sensorFortolker.c ****         //take part of gyro estimate and add complementary part of acc estimate
 133:.\sensorFortolker.c ****         estAng = fix16mul(GYRO_WEIGHT, estAng) 
 227              		.loc 1 133 0
 228 00b2 0E4B     		ldr	r3, .L9+8
 229 00b4 1B68     		ldr	r3, [r3]
 230 00b6 134A     		ldr	r2, .L9+32
 231 00b8 101C     		mov	r0, r2
 232 00ba 191C     		mov	r1, r3
 233 00bc FFF7FEFF 		bl	fix16mul
 234 00c0 041C     		mov	r4, r0
 134:.\sensorFortolker.c ****                  + fix16mul(ACC_WEIGHT, accAng);
 235              		.loc 1 134 0
 236 00c2 114A     		ldr	r2, .L9+36
 237 00c4 3B68     		ldr	r3, [r7]
 238 00c6 101C     		mov	r0, r2
 239 00c8 191C     		mov	r1, r3
 240 00ca FFF7FEFF 		bl	fix16mul
 241 00ce 031C     		mov	r3, r0
 242 00d0 E218     		add	r2, r4, r3
 133:.\sensorFortolker.c ****         estAng = fix16mul(GYRO_WEIGHT, estAng) 
 243              		.loc 1 133 0
 244 00d2 064B     		ldr	r3, .L9+8
 245 00d4 1A60     		str	r2, [r3]
 246              	.L7:
 135:.\sensorFortolker.c ****     }    
 136:.\sensorFortolker.c ****     return estAng;
 247              		.loc 1 136 0
 248 00d6 054B     		ldr	r3, .L9+8
 249 00d8 1B68     		ldr	r3, [r3]
 137:.\sensorFortolker.c **** }
 250              		.loc 1 137 0
 251 00da 181C     		mov	r0, r3
 252 00dc BD46     		mov	sp, r7
 253 00de 03B0     		add	sp, sp, #12
 254              		@ sp needed
 255 00e0 90BD     		pop	{r4, r7, pc}
 256              	.L10:
 257 00e2 C046     		.align	2
 258              	.L9:
 259 00e4 00000000 		.word	gyroData
 260 00e8 00000000 		.word	accData
ARM GAS  C:\Users\Felix\AppData\Local\Temp\ccMaNilo.s 			page 8


 261 00ec 00000000 		.word	estAng
 262 00f0 00004CFF 		.word	-11796480
 263 00f4 000098FE 		.word	-23592960
 264 00f8 33F30000 		.word	62259
 265 00fc CC4C0100 		.word	85196
 266 0100 20920100 		.word	102944
 267 0104 9A190000 		.word	6554
 268 0108 66E60000 		.word	58982
 269              		.cfi_endproc
 270              	.LFE34:
 271              		.size	getVuggeUdsvingSens, .-getVuggeUdsvingSens
 272              		.section	.text.getEndstopGPIO,"ax",%progbits
 273              		.align	2
 274              		.global	getEndstopGPIO
 275              		.code	16
 276              		.thumb_func
 277              		.type	getEndstopGPIO, %function
 278              	getEndstopGPIO:
 279              	.LFB35:
 138:.\sensorFortolker.c **** 
 139:.\sensorFortolker.c **** /* Function getEndstopGPIO
 140:.\sensorFortolker.c ****    Summary:
 141:.\sensorFortolker.c ****     Returns a ptr pointing at enstop_ adress
 142:.\sensorFortolker.c **** */
 143:.\sensorFortolker.c **** BOOL getEndstopGPIO()
 144:.\sensorFortolker.c **** {
 280              		.loc 1 144 0
 281              		.cfi_startproc
 282 0000 80B5     		push	{r7, lr}
 283              		.cfi_def_cfa_offset 8
 284              		.cfi_offset 7, -8
 285              		.cfi_offset 14, -4
 286 0002 00AF     		add	r7, sp, #0
 287              		.cfi_def_cfa_register 7
 145:.\sensorFortolker.c ****     return endstop_;
 288              		.loc 1 145 0
 289 0004 024B     		ldr	r3, .L13
 290 0006 1B78     		ldrb	r3, [r3]
 291 0008 DBB2     		uxtb	r3, r3
 146:.\sensorFortolker.c **** }
 292              		.loc 1 146 0
 293 000a 181C     		mov	r0, r3
 294 000c BD46     		mov	sp, r7
 295              		@ sp needed
 296 000e 80BD     		pop	{r7, pc}
 297              	.L14:
 298              		.align	2
 299              	.L13:
 300 0010 00000000 		.word	endstop_
 301              		.cfi_endproc
 302              	.LFE35:
 303              		.size	getEndstopGPIO, .-getEndstopGPIO
 304              		.section	.text.setupI2CDevice,"ax",%progbits
 305              		.align	2
 306              		.global	setupI2CDevice
 307              		.code	16
 308              		.thumb_func
ARM GAS  C:\Users\Felix\AppData\Local\Temp\ccMaNilo.s 			page 9


 309              		.type	setupI2CDevice, %function
 310              	setupI2CDevice:
 311              	.LFB36:
 147:.\sensorFortolker.c **** 
 148:.\sensorFortolker.c **** void setupI2CDevice(uint8_t addr, const uint8_t initArray[][2] , uint8_t arrayLen){
 312              		.loc 1 148 0
 313              		.cfi_startproc
 314 0000 80B5     		push	{r7, lr}
 315              		.cfi_def_cfa_offset 8
 316              		.cfi_offset 7, -8
 317              		.cfi_offset 14, -4
 318 0002 84B0     		sub	sp, sp, #16
 319              		.cfi_def_cfa_offset 24
 320 0004 00AF     		add	r7, sp, #0
 321              		.cfi_def_cfa_register 7
 322 0006 3960     		str	r1, [r7]
 323 0008 FB1D     		add	r3, r7, #7
 324 000a 011C     		add	r1, r0, #0
 325 000c 1970     		strb	r1, [r3]
 326 000e BB1D     		add	r3, r7, #6
 327 0010 1A70     		strb	r2, [r3]
 149:.\sensorFortolker.c ****     int i;
 150:.\sensorFortolker.c ****     for(i = 0; i < arrayLen; i++){
 328              		.loc 1 150 0
 329 0012 0023     		mov	r3, #0
 330 0014 FB60     		str	r3, [r7, #12]
 331 0016 13E0     		b	.L16
 332              	.L17:
 151:.\sensorFortolker.c ****         writeI2CReg(addr, initArray[i][0], initArray[i][1]);
 333              		.loc 1 151 0 discriminator 2
 334 0018 FB68     		ldr	r3, [r7, #12]
 335 001a 5B00     		lsl	r3, r3, #1
 336 001c 3A68     		ldr	r2, [r7]
 337 001e D318     		add	r3, r2, r3
 338 0020 1A78     		ldrb	r2, [r3]
 339 0022 FB68     		ldr	r3, [r7, #12]
 340 0024 5B00     		lsl	r3, r3, #1
 341 0026 3968     		ldr	r1, [r7]
 342 0028 CB18     		add	r3, r1, r3
 343 002a 5B78     		ldrb	r3, [r3, #1]
 344 002c F91D     		add	r1, r7, #7
 345 002e 0978     		ldrb	r1, [r1]
 346 0030 081C     		mov	r0, r1
 347 0032 111C     		mov	r1, r2
 348 0034 1A1C     		mov	r2, r3
 349 0036 FFF7FEFF 		bl	writeI2CReg
 150:.\sensorFortolker.c ****     for(i = 0; i < arrayLen; i++){
 350              		.loc 1 150 0 discriminator 2
 351 003a FB68     		ldr	r3, [r7, #12]
 352 003c 0133     		add	r3, r3, #1
 353 003e FB60     		str	r3, [r7, #12]
 354              	.L16:
 150:.\sensorFortolker.c ****     for(i = 0; i < arrayLen; i++){
 355              		.loc 1 150 0 is_stmt 0 discriminator 1
 356 0040 BB1D     		add	r3, r7, #6
 357 0042 1A78     		ldrb	r2, [r3]
 358 0044 FB68     		ldr	r3, [r7, #12]
ARM GAS  C:\Users\Felix\AppData\Local\Temp\ccMaNilo.s 			page 10


 359 0046 9A42     		cmp	r2, r3
 360 0048 E6DC     		bgt	.L17
 152:.\sensorFortolker.c ****     }
 153:.\sensorFortolker.c **** }
 361              		.loc 1 153 0 is_stmt 1
 362 004a BD46     		mov	sp, r7
 363 004c 04B0     		add	sp, sp, #16
 364              		@ sp needed
 365 004e 80BD     		pop	{r7, pc}
 366              		.cfi_endproc
 367              	.LFE36:
 368              		.size	setupI2CDevice, .-setupI2CDevice
 369              		.section	.text.readI2CReg,"ax",%progbits
 370              		.align	2
 371              		.global	readI2CReg
 372              		.code	16
 373              		.thumb_func
 374              		.type	readI2CReg, %function
 375              	readI2CReg:
 376              	.LFB37:
 154:.\sensorFortolker.c ****     
 155:.\sensorFortolker.c **** uint8_t readI2CReg(uint8_t addr, uint8_t reg)
 156:.\sensorFortolker.c **** {
 377              		.loc 1 156 0
 378              		.cfi_startproc
 379 0000 80B5     		push	{r7, lr}
 380              		.cfi_def_cfa_offset 8
 381              		.cfi_offset 7, -8
 382              		.cfi_offset 14, -4
 383 0002 84B0     		sub	sp, sp, #16
 384              		.cfi_def_cfa_offset 24
 385 0004 00AF     		add	r7, sp, #0
 386              		.cfi_def_cfa_register 7
 387 0006 0A1C     		mov	r2, r1
 388 0008 FB1D     		add	r3, r7, #7
 389 000a 011C     		add	r1, r0, #0
 390 000c 1970     		strb	r1, [r3]
 391 000e BB1D     		add	r3, r7, #6
 392 0010 1A70     		strb	r2, [r3]
 157:.\sensorFortolker.c ****     
 158:.\sensorFortolker.c ****     uint8_t result; 
 159:.\sensorFortolker.c ****     
 160:.\sensorFortolker.c **** 	if (sensorI2C_I2CMasterSendStart(addr, 0) == sensorI2C_I2C_MSTR_NO_ERROR) /* Check if transfer com
 393              		.loc 1 160 0
 394 0012 FB1D     		add	r3, r7, #7
 395 0014 1B78     		ldrb	r3, [r3]
 396 0016 181C     		mov	r0, r3
 397 0018 0021     		mov	r1, #0
 398 001a FFF7FEFF 		bl	sensorI2C_I2CMasterSendStart
 399 001e 031C     		mov	r3, r0
 400 0020 002B     		cmp	r3, #0
 401 0022 19D1     		bne	.L19
 161:.\sensorFortolker.c ****     { 
 162:.\sensorFortolker.c ****         if(sensorI2C_I2CMasterWriteByte(reg) == sensorI2C_I2C_MSTR_NO_ERROR)
 402              		.loc 1 162 0
 403 0024 BB1D     		add	r3, r7, #6
 404 0026 1B78     		ldrb	r3, [r3]
ARM GAS  C:\Users\Felix\AppData\Local\Temp\ccMaNilo.s 			page 11


 405 0028 181C     		mov	r0, r3
 406 002a FFF7FEFF 		bl	sensorI2C_I2CMasterWriteByte
 407 002e 031C     		mov	r3, r0
 408 0030 002B     		cmp	r3, #0
 409 0032 11D1     		bne	.L19
 163:.\sensorFortolker.c **** 		{
 164:.\sensorFortolker.c ****             if(sensorI2C_I2CMasterSendRestart(addr, 1) == sensorI2C_I2C_MSTR_NO_ERROR)
 410              		.loc 1 164 0
 411 0034 FB1D     		add	r3, r7, #7
 412 0036 1B78     		ldrb	r3, [r3]
 413 0038 181C     		mov	r0, r3
 414 003a 0121     		mov	r1, #1
 415 003c FFF7FEFF 		bl	sensorI2C_I2CMasterSendRestart
 416 0040 031C     		mov	r3, r0
 417 0042 002B     		cmp	r3, #0
 418 0044 08D1     		bne	.L19
 165:.\sensorFortolker.c **** 			{
 166:.\sensorFortolker.c ****                 result = sensorI2C_I2CMasterReadByte(sensorI2C_I2C_NAK_DATA);
 419              		.loc 1 166 0
 420 0046 0120     		mov	r0, #1
 421 0048 FFF7FEFF 		bl	sensorI2C_I2CMasterReadByte
 422 004c 021C     		mov	r2, r0
 423 004e 3B1C     		mov	r3, r7
 424 0050 0F33     		add	r3, r3, #15
 425 0052 1A70     		strb	r2, [r3]
 167:.\sensorFortolker.c ****                 sensorI2C_I2CMasterSendStop();
 426              		.loc 1 167 0
 427 0054 FFF7FEFF 		bl	sensorI2C_I2CMasterSendStop
 428              	.L19:
 168:.\sensorFortolker.c **** 				
 169:.\sensorFortolker.c **** 			}
 170:.\sensorFortolker.c **** 		}
 171:.\sensorFortolker.c **** 	}
 172:.\sensorFortolker.c **** 	return result;		
 429              		.loc 1 172 0
 430 0058 3B1C     		mov	r3, r7
 431 005a 0F33     		add	r3, r3, #15
 432 005c 1B78     		ldrb	r3, [r3]
 173:.\sensorFortolker.c ****     
 174:.\sensorFortolker.c **** }
 433              		.loc 1 174 0
 434 005e 181C     		mov	r0, r3
 435 0060 BD46     		mov	sp, r7
 436 0062 04B0     		add	sp, sp, #16
 437              		@ sp needed
 438 0064 80BD     		pop	{r7, pc}
 439              		.cfi_endproc
 440              	.LFE37:
 441              		.size	readI2CReg, .-readI2CReg
 442 0066 C046     		.section	.text.writeI2CReg,"ax",%progbits
 443              		.align	2
 444              		.global	writeI2CReg
 445              		.code	16
 446              		.thumb_func
 447              		.type	writeI2CReg, %function
 448              	writeI2CReg:
 449              	.LFB38:
ARM GAS  C:\Users\Felix\AppData\Local\Temp\ccMaNilo.s 			page 12


 175:.\sensorFortolker.c **** 
 176:.\sensorFortolker.c **** void writeI2CReg(uint8_t addr, uint8_t reg, uint8_t val){    
 450              		.loc 1 176 0
 451              		.cfi_startproc
 452 0000 80B5     		push	{r7, lr}
 453              		.cfi_def_cfa_offset 8
 454              		.cfi_offset 7, -8
 455              		.cfi_offset 14, -4
 456 0002 82B0     		sub	sp, sp, #8
 457              		.cfi_def_cfa_offset 16
 458 0004 00AF     		add	r7, sp, #0
 459              		.cfi_def_cfa_register 7
 460 0006 FB1D     		add	r3, r7, #7
 461 0008 1870     		strb	r0, [r3]
 462 000a BB1D     		add	r3, r7, #6
 463 000c 1970     		strb	r1, [r3]
 464 000e 7B1D     		add	r3, r7, #5
 465 0010 1A70     		strb	r2, [r3]
 177:.\sensorFortolker.c **** 	if (sensorI2C_I2CMasterSendStart(addr, 0) == sensorI2C_I2C_MSTR_NO_ERROR) /* Check if transfer com
 466              		.loc 1 177 0
 467 0012 FB1D     		add	r3, r7, #7
 468 0014 1B78     		ldrb	r3, [r3]
 469 0016 181C     		mov	r0, r3
 470 0018 0021     		mov	r1, #0
 471 001a FFF7FEFF 		bl	sensorI2C_I2CMasterSendStart
 472 001e 031C     		mov	r3, r0
 473 0020 002B     		cmp	r3, #0
 474 0022 11D1     		bne	.L21
 178:.\sensorFortolker.c ****     { 
 179:.\sensorFortolker.c ****         if(sensorI2C_I2CMasterWriteByte(reg) == sensorI2C_I2C_MSTR_NO_ERROR)
 475              		.loc 1 179 0
 476 0024 BB1D     		add	r3, r7, #6
 477 0026 1B78     		ldrb	r3, [r3]
 478 0028 181C     		mov	r0, r3
 479 002a FFF7FEFF 		bl	sensorI2C_I2CMasterWriteByte
 480 002e 031C     		mov	r3, r0
 481 0030 002B     		cmp	r3, #0
 482 0032 09D1     		bne	.L21
 180:.\sensorFortolker.c **** 		{
 181:.\sensorFortolker.c ****               if(sensorI2C_I2CMasterWriteByte(val) == sensorI2C_I2C_MSTR_NO_ERROR)   
 483              		.loc 1 181 0
 484 0034 7B1D     		add	r3, r7, #5
 485 0036 1B78     		ldrb	r3, [r3]
 486 0038 181C     		mov	r0, r3
 487 003a FFF7FEFF 		bl	sensorI2C_I2CMasterWriteByte
 488 003e 031C     		mov	r3, r0
 489 0040 002B     		cmp	r3, #0
 490 0042 01D1     		bne	.L21
 182:.\sensorFortolker.c ****                 {      
 183:.\sensorFortolker.c ****                     sensorI2C_I2CMasterSendStop();
 491              		.loc 1 183 0
 492 0044 FFF7FEFF 		bl	sensorI2C_I2CMasterSendStop
 493              	.L21:
 184:.\sensorFortolker.c ****     		    }
 185:.\sensorFortolker.c **** 		}
 186:.\sensorFortolker.c **** 	}
 187:.\sensorFortolker.c **** 	
ARM GAS  C:\Users\Felix\AppData\Local\Temp\ccMaNilo.s 			page 13


 188:.\sensorFortolker.c ****     
 189:.\sensorFortolker.c ****     
 190:.\sensorFortolker.c **** }
 494              		.loc 1 190 0
 495 0048 BD46     		mov	sp, r7
 496 004a 02B0     		add	sp, sp, #8
 497              		@ sp needed
 498 004c 80BD     		pop	{r7, pc}
 499              		.cfi_endproc
 500              	.LFE38:
 501              		.size	writeI2CReg, .-writeI2CReg
 502 004e C046     		.section	.text.readGyroData,"ax",%progbits
 503              		.align	2
 504              		.global	readGyroData
 505              		.code	16
 506              		.thumb_func
 507              		.type	readGyroData, %function
 508              	readGyroData:
 509              	.LFB39:
 191:.\sensorFortolker.c **** 
 192:.\sensorFortolker.c **** void readGyroData(fix16_t* gyroData)
 193:.\sensorFortolker.c **** {
 510              		.loc 1 193 0
 511              		.cfi_startproc
 512 0000 90B5     		push	{r4, r7, lr}
 513              		.cfi_def_cfa_offset 12
 514              		.cfi_offset 4, -12
 515              		.cfi_offset 7, -8
 516              		.cfi_offset 14, -4
 517 0002 85B0     		sub	sp, sp, #20
 518              		.cfi_def_cfa_offset 32
 519 0004 00AF     		add	r7, sp, #0
 520              		.cfi_def_cfa_register 7
 521 0006 7860     		str	r0, [r7, #4]
 194:.\sensorFortolker.c ****     //read the acc data from the accellerometer
 195:.\sensorFortolker.c ****     int16_t rawGyroX = readI2CReg(IMU_ADDRESS, GYRO_FIRST_DATA + 1) 
 522              		.loc 1 195 0
 523 0008 6820     		mov	r0, #104
 524 000a 4421     		mov	r1, #68
 525 000c FFF7FEFF 		bl	readI2CReg
 526 0010 031C     		mov	r3, r0
 527 0012 1C1C     		mov	r4, r3
 196:.\sensorFortolker.c ****             + ((int16_t) readI2CReg(IMU_ADDRESS, GYRO_FIRST_DATA) << 8);
 528              		.loc 1 196 0
 529 0014 6820     		mov	r0, #104
 530 0016 4321     		mov	r1, #67
 531 0018 FFF7FEFF 		bl	readI2CReg
 532 001c 031C     		mov	r3, r0
 195:.\sensorFortolker.c ****     int16_t rawGyroX = readI2CReg(IMU_ADDRESS, GYRO_FIRST_DATA + 1) 
 533              		.loc 1 195 0
 534 001e 1B02     		lsl	r3, r3, #8
 535 0020 9BB2     		uxth	r3, r3
 536 0022 E318     		add	r3, r4, r3
 537 0024 9AB2     		uxth	r2, r3
 538 0026 3B1C     		mov	r3, r7
 539 0028 0E33     		add	r3, r3, #14
 540 002a 1A80     		strh	r2, [r3]
ARM GAS  C:\Users\Felix\AppData\Local\Temp\ccMaNilo.s 			page 14


 197:.\sensorFortolker.c ****     //scale data and return it
 198:.\sensorFortolker.c ****     *gyroData = (fix16_t) rawGyroX * GYRO_SCALE_FACTOR;
 541              		.loc 1 198 0
 542 002c 3B1C     		mov	r3, r7
 543 002e 0E33     		add	r3, r3, #14
 544 0030 0022     		mov	r2, #0
 545 0032 9B5E     		ldrsh	r3, [r3, r2]
 546 0034 034A     		ldr	r2, .L24
 547 0036 5A43     		mul	r2, r3
 548 0038 7B68     		ldr	r3, [r7, #4]
 549 003a 1A60     		str	r2, [r3]
 199:.\sensorFortolker.c **** }
 550              		.loc 1 199 0
 551 003c BD46     		mov	sp, r7
 552 003e 05B0     		add	sp, sp, #20
 553              		@ sp needed
 554 0040 90BD     		pop	{r4, r7, pc}
 555              	.L25:
 556 0042 C046     		.align	2
 557              	.L24:
 558 0044 9C0F0000 		.word	3996
 559              		.cfi_endproc
 560              	.LFE39:
 561              		.size	readGyroData, .-readGyroData
 562              		.section	.text.readAccData,"ax",%progbits
 563              		.align	2
 564              		.global	readAccData
 565              		.code	16
 566              		.thumb_func
 567              		.type	readAccData, %function
 568              	readAccData:
 569              	.LFB40:
 200:.\sensorFortolker.c **** 
 201:.\sensorFortolker.c **** void readAccData(fix16_t* accData)
 202:.\sensorFortolker.c **** {
 570              		.loc 1 202 0
 571              		.cfi_startproc
 572 0000 90B5     		push	{r4, r7, lr}
 573              		.cfi_def_cfa_offset 12
 574              		.cfi_offset 4, -12
 575              		.cfi_offset 7, -8
 576              		.cfi_offset 14, -4
 577 0002 85B0     		sub	sp, sp, #20
 578              		.cfi_def_cfa_offset 32
 579 0004 00AF     		add	r7, sp, #0
 580              		.cfi_def_cfa_register 7
 581 0006 7860     		str	r0, [r7, #4]
 203:.\sensorFortolker.c ****     //read the raw data from the accellerometer
 204:.\sensorFortolker.c ****     int16 rawAccY = readI2CReg(IMU_ADDRESS, ACC_FIRST_DATA+1) 
 582              		.loc 1 204 0
 583 0008 6820     		mov	r0, #104
 584 000a 3E21     		mov	r1, #62
 585 000c FFF7FEFF 		bl	readI2CReg
 586 0010 031C     		mov	r3, r0
 587 0012 1C1C     		mov	r4, r3
 205:.\sensorFortolker.c ****             + ((int16_t) readI2CReg(IMU_ADDRESS, ACC_FIRST_DATA)<<8);
 588              		.loc 1 205 0
ARM GAS  C:\Users\Felix\AppData\Local\Temp\ccMaNilo.s 			page 15


 589 0014 6820     		mov	r0, #104
 590 0016 3D21     		mov	r1, #61
 591 0018 FFF7FEFF 		bl	readI2CReg
 592 001c 031C     		mov	r3, r0
 204:.\sensorFortolker.c ****     int16 rawAccY = readI2CReg(IMU_ADDRESS, ACC_FIRST_DATA+1) 
 593              		.loc 1 204 0
 594 001e 1B02     		lsl	r3, r3, #8
 595 0020 9BB2     		uxth	r3, r3
 596 0022 E318     		add	r3, r4, r3
 597 0024 9AB2     		uxth	r2, r3
 598 0026 3B1C     		mov	r3, r7
 599 0028 0E33     		add	r3, r3, #14
 600 002a 1A80     		strh	r2, [r3]
 206:.\sensorFortolker.c ****     int16 rawAccZ = readI2CReg(IMU_ADDRESS, ACC_FIRST_DATA+3) 
 601              		.loc 1 206 0
 602 002c 6820     		mov	r0, #104
 603 002e 4021     		mov	r1, #64
 604 0030 FFF7FEFF 		bl	readI2CReg
 605 0034 031C     		mov	r3, r0
 606 0036 1C1C     		mov	r4, r3
 207:.\sensorFortolker.c ****             + ((int16_t) readI2CReg(IMU_ADDRESS, ACC_FIRST_DATA + 2)<<8);
 607              		.loc 1 207 0
 608 0038 6820     		mov	r0, #104
 609 003a 3F21     		mov	r1, #63
 610 003c FFF7FEFF 		bl	readI2CReg
 611 0040 031C     		mov	r3, r0
 206:.\sensorFortolker.c ****     int16 rawAccZ = readI2CReg(IMU_ADDRESS, ACC_FIRST_DATA+3) 
 612              		.loc 1 206 0
 613 0042 1B02     		lsl	r3, r3, #8
 614 0044 9BB2     		uxth	r3, r3
 615 0046 E318     		add	r3, r4, r3
 616 0048 9AB2     		uxth	r2, r3
 617 004a 3B1C     		mov	r3, r7
 618 004c 0C33     		add	r3, r3, #12
 619 004e 1A80     		strh	r2, [r3]
 208:.\sensorFortolker.c ****     //scale data and return it
 209:.\sensorFortolker.c ****     accData[0] = (fix16_t) rawAccY * ACC_SCALE_FACTOR; 
 620              		.loc 1 209 0
 621 0050 3B1C     		mov	r3, r7
 622 0052 0E33     		add	r3, r3, #14
 623 0054 0021     		mov	r1, #0
 624 0056 5B5E     		ldrsh	r3, [r3, r1]
 625 0058 DA00     		lsl	r2, r3, #3
 626 005a 7B68     		ldr	r3, [r7, #4]
 627 005c 1A60     		str	r2, [r3]
 210:.\sensorFortolker.c ****     accData[1] = (fix16_t) rawAccZ * ACC_SCALE_FACTOR;
 628              		.loc 1 210 0
 629 005e 7B68     		ldr	r3, [r7, #4]
 630 0060 0433     		add	r3, r3, #4
 631 0062 3A1C     		mov	r2, r7
 632 0064 0C32     		add	r2, r2, #12
 633 0066 0021     		mov	r1, #0
 634 0068 525E     		ldrsh	r2, [r2, r1]
 635 006a D200     		lsl	r2, r2, #3
 636 006c 1A60     		str	r2, [r3]
 211:.\sensorFortolker.c **** }
 637              		.loc 1 211 0
ARM GAS  C:\Users\Felix\AppData\Local\Temp\ccMaNilo.s 			page 16


 638 006e BD46     		mov	sp, r7
 639 0070 05B0     		add	sp, sp, #20
 640              		@ sp needed
 641 0072 90BD     		pop	{r4, r7, pc}
 642              		.cfi_endproc
 643              	.LFE40:
 644              		.size	readAccData, .-readAccData
 645              		.section	.text.gyroDataReadyInterrupt,"ax",%progbits
 646              		.align	2
 647              		.global	gyroDataReadyInterrupt
 648              		.code	16
 649              		.thumb_func
 650              		.type	gyroDataReadyInterrupt, %function
 651              	gyroDataReadyInterrupt:
 652              	.LFB41:
 212:.\sensorFortolker.c **** 
 213:.\sensorFortolker.c **** /* interrupt definitions */
 214:.\sensorFortolker.c **** 
 215:.\sensorFortolker.c **** //Data ready interrupt from sensor
 216:.\sensorFortolker.c **** CY_ISR(gyroDataReadyInterrupt)
 217:.\sensorFortolker.c **** {
 653              		.loc 1 217 0
 654              		.cfi_startproc
 655 0000 80B5     		push	{r7, lr}
 656              		.cfi_def_cfa_offset 8
 657              		.cfi_offset 7, -8
 658              		.cfi_offset 14, -4
 659 0002 00AF     		add	r7, sp, #0
 660              		.cfi_def_cfa_register 7
 218:.\sensorFortolker.c ****    //TODO: insert data interrupt code to improve data collection
 219:.\sensorFortolker.c **** }
 661              		.loc 1 219 0
 662 0004 BD46     		mov	sp, r7
 663              		@ sp needed
 664 0006 80BD     		pop	{r7, pc}
 665              		.cfi_endproc
 666              	.LFE41:
 667              		.size	gyroDataReadyInterrupt, .-gyroDataReadyInterrupt
 668              		.section	.text.EndstopGPIO,"ax",%progbits
 669              		.align	2
 670              		.global	EndstopGPIO
 671              		.code	16
 672              		.thumb_func
 673              		.type	EndstopGPIO, %function
 674              	EndstopGPIO:
 675              	.LFB42:
 220:.\sensorFortolker.c **** 
 221:.\sensorFortolker.c **** 
 222:.\sensorFortolker.c **** /* ISR Function EndstopGPIO
 223:.\sensorFortolker.c ****    Summary:
 224:.\sensorFortolker.c ****     ISR triggers on Endstop activation and sets endstop_ flag high
 225:.\sensorFortolker.c **** */
 226:.\sensorFortolker.c **** CY_ISR(EndstopGPIO)
 227:.\sensorFortolker.c **** {   
 676              		.loc 1 227 0
 677              		.cfi_startproc
 678 0000 80B5     		push	{r7, lr}
ARM GAS  C:\Users\Felix\AppData\Local\Temp\ccMaNilo.s 			page 17


 679              		.cfi_def_cfa_offset 8
 680              		.cfi_offset 7, -8
 681              		.cfi_offset 14, -4
 682 0002 00AF     		add	r7, sp, #0
 683              		.cfi_def_cfa_register 7
 228:.\sensorFortolker.c ****     endstop_ = 1;       
 684              		.loc 1 228 0
 685 0004 024B     		ldr	r3, .L29
 686 0006 0122     		mov	r2, #1
 687 0008 1A70     		strb	r2, [r3]
 229:.\sensorFortolker.c **** }
 688              		.loc 1 229 0
 689 000a BD46     		mov	sp, r7
 690              		@ sp needed
 691 000c 80BD     		pop	{r7, pc}
 692              	.L30:
 693 000e C046     		.align	2
 694              	.L29:
 695 0010 00000000 		.word	endstop_
 696              		.cfi_endproc
 697              	.LFE42:
 698              		.size	EndstopGPIO, .-EndstopGPIO
 699              		.text
 700              	.Letext0:
 701              		.file 2 "c:\\program files (x86)\\cypress\\psoc creator\\3.1\\psoc creator\\import\\gnu_cs\\arm\\4
 702              		.file 3 "c:\\program files (x86)\\cypress\\psoc creator\\3.1\\psoc creator\\import\\gnu_cs\\arm\\4
 703              		.file 4 ".\\Generated_Source\\PSoC4/cytypes.h"
 704              		.file 5 ".\\globals.h"
 705              		.file 6 ".\\fixedMath.h"
 706              		.section	.debug_info,"",%progbits
 707              	.Ldebug_info0:
 708 0000 86030000 		.4byte	0x386
 709 0004 0400     		.2byte	0x4
 710 0006 00000000 		.4byte	.Ldebug_abbrev0
 711 000a 04       		.byte	0x4
 712 000b 01       		.uleb128 0x1
 713 000c 95000000 		.4byte	.LASF49
 714 0010 01       		.byte	0x1
 715 0011 28020000 		.4byte	.LASF50
 716 0015 88020000 		.4byte	.LASF51
 717 0019 00000000 		.4byte	.Ldebug_ranges0+0
 718 001d 00000000 		.4byte	0
 719 0021 00000000 		.4byte	.Ldebug_line0
 720 0025 02       		.uleb128 0x2
 721 0026 01       		.byte	0x1
 722 0027 06       		.byte	0x6
 723 0028 7C020000 		.4byte	.LASF0
 724 002c 03       		.uleb128 0x3
 725 002d 00000000 		.4byte	.LASF2
 726 0031 02       		.byte	0x2
 727 0032 1C       		.byte	0x1c
 728 0033 37000000 		.4byte	0x37
 729 0037 02       		.uleb128 0x2
 730 0038 01       		.byte	0x1
 731 0039 08       		.byte	0x8
 732 003a 24010000 		.4byte	.LASF1
 733 003e 03       		.uleb128 0x3
ARM GAS  C:\Users\Felix\AppData\Local\Temp\ccMaNilo.s 			page 18


 734 003f 19000000 		.4byte	.LASF3
 735 0043 02       		.byte	0x2
 736 0044 25       		.byte	0x25
 737 0045 49000000 		.4byte	0x49
 738 0049 02       		.uleb128 0x2
 739 004a 02       		.byte	0x2
 740 004b 05       		.byte	0x5
 741 004c 4B020000 		.4byte	.LASF4
 742 0050 02       		.uleb128 0x2
 743 0051 02       		.byte	0x2
 744 0052 07       		.byte	0x7
 745 0053 5C000000 		.4byte	.LASF5
 746 0057 03       		.uleb128 0x3
 747 0058 33000000 		.4byte	.LASF6
 748 005c 02       		.byte	0x2
 749 005d 37       		.byte	0x37
 750 005e 62000000 		.4byte	0x62
 751 0062 02       		.uleb128 0x2
 752 0063 04       		.byte	0x4
 753 0064 05       		.byte	0x5
 754 0065 63020000 		.4byte	.LASF7
 755 0069 02       		.uleb128 0x2
 756 006a 04       		.byte	0x4
 757 006b 07       		.byte	0x7
 758 006c B3010000 		.4byte	.LASF8
 759 0070 02       		.uleb128 0x2
 760 0071 08       		.byte	0x8
 761 0072 05       		.byte	0x5
 762 0073 1A020000 		.4byte	.LASF9
 763 0077 02       		.uleb128 0x2
 764 0078 08       		.byte	0x8
 765 0079 07       		.byte	0x7
 766 007a D2010000 		.4byte	.LASF10
 767 007e 04       		.uleb128 0x4
 768 007f 04       		.byte	0x4
 769 0080 05       		.byte	0x5
 770 0081 696E7400 		.ascii	"int\000"
 771 0085 02       		.uleb128 0x2
 772 0086 04       		.byte	0x4
 773 0087 07       		.byte	0x7
 774 0088 C5010000 		.4byte	.LASF11
 775 008c 03       		.uleb128 0x3
 776 008d E9010000 		.4byte	.LASF12
 777 0091 03       		.byte	0x3
 778 0092 2A       		.byte	0x2a
 779 0093 2C000000 		.4byte	0x2c
 780 0097 03       		.uleb128 0x3
 781 0098 F8010000 		.4byte	.LASF13
 782 009c 03       		.byte	0x3
 783 009d 35       		.byte	0x35
 784 009e 3E000000 		.4byte	0x3e
 785 00a2 03       		.uleb128 0x3
 786 00a3 00020000 		.4byte	.LASF14
 787 00a7 03       		.byte	0x3
 788 00a8 41       		.byte	0x41
 789 00a9 57000000 		.4byte	0x57
 790 00ad 03       		.uleb128 0x3
ARM GAS  C:\Users\Felix\AppData\Local\Temp\ccMaNilo.s 			page 19


 791 00ae 5D020000 		.4byte	.LASF15
 792 00b2 04       		.byte	0x4
 793 00b3 A1       		.byte	0xa1
 794 00b4 37000000 		.4byte	0x37
 795 00b8 03       		.uleb128 0x3
 796 00b9 3C010000 		.4byte	.LASF16
 797 00bd 04       		.byte	0x4
 798 00be A5       		.byte	0xa5
 799 00bf 49000000 		.4byte	0x49
 800 00c3 02       		.uleb128 0x2
 801 00c4 04       		.byte	0x4
 802 00c5 04       		.byte	0x4
 803 00c6 8F000000 		.4byte	.LASF17
 804 00ca 02       		.uleb128 0x2
 805 00cb 08       		.byte	0x8
 806 00cc 04       		.byte	0x4
 807 00cd 94010000 		.4byte	.LASF18
 808 00d1 02       		.uleb128 0x2
 809 00d2 01       		.byte	0x1
 810 00d3 08       		.byte	0x8
 811 00d4 3C020000 		.4byte	.LASF19
 812 00d8 02       		.uleb128 0x2
 813 00d9 04       		.byte	0x4
 814 00da 07       		.byte	0x7
 815 00db 08020000 		.4byte	.LASF20
 816 00df 03       		.uleb128 0x3
 817 00e0 4A000000 		.4byte	.LASF21
 818 00e4 05       		.byte	0x5
 819 00e5 13       		.byte	0x13
 820 00e6 AD000000 		.4byte	0xad
 821 00ea 03       		.uleb128 0x3
 822 00eb 55020000 		.4byte	.LASF22
 823 00ef 06       		.byte	0x6
 824 00f0 12       		.byte	0x12
 825 00f1 A2000000 		.4byte	0xa2
 826 00f5 05       		.uleb128 0x5
 827 00f6 88010000 		.4byte	.LASF25
 828 00fa 01       		.byte	0x1
 829 00fb 55       		.byte	0x55
 830 00fc 00000000 		.4byte	.LFB33
 831 0100 28000000 		.4byte	.LFE33-.LFB33
 832 0104 01       		.uleb128 0x1
 833 0105 9C       		.byte	0x9c
 834 0106 06       		.uleb128 0x6
 835 0107 74010000 		.4byte	.LASF30
 836 010b 01       		.byte	0x1
 837 010c 6D       		.byte	0x6d
 838 010d EA000000 		.4byte	0xea
 839 0111 00000000 		.4byte	.LFB34
 840 0115 0C010000 		.4byte	.LFE34-.LFB34
 841 0119 01       		.uleb128 0x1
 842 011a 9C       		.byte	0x9c
 843 011b 3C010000 		.4byte	0x13c
 844 011f 07       		.uleb128 0x7
 845 0120 83000000 		.4byte	.LASF23
 846 0124 01       		.byte	0x1
 847 0125 7D       		.byte	0x7d
ARM GAS  C:\Users\Felix\AppData\Local\Temp\ccMaNilo.s 			page 20


 848 0126 EA000000 		.4byte	0xea
 849 012a 02       		.uleb128 0x2
 850 012b 91       		.byte	0x91
 851 012c 6C       		.sleb128 -20
 852 012d 07       		.uleb128 0x7
 853 012e 6D010000 		.4byte	.LASF24
 854 0132 01       		.byte	0x1
 855 0133 80       		.byte	0x80
 856 0134 EA000000 		.4byte	0xea
 857 0138 02       		.uleb128 0x2
 858 0139 91       		.byte	0x91
 859 013a 68       		.sleb128 -24
 860 013b 00       		.byte	0
 861 013c 08       		.uleb128 0x8
 862 013d 0A000000 		.4byte	.LASF26
 863 0141 01       		.byte	0x1
 864 0142 8F       		.byte	0x8f
 865 0143 DF000000 		.4byte	0xdf
 866 0147 00000000 		.4byte	.LFB35
 867 014b 14000000 		.4byte	.LFE35-.LFB35
 868 014f 01       		.uleb128 0x1
 869 0150 9C       		.byte	0x9c
 870 0151 09       		.uleb128 0x9
 871 0152 5E010000 		.4byte	.LASF33
 872 0156 01       		.byte	0x1
 873 0157 94       		.byte	0x94
 874 0158 00000000 		.4byte	.LFB36
 875 015c 50000000 		.4byte	.LFE36-.LFB36
 876 0160 01       		.uleb128 0x1
 877 0161 9C       		.byte	0x9c
 878 0162 9D010000 		.4byte	0x19d
 879 0166 0A       		.uleb128 0xa
 880 0167 59010000 		.4byte	.LASF27
 881 016b 01       		.byte	0x1
 882 016c 94       		.byte	0x94
 883 016d 8C000000 		.4byte	0x8c
 884 0171 02       		.uleb128 0x2
 885 0172 91       		.byte	0x91
 886 0173 6F       		.sleb128 -17
 887 0174 0A       		.uleb128 0xa
 888 0175 32010000 		.4byte	.LASF28
 889 0179 01       		.byte	0x1
 890 017a 94       		.byte	0x94
 891 017b AD010000 		.4byte	0x1ad
 892 017f 02       		.uleb128 0x2
 893 0180 91       		.byte	0x91
 894 0181 68       		.sleb128 -24
 895 0182 0A       		.uleb128 0xa
 896 0183 2A000000 		.4byte	.LASF29
 897 0187 01       		.byte	0x1
 898 0188 94       		.byte	0x94
 899 0189 8C000000 		.4byte	0x8c
 900 018d 02       		.uleb128 0x2
 901 018e 91       		.byte	0x91
 902 018f 6E       		.sleb128 -18
 903 0190 0B       		.uleb128 0xb
 904 0191 6900     		.ascii	"i\000"
ARM GAS  C:\Users\Felix\AppData\Local\Temp\ccMaNilo.s 			page 21


 905 0193 01       		.byte	0x1
 906 0194 95       		.byte	0x95
 907 0195 7E000000 		.4byte	0x7e
 908 0199 02       		.uleb128 0x2
 909 019a 91       		.byte	0x91
 910 019b 74       		.sleb128 -12
 911 019c 00       		.byte	0
 912 019d 0C       		.uleb128 0xc
 913 019e 8C000000 		.4byte	0x8c
 914 01a2 AD010000 		.4byte	0x1ad
 915 01a6 0D       		.uleb128 0xd
 916 01a7 D8000000 		.4byte	0xd8
 917 01ab 01       		.byte	0x1
 918 01ac 00       		.byte	0
 919 01ad 0E       		.uleb128 0xe
 920 01ae 04       		.byte	0x4
 921 01af 9D010000 		.4byte	0x19d
 922 01b3 06       		.uleb128 0x6
 923 01b4 19010000 		.4byte	.LASF31
 924 01b8 01       		.byte	0x1
 925 01b9 9B       		.byte	0x9b
 926 01ba 8C000000 		.4byte	0x8c
 927 01be 00000000 		.4byte	.LFB37
 928 01c2 66000000 		.4byte	.LFE37-.LFB37
 929 01c6 01       		.uleb128 0x1
 930 01c7 9C       		.byte	0x9c
 931 01c8 F7010000 		.4byte	0x1f7
 932 01cc 0A       		.uleb128 0xa
 933 01cd 59010000 		.4byte	.LASF27
 934 01d1 01       		.byte	0x1
 935 01d2 9B       		.byte	0x9b
 936 01d3 8C000000 		.4byte	0x8c
 937 01d7 02       		.uleb128 0x2
 938 01d8 91       		.byte	0x91
 939 01d9 6F       		.sleb128 -17
 940 01da 0F       		.uleb128 0xf
 941 01db 72656700 		.ascii	"reg\000"
 942 01df 01       		.byte	0x1
 943 01e0 9B       		.byte	0x9b
 944 01e1 8C000000 		.4byte	0x8c
 945 01e5 02       		.uleb128 0x2
 946 01e6 91       		.byte	0x91
 947 01e7 6E       		.sleb128 -18
 948 01e8 07       		.uleb128 0x7
 949 01e9 F1010000 		.4byte	.LASF32
 950 01ed 01       		.byte	0x1
 951 01ee 9E       		.byte	0x9e
 952 01ef 8C000000 		.4byte	0x8c
 953 01f3 02       		.uleb128 0x2
 954 01f4 91       		.byte	0x91
 955 01f5 77       		.sleb128 -9
 956 01f6 00       		.byte	0
 957 01f7 09       		.uleb128 0x9
 958 01f8 9B010000 		.4byte	.LASF34
 959 01fc 01       		.byte	0x1
 960 01fd B0       		.byte	0xb0
 961 01fe 00000000 		.4byte	.LFB38
ARM GAS  C:\Users\Felix\AppData\Local\Temp\ccMaNilo.s 			page 22


 962 0202 4E000000 		.4byte	.LFE38-.LFB38
 963 0206 01       		.uleb128 0x1
 964 0207 9C       		.byte	0x9c
 965 0208 37020000 		.4byte	0x237
 966 020c 0A       		.uleb128 0xa
 967 020d 59010000 		.4byte	.LASF27
 968 0211 01       		.byte	0x1
 969 0212 B0       		.byte	0xb0
 970 0213 8C000000 		.4byte	0x8c
 971 0217 02       		.uleb128 0x2
 972 0218 91       		.byte	0x91
 973 0219 77       		.sleb128 -9
 974 021a 0F       		.uleb128 0xf
 975 021b 72656700 		.ascii	"reg\000"
 976 021f 01       		.byte	0x1
 977 0220 B0       		.byte	0xb0
 978 0221 8C000000 		.4byte	0x8c
 979 0225 02       		.uleb128 0x2
 980 0226 91       		.byte	0x91
 981 0227 76       		.sleb128 -10
 982 0228 0F       		.uleb128 0xf
 983 0229 76616C00 		.ascii	"val\000"
 984 022d 01       		.byte	0x1
 985 022e B0       		.byte	0xb0
 986 022f 8C000000 		.4byte	0x8c
 987 0233 02       		.uleb128 0x2
 988 0234 91       		.byte	0x91
 989 0235 75       		.sleb128 -11
 990 0236 00       		.byte	0
 991 0237 09       		.uleb128 0x9
 992 0238 4F000000 		.4byte	.LASF35
 993 023c 01       		.byte	0x1
 994 023d C0       		.byte	0xc0
 995 023e 00000000 		.4byte	.LFB39
 996 0242 48000000 		.4byte	.LFE39-.LFB39
 997 0246 01       		.uleb128 0x1
 998 0247 9C       		.byte	0x9c
 999 0248 69020000 		.4byte	0x269
 1000 024c 0A       		.uleb128 0xa
 1001 024d EF020000 		.4byte	.LASF36
 1002 0251 01       		.byte	0x1
 1003 0252 C0       		.byte	0xc0
 1004 0253 69020000 		.4byte	0x269
 1005 0257 02       		.uleb128 0x2
 1006 0258 91       		.byte	0x91
 1007 0259 64       		.sleb128 -28
 1008 025a 07       		.uleb128 0x7
 1009 025b F8020000 		.4byte	.LASF37
 1010 025f 01       		.byte	0x1
 1011 0260 C3       		.byte	0xc3
 1012 0261 97000000 		.4byte	0x97
 1013 0265 02       		.uleb128 0x2
 1014 0266 91       		.byte	0x91
 1015 0267 6E       		.sleb128 -18
 1016 0268 00       		.byte	0
 1017 0269 0E       		.uleb128 0xe
 1018 026a 04       		.byte	0x4
ARM GAS  C:\Users\Felix\AppData\Local\Temp\ccMaNilo.s 			page 23


 1019 026b EA000000 		.4byte	0xea
 1020 026f 09       		.uleb128 0x9
 1021 0270 A7010000 		.4byte	.LASF38
 1022 0274 01       		.byte	0x1
 1023 0275 C9       		.byte	0xc9
 1024 0276 00000000 		.4byte	.LFB40
 1025 027a 74000000 		.4byte	.LFE40-.LFB40
 1026 027e 01       		.uleb128 0x1
 1027 027f 9C       		.byte	0x9c
 1028 0280 AF020000 		.4byte	0x2af
 1029 0284 0A       		.uleb128 0xa
 1030 0285 6F000000 		.4byte	.LASF39
 1031 0289 01       		.byte	0x1
 1032 028a C9       		.byte	0xc9
 1033 028b 69020000 		.4byte	0x269
 1034 028f 02       		.uleb128 0x2
 1035 0290 91       		.byte	0x91
 1036 0291 64       		.sleb128 -28
 1037 0292 07       		.uleb128 0x7
 1038 0293 6C020000 		.4byte	.LASF40
 1039 0297 01       		.byte	0x1
 1040 0298 CC       		.byte	0xcc
 1041 0299 B8000000 		.4byte	0xb8
 1042 029d 02       		.uleb128 0x2
 1043 029e 91       		.byte	0x91
 1044 029f 6E       		.sleb128 -18
 1045 02a0 07       		.uleb128 0x7
 1046 02a1 74020000 		.4byte	.LASF41
 1047 02a5 01       		.byte	0x1
 1048 02a6 CE       		.byte	0xce
 1049 02a7 B8000000 		.4byte	0xb8
 1050 02ab 02       		.uleb128 0x2
 1051 02ac 91       		.byte	0x91
 1052 02ad 6C       		.sleb128 -20
 1053 02ae 00       		.byte	0
 1054 02af 10       		.uleb128 0x10
 1055 02b0 42010000 		.4byte	.LASF42
 1056 02b4 01       		.byte	0x1
 1057 02b5 D8       		.byte	0xd8
 1058 02b6 00000000 		.4byte	.LFB41
 1059 02ba 08000000 		.4byte	.LFE41-.LFB41
 1060 02be 01       		.uleb128 0x1
 1061 02bf 9C       		.byte	0x9c
 1062 02c0 10       		.uleb128 0x10
 1063 02c1 77000000 		.4byte	.LASF43
 1064 02c5 01       		.byte	0x1
 1065 02c6 E2       		.byte	0xe2
 1066 02c7 00000000 		.4byte	.LFB42
 1067 02cb 14000000 		.4byte	.LFE42-.LFB42
 1068 02cf 01       		.uleb128 0x1
 1069 02d0 9C       		.byte	0x9c
 1070 02d1 0C       		.uleb128 0xc
 1071 02d2 8C000000 		.4byte	0x8c
 1072 02d6 E7020000 		.4byte	0x2e7
 1073 02da 0D       		.uleb128 0xd
 1074 02db D8000000 		.4byte	0xd8
 1075 02df 04       		.byte	0x4
ARM GAS  C:\Users\Felix\AppData\Local\Temp\ccMaNilo.s 			page 24


 1076 02e0 0D       		.uleb128 0xd
 1077 02e1 D8000000 		.4byte	0xd8
 1078 02e5 01       		.byte	0x1
 1079 02e6 00       		.byte	0
 1080 02e7 11       		.uleb128 0x11
 1081 02e8 3D000000 		.4byte	.LASF44
 1082 02ec 01       		.byte	0x1
 1083 02ed 3C       		.byte	0x3c
 1084 02ee F8020000 		.4byte	0x2f8
 1085 02f2 05       		.uleb128 0x5
 1086 02f3 03       		.byte	0x3
 1087 02f4 00000000 		.4byte	imuInitArray
 1088 02f8 12       		.uleb128 0x12
 1089 02f9 D1020000 		.4byte	0x2d1
 1090 02fd 11       		.uleb128 0x11
 1091 02fe 41020000 		.4byte	.LASF45
 1092 0302 01       		.byte	0x1
 1093 0303 47       		.byte	0x47
 1094 0304 0E030000 		.4byte	0x30e
 1095 0308 05       		.uleb128 0x5
 1096 0309 03       		.byte	0x3
 1097 030a 00000000 		.4byte	dataReady
 1098 030e 13       		.uleb128 0x13
 1099 030f DF000000 		.4byte	0xdf
 1100 0313 11       		.uleb128 0x11
 1101 0314 11020000 		.4byte	.LASF46
 1102 0318 01       		.byte	0x1
 1103 0319 47       		.byte	0x47
 1104 031a 0E030000 		.4byte	0x30e
 1105 031e 05       		.uleb128 0x5
 1106 031f 03       		.byte	0x3
 1107 0320 00000000 		.4byte	endstop_
 1108 0324 0C       		.uleb128 0xc
 1109 0325 EA000000 		.4byte	0xea
 1110 0329 34030000 		.4byte	0x334
 1111 032d 0D       		.uleb128 0xd
 1112 032e D8000000 		.4byte	0xd8
 1113 0332 01       		.byte	0x1
 1114 0333 00       		.byte	0
 1115 0334 11       		.uleb128 0x11
 1116 0335 6F000000 		.4byte	.LASF39
 1117 0339 01       		.byte	0x1
 1118 033a 49       		.byte	0x49
 1119 033b 24030000 		.4byte	0x324
 1120 033f 05       		.uleb128 0x5
 1121 0340 03       		.byte	0x3
 1122 0341 00000000 		.4byte	accData
 1123 0345 11       		.uleb128 0x11
 1124 0346 EF020000 		.4byte	.LASF36
 1125 034a 01       		.byte	0x1
 1126 034b 49       		.byte	0x49
 1127 034c EA000000 		.4byte	0xea
 1128 0350 05       		.uleb128 0x5
 1129 0351 03       		.byte	0x3
 1130 0352 00000000 		.4byte	gyroData
 1131 0356 11       		.uleb128 0x11
 1132 0357 11010000 		.4byte	.LASF47
ARM GAS  C:\Users\Felix\AppData\Local\Temp\ccMaNilo.s 			page 25


 1133 035b 01       		.byte	0x1
 1134 035c 4B       		.byte	0x4b
 1135 035d EA000000 		.4byte	0xea
 1136 0361 05       		.uleb128 0x5
 1137 0362 03       		.byte	0x3
 1138 0363 00000000 		.4byte	gyroAng
 1139 0367 11       		.uleb128 0x11
 1140 0368 6D010000 		.4byte	.LASF24
 1141 036c 01       		.byte	0x1
 1142 036d 4B       		.byte	0x4b
 1143 036e EA000000 		.4byte	0xea
 1144 0372 05       		.uleb128 0x5
 1145 0373 03       		.byte	0x3
 1146 0374 00000000 		.4byte	accAng
 1147 0378 11       		.uleb128 0x11
 1148 0379 23000000 		.4byte	.LASF48
 1149 037d 01       		.byte	0x1
 1150 037e 4B       		.byte	0x4b
 1151 037f EA000000 		.4byte	0xea
 1152 0383 05       		.uleb128 0x5
 1153 0384 03       		.byte	0x3
 1154 0385 00000000 		.4byte	estAng
 1155 0389 00       		.byte	0
 1156              		.section	.debug_abbrev,"",%progbits
 1157              	.Ldebug_abbrev0:
 1158 0000 01       		.uleb128 0x1
 1159 0001 11       		.uleb128 0x11
 1160 0002 01       		.byte	0x1
 1161 0003 25       		.uleb128 0x25
 1162 0004 0E       		.uleb128 0xe
 1163 0005 13       		.uleb128 0x13
 1164 0006 0B       		.uleb128 0xb
 1165 0007 03       		.uleb128 0x3
 1166 0008 0E       		.uleb128 0xe
 1167 0009 1B       		.uleb128 0x1b
 1168 000a 0E       		.uleb128 0xe
 1169 000b 55       		.uleb128 0x55
 1170 000c 17       		.uleb128 0x17
 1171 000d 11       		.uleb128 0x11
 1172 000e 01       		.uleb128 0x1
 1173 000f 10       		.uleb128 0x10
 1174 0010 17       		.uleb128 0x17
 1175 0011 00       		.byte	0
 1176 0012 00       		.byte	0
 1177 0013 02       		.uleb128 0x2
 1178 0014 24       		.uleb128 0x24
 1179 0015 00       		.byte	0
 1180 0016 0B       		.uleb128 0xb
 1181 0017 0B       		.uleb128 0xb
 1182 0018 3E       		.uleb128 0x3e
 1183 0019 0B       		.uleb128 0xb
 1184 001a 03       		.uleb128 0x3
 1185 001b 0E       		.uleb128 0xe
 1186 001c 00       		.byte	0
 1187 001d 00       		.byte	0
 1188 001e 03       		.uleb128 0x3
 1189 001f 16       		.uleb128 0x16
ARM GAS  C:\Users\Felix\AppData\Local\Temp\ccMaNilo.s 			page 26


 1190 0020 00       		.byte	0
 1191 0021 03       		.uleb128 0x3
 1192 0022 0E       		.uleb128 0xe
 1193 0023 3A       		.uleb128 0x3a
 1194 0024 0B       		.uleb128 0xb
 1195 0025 3B       		.uleb128 0x3b
 1196 0026 0B       		.uleb128 0xb
 1197 0027 49       		.uleb128 0x49
 1198 0028 13       		.uleb128 0x13
 1199 0029 00       		.byte	0
 1200 002a 00       		.byte	0
 1201 002b 04       		.uleb128 0x4
 1202 002c 24       		.uleb128 0x24
 1203 002d 00       		.byte	0
 1204 002e 0B       		.uleb128 0xb
 1205 002f 0B       		.uleb128 0xb
 1206 0030 3E       		.uleb128 0x3e
 1207 0031 0B       		.uleb128 0xb
 1208 0032 03       		.uleb128 0x3
 1209 0033 08       		.uleb128 0x8
 1210 0034 00       		.byte	0
 1211 0035 00       		.byte	0
 1212 0036 05       		.uleb128 0x5
 1213 0037 2E       		.uleb128 0x2e
 1214 0038 00       		.byte	0
 1215 0039 3F       		.uleb128 0x3f
 1216 003a 19       		.uleb128 0x19
 1217 003b 03       		.uleb128 0x3
 1218 003c 0E       		.uleb128 0xe
 1219 003d 3A       		.uleb128 0x3a
 1220 003e 0B       		.uleb128 0xb
 1221 003f 3B       		.uleb128 0x3b
 1222 0040 0B       		.uleb128 0xb
 1223 0041 27       		.uleb128 0x27
 1224 0042 19       		.uleb128 0x19
 1225 0043 11       		.uleb128 0x11
 1226 0044 01       		.uleb128 0x1
 1227 0045 12       		.uleb128 0x12
 1228 0046 06       		.uleb128 0x6
 1229 0047 40       		.uleb128 0x40
 1230 0048 18       		.uleb128 0x18
 1231 0049 9642     		.uleb128 0x2116
 1232 004b 19       		.uleb128 0x19
 1233 004c 00       		.byte	0
 1234 004d 00       		.byte	0
 1235 004e 06       		.uleb128 0x6
 1236 004f 2E       		.uleb128 0x2e
 1237 0050 01       		.byte	0x1
 1238 0051 3F       		.uleb128 0x3f
 1239 0052 19       		.uleb128 0x19
 1240 0053 03       		.uleb128 0x3
 1241 0054 0E       		.uleb128 0xe
 1242 0055 3A       		.uleb128 0x3a
 1243 0056 0B       		.uleb128 0xb
 1244 0057 3B       		.uleb128 0x3b
 1245 0058 0B       		.uleb128 0xb
 1246 0059 27       		.uleb128 0x27
ARM GAS  C:\Users\Felix\AppData\Local\Temp\ccMaNilo.s 			page 27


 1247 005a 19       		.uleb128 0x19
 1248 005b 49       		.uleb128 0x49
 1249 005c 13       		.uleb128 0x13
 1250 005d 11       		.uleb128 0x11
 1251 005e 01       		.uleb128 0x1
 1252 005f 12       		.uleb128 0x12
 1253 0060 06       		.uleb128 0x6
 1254 0061 40       		.uleb128 0x40
 1255 0062 18       		.uleb128 0x18
 1256 0063 9642     		.uleb128 0x2116
 1257 0065 19       		.uleb128 0x19
 1258 0066 01       		.uleb128 0x1
 1259 0067 13       		.uleb128 0x13
 1260 0068 00       		.byte	0
 1261 0069 00       		.byte	0
 1262 006a 07       		.uleb128 0x7
 1263 006b 34       		.uleb128 0x34
 1264 006c 00       		.byte	0
 1265 006d 03       		.uleb128 0x3
 1266 006e 0E       		.uleb128 0xe
 1267 006f 3A       		.uleb128 0x3a
 1268 0070 0B       		.uleb128 0xb
 1269 0071 3B       		.uleb128 0x3b
 1270 0072 0B       		.uleb128 0xb
 1271 0073 49       		.uleb128 0x49
 1272 0074 13       		.uleb128 0x13
 1273 0075 02       		.uleb128 0x2
 1274 0076 18       		.uleb128 0x18
 1275 0077 00       		.byte	0
 1276 0078 00       		.byte	0
 1277 0079 08       		.uleb128 0x8
 1278 007a 2E       		.uleb128 0x2e
 1279 007b 00       		.byte	0
 1280 007c 3F       		.uleb128 0x3f
 1281 007d 19       		.uleb128 0x19
 1282 007e 03       		.uleb128 0x3
 1283 007f 0E       		.uleb128 0xe
 1284 0080 3A       		.uleb128 0x3a
 1285 0081 0B       		.uleb128 0xb
 1286 0082 3B       		.uleb128 0x3b
 1287 0083 0B       		.uleb128 0xb
 1288 0084 49       		.uleb128 0x49
 1289 0085 13       		.uleb128 0x13
 1290 0086 11       		.uleb128 0x11
 1291 0087 01       		.uleb128 0x1
 1292 0088 12       		.uleb128 0x12
 1293 0089 06       		.uleb128 0x6
 1294 008a 40       		.uleb128 0x40
 1295 008b 18       		.uleb128 0x18
 1296 008c 9742     		.uleb128 0x2117
 1297 008e 19       		.uleb128 0x19
 1298 008f 00       		.byte	0
 1299 0090 00       		.byte	0
 1300 0091 09       		.uleb128 0x9
 1301 0092 2E       		.uleb128 0x2e
 1302 0093 01       		.byte	0x1
 1303 0094 3F       		.uleb128 0x3f
ARM GAS  C:\Users\Felix\AppData\Local\Temp\ccMaNilo.s 			page 28


 1304 0095 19       		.uleb128 0x19
 1305 0096 03       		.uleb128 0x3
 1306 0097 0E       		.uleb128 0xe
 1307 0098 3A       		.uleb128 0x3a
 1308 0099 0B       		.uleb128 0xb
 1309 009a 3B       		.uleb128 0x3b
 1310 009b 0B       		.uleb128 0xb
 1311 009c 27       		.uleb128 0x27
 1312 009d 19       		.uleb128 0x19
 1313 009e 11       		.uleb128 0x11
 1314 009f 01       		.uleb128 0x1
 1315 00a0 12       		.uleb128 0x12
 1316 00a1 06       		.uleb128 0x6
 1317 00a2 40       		.uleb128 0x40
 1318 00a3 18       		.uleb128 0x18
 1319 00a4 9642     		.uleb128 0x2116
 1320 00a6 19       		.uleb128 0x19
 1321 00a7 01       		.uleb128 0x1
 1322 00a8 13       		.uleb128 0x13
 1323 00a9 00       		.byte	0
 1324 00aa 00       		.byte	0
 1325 00ab 0A       		.uleb128 0xa
 1326 00ac 05       		.uleb128 0x5
 1327 00ad 00       		.byte	0
 1328 00ae 03       		.uleb128 0x3
 1329 00af 0E       		.uleb128 0xe
 1330 00b0 3A       		.uleb128 0x3a
 1331 00b1 0B       		.uleb128 0xb
 1332 00b2 3B       		.uleb128 0x3b
 1333 00b3 0B       		.uleb128 0xb
 1334 00b4 49       		.uleb128 0x49
 1335 00b5 13       		.uleb128 0x13
 1336 00b6 02       		.uleb128 0x2
 1337 00b7 18       		.uleb128 0x18
 1338 00b8 00       		.byte	0
 1339 00b9 00       		.byte	0
 1340 00ba 0B       		.uleb128 0xb
 1341 00bb 34       		.uleb128 0x34
 1342 00bc 00       		.byte	0
 1343 00bd 03       		.uleb128 0x3
 1344 00be 08       		.uleb128 0x8
 1345 00bf 3A       		.uleb128 0x3a
 1346 00c0 0B       		.uleb128 0xb
 1347 00c1 3B       		.uleb128 0x3b
 1348 00c2 0B       		.uleb128 0xb
 1349 00c3 49       		.uleb128 0x49
 1350 00c4 13       		.uleb128 0x13
 1351 00c5 02       		.uleb128 0x2
 1352 00c6 18       		.uleb128 0x18
 1353 00c7 00       		.byte	0
 1354 00c8 00       		.byte	0
 1355 00c9 0C       		.uleb128 0xc
 1356 00ca 01       		.uleb128 0x1
 1357 00cb 01       		.byte	0x1
 1358 00cc 49       		.uleb128 0x49
 1359 00cd 13       		.uleb128 0x13
 1360 00ce 01       		.uleb128 0x1
ARM GAS  C:\Users\Felix\AppData\Local\Temp\ccMaNilo.s 			page 29


 1361 00cf 13       		.uleb128 0x13
 1362 00d0 00       		.byte	0
 1363 00d1 00       		.byte	0
 1364 00d2 0D       		.uleb128 0xd
 1365 00d3 21       		.uleb128 0x21
 1366 00d4 00       		.byte	0
 1367 00d5 49       		.uleb128 0x49
 1368 00d6 13       		.uleb128 0x13
 1369 00d7 2F       		.uleb128 0x2f
 1370 00d8 0B       		.uleb128 0xb
 1371 00d9 00       		.byte	0
 1372 00da 00       		.byte	0
 1373 00db 0E       		.uleb128 0xe
 1374 00dc 0F       		.uleb128 0xf
 1375 00dd 00       		.byte	0
 1376 00de 0B       		.uleb128 0xb
 1377 00df 0B       		.uleb128 0xb
 1378 00e0 49       		.uleb128 0x49
 1379 00e1 13       		.uleb128 0x13
 1380 00e2 00       		.byte	0
 1381 00e3 00       		.byte	0
 1382 00e4 0F       		.uleb128 0xf
 1383 00e5 05       		.uleb128 0x5
 1384 00e6 00       		.byte	0
 1385 00e7 03       		.uleb128 0x3
 1386 00e8 08       		.uleb128 0x8
 1387 00e9 3A       		.uleb128 0x3a
 1388 00ea 0B       		.uleb128 0xb
 1389 00eb 3B       		.uleb128 0x3b
 1390 00ec 0B       		.uleb128 0xb
 1391 00ed 49       		.uleb128 0x49
 1392 00ee 13       		.uleb128 0x13
 1393 00ef 02       		.uleb128 0x2
 1394 00f0 18       		.uleb128 0x18
 1395 00f1 00       		.byte	0
 1396 00f2 00       		.byte	0
 1397 00f3 10       		.uleb128 0x10
 1398 00f4 2E       		.uleb128 0x2e
 1399 00f5 00       		.byte	0
 1400 00f6 3F       		.uleb128 0x3f
 1401 00f7 19       		.uleb128 0x19
 1402 00f8 03       		.uleb128 0x3
 1403 00f9 0E       		.uleb128 0xe
 1404 00fa 3A       		.uleb128 0x3a
 1405 00fb 0B       		.uleb128 0xb
 1406 00fc 3B       		.uleb128 0x3b
 1407 00fd 0B       		.uleb128 0xb
 1408 00fe 27       		.uleb128 0x27
 1409 00ff 19       		.uleb128 0x19
 1410 0100 11       		.uleb128 0x11
 1411 0101 01       		.uleb128 0x1
 1412 0102 12       		.uleb128 0x12
 1413 0103 06       		.uleb128 0x6
 1414 0104 40       		.uleb128 0x40
 1415 0105 18       		.uleb128 0x18
 1416 0106 9742     		.uleb128 0x2117
 1417 0108 19       		.uleb128 0x19
ARM GAS  C:\Users\Felix\AppData\Local\Temp\ccMaNilo.s 			page 30


 1418 0109 00       		.byte	0
 1419 010a 00       		.byte	0
 1420 010b 11       		.uleb128 0x11
 1421 010c 34       		.uleb128 0x34
 1422 010d 00       		.byte	0
 1423 010e 03       		.uleb128 0x3
 1424 010f 0E       		.uleb128 0xe
 1425 0110 3A       		.uleb128 0x3a
 1426 0111 0B       		.uleb128 0xb
 1427 0112 3B       		.uleb128 0x3b
 1428 0113 0B       		.uleb128 0xb
 1429 0114 49       		.uleb128 0x49
 1430 0115 13       		.uleb128 0x13
 1431 0116 3F       		.uleb128 0x3f
 1432 0117 19       		.uleb128 0x19
 1433 0118 02       		.uleb128 0x2
 1434 0119 18       		.uleb128 0x18
 1435 011a 00       		.byte	0
 1436 011b 00       		.byte	0
 1437 011c 12       		.uleb128 0x12
 1438 011d 26       		.uleb128 0x26
 1439 011e 00       		.byte	0
 1440 011f 49       		.uleb128 0x49
 1441 0120 13       		.uleb128 0x13
 1442 0121 00       		.byte	0
 1443 0122 00       		.byte	0
 1444 0123 13       		.uleb128 0x13
 1445 0124 35       		.uleb128 0x35
 1446 0125 00       		.byte	0
 1447 0126 49       		.uleb128 0x49
 1448 0127 13       		.uleb128 0x13
 1449 0128 00       		.byte	0
 1450 0129 00       		.byte	0
 1451 012a 00       		.byte	0
 1452              		.section	.debug_aranges,"",%progbits
 1453 0000 64000000 		.4byte	0x64
 1454 0004 0200     		.2byte	0x2
 1455 0006 00000000 		.4byte	.Ldebug_info0
 1456 000a 04       		.byte	0x4
 1457 000b 00       		.byte	0
 1458 000c 0000     		.2byte	0
 1459 000e 0000     		.2byte	0
 1460 0010 00000000 		.4byte	.LFB33
 1461 0014 28000000 		.4byte	.LFE33-.LFB33
 1462 0018 00000000 		.4byte	.LFB34
 1463 001c 0C010000 		.4byte	.LFE34-.LFB34
 1464 0020 00000000 		.4byte	.LFB35
 1465 0024 14000000 		.4byte	.LFE35-.LFB35
 1466 0028 00000000 		.4byte	.LFB36
 1467 002c 50000000 		.4byte	.LFE36-.LFB36
 1468 0030 00000000 		.4byte	.LFB37
 1469 0034 66000000 		.4byte	.LFE37-.LFB37
 1470 0038 00000000 		.4byte	.LFB38
 1471 003c 4E000000 		.4byte	.LFE38-.LFB38
 1472 0040 00000000 		.4byte	.LFB39
 1473 0044 48000000 		.4byte	.LFE39-.LFB39
 1474 0048 00000000 		.4byte	.LFB40
ARM GAS  C:\Users\Felix\AppData\Local\Temp\ccMaNilo.s 			page 31


 1475 004c 74000000 		.4byte	.LFE40-.LFB40
 1476 0050 00000000 		.4byte	.LFB41
 1477 0054 08000000 		.4byte	.LFE41-.LFB41
 1478 0058 00000000 		.4byte	.LFB42
 1479 005c 14000000 		.4byte	.LFE42-.LFB42
 1480 0060 00000000 		.4byte	0
 1481 0064 00000000 		.4byte	0
 1482              		.section	.debug_ranges,"",%progbits
 1483              	.Ldebug_ranges0:
 1484 0000 00000000 		.4byte	.LFB33
 1485 0004 28000000 		.4byte	.LFE33
 1486 0008 00000000 		.4byte	.LFB34
 1487 000c 0C010000 		.4byte	.LFE34
 1488 0010 00000000 		.4byte	.LFB35
 1489 0014 14000000 		.4byte	.LFE35
 1490 0018 00000000 		.4byte	.LFB36
 1491 001c 50000000 		.4byte	.LFE36
 1492 0020 00000000 		.4byte	.LFB37
 1493 0024 66000000 		.4byte	.LFE37
 1494 0028 00000000 		.4byte	.LFB38
 1495 002c 4E000000 		.4byte	.LFE38
 1496 0030 00000000 		.4byte	.LFB39
 1497 0034 48000000 		.4byte	.LFE39
 1498 0038 00000000 		.4byte	.LFB40
 1499 003c 74000000 		.4byte	.LFE40
 1500 0040 00000000 		.4byte	.LFB41
 1501 0044 08000000 		.4byte	.LFE41
 1502 0048 00000000 		.4byte	.LFB42
 1503 004c 14000000 		.4byte	.LFE42
 1504 0050 00000000 		.4byte	0
 1505 0054 00000000 		.4byte	0
 1506              		.section	.debug_line,"",%progbits
 1507              	.Ldebug_line0:
 1508 0000 6D020000 		.section	.debug_str,"MS",%progbits,1
 1508      02006E01 
 1508      00000201 
 1508      FB0E0D00 
 1508      01010101 
 1509              	.LASF2:
 1510 0000 5F5F7569 		.ascii	"__uint8_t\000"
 1510      6E74385F 
 1510      7400
 1511              	.LASF26:
 1512 000a 67657445 		.ascii	"getEndstopGPIO\000"
 1512      6E647374 
 1512      6F704750 
 1512      494F00
 1513              	.LASF3:
 1514 0019 5F5F696E 		.ascii	"__int16_t\000"
 1514      7431365F 
 1514      7400
 1515              	.LASF48:
 1516 0023 65737441 		.ascii	"estAng\000"
 1516      6E6700
 1517              	.LASF29:
 1518 002a 61727261 		.ascii	"arrayLen\000"
 1518      794C656E 
ARM GAS  C:\Users\Felix\AppData\Local\Temp\ccMaNilo.s 			page 32


 1518      00
 1519              	.LASF6:
 1520 0033 5F5F696E 		.ascii	"__int32_t\000"
 1520      7433325F 
 1520      7400
 1521              	.LASF44:
 1522 003d 696D7549 		.ascii	"imuInitArray\000"
 1522      6E697441 
 1522      72726179 
 1522      00
 1523              	.LASF21:
 1524 004a 424F4F4C 		.ascii	"BOOL\000"
 1524      00
 1525              	.LASF35:
 1526 004f 72656164 		.ascii	"readGyroData\000"
 1526      4779726F 
 1526      44617461 
 1526      00
 1527              	.LASF5:
 1528 005c 73686F72 		.ascii	"short unsigned int\000"
 1528      7420756E 
 1528      7369676E 
 1528      65642069 
 1528      6E7400
 1529              	.LASF39:
 1530 006f 61636344 		.ascii	"accData\000"
 1530      61746100 
 1531              	.LASF43:
 1532 0077 456E6473 		.ascii	"EndstopGPIO\000"
 1532      746F7047 
 1532      50494F00 
 1533              	.LASF23:
 1534 0083 666F7263 		.ascii	"forceMagEst\000"
 1534      654D6167 
 1534      45737400 
 1535              	.LASF17:
 1536 008f 666C6F61 		.ascii	"float\000"
 1536      7400
 1537              	.LASF49:
 1538 0095 474E5520 		.ascii	"GNU C 4.8.4 20140526 (release) [ARM/embedded-4_8-br"
 1538      4320342E 
 1538      382E3420 
 1538      32303134 
 1538      30353236 
 1539 00c8 616E6368 		.ascii	"anch revision 211358] -mcpu=cortex-m0 -mthumb -g -O"
 1539      20726576 
 1539      6973696F 
 1539      6E203231 
 1539      31333538 
 1540 00fb 30202D66 		.ascii	"0 -ffunction-sections\000"
 1540      66756E63 
 1540      74696F6E 
 1540      2D736563 
 1540      74696F6E 
 1541              	.LASF47:
 1542 0111 6779726F 		.ascii	"gyroAng\000"
 1542      416E6700 
ARM GAS  C:\Users\Felix\AppData\Local\Temp\ccMaNilo.s 			page 33


 1543              	.LASF31:
 1544 0119 72656164 		.ascii	"readI2CReg\000"
 1544      49324352 
 1544      656700
 1545              	.LASF1:
 1546 0124 756E7369 		.ascii	"unsigned char\000"
 1546      676E6564 
 1546      20636861 
 1546      7200
 1547              	.LASF28:
 1548 0132 696E6974 		.ascii	"initArray\000"
 1548      41727261 
 1548      7900
 1549              	.LASF16:
 1550 013c 696E7431 		.ascii	"int16\000"
 1550      3600
 1551              	.LASF42:
 1552 0142 6779726F 		.ascii	"gyroDataReadyInterrupt\000"
 1552      44617461 
 1552      52656164 
 1552      79496E74 
 1552      65727275 
 1553              	.LASF27:
 1554 0159 61646472 		.ascii	"addr\000"
 1554      00
 1555              	.LASF33:
 1556 015e 73657475 		.ascii	"setupI2CDevice\000"
 1556      70493243 
 1556      44657669 
 1556      636500
 1557              	.LASF24:
 1558 016d 61636341 		.ascii	"accAng\000"
 1558      6E6700
 1559              	.LASF30:
 1560 0174 67657456 		.ascii	"getVuggeUdsvingSens\000"
 1560      75676765 
 1560      55647376 
 1560      696E6753 
 1560      656E7300 
 1561              	.LASF25:
 1562 0188 696E6974 		.ascii	"initSensors\000"
 1562      53656E73 
 1562      6F727300 
 1563              	.LASF18:
 1564 0194 646F7562 		.ascii	"double\000"
 1564      6C6500
 1565              	.LASF34:
 1566 019b 77726974 		.ascii	"writeI2CReg\000"
 1566      65493243 
 1566      52656700 
 1567              	.LASF38:
 1568 01a7 72656164 		.ascii	"readAccData\000"
 1568      41636344 
 1568      61746100 
 1569              	.LASF8:
 1570 01b3 6C6F6E67 		.ascii	"long unsigned int\000"
 1570      20756E73 
ARM GAS  C:\Users\Felix\AppData\Local\Temp\ccMaNilo.s 			page 34


 1570      69676E65 
 1570      6420696E 
 1570      7400
 1571              	.LASF11:
 1572 01c5 756E7369 		.ascii	"unsigned int\000"
 1572      676E6564 
 1572      20696E74 
 1572      00
 1573              	.LASF10:
 1574 01d2 6C6F6E67 		.ascii	"long long unsigned int\000"
 1574      206C6F6E 
 1574      6720756E 
 1574      7369676E 
 1574      65642069 
 1575              	.LASF12:
 1576 01e9 75696E74 		.ascii	"uint8_t\000"
 1576      385F7400 
 1577              	.LASF32:
 1578 01f1 72657375 		.ascii	"result\000"
 1578      6C7400
 1579              	.LASF13:
 1580 01f8 696E7431 		.ascii	"int16_t\000"
 1580      365F7400 
 1581              	.LASF14:
 1582 0200 696E7433 		.ascii	"int32_t\000"
 1582      325F7400 
 1583              	.LASF20:
 1584 0208 73697A65 		.ascii	"sizetype\000"
 1584      74797065 
 1584      00
 1585              	.LASF46:
 1586 0211 656E6473 		.ascii	"endstop_\000"
 1586      746F705F 
 1586      00
 1587              	.LASF9:
 1588 021a 6C6F6E67 		.ascii	"long long int\000"
 1588      206C6F6E 
 1588      6720696E 
 1588      7400
 1589              	.LASF50:
 1590 0228 2E5C7365 		.ascii	".\\sensorFortolker.c\000"
 1590      6E736F72 
 1590      466F7274 
 1590      6F6C6B65 
 1590      722E6300 
 1591              	.LASF19:
 1592 023c 63686172 		.ascii	"char\000"
 1592      00
 1593              	.LASF45:
 1594 0241 64617461 		.ascii	"dataReady\000"
 1594      52656164 
 1594      7900
 1595              	.LASF4:
 1596 024b 73686F72 		.ascii	"short int\000"
 1596      7420696E 
 1596      7400
 1597              	.LASF22:
ARM GAS  C:\Users\Felix\AppData\Local\Temp\ccMaNilo.s 			page 35


 1598 0255 66697831 		.ascii	"fix16_t\000"
 1598      365F7400 
 1599              	.LASF15:
 1600 025d 75696E74 		.ascii	"uint8\000"
 1600      3800
 1601              	.LASF7:
 1602 0263 6C6F6E67 		.ascii	"long int\000"
 1602      20696E74 
 1602      00
 1603              	.LASF40:
 1604 026c 72617741 		.ascii	"rawAccY\000"
 1604      63635900 
 1605              	.LASF41:
 1606 0274 72617741 		.ascii	"rawAccZ\000"
 1606      63635A00 
 1607              	.LASF0:
 1608 027c 7369676E 		.ascii	"signed char\000"
 1608      65642063 
 1608      68617200 
 1609              	.LASF51:
 1610 0288 433A5C55 		.ascii	"C:\\Users\\Felix\\Google Drev\\E4PRJ4 gDrive\\Vugge"
 1610      73657273 
 1610      5C46656C 
 1610      69785C47 
 1610      6F6F676C 
 1611 02b6 73797374 		.ascii	"system arbejdsdokumenter\\vuggeControl\\vuggeContro"
 1611      656D2061 
 1611      7262656A 
 1611      6473646F 
 1611      6B756D65 
 1612 02e7 6C2E6379 		.ascii	"l.cydsn\000"
 1612      64736E00 
 1613              	.LASF36:
 1614 02ef 6779726F 		.ascii	"gyroData\000"
 1614      44617461 
 1614      00
 1615              	.LASF37:
 1616 02f8 72617747 		.ascii	"rawGyroX\000"
 1616      79726F58 
 1616      00
 1617              		.ident	"GCC: (GNU Tools for ARM Embedded Processors) 4.8.4 20140526 (release) [ARM/embedded-4_8-br
