ARM GAS  C:\Users\Felix\AppData\Local\Temp\ccZaL0Aq.s 			page 1


   1              		.cpu cortex-m0
   2              		.fpu softvfp
   3              		.eabi_attribute 20, 1
   4              		.eabi_attribute 21, 1
   5              		.eabi_attribute 23, 3
   6              		.eabi_attribute 24, 1
   7              		.eabi_attribute 25, 1
   8              		.eabi_attribute 26, 1
   9              		.eabi_attribute 30, 6
  10              		.eabi_attribute 34, 0
  11              		.eabi_attribute 18, 4
  12              		.code	16
  13              		.file	"vuggeControl.c"
  14              		.text
  15              	.Ltext0:
  16              		.cfi_sections	.debug_frame
  17              		.comm	I2CBuf,5,4
  18              		.comm	sensorDataPtr_,4,4
  19              		.comm	fixedPointReg_,4,4
  20              		.comm	reguleringsStatus_,4,4
  21              		.comm	going_up_,1,1
  22              		.comm	pwmSineAngle_,4,4
  23              		.comm	prevFrek,1,1
  24              		.comm	prevUdsving,1,1
  25              		.comm	angleInc,4,4
  26              		.comm	sineA,4,4
  27              		.comm	endstopStatusPtr_,4,4
  28              		.comm	reguleringsStatusPtr_,4,4
  29              		.comm	i2cPtr_,4,4
  30              		.global	ready
  31              		.bss
  32              		.type	ready, %object
  33              		.size	ready, 1
  34              	ready:
  35 0000 00       		.space	1
  36              		.section	.rodata
  37              		.align	2
  38              	.LC0:
  39 0000 57656C63 		.ascii	"Welcome senor Hofni\015\012\000"
  39      6F6D6520 
  39      73656E6F 
  39      7220486F 
  39      666E690D 
  40              		.section	.text.main,"ax",%progbits
  41              		.align	2
  42              		.global	main
  43              		.code	16
  44              		.thumb_func
  45              		.type	main, %function
  46              	main:
  47              	.LFB33:
  48              		.file 1 ".\\vuggeControl.c"
   1:.\vuggeControl.c **** /* ========================================
   2:.\vuggeControl.c ****  *
   3:.\vuggeControl.c ****  * Copyright Baby Watch, 2015
   4:.\vuggeControl.c ****  * All Rights Reserved
   5:.\vuggeControl.c ****  * UNPUBLISHED, LICENSED SOFTWARE.
ARM GAS  C:\Users\Felix\AppData\Local\Temp\ccZaL0Aq.s 			page 2


   6:.\vuggeControl.c ****  *
   7:.\vuggeControl.c ****  * CONFIDENTIAL AND PROPRIETARY INFORMATION
   8:.\vuggeControl.c ****  * WHICH IS THE PROPERTY OF Baby Watch.
   9:.\vuggeControl.c ****  *
  10:.\vuggeControl.c ****  * ========================================
  11:.\vuggeControl.c **** */
  12:.\vuggeControl.c **** //========================================================================
  13:.\vuggeControl.c **** // FILENAME : vuggeControl.c
  14:.\vuggeControl.c **** // CREATED : 03-03-2015
  15:.\vuggeControl.c **** // AUTHOR  : Jeppe Hofni
  16:.\vuggeControl.c **** // DESCR.  : c file for PSoC4
  17:.\vuggeControl.c **** //
  18:.\vuggeControl.c **** //------------------------------------------------------------------------
  19:.\vuggeControl.c **** //
  20:.\vuggeControl.c **** // REV.  DATE/AUTHOR  CHANGE DESCRIPTION
  21:.\vuggeControl.c **** // 0.1  03-03-2015 - Jeppe - First writeup of vuggeControl.c
  22:.\vuggeControl.c **** // 0.2	17-04-2015 - Jeppe - I2C to Controller implemented, needstesting
  23:.\vuggeControl.c **** // 0.3	30-04-2015 - Jeppe - I2C tweeked and tested
  24:.\vuggeControl.c **** //------------------------------------------------------------------------
  25:.\vuggeControl.c **** // KNOWN ISSUES:
  26:.\vuggeControl.c **** // REV. - ISSUE(S)
  27:.\vuggeControl.c **** // 0.1 - Needs to be sorted proper
  28:.\vuggeControl.c **** // 0.2 - I2C needs testing, regulering needs finished implementation, sensorFortolker needs finishe
  29:.\vuggeControl.c **** // 0.3 - Regulering needs finished implementation, sensorFortolker needs finished implementation
  30:.\vuggeControl.c **** //========================================================================
  31:.\vuggeControl.c **** 
  32:.\vuggeControl.c **** // Includes
  33:.\vuggeControl.c **** #include <project.h>
  34:.\vuggeControl.c **** #include <stdio.h>
  35:.\vuggeControl.c **** #include <cytypes.h>
  36:.\vuggeControl.c **** #include "fixedMath.h"
  37:.\vuggeControl.c **** #include "i2cKommunikation.h"
  38:.\vuggeControl.c **** #include "sensorFortolker.h"
  39:.\vuggeControl.c **** #include "regulering.h"
  40:.\vuggeControl.c **** 
  41:.\vuggeControl.c **** // Attributes
  42:.\vuggeControl.c **** int* endstopStatusPtr_;
  43:.\vuggeControl.c **** int* reguleringsStatusPtr_;
  44:.\vuggeControl.c **** uint8* i2cPtr_;
  45:.\vuggeControl.c **** BOOL ready = FALSE;
  46:.\vuggeControl.c **** 
  47:.\vuggeControl.c **** // Prototype functions
  48:.\vuggeControl.c **** void initVuggesystem();
  49:.\vuggeControl.c **** void reguleringsStatus(void);
  50:.\vuggeControl.c **** void lukSystem(void);
  51:.\vuggeControl.c **** void checkOn_Off(void);
  52:.\vuggeControl.c **** void checkEndstop();
  53:.\vuggeControl.c **** void error(char* str);
  54:.\vuggeControl.c **** CY_ISR_PROTO(loopIsr);
  55:.\vuggeControl.c **** 
  56:.\vuggeControl.c **** 
  57:.\vuggeControl.c **** int main()
  58:.\vuggeControl.c **** {
  49              		.loc 1 58 0
  50              		.cfi_startproc
  51 0000 80B5     		push	{r7, lr}
  52              		.cfi_def_cfa_offset 8
ARM GAS  C:\Users\Felix\AppData\Local\Temp\ccZaL0Aq.s 			page 3


  53              		.cfi_offset 7, -8
  54              		.cfi_offset 14, -4
  55 0002 82B0     		sub	sp, sp, #8
  56              		.cfi_def_cfa_offset 16
  57 0004 00AF     		add	r7, sp, #0
  58              		.cfi_def_cfa_register 7
  59:.\vuggeControl.c ****     initVuggesystem();
  59              		.loc 1 59 0
  60 0006 FFF7FEFF 		bl	initVuggesystem
  60:.\vuggeControl.c ****     CyGlobalIntEnable; // Global interrupts
  61              		.loc 1 60 0
  62              	@ 60 ".\vuggeControl.c" 1
  63 000a 62B6     		CPSIE   i
  64              	@ 0 "" 2
  61:.\vuggeControl.c ****     debugOut_PutString("Welcome senor Hofni\r\n");
  65              		.loc 1 61 0
  66              		.code	16
  67 000c 1A4B     		ldr	r3, .L4
  68 000e 181C     		mov	r0, r3
  69 0010 FFF7FEFF 		bl	debugOut_PutString
  70              	.L3:
  71              	.LBB2:
  62:.\vuggeControl.c ****     
  63:.\vuggeControl.c ****     
  64:.\vuggeControl.c ****     while(TRUE)
  65:.\vuggeControl.c ****     {
  66:.\vuggeControl.c ****         /* wait for the remainder of the loop period while  *
  67:.\vuggeControl.c ****          * exposing the idle period on the activity debug   *
  68:.\vuggeControl.c ****          * pin.                                             */
  69:.\vuggeControl.c ****         CyPins_ClearPin(activityDebug_0);  
  72              		.loc 1 69 0
  73 0014 194B     		ldr	r3, .L4+4
  74 0016 194A     		ldr	r2, .L4+4
  75 0018 1268     		ldr	r2, [r2]
  76 001a 0821     		mov	r1, #8
  77 001c 8A43     		bic	r2, r1
  78 001e 1A60     		str	r2, [r3]
  70:.\vuggeControl.c ****         while(!ready);
  79              		.loc 1 70 0
  80 0020 C046     		mov	r8, r8
  81              	.L2:
  82              		.loc 1 70 0 is_stmt 0 discriminator 1
  83 0022 174B     		ldr	r3, .L4+8
  84 0024 1B78     		ldrb	r3, [r3]
  85 0026 002B     		cmp	r3, #0
  86 0028 FBD0     		beq	.L2
  71:.\vuggeControl.c ****         CyPins_SetPin(activityDebug_0);
  87              		.loc 1 71 0 is_stmt 1
  88 002a 144B     		ldr	r3, .L4+4
  89 002c 134A     		ldr	r2, .L4+4
  90 002e 1268     		ldr	r2, [r2]
  91 0030 0821     		mov	r1, #8
  92 0032 0A43     		orr	r2, r1
  93 0034 1A60     		str	r2, [r3]
  72:.\vuggeControl.c ****         
  73:.\vuggeControl.c ****         //check systemm status
  74:.\vuggeControl.c ****         checkEndstop();
ARM GAS  C:\Users\Felix\AppData\Local\Temp\ccZaL0Aq.s 			page 4


  94              		.loc 1 74 0
  95 0036 FFF7FEFF 		bl	checkEndstop
  75:.\vuggeControl.c ****         checkOn_Off();
  96              		.loc 1 75 0
  97 003a FFF7FEFF 		bl	checkOn_Off
  76:.\vuggeControl.c ****         //update the target parameters
  77:.\vuggeControl.c ****         updateRegParameter(I2CBuf[I2C_FREK_REG], I2CBuf[I2C_VINK_REG]);
  98              		.loc 1 77 0
  99 003e 114B     		ldr	r3, .L4+12
 100 0040 9A78     		ldrb	r2, [r3, #2]
 101 0042 104B     		ldr	r3, .L4+12
 102 0044 DB78     		ldrb	r3, [r3, #3]
 103 0046 101C     		mov	r0, r2
 104 0048 191C     		mov	r1, r3
 105 004a FFF7FEFF 		bl	updateRegParameter
  78:.\vuggeControl.c ****         //calculate correction from sensor input
  79:.\vuggeControl.c ****         fix16_t angle = getVuggeUdsvingSens();
 106              		.loc 1 79 0
 107 004e FFF7FEFF 		bl	getVuggeUdsvingSens
 108 0052 031C     		mov	r3, r0
 109 0054 7B60     		str	r3, [r7, #4]
  80:.\vuggeControl.c **** //        char str[30];
  81:.\vuggeControl.c **** //        sprintf(str, "%d, ", angle);
  82:.\vuggeControl.c **** //        debugOut_PutString(str);
  83:.\vuggeControl.c ****         fix16_t C = beregnRegulering(angle);
 110              		.loc 1 83 0
 111 0056 7B68     		ldr	r3, [r7, #4]
 112 0058 181C     		mov	r0, r3
 113 005a FFF7FEFF 		bl	beregnRegulering
 114 005e 031C     		mov	r3, r0
 115 0060 3B60     		str	r3, [r7]
  84:.\vuggeControl.c ****         //updaten motor output
  85:.\vuggeControl.c ****         PWMStyring(C);
 116              		.loc 1 85 0
 117 0062 3B68     		ldr	r3, [r7]
 118 0064 181C     		mov	r0, r3
 119 0066 FFF7FEFF 		bl	PWMStyring
  86:.\vuggeControl.c ****         //check for successful control output
  87:.\vuggeControl.c ****         reguleringsStatus();
 120              		.loc 1 87 0
 121 006a FFF7FEFF 		bl	reguleringsStatus
  88:.\vuggeControl.c ****         
  89:.\vuggeControl.c ****         //set waiting flag to false
  90:.\vuggeControl.c ****         ready = FALSE;
 122              		.loc 1 90 0
 123 006e 044B     		ldr	r3, .L4+8
 124 0070 0022     		mov	r2, #0
 125 0072 1A70     		strb	r2, [r3]
 126              	.LBE2:
  91:.\vuggeControl.c ****     }
 127              		.loc 1 91 0
 128 0074 CEE7     		b	.L3
 129              	.L5:
 130 0076 C046     		.align	2
 131              	.L4:
 132 0078 00000000 		.word	.LC0
 133 007c 00000440 		.word	1074003968
ARM GAS  C:\Users\Felix\AppData\Local\Temp\ccZaL0Aq.s 			page 5


 134 0080 00000000 		.word	ready
 135 0084 00000000 		.word	I2CBuf
 136              		.cfi_endproc
 137              	.LFE33:
 138              		.size	main, .-main
 139              		.section	.text.initVuggesystem,"ax",%progbits
 140              		.align	2
 141              		.global	initVuggesystem
 142              		.code	16
 143              		.thumb_func
 144              		.type	initVuggesystem, %function
 145              	initVuggesystem:
 146              	.LFB34:
  92:.\vuggeControl.c **** }
  93:.\vuggeControl.c **** 
  94:.\vuggeControl.c **** void initVuggesystem()
  95:.\vuggeControl.c **** {   
 147              		.loc 1 95 0
 148              		.cfi_startproc
 149 0000 80B5     		push	{r7, lr}
 150              		.cfi_def_cfa_offset 8
 151              		.cfi_offset 7, -8
 152              		.cfi_offset 14, -4
 153 0002 00AF     		add	r7, sp, #0
 154              		.cfi_def_cfa_register 7
  96:.\vuggeControl.c ****     debugOut_Start();
 155              		.loc 1 96 0
 156 0004 FFF7FEFF 		bl	debugOut_Start
  97:.\vuggeControl.c ****         
  98:.\vuggeControl.c ****     //Start components
  99:.\vuggeControl.c ****     loopTimer_Start();
 157              		.loc 1 99 0
 158 0008 FFF7FEFF 		bl	loopTimer_Start
 100:.\vuggeControl.c ****     loop_isr_StartEx(loopIsr);
 159              		.loc 1 100 0
 160 000c 0A4B     		ldr	r3, .L7
 161 000e 181C     		mov	r0, r3
 162 0010 FFF7FEFF 		bl	loop_isr_StartEx
 101:.\vuggeControl.c ****     
 102:.\vuggeControl.c ****     //start sensors
 103:.\vuggeControl.c ****     initSensors(); 
 163              		.loc 1 103 0
 164 0014 FFF7FEFF 		bl	initSensors
 104:.\vuggeControl.c ****     
 105:.\vuggeControl.c ****     //start controller I2C connection
 106:.\vuggeControl.c ****     initI2C();
 165              		.loc 1 106 0
 166 0018 FFF7FEFF 		bl	initI2C
 107:.\vuggeControl.c ****     i2cPtr_ = sendConKom();
 167              		.loc 1 107 0
 168 001c FFF7FEFF 		bl	sendConKom
 169 0020 021C     		mov	r2, r0
 170 0022 064B     		ldr	r3, .L7+4
 171 0024 1A60     		str	r2, [r3]
 108:.\vuggeControl.c ****     
 109:.\vuggeControl.c ****     //start regulering
 110:.\vuggeControl.c ****     initRegulering();
ARM GAS  C:\Users\Felix\AppData\Local\Temp\ccZaL0Aq.s 			page 6


 172              		.loc 1 110 0
 173 0026 FFF7FEFF 		bl	initRegulering
 111:.\vuggeControl.c ****     reguleringsStatusPtr_ = getReguleringsStatus();
 174              		.loc 1 111 0
 175 002a FFF7FEFF 		bl	getReguleringsStatus
 176 002e 021C     		mov	r2, r0
 177 0030 034B     		ldr	r3, .L7+8
 178 0032 1A60     		str	r2, [r3]
 112:.\vuggeControl.c **** }
 179              		.loc 1 112 0
 180 0034 BD46     		mov	sp, r7
 181              		@ sp needed
 182 0036 80BD     		pop	{r7, pc}
 183              	.L8:
 184              		.align	2
 185              	.L7:
 186 0038 00000000 		.word	loopIsr
 187 003c 00000000 		.word	i2cPtr_
 188 0040 00000000 		.word	reguleringsStatusPtr_
 189              		.cfi_endproc
 190              	.LFE34:
 191              		.size	initVuggesystem, .-initVuggesystem
 192              		.section	.text.reguleringsStatus,"ax",%progbits
 193              		.align	2
 194              		.global	reguleringsStatus
 195              		.code	16
 196              		.thumb_func
 197              		.type	reguleringsStatus, %function
 198              	reguleringsStatus:
 199              	.LFB35:
 113:.\vuggeControl.c **** 
 114:.\vuggeControl.c **** 
 115:.\vuggeControl.c **** /* Function Name: reguleringsStatus
 116:.\vuggeControl.c ****    Summary:
 117:.\vuggeControl.c ****     Checks for error and sets the I2CTxReg[1] with regStatus error message. ERR = 0b10000000(128_de
 118:.\vuggeControl.c **** */
 119:.\vuggeControl.c **** void reguleringsStatus()
 120:.\vuggeControl.c **** {
 200              		.loc 1 120 0
 201              		.cfi_startproc
 202 0000 80B5     		push	{r7, lr}
 203              		.cfi_def_cfa_offset 8
 204              		.cfi_offset 7, -8
 205              		.cfi_offset 14, -4
 206 0002 82B0     		sub	sp, sp, #8
 207              		.cfi_def_cfa_offset 16
 208 0004 00AF     		add	r7, sp, #0
 209              		.cfi_def_cfa_register 7
 121:.\vuggeControl.c ****     int reguleringsStatus = *reguleringsStatusPtr_;
 210              		.loc 1 121 0
 211 0006 094B     		ldr	r3, .L11
 212 0008 1B68     		ldr	r3, [r3]
 213 000a 1B68     		ldr	r3, [r3]
 214 000c 7B60     		str	r3, [r7, #4]
 122:.\vuggeControl.c ****     if(reguleringsStatus > 1)
 215              		.loc 1 122 0
 216 000e 7B68     		ldr	r3, [r7, #4]
ARM GAS  C:\Users\Felix\AppData\Local\Temp\ccZaL0Aq.s 			page 7


 217 0010 012B     		cmp	r3, #1
 218 0012 07DD     		ble	.L9
 123:.\vuggeControl.c ****     {  
 124:.\vuggeControl.c ****         i2cPtr_[4] = reguleringsStatus;
 219              		.loc 1 124 0
 220 0014 064B     		ldr	r3, .L11+4
 221 0016 1B68     		ldr	r3, [r3]
 222 0018 0433     		add	r3, r3, #4
 223 001a 7A68     		ldr	r2, [r7, #4]
 224 001c D2B2     		uxtb	r2, r2
 225 001e 1A70     		strb	r2, [r3]
 125:.\vuggeControl.c ****         lukSystem();
 226              		.loc 1 125 0
 227 0020 FFF7FEFF 		bl	lukSystem
 228              	.L9:
 126:.\vuggeControl.c ****     }
 127:.\vuggeControl.c ****     
 128:.\vuggeControl.c **** }
 229              		.loc 1 128 0
 230 0024 BD46     		mov	sp, r7
 231 0026 02B0     		add	sp, sp, #8
 232              		@ sp needed
 233 0028 80BD     		pop	{r7, pc}
 234              	.L12:
 235 002a C046     		.align	2
 236              	.L11:
 237 002c 00000000 		.word	reguleringsStatusPtr_
 238 0030 00000000 		.word	i2cPtr_
 239              		.cfi_endproc
 240              	.LFE35:
 241              		.size	reguleringsStatus, .-reguleringsStatus
 242              		.section	.text.lukSystem,"ax",%progbits
 243              		.align	2
 244              		.global	lukSystem
 245              		.code	16
 246              		.thumb_func
 247              		.type	lukSystem, %function
 248              	lukSystem:
 249              	.LFB36:
 129:.\vuggeControl.c **** 
 130:.\vuggeControl.c **** /* Function Name: lukSystem
 131:.\vuggeControl.c ****    Summary:
 132:.\vuggeControl.c ****    Stops and closes all motor control operation  
 133:.\vuggeControl.c **** */
 134:.\vuggeControl.c **** void lukSystem()
 135:.\vuggeControl.c **** {  
 250              		.loc 1 135 0
 251              		.cfi_startproc
 252 0000 80B5     		push	{r7, lr}
 253              		.cfi_def_cfa_offset 8
 254              		.cfi_offset 7, -8
 255              		.cfi_offset 14, -4
 256 0002 00AF     		add	r7, sp, #0
 257              		.cfi_def_cfa_register 7
 136:.\vuggeControl.c ****     // Set some pin LOW to shutdown motorcircuit??
 137:.\vuggeControl.c **** 
 138:.\vuggeControl.c **** }
ARM GAS  C:\Users\Felix\AppData\Local\Temp\ccZaL0Aq.s 			page 8


 258              		.loc 1 138 0
 259 0004 BD46     		mov	sp, r7
 260              		@ sp needed
 261 0006 80BD     		pop	{r7, pc}
 262              		.cfi_endproc
 263              	.LFE36:
 264              		.size	lukSystem, .-lukSystem
 265              		.section	.text.checkOn_Off,"ax",%progbits
 266              		.align	2
 267              		.global	checkOn_Off
 268              		.code	16
 269              		.thumb_func
 270              		.type	checkOn_Off, %function
 271              	checkOn_Off:
 272              	.LFB37:
 139:.\vuggeControl.c **** 
 140:.\vuggeControl.c **** /* Function Name: checkOn_Off
 141:.\vuggeControl.c ****    Summary:
 142:.\vuggeControl.c ****    Checks i2cBuffer reg 4 for shutdown indicator 0x0f and signals Ready for shutdown 
 143:.\vuggeControl.c **** */
 144:.\vuggeControl.c **** void checkOn_Off()
 145:.\vuggeControl.c **** {  
 273              		.loc 1 145 0
 274              		.cfi_startproc
 275 0000 80B5     		push	{r7, lr}
 276              		.cfi_def_cfa_offset 8
 277              		.cfi_offset 7, -8
 278              		.cfi_offset 14, -4
 279 0002 82B0     		sub	sp, sp, #8
 280              		.cfi_def_cfa_offset 16
 281 0004 00AF     		add	r7, sp, #0
 282              		.cfi_def_cfa_register 7
 146:.\vuggeControl.c ****     uint8 shutdown = i2cPtr_[1];
 283              		.loc 1 146 0
 284 0006 084B     		ldr	r3, .L16
 285 0008 1A68     		ldr	r2, [r3]
 286 000a FB1D     		add	r3, r7, #7
 287 000c 5278     		ldrb	r2, [r2, #1]
 288 000e 1A70     		strb	r2, [r3]
 147:.\vuggeControl.c ****     if(shutdown == 0x0f)
 289              		.loc 1 147 0
 290 0010 FB1D     		add	r3, r7, #7
 291 0012 1B78     		ldrb	r3, [r3]
 292 0014 0F2B     		cmp	r3, #15
 293 0016 04D1     		bne	.L14
 148:.\vuggeControl.c ****     {  
 149:.\vuggeControl.c ****         // Set some pin LOW to shutdown motorcircuit??
 150:.\vuggeControl.c ****         //UART_1_UartPutString("\n\n\nShutdown ready!!!!\n\n\n"); // For debugging purpose
 151:.\vuggeControl.c ****         i2cPtr_[4] = 0b00010000;
 294              		.loc 1 151 0
 295 0018 034B     		ldr	r3, .L16
 296 001a 1B68     		ldr	r3, [r3]
 297 001c 0433     		add	r3, r3, #4
 298 001e 1022     		mov	r2, #16
 299 0020 1A70     		strb	r2, [r3]
 300              	.L14:
 152:.\vuggeControl.c ****     }
ARM GAS  C:\Users\Felix\AppData\Local\Temp\ccZaL0Aq.s 			page 9


 153:.\vuggeControl.c **** }
 301              		.loc 1 153 0
 302 0022 BD46     		mov	sp, r7
 303 0024 02B0     		add	sp, sp, #8
 304              		@ sp needed
 305 0026 80BD     		pop	{r7, pc}
 306              	.L17:
 307              		.align	2
 308              	.L16:
 309 0028 00000000 		.word	i2cPtr_
 310              		.cfi_endproc
 311              	.LFE37:
 312              		.size	checkOn_Off, .-checkOn_Off
 313              		.section	.text.checkEndstop,"ax",%progbits
 314              		.align	2
 315              		.global	checkEndstop
 316              		.code	16
 317              		.thumb_func
 318              		.type	checkEndstop, %function
 319              	checkEndstop:
 320              	.LFB38:
 154:.\vuggeControl.c **** 
 155:.\vuggeControl.c **** /* Function Name: checkEndstop
 156:.\vuggeControl.c ****    Summary:
 157:.\vuggeControl.c ****     Checks enstopstatus. If TRUE set statusPTR to error message: END_STP = 0b10100000 (160_dec A0_h
 158:.\vuggeControl.c **** */
 159:.\vuggeControl.c **** void checkEndstop()
 160:.\vuggeControl.c **** {
 321              		.loc 1 160 0
 322              		.cfi_startproc
 323 0000 80B5     		push	{r7, lr}
 324              		.cfi_def_cfa_offset 8
 325              		.cfi_offset 7, -8
 326              		.cfi_offset 14, -4
 327 0002 00AF     		add	r7, sp, #0
 328              		.cfi_def_cfa_register 7
 161:.\vuggeControl.c ****     
 162:.\vuggeControl.c ****     if(getEndstopGPIO() == TRUE)
 329              		.loc 1 162 0
 330 0004 FFF7FEFF 		bl	getEndstopGPIO
 331 0008 031C     		mov	r3, r0
 332 000a 012B     		cmp	r3, #1
 333 000c 09D1     		bne	.L18
 163:.\vuggeControl.c ****     {  
 164:.\vuggeControl.c ****         //UART_1_UartPutString("\n\n\nENDSTOP!!!!\n\n\n"); // For debugging purpose
 165:.\vuggeControl.c ****         i2cPtr_[4] = 0b10100000;
 334              		.loc 1 165 0
 335 000e 064B     		ldr	r3, .L20
 336 0010 1B68     		ldr	r3, [r3]
 337 0012 0433     		add	r3, r3, #4
 338 0014 A022     		mov	r2, #160
 339 0016 1A70     		strb	r2, [r3]
 166:.\vuggeControl.c ****         endstopStatusPtr_ = 0;
 340              		.loc 1 166 0
 341 0018 044B     		ldr	r3, .L20+4
 342 001a 0022     		mov	r2, #0
 343 001c 1A60     		str	r2, [r3]
ARM GAS  C:\Users\Felix\AppData\Local\Temp\ccZaL0Aq.s 			page 10


 167:.\vuggeControl.c ****         lukSystem();
 344              		.loc 1 167 0
 345 001e FFF7FEFF 		bl	lukSystem
 346              	.L18:
 168:.\vuggeControl.c ****     }
 169:.\vuggeControl.c **** }
 347              		.loc 1 169 0
 348 0022 BD46     		mov	sp, r7
 349              		@ sp needed
 350 0024 80BD     		pop	{r7, pc}
 351              	.L21:
 352 0026 C046     		.align	2
 353              	.L20:
 354 0028 00000000 		.word	i2cPtr_
 355 002c 00000000 		.word	endstopStatusPtr_
 356              		.cfi_endproc
 357              	.LFE38:
 358              		.size	checkEndstop, .-checkEndstop
 359              		.section	.rodata
 360 0016 0000     		.align	2
 361              	.LC13:
 362 0018 4F766572 		.ascii	"Overflow!\000"
 362      666C6F77 
 362      2100
 363 0022 0000     		.section	.text.loopIsr,"ax",%progbits
 364              		.align	2
 365              		.global	loopIsr
 366              		.code	16
 367              		.thumb_func
 368              		.type	loopIsr, %function
 369              	loopIsr:
 370              	.LFB39:
 170:.\vuggeControl.c **** 
 171:.\vuggeControl.c **** CY_ISR(loopIsr)
 172:.\vuggeControl.c **** {
 371              		.loc 1 172 0
 372              		.cfi_startproc
 373 0000 80B5     		push	{r7, lr}
 374              		.cfi_def_cfa_offset 8
 375              		.cfi_offset 7, -8
 376              		.cfi_offset 14, -4
 377 0002 00AF     		add	r7, sp, #0
 378              		.cfi_def_cfa_register 7
 173:.\vuggeControl.c ****     if(ready == TRUE) error("Overflow!");
 379              		.loc 1 173 0
 380 0004 064B     		ldr	r3, .L24
 381 0006 1B78     		ldrb	r3, [r3]
 382 0008 012B     		cmp	r3, #1
 383 000a 03D1     		bne	.L23
 384              		.loc 1 173 0 is_stmt 0 discriminator 1
 385 000c 054B     		ldr	r3, .L24+4
 386 000e 181C     		mov	r0, r3
 387 0010 FFF7FEFF 		bl	error
 388              	.L23:
 174:.\vuggeControl.c ****     ready = TRUE;
 389              		.loc 1 174 0 is_stmt 1
 390 0014 024B     		ldr	r3, .L24
ARM GAS  C:\Users\Felix\AppData\Local\Temp\ccZaL0Aq.s 			page 11


 391 0016 0122     		mov	r2, #1
 392 0018 1A70     		strb	r2, [r3]
 175:.\vuggeControl.c **** }
 393              		.loc 1 175 0
 394 001a BD46     		mov	sp, r7
 395              		@ sp needed
 396 001c 80BD     		pop	{r7, pc}
 397              	.L25:
 398 001e C046     		.align	2
 399              	.L24:
 400 0020 00000000 		.word	ready
 401 0024 18000000 		.word	.LC13
 402              		.cfi_endproc
 403              	.LFE39:
 404              		.size	loopIsr, .-loopIsr
 405              		.section	.text.error,"ax",%progbits
 406              		.align	2
 407              		.global	error
 408              		.code	16
 409              		.thumb_func
 410              		.type	error, %function
 411              	error:
 412              	.LFB40:
 176:.\vuggeControl.c **** 
 177:.\vuggeControl.c **** void error(char* str)
 178:.\vuggeControl.c **** {
 413              		.loc 1 178 0
 414              		.cfi_startproc
 415 0000 80B5     		push	{r7, lr}
 416              		.cfi_def_cfa_offset 8
 417              		.cfi_offset 7, -8
 418              		.cfi_offset 14, -4
 419 0002 82B0     		sub	sp, sp, #8
 420              		.cfi_def_cfa_offset 16
 421 0004 00AF     		add	r7, sp, #0
 422              		.cfi_def_cfa_register 7
 423 0006 7860     		str	r0, [r7, #4]
 179:.\vuggeControl.c ****     debugOut_PutString(str);    
 424              		.loc 1 179 0
 425 0008 7B68     		ldr	r3, [r7, #4]
 426 000a 181C     		mov	r0, r3
 427 000c FFF7FEFF 		bl	debugOut_PutString
 428              	.L27:
 180:.\vuggeControl.c ****     while(TRUE);
 429              		.loc 1 180 0 discriminator 1
 430 0010 FEE7     		b	.L27
 431              		.cfi_endproc
 432              	.LFE40:
 433              		.size	error, .-error
 434 0012 C046     		.text
 435              	.Letext0:
 436              		.file 2 "c:\\program files (x86)\\cypress\\psoc creator\\3.1\\psoc creator\\import\\gnu_cs\\arm\\4
 437              		.file 3 "c:\\program files (x86)\\cypress\\psoc creator\\3.1\\psoc creator\\import\\gnu_cs\\arm\\4
 438              		.file 4 ".\\Generated_Source\\PSoC4/cytypes.h"
 439              		.file 5 ".\\fixedMath.h"
 440              		.file 6 ".\\globals.h"
 441              		.file 7 ".\\i2cKommunikation.h"
ARM GAS  C:\Users\Felix\AppData\Local\Temp\ccZaL0Aq.s 			page 12


 442              		.file 8 ".\\regulering.h"
 443              		.section	.debug_info,"",%progbits
 444              	.Ldebug_info0:
 445 0000 EB020000 		.4byte	0x2eb
 446 0004 0400     		.2byte	0x4
 447 0006 00000000 		.4byte	.Ldebug_abbrev0
 448 000a 04       		.byte	0x4
 449 000b 01       		.uleb128 0x1
 450 000c A4000000 		.4byte	.LASF46
 451 0010 01       		.byte	0x1
 452 0011 00000000 		.4byte	.LASF47
 453 0015 6E020000 		.4byte	.LASF48
 454 0019 00000000 		.4byte	.Ldebug_ranges0+0
 455 001d 00000000 		.4byte	0
 456 0021 00000000 		.4byte	.Ldebug_line0
 457 0025 02       		.uleb128 0x2
 458 0026 01       		.byte	0x1
 459 0027 06       		.byte	0x6
 460 0028 62020000 		.4byte	.LASF0
 461 002c 03       		.uleb128 0x3
 462 002d 17000000 		.4byte	.LASF4
 463 0031 02       		.byte	0x2
 464 0032 1C       		.byte	0x1c
 465 0033 37000000 		.4byte	0x37
 466 0037 02       		.uleb128 0x2
 467 0038 01       		.byte	0x1
 468 0039 08       		.byte	0x8
 469 003a 20010000 		.4byte	.LASF1
 470 003e 02       		.uleb128 0x2
 471 003f 02       		.byte	0x2
 472 0040 05       		.byte	0x5
 473 0041 38020000 		.4byte	.LASF2
 474 0045 02       		.uleb128 0x2
 475 0046 02       		.byte	0x2
 476 0047 07       		.byte	0x7
 477 0048 4F000000 		.4byte	.LASF3
 478 004c 03       		.uleb128 0x3
 479 004d 40000000 		.4byte	.LASF5
 480 0051 02       		.byte	0x2
 481 0052 37       		.byte	0x37
 482 0053 57000000 		.4byte	0x57
 483 0057 02       		.uleb128 0x2
 484 0058 04       		.byte	0x4
 485 0059 05       		.byte	0x5
 486 005a 4A020000 		.4byte	.LASF6
 487 005e 02       		.uleb128 0x2
 488 005f 04       		.byte	0x4
 489 0060 07       		.byte	0x7
 490 0061 2E010000 		.4byte	.LASF7
 491 0065 02       		.uleb128 0x2
 492 0066 08       		.byte	0x8
 493 0067 05       		.byte	0x5
 494 0068 15020000 		.4byte	.LASF8
 495 006c 02       		.uleb128 0x2
 496 006d 08       		.byte	0x8
 497 006e 07       		.byte	0x7
 498 006f BA010000 		.4byte	.LASF9
ARM GAS  C:\Users\Felix\AppData\Local\Temp\ccZaL0Aq.s 			page 13


 499 0073 04       		.uleb128 0x4
 500 0074 04       		.byte	0x4
 501 0075 05       		.byte	0x5
 502 0076 696E7400 		.ascii	"int\000"
 503 007a 02       		.uleb128 0x2
 504 007b 04       		.byte	0x4
 505 007c 07       		.byte	0x7
 506 007d 62000000 		.4byte	.LASF10
 507 0081 03       		.uleb128 0x3
 508 0082 D1010000 		.4byte	.LASF11
 509 0086 03       		.byte	0x3
 510 0087 2A       		.byte	0x2a
 511 0088 2C000000 		.4byte	0x2c
 512 008c 03       		.uleb128 0x3
 513 008d 8A000000 		.4byte	.LASF12
 514 0091 03       		.byte	0x3
 515 0092 41       		.byte	0x41
 516 0093 4C000000 		.4byte	0x4c
 517 0097 03       		.uleb128 0x3
 518 0098 56010000 		.4byte	.LASF13
 519 009c 04       		.byte	0x4
 520 009d A1       		.byte	0xa1
 521 009e 37000000 		.4byte	0x37
 522 00a2 03       		.uleb128 0x3
 523 00a3 9C010000 		.4byte	.LASF14
 524 00a7 04       		.byte	0x4
 525 00a8 A3       		.byte	0xa3
 526 00a9 5E000000 		.4byte	0x5e
 527 00ad 02       		.uleb128 0x2
 528 00ae 04       		.byte	0x4
 529 00af 04       		.byte	0x4
 530 00b0 9E000000 		.4byte	.LASF15
 531 00b4 02       		.uleb128 0x2
 532 00b5 08       		.byte	0x8
 533 00b6 04       		.byte	0x4
 534 00b7 79010000 		.4byte	.LASF16
 535 00bb 02       		.uleb128 0x2
 536 00bc 01       		.byte	0x1
 537 00bd 08       		.byte	0x8
 538 00be 23020000 		.4byte	.LASF17
 539 00c2 05       		.uleb128 0x5
 540 00c3 11000000 		.4byte	.LASF18
 541 00c7 04       		.byte	0x4
 542 00c8 4D01     		.2byte	0x14d
 543 00ca CE000000 		.4byte	0xce
 544 00ce 06       		.uleb128 0x6
 545 00cf A2000000 		.4byte	0xa2
 546 00d3 02       		.uleb128 0x2
 547 00d4 04       		.byte	0x4
 548 00d5 07       		.byte	0x7
 549 00d6 FE010000 		.4byte	.LASF19
 550 00da 07       		.uleb128 0x7
 551 00db 04       		.byte	0x4
 552 00dc BB000000 		.4byte	0xbb
 553 00e0 03       		.uleb128 0x3
 554 00e1 42020000 		.4byte	.LASF20
 555 00e5 05       		.byte	0x5
ARM GAS  C:\Users\Felix\AppData\Local\Temp\ccZaL0Aq.s 			page 14


 556 00e6 12       		.byte	0x12
 557 00e7 8C000000 		.4byte	0x8c
 558 00eb 03       		.uleb128 0x3
 559 00ec 4A000000 		.4byte	.LASF21
 560 00f0 06       		.byte	0x6
 561 00f1 13       		.byte	0x13
 562 00f2 97000000 		.4byte	0x97
 563 00f6 08       		.uleb128 0x8
 564 00f7 80010000 		.4byte	.LASF23
 565 00fb 01       		.byte	0x1
 566 00fc 39       		.byte	0x39
 567 00fd 73000000 		.4byte	0x73
 568 0101 00000000 		.4byte	.LFB33
 569 0105 88000000 		.4byte	.LFE33-.LFB33
 570 0109 01       		.uleb128 0x1
 571 010a 9C       		.byte	0x9c
 572 010b 34010000 		.4byte	0x134
 573 010f 09       		.uleb128 0x9
 574 0110 14000000 		.4byte	.LBB2
 575 0114 60000000 		.4byte	.LBE2-.LBB2
 576 0118 0A       		.uleb128 0xa
 577 0119 65010000 		.4byte	.LASF22
 578 011d 01       		.byte	0x1
 579 011e 4F       		.byte	0x4f
 580 011f E0000000 		.4byte	0xe0
 581 0123 02       		.uleb128 0x2
 582 0124 91       		.byte	0x91
 583 0125 74       		.sleb128 -12
 584 0126 0B       		.uleb128 0xb
 585 0127 4300     		.ascii	"C\000"
 586 0129 01       		.byte	0x1
 587 012a 53       		.byte	0x53
 588 012b E0000000 		.4byte	0xe0
 589 012f 02       		.uleb128 0x2
 590 0130 91       		.byte	0x91
 591 0131 70       		.sleb128 -16
 592 0132 00       		.byte	0
 593 0133 00       		.byte	0
 594 0134 0C       		.uleb128 0xc
 595 0135 28020000 		.4byte	.LASF27
 596 0139 01       		.byte	0x1
 597 013a 5E       		.byte	0x5e
 598 013b 00000000 		.4byte	.LFB34
 599 013f 44000000 		.4byte	.LFE34-.LFB34
 600 0143 01       		.uleb128 0x1
 601 0144 9C       		.byte	0x9c
 602 0145 0D       		.uleb128 0xd
 603 0146 2E000000 		.4byte	.LASF24
 604 014a 01       		.byte	0x1
 605 014b 77       		.byte	0x77
 606 014c 00000000 		.4byte	.LFB35
 607 0150 34000000 		.4byte	.LFE35-.LFB35
 608 0154 01       		.uleb128 0x1
 609 0155 9C       		.byte	0x9c
 610 0156 69010000 		.4byte	0x169
 611 015a 0A       		.uleb128 0xa
 612 015b 2E000000 		.4byte	.LASF24
ARM GAS  C:\Users\Felix\AppData\Local\Temp\ccZaL0Aq.s 			page 15


 613 015f 01       		.byte	0x1
 614 0160 79       		.byte	0x79
 615 0161 73000000 		.4byte	0x73
 616 0165 02       		.uleb128 0x2
 617 0166 91       		.byte	0x91
 618 0167 74       		.sleb128 -12
 619 0168 00       		.byte	0
 620 0169 0E       		.uleb128 0xe
 621 016a 85010000 		.4byte	.LASF29
 622 016e 01       		.byte	0x1
 623 016f 86       		.byte	0x86
 624 0170 00000000 		.4byte	.LFB36
 625 0174 08000000 		.4byte	.LFE36-.LFB36
 626 0178 01       		.uleb128 0x1
 627 0179 9C       		.byte	0x9c
 628 017a 0F       		.uleb128 0xf
 629 017b 6F000000 		.4byte	.LASF25
 630 017f 01       		.byte	0x1
 631 0180 90       		.byte	0x90
 632 0181 00000000 		.4byte	.LFB37
 633 0185 2C000000 		.4byte	.LFE37-.LFB37
 634 0189 01       		.uleb128 0x1
 635 018a 9C       		.byte	0x9c
 636 018b 9E010000 		.4byte	0x19e
 637 018f 0A       		.uleb128 0xa
 638 0190 E3010000 		.4byte	.LASF26
 639 0194 01       		.byte	0x1
 640 0195 92       		.byte	0x92
 641 0196 97000000 		.4byte	0x97
 642 019a 02       		.uleb128 0x2
 643 019b 91       		.byte	0x91
 644 019c 77       		.sleb128 -9
 645 019d 00       		.byte	0
 646 019e 0C       		.uleb128 0xc
 647 019f 8F010000 		.4byte	.LASF28
 648 01a3 01       		.byte	0x1
 649 01a4 9F       		.byte	0x9f
 650 01a5 00000000 		.4byte	.LFB38
 651 01a9 30000000 		.4byte	.LFE38-.LFB38
 652 01ad 01       		.uleb128 0x1
 653 01ae 9C       		.byte	0x9c
 654 01af 10       		.uleb128 0x10
 655 01b0 71010000 		.4byte	.LASF30
 656 01b4 01       		.byte	0x1
 657 01b5 AB       		.byte	0xab
 658 01b6 00000000 		.4byte	.LFB39
 659 01ba 28000000 		.4byte	.LFE39-.LFB39
 660 01be 01       		.uleb128 0x1
 661 01bf 9C       		.byte	0x9c
 662 01c0 0D       		.uleb128 0xd
 663 01c1 6B010000 		.4byte	.LASF31
 664 01c5 01       		.byte	0x1
 665 01c6 B1       		.byte	0xb1
 666 01c7 00000000 		.4byte	.LFB40
 667 01cb 12000000 		.4byte	.LFE40-.LFB40
 668 01cf 01       		.uleb128 0x1
 669 01d0 9C       		.byte	0x9c
ARM GAS  C:\Users\Felix\AppData\Local\Temp\ccZaL0Aq.s 			page 16


 670 01d1 E4010000 		.4byte	0x1e4
 671 01d5 11       		.uleb128 0x11
 672 01d6 73747200 		.ascii	"str\000"
 673 01da 01       		.byte	0x1
 674 01db B1       		.byte	0xb1
 675 01dc DA000000 		.4byte	0xda
 676 01e0 02       		.uleb128 0x2
 677 01e1 91       		.byte	0x91
 678 01e2 74       		.sleb128 -12
 679 01e3 00       		.byte	0
 680 01e4 12       		.uleb128 0x12
 681 01e5 97000000 		.4byte	0x97
 682 01e9 F4010000 		.4byte	0x1f4
 683 01ed 13       		.uleb128 0x13
 684 01ee D3000000 		.4byte	0xd3
 685 01f2 04       		.byte	0x4
 686 01f3 00       		.byte	0
 687 01f4 14       		.uleb128 0x14
 688 01f5 27000000 		.4byte	.LASF32
 689 01f9 07       		.byte	0x7
 690 01fa 2F       		.byte	0x2f
 691 01fb E4010000 		.4byte	0x1e4
 692 01ff 05       		.uleb128 0x5
 693 0200 03       		.byte	0x3
 694 0201 00000000 		.4byte	I2CBuf
 695 0205 14       		.uleb128 0x14
 696 0206 7B000000 		.4byte	.LASF33
 697 020a 08       		.byte	0x8
 698 020b 32       		.byte	0x32
 699 020c 16020000 		.4byte	0x216
 700 0210 05       		.uleb128 0x5
 701 0211 03       		.byte	0x3
 702 0212 00000000 		.4byte	sensorDataPtr_
 703 0216 07       		.uleb128 0x7
 704 0217 04       		.byte	0x4
 705 0218 73000000 		.4byte	0x73
 706 021c 14       		.uleb128 0x14
 707 021d 53020000 		.4byte	.LASF34
 708 0221 08       		.byte	0x8
 709 0222 33       		.byte	0x33
 710 0223 73000000 		.4byte	0x73
 711 0227 05       		.uleb128 0x5
 712 0228 03       		.byte	0x3
 713 0229 00000000 		.4byte	fixedPointReg_
 714 022d 14       		.uleb128 0x14
 715 022e D5020000 		.4byte	.LASF35
 716 0232 08       		.byte	0x8
 717 0233 34       		.byte	0x34
 718 0234 73000000 		.4byte	0x73
 719 0238 05       		.uleb128 0x5
 720 0239 03       		.byte	0x3
 721 023a 00000000 		.4byte	reguleringsStatus_
 722 023e 14       		.uleb128 0x14
 723 023f D9010000 		.4byte	.LASF36
 724 0243 08       		.byte	0x8
 725 0244 35       		.byte	0x35
 726 0245 EB000000 		.4byte	0xeb
ARM GAS  C:\Users\Felix\AppData\Local\Temp\ccZaL0Aq.s 			page 17


 727 0249 05       		.uleb128 0x5
 728 024a 03       		.byte	0x3
 729 024b 00000000 		.4byte	going_up_
 730 024f 14       		.uleb128 0x14
 731 0250 07020000 		.4byte	.LASF37
 732 0254 08       		.byte	0x8
 733 0255 36       		.byte	0x36
 734 0256 E0000000 		.4byte	0xe0
 735 025a 05       		.uleb128 0x5
 736 025b 03       		.byte	0x3
 737 025c 00000000 		.4byte	pwmSineAngle_
 738 0260 14       		.uleb128 0x14
 739 0261 AB010000 		.4byte	.LASF38
 740 0265 08       		.byte	0x8
 741 0266 38       		.byte	0x38
 742 0267 81000000 		.4byte	0x81
 743 026b 05       		.uleb128 0x5
 744 026c 03       		.byte	0x3
 745 026d 00000000 		.4byte	prevFrek
 746 0271 14       		.uleb128 0x14
 747 0272 92000000 		.4byte	.LASF39
 748 0276 08       		.byte	0x8
 749 0277 39       		.byte	0x39
 750 0278 81000000 		.4byte	0x81
 751 027c 05       		.uleb128 0x5
 752 027d 03       		.byte	0x3
 753 027e 00000000 		.4byte	prevUdsving
 754 0282 14       		.uleb128 0x14
 755 0283 5C010000 		.4byte	.LASF40
 756 0287 08       		.byte	0x8
 757 0288 3A       		.byte	0x3a
 758 0289 E0000000 		.4byte	0xe0
 759 028d 05       		.uleb128 0x5
 760 028e 03       		.byte	0x3
 761 028f 00000000 		.4byte	angleInc
 762 0293 14       		.uleb128 0x14
 763 0294 21000000 		.4byte	.LASF41
 764 0298 08       		.byte	0x8
 765 0299 3B       		.byte	0x3b
 766 029a E0000000 		.4byte	0xe0
 767 029e 05       		.uleb128 0x5
 768 029f 03       		.byte	0x3
 769 02a0 00000000 		.4byte	sineA
 770 02a4 14       		.uleb128 0x14
 771 02a5 EC010000 		.4byte	.LASF42
 772 02a9 01       		.byte	0x1
 773 02aa 2A       		.byte	0x2a
 774 02ab 16020000 		.4byte	0x216
 775 02af 05       		.uleb128 0x5
 776 02b0 03       		.byte	0x3
 777 02b1 00000000 		.4byte	endstopStatusPtr_
 778 02b5 14       		.uleb128 0x14
 779 02b6 40010000 		.4byte	.LASF43
 780 02ba 01       		.byte	0x1
 781 02bb 2B       		.byte	0x2b
 782 02bc 16020000 		.4byte	0x216
 783 02c0 05       		.uleb128 0x5
ARM GAS  C:\Users\Felix\AppData\Local\Temp\ccZaL0Aq.s 			page 18


 784 02c1 03       		.byte	0x3
 785 02c2 00000000 		.4byte	reguleringsStatusPtr_
 786 02c6 14       		.uleb128 0x14
 787 02c7 A3010000 		.4byte	.LASF44
 788 02cb 01       		.byte	0x1
 789 02cc 2C       		.byte	0x2c
 790 02cd D7020000 		.4byte	0x2d7
 791 02d1 05       		.uleb128 0x5
 792 02d2 03       		.byte	0x3
 793 02d3 00000000 		.4byte	i2cPtr_
 794 02d7 07       		.uleb128 0x7
 795 02d8 04       		.byte	0x4
 796 02d9 97000000 		.4byte	0x97
 797 02dd 14       		.uleb128 0x14
 798 02de B4010000 		.4byte	.LASF45
 799 02e2 01       		.byte	0x1
 800 02e3 2D       		.byte	0x2d
 801 02e4 EB000000 		.4byte	0xeb
 802 02e8 05       		.uleb128 0x5
 803 02e9 03       		.byte	0x3
 804 02ea 00000000 		.4byte	ready
 805 02ee 00       		.byte	0
 806              		.section	.debug_abbrev,"",%progbits
 807              	.Ldebug_abbrev0:
 808 0000 01       		.uleb128 0x1
 809 0001 11       		.uleb128 0x11
 810 0002 01       		.byte	0x1
 811 0003 25       		.uleb128 0x25
 812 0004 0E       		.uleb128 0xe
 813 0005 13       		.uleb128 0x13
 814 0006 0B       		.uleb128 0xb
 815 0007 03       		.uleb128 0x3
 816 0008 0E       		.uleb128 0xe
 817 0009 1B       		.uleb128 0x1b
 818 000a 0E       		.uleb128 0xe
 819 000b 55       		.uleb128 0x55
 820 000c 17       		.uleb128 0x17
 821 000d 11       		.uleb128 0x11
 822 000e 01       		.uleb128 0x1
 823 000f 10       		.uleb128 0x10
 824 0010 17       		.uleb128 0x17
 825 0011 00       		.byte	0
 826 0012 00       		.byte	0
 827 0013 02       		.uleb128 0x2
 828 0014 24       		.uleb128 0x24
 829 0015 00       		.byte	0
 830 0016 0B       		.uleb128 0xb
 831 0017 0B       		.uleb128 0xb
 832 0018 3E       		.uleb128 0x3e
 833 0019 0B       		.uleb128 0xb
 834 001a 03       		.uleb128 0x3
 835 001b 0E       		.uleb128 0xe
 836 001c 00       		.byte	0
 837 001d 00       		.byte	0
 838 001e 03       		.uleb128 0x3
 839 001f 16       		.uleb128 0x16
 840 0020 00       		.byte	0
ARM GAS  C:\Users\Felix\AppData\Local\Temp\ccZaL0Aq.s 			page 19


 841 0021 03       		.uleb128 0x3
 842 0022 0E       		.uleb128 0xe
 843 0023 3A       		.uleb128 0x3a
 844 0024 0B       		.uleb128 0xb
 845 0025 3B       		.uleb128 0x3b
 846 0026 0B       		.uleb128 0xb
 847 0027 49       		.uleb128 0x49
 848 0028 13       		.uleb128 0x13
 849 0029 00       		.byte	0
 850 002a 00       		.byte	0
 851 002b 04       		.uleb128 0x4
 852 002c 24       		.uleb128 0x24
 853 002d 00       		.byte	0
 854 002e 0B       		.uleb128 0xb
 855 002f 0B       		.uleb128 0xb
 856 0030 3E       		.uleb128 0x3e
 857 0031 0B       		.uleb128 0xb
 858 0032 03       		.uleb128 0x3
 859 0033 08       		.uleb128 0x8
 860 0034 00       		.byte	0
 861 0035 00       		.byte	0
 862 0036 05       		.uleb128 0x5
 863 0037 16       		.uleb128 0x16
 864 0038 00       		.byte	0
 865 0039 03       		.uleb128 0x3
 866 003a 0E       		.uleb128 0xe
 867 003b 3A       		.uleb128 0x3a
 868 003c 0B       		.uleb128 0xb
 869 003d 3B       		.uleb128 0x3b
 870 003e 05       		.uleb128 0x5
 871 003f 49       		.uleb128 0x49
 872 0040 13       		.uleb128 0x13
 873 0041 00       		.byte	0
 874 0042 00       		.byte	0
 875 0043 06       		.uleb128 0x6
 876 0044 35       		.uleb128 0x35
 877 0045 00       		.byte	0
 878 0046 49       		.uleb128 0x49
 879 0047 13       		.uleb128 0x13
 880 0048 00       		.byte	0
 881 0049 00       		.byte	0
 882 004a 07       		.uleb128 0x7
 883 004b 0F       		.uleb128 0xf
 884 004c 00       		.byte	0
 885 004d 0B       		.uleb128 0xb
 886 004e 0B       		.uleb128 0xb
 887 004f 49       		.uleb128 0x49
 888 0050 13       		.uleb128 0x13
 889 0051 00       		.byte	0
 890 0052 00       		.byte	0
 891 0053 08       		.uleb128 0x8
 892 0054 2E       		.uleb128 0x2e
 893 0055 01       		.byte	0x1
 894 0056 3F       		.uleb128 0x3f
 895 0057 19       		.uleb128 0x19
 896 0058 03       		.uleb128 0x3
 897 0059 0E       		.uleb128 0xe
ARM GAS  C:\Users\Felix\AppData\Local\Temp\ccZaL0Aq.s 			page 20


 898 005a 3A       		.uleb128 0x3a
 899 005b 0B       		.uleb128 0xb
 900 005c 3B       		.uleb128 0x3b
 901 005d 0B       		.uleb128 0xb
 902 005e 49       		.uleb128 0x49
 903 005f 13       		.uleb128 0x13
 904 0060 11       		.uleb128 0x11
 905 0061 01       		.uleb128 0x1
 906 0062 12       		.uleb128 0x12
 907 0063 06       		.uleb128 0x6
 908 0064 40       		.uleb128 0x40
 909 0065 18       		.uleb128 0x18
 910 0066 9642     		.uleb128 0x2116
 911 0068 19       		.uleb128 0x19
 912 0069 01       		.uleb128 0x1
 913 006a 13       		.uleb128 0x13
 914 006b 00       		.byte	0
 915 006c 00       		.byte	0
 916 006d 09       		.uleb128 0x9
 917 006e 0B       		.uleb128 0xb
 918 006f 01       		.byte	0x1
 919 0070 11       		.uleb128 0x11
 920 0071 01       		.uleb128 0x1
 921 0072 12       		.uleb128 0x12
 922 0073 06       		.uleb128 0x6
 923 0074 00       		.byte	0
 924 0075 00       		.byte	0
 925 0076 0A       		.uleb128 0xa
 926 0077 34       		.uleb128 0x34
 927 0078 00       		.byte	0
 928 0079 03       		.uleb128 0x3
 929 007a 0E       		.uleb128 0xe
 930 007b 3A       		.uleb128 0x3a
 931 007c 0B       		.uleb128 0xb
 932 007d 3B       		.uleb128 0x3b
 933 007e 0B       		.uleb128 0xb
 934 007f 49       		.uleb128 0x49
 935 0080 13       		.uleb128 0x13
 936 0081 02       		.uleb128 0x2
 937 0082 18       		.uleb128 0x18
 938 0083 00       		.byte	0
 939 0084 00       		.byte	0
 940 0085 0B       		.uleb128 0xb
 941 0086 34       		.uleb128 0x34
 942 0087 00       		.byte	0
 943 0088 03       		.uleb128 0x3
 944 0089 08       		.uleb128 0x8
 945 008a 3A       		.uleb128 0x3a
 946 008b 0B       		.uleb128 0xb
 947 008c 3B       		.uleb128 0x3b
 948 008d 0B       		.uleb128 0xb
 949 008e 49       		.uleb128 0x49
 950 008f 13       		.uleb128 0x13
 951 0090 02       		.uleb128 0x2
 952 0091 18       		.uleb128 0x18
 953 0092 00       		.byte	0
 954 0093 00       		.byte	0
ARM GAS  C:\Users\Felix\AppData\Local\Temp\ccZaL0Aq.s 			page 21


 955 0094 0C       		.uleb128 0xc
 956 0095 2E       		.uleb128 0x2e
 957 0096 00       		.byte	0
 958 0097 3F       		.uleb128 0x3f
 959 0098 19       		.uleb128 0x19
 960 0099 03       		.uleb128 0x3
 961 009a 0E       		.uleb128 0xe
 962 009b 3A       		.uleb128 0x3a
 963 009c 0B       		.uleb128 0xb
 964 009d 3B       		.uleb128 0x3b
 965 009e 0B       		.uleb128 0xb
 966 009f 11       		.uleb128 0x11
 967 00a0 01       		.uleb128 0x1
 968 00a1 12       		.uleb128 0x12
 969 00a2 06       		.uleb128 0x6
 970 00a3 40       		.uleb128 0x40
 971 00a4 18       		.uleb128 0x18
 972 00a5 9642     		.uleb128 0x2116
 973 00a7 19       		.uleb128 0x19
 974 00a8 00       		.byte	0
 975 00a9 00       		.byte	0
 976 00aa 0D       		.uleb128 0xd
 977 00ab 2E       		.uleb128 0x2e
 978 00ac 01       		.byte	0x1
 979 00ad 3F       		.uleb128 0x3f
 980 00ae 19       		.uleb128 0x19
 981 00af 03       		.uleb128 0x3
 982 00b0 0E       		.uleb128 0xe
 983 00b1 3A       		.uleb128 0x3a
 984 00b2 0B       		.uleb128 0xb
 985 00b3 3B       		.uleb128 0x3b
 986 00b4 0B       		.uleb128 0xb
 987 00b5 27       		.uleb128 0x27
 988 00b6 19       		.uleb128 0x19
 989 00b7 11       		.uleb128 0x11
 990 00b8 01       		.uleb128 0x1
 991 00b9 12       		.uleb128 0x12
 992 00ba 06       		.uleb128 0x6
 993 00bb 40       		.uleb128 0x40
 994 00bc 18       		.uleb128 0x18
 995 00bd 9642     		.uleb128 0x2116
 996 00bf 19       		.uleb128 0x19
 997 00c0 01       		.uleb128 0x1
 998 00c1 13       		.uleb128 0x13
 999 00c2 00       		.byte	0
 1000 00c3 00       		.byte	0
 1001 00c4 0E       		.uleb128 0xe
 1002 00c5 2E       		.uleb128 0x2e
 1003 00c6 00       		.byte	0
 1004 00c7 3F       		.uleb128 0x3f
 1005 00c8 19       		.uleb128 0x19
 1006 00c9 03       		.uleb128 0x3
 1007 00ca 0E       		.uleb128 0xe
 1008 00cb 3A       		.uleb128 0x3a
 1009 00cc 0B       		.uleb128 0xb
 1010 00cd 3B       		.uleb128 0x3b
 1011 00ce 0B       		.uleb128 0xb
ARM GAS  C:\Users\Felix\AppData\Local\Temp\ccZaL0Aq.s 			page 22


 1012 00cf 27       		.uleb128 0x27
 1013 00d0 19       		.uleb128 0x19
 1014 00d1 11       		.uleb128 0x11
 1015 00d2 01       		.uleb128 0x1
 1016 00d3 12       		.uleb128 0x12
 1017 00d4 06       		.uleb128 0x6
 1018 00d5 40       		.uleb128 0x40
 1019 00d6 18       		.uleb128 0x18
 1020 00d7 9742     		.uleb128 0x2117
 1021 00d9 19       		.uleb128 0x19
 1022 00da 00       		.byte	0
 1023 00db 00       		.byte	0
 1024 00dc 0F       		.uleb128 0xf
 1025 00dd 2E       		.uleb128 0x2e
 1026 00de 01       		.byte	0x1
 1027 00df 3F       		.uleb128 0x3f
 1028 00e0 19       		.uleb128 0x19
 1029 00e1 03       		.uleb128 0x3
 1030 00e2 0E       		.uleb128 0xe
 1031 00e3 3A       		.uleb128 0x3a
 1032 00e4 0B       		.uleb128 0xb
 1033 00e5 3B       		.uleb128 0x3b
 1034 00e6 0B       		.uleb128 0xb
 1035 00e7 27       		.uleb128 0x27
 1036 00e8 19       		.uleb128 0x19
 1037 00e9 11       		.uleb128 0x11
 1038 00ea 01       		.uleb128 0x1
 1039 00eb 12       		.uleb128 0x12
 1040 00ec 06       		.uleb128 0x6
 1041 00ed 40       		.uleb128 0x40
 1042 00ee 18       		.uleb128 0x18
 1043 00ef 9742     		.uleb128 0x2117
 1044 00f1 19       		.uleb128 0x19
 1045 00f2 01       		.uleb128 0x1
 1046 00f3 13       		.uleb128 0x13
 1047 00f4 00       		.byte	0
 1048 00f5 00       		.byte	0
 1049 00f6 10       		.uleb128 0x10
 1050 00f7 2E       		.uleb128 0x2e
 1051 00f8 00       		.byte	0
 1052 00f9 3F       		.uleb128 0x3f
 1053 00fa 19       		.uleb128 0x19
 1054 00fb 03       		.uleb128 0x3
 1055 00fc 0E       		.uleb128 0xe
 1056 00fd 3A       		.uleb128 0x3a
 1057 00fe 0B       		.uleb128 0xb
 1058 00ff 3B       		.uleb128 0x3b
 1059 0100 0B       		.uleb128 0xb
 1060 0101 27       		.uleb128 0x27
 1061 0102 19       		.uleb128 0x19
 1062 0103 11       		.uleb128 0x11
 1063 0104 01       		.uleb128 0x1
 1064 0105 12       		.uleb128 0x12
 1065 0106 06       		.uleb128 0x6
 1066 0107 40       		.uleb128 0x40
 1067 0108 18       		.uleb128 0x18
 1068 0109 9642     		.uleb128 0x2116
ARM GAS  C:\Users\Felix\AppData\Local\Temp\ccZaL0Aq.s 			page 23


 1069 010b 19       		.uleb128 0x19
 1070 010c 00       		.byte	0
 1071 010d 00       		.byte	0
 1072 010e 11       		.uleb128 0x11
 1073 010f 05       		.uleb128 0x5
 1074 0110 00       		.byte	0
 1075 0111 03       		.uleb128 0x3
 1076 0112 08       		.uleb128 0x8
 1077 0113 3A       		.uleb128 0x3a
 1078 0114 0B       		.uleb128 0xb
 1079 0115 3B       		.uleb128 0x3b
 1080 0116 0B       		.uleb128 0xb
 1081 0117 49       		.uleb128 0x49
 1082 0118 13       		.uleb128 0x13
 1083 0119 02       		.uleb128 0x2
 1084 011a 18       		.uleb128 0x18
 1085 011b 00       		.byte	0
 1086 011c 00       		.byte	0
 1087 011d 12       		.uleb128 0x12
 1088 011e 01       		.uleb128 0x1
 1089 011f 01       		.byte	0x1
 1090 0120 49       		.uleb128 0x49
 1091 0121 13       		.uleb128 0x13
 1092 0122 01       		.uleb128 0x1
 1093 0123 13       		.uleb128 0x13
 1094 0124 00       		.byte	0
 1095 0125 00       		.byte	0
 1096 0126 13       		.uleb128 0x13
 1097 0127 21       		.uleb128 0x21
 1098 0128 00       		.byte	0
 1099 0129 49       		.uleb128 0x49
 1100 012a 13       		.uleb128 0x13
 1101 012b 2F       		.uleb128 0x2f
 1102 012c 0B       		.uleb128 0xb
 1103 012d 00       		.byte	0
 1104 012e 00       		.byte	0
 1105 012f 14       		.uleb128 0x14
 1106 0130 34       		.uleb128 0x34
 1107 0131 00       		.byte	0
 1108 0132 03       		.uleb128 0x3
 1109 0133 0E       		.uleb128 0xe
 1110 0134 3A       		.uleb128 0x3a
 1111 0135 0B       		.uleb128 0xb
 1112 0136 3B       		.uleb128 0x3b
 1113 0137 0B       		.uleb128 0xb
 1114 0138 49       		.uleb128 0x49
 1115 0139 13       		.uleb128 0x13
 1116 013a 3F       		.uleb128 0x3f
 1117 013b 19       		.uleb128 0x19
 1118 013c 02       		.uleb128 0x2
 1119 013d 18       		.uleb128 0x18
 1120 013e 00       		.byte	0
 1121 013f 00       		.byte	0
 1122 0140 00       		.byte	0
 1123              		.section	.debug_aranges,"",%progbits
 1124 0000 54000000 		.4byte	0x54
 1125 0004 0200     		.2byte	0x2
ARM GAS  C:\Users\Felix\AppData\Local\Temp\ccZaL0Aq.s 			page 24


 1126 0006 00000000 		.4byte	.Ldebug_info0
 1127 000a 04       		.byte	0x4
 1128 000b 00       		.byte	0
 1129 000c 0000     		.2byte	0
 1130 000e 0000     		.2byte	0
 1131 0010 00000000 		.4byte	.LFB33
 1132 0014 88000000 		.4byte	.LFE33-.LFB33
 1133 0018 00000000 		.4byte	.LFB34
 1134 001c 44000000 		.4byte	.LFE34-.LFB34
 1135 0020 00000000 		.4byte	.LFB35
 1136 0024 34000000 		.4byte	.LFE35-.LFB35
 1137 0028 00000000 		.4byte	.LFB36
 1138 002c 08000000 		.4byte	.LFE36-.LFB36
 1139 0030 00000000 		.4byte	.LFB37
 1140 0034 2C000000 		.4byte	.LFE37-.LFB37
 1141 0038 00000000 		.4byte	.LFB38
 1142 003c 30000000 		.4byte	.LFE38-.LFB38
 1143 0040 00000000 		.4byte	.LFB39
 1144 0044 28000000 		.4byte	.LFE39-.LFB39
 1145 0048 00000000 		.4byte	.LFB40
 1146 004c 12000000 		.4byte	.LFE40-.LFB40
 1147 0050 00000000 		.4byte	0
 1148 0054 00000000 		.4byte	0
 1149              		.section	.debug_ranges,"",%progbits
 1150              	.Ldebug_ranges0:
 1151 0000 00000000 		.4byte	.LFB33
 1152 0004 88000000 		.4byte	.LFE33
 1153 0008 00000000 		.4byte	.LFB34
 1154 000c 44000000 		.4byte	.LFE34
 1155 0010 00000000 		.4byte	.LFB35
 1156 0014 34000000 		.4byte	.LFE35
 1157 0018 00000000 		.4byte	.LFB36
 1158 001c 08000000 		.4byte	.LFE36
 1159 0020 00000000 		.4byte	.LFB37
 1160 0024 2C000000 		.4byte	.LFE37
 1161 0028 00000000 		.4byte	.LFB38
 1162 002c 30000000 		.4byte	.LFE38
 1163 0030 00000000 		.4byte	.LFB39
 1164 0034 28000000 		.4byte	.LFE39
 1165 0038 00000000 		.4byte	.LFB40
 1166 003c 12000000 		.4byte	.LFE40
 1167 0040 00000000 		.4byte	0
 1168 0044 00000000 		.4byte	0
 1169              		.section	.debug_line,"",%progbits
 1170              	.Ldebug_line0:
 1171 0000 58020000 		.section	.debug_str,"MS",%progbits,1
 1171      02009501 
 1171      00000201 
 1171      FB0E0D00 
 1171      01010101 
 1172              	.LASF47:
 1173 0000 2E5C7675 		.ascii	".\\vuggeControl.c\000"
 1173      67676543 
 1173      6F6E7472 
 1173      6F6C2E63 
 1173      00
 1174              	.LASF18:
ARM GAS  C:\Users\Felix\AppData\Local\Temp\ccZaL0Aq.s 			page 25


 1175 0011 72656733 		.ascii	"reg32\000"
 1175      3200
 1176              	.LASF4:
 1177 0017 5F5F7569 		.ascii	"__uint8_t\000"
 1177      6E74385F 
 1177      7400
 1178              	.LASF41:
 1179 0021 73696E65 		.ascii	"sineA\000"
 1179      4100
 1180              	.LASF32:
 1181 0027 49324342 		.ascii	"I2CBuf\000"
 1181      756600
 1182              	.LASF24:
 1183 002e 72656775 		.ascii	"reguleringsStatus\000"
 1183      6C657269 
 1183      6E677353 
 1183      74617475 
 1183      7300
 1184              	.LASF5:
 1185 0040 5F5F696E 		.ascii	"__int32_t\000"
 1185      7433325F 
 1185      7400
 1186              	.LASF21:
 1187 004a 424F4F4C 		.ascii	"BOOL\000"
 1187      00
 1188              	.LASF3:
 1189 004f 73686F72 		.ascii	"short unsigned int\000"
 1189      7420756E 
 1189      7369676E 
 1189      65642069 
 1189      6E7400
 1190              	.LASF10:
 1191 0062 756E7369 		.ascii	"unsigned int\000"
 1191      676E6564 
 1191      20696E74 
 1191      00
 1192              	.LASF25:
 1193 006f 63686563 		.ascii	"checkOn_Off\000"
 1193      6B4F6E5F 
 1193      4F666600 
 1194              	.LASF33:
 1195 007b 73656E73 		.ascii	"sensorDataPtr_\000"
 1195      6F724461 
 1195      74615074 
 1195      725F00
 1196              	.LASF12:
 1197 008a 696E7433 		.ascii	"int32_t\000"
 1197      325F7400 
 1198              	.LASF39:
 1199 0092 70726576 		.ascii	"prevUdsving\000"
 1199      55647376 
 1199      696E6700 
 1200              	.LASF15:
 1201 009e 666C6F61 		.ascii	"float\000"
 1201      7400
 1202              	.LASF46:
 1203 00a4 474E5520 		.ascii	"GNU C 4.8.4 20140526 (release) [ARM/embedded-4_8-br"
ARM GAS  C:\Users\Felix\AppData\Local\Temp\ccZaL0Aq.s 			page 26


 1203      4320342E 
 1203      382E3420 
 1203      32303134 
 1203      30353236 
 1204 00d7 616E6368 		.ascii	"anch revision 211358] -mcpu=cortex-m0 -mthumb -g -O"
 1204      20726576 
 1204      6973696F 
 1204      6E203231 
 1204      31333538 
 1205 010a 30202D66 		.ascii	"0 -ffunction-sections\000"
 1205      66756E63 
 1205      74696F6E 
 1205      2D736563 
 1205      74696F6E 
 1206              	.LASF1:
 1207 0120 756E7369 		.ascii	"unsigned char\000"
 1207      676E6564 
 1207      20636861 
 1207      7200
 1208              	.LASF7:
 1209 012e 6C6F6E67 		.ascii	"long unsigned int\000"
 1209      20756E73 
 1209      69676E65 
 1209      6420696E 
 1209      7400
 1210              	.LASF43:
 1211 0140 72656775 		.ascii	"reguleringsStatusPtr_\000"
 1211      6C657269 
 1211      6E677353 
 1211      74617475 
 1211      73507472 
 1212              	.LASF13:
 1213 0156 75696E74 		.ascii	"uint8\000"
 1213      3800
 1214              	.LASF40:
 1215 015c 616E676C 		.ascii	"angleInc\000"
 1215      65496E63 
 1215      00
 1216              	.LASF22:
 1217 0165 616E676C 		.ascii	"angle\000"
 1217      6500
 1218              	.LASF31:
 1219 016b 6572726F 		.ascii	"error\000"
 1219      7200
 1220              	.LASF30:
 1221 0171 6C6F6F70 		.ascii	"loopIsr\000"
 1221      49737200 
 1222              	.LASF16:
 1223 0179 646F7562 		.ascii	"double\000"
 1223      6C6500
 1224              	.LASF23:
 1225 0180 6D61696E 		.ascii	"main\000"
 1225      00
 1226              	.LASF29:
 1227 0185 6C756B53 		.ascii	"lukSystem\000"
 1227      79737465 
 1227      6D00
ARM GAS  C:\Users\Felix\AppData\Local\Temp\ccZaL0Aq.s 			page 27


 1228              	.LASF28:
 1229 018f 63686563 		.ascii	"checkEndstop\000"
 1229      6B456E64 
 1229      73746F70 
 1229      00
 1230              	.LASF14:
 1231 019c 75696E74 		.ascii	"uint32\000"
 1231      333200
 1232              	.LASF44:
 1233 01a3 69326350 		.ascii	"i2cPtr_\000"
 1233      74725F00 
 1234              	.LASF38:
 1235 01ab 70726576 		.ascii	"prevFrek\000"
 1235      4672656B 
 1235      00
 1236              	.LASF45:
 1237 01b4 72656164 		.ascii	"ready\000"
 1237      7900
 1238              	.LASF9:
 1239 01ba 6C6F6E67 		.ascii	"long long unsigned int\000"
 1239      206C6F6E 
 1239      6720756E 
 1239      7369676E 
 1239      65642069 
 1240              	.LASF11:
 1241 01d1 75696E74 		.ascii	"uint8_t\000"
 1241      385F7400 
 1242              	.LASF36:
 1243 01d9 676F696E 		.ascii	"going_up_\000"
 1243      675F7570 
 1243      5F00
 1244              	.LASF26:
 1245 01e3 73687574 		.ascii	"shutdown\000"
 1245      646F776E 
 1245      00
 1246              	.LASF42:
 1247 01ec 656E6473 		.ascii	"endstopStatusPtr_\000"
 1247      746F7053 
 1247      74617475 
 1247      73507472 
 1247      5F00
 1248              	.LASF19:
 1249 01fe 73697A65 		.ascii	"sizetype\000"
 1249      74797065 
 1249      00
 1250              	.LASF37:
 1251 0207 70776D53 		.ascii	"pwmSineAngle_\000"
 1251      696E6541 
 1251      6E676C65 
 1251      5F00
 1252              	.LASF8:
 1253 0215 6C6F6E67 		.ascii	"long long int\000"
 1253      206C6F6E 
 1253      6720696E 
 1253      7400
 1254              	.LASF17:
 1255 0223 63686172 		.ascii	"char\000"
ARM GAS  C:\Users\Felix\AppData\Local\Temp\ccZaL0Aq.s 			page 28


 1255      00
 1256              	.LASF27:
 1257 0228 696E6974 		.ascii	"initVuggesystem\000"
 1257      56756767 
 1257      65737973 
 1257      74656D00 
 1258              	.LASF2:
 1259 0238 73686F72 		.ascii	"short int\000"
 1259      7420696E 
 1259      7400
 1260              	.LASF20:
 1261 0242 66697831 		.ascii	"fix16_t\000"
 1261      365F7400 
 1262              	.LASF6:
 1263 024a 6C6F6E67 		.ascii	"long int\000"
 1263      20696E74 
 1263      00
 1264              	.LASF34:
 1265 0253 66697865 		.ascii	"fixedPointReg_\000"
 1265      64506F69 
 1265      6E745265 
 1265      675F00
 1266              	.LASF0:
 1267 0262 7369676E 		.ascii	"signed char\000"
 1267      65642063 
 1267      68617200 
 1268              	.LASF48:
 1269 026e 433A5C55 		.ascii	"C:\\Users\\Felix\\Google Drev\\E4PRJ4 gDrive\\Vugge"
 1269      73657273 
 1269      5C46656C 
 1269      69785C47 
 1269      6F6F676C 
 1270 029c 73797374 		.ascii	"system arbejdsdokumenter\\vuggeControl\\vuggeContro"
 1270      656D2061 
 1270      7262656A 
 1270      6473646F 
 1270      6B756D65 
 1271 02cd 6C2E6379 		.ascii	"l.cydsn\000"
 1271      64736E00 
 1272              	.LASF35:
 1273 02d5 72656775 		.ascii	"reguleringsStatus_\000"
 1273      6C657269 
 1273      6E677353 
 1273      74617475 
 1273      735F00
 1274              		.ident	"GCC: (GNU Tools for ARM Embedded Processors) 4.8.4 20140526 (release) [ARM/embedded-4_8-br
