--------------- Rebuild Started: 05/11/2015 18:08:22 Project: vuggeControl, Configuration: ARM GCC 4.8.4 Debug ---------------
Deleting file ".\CortexM0\ARM_GCC_484\Debug\vuggeControl.o"
Deleting file ".\CortexM0\ARM_GCC_484\Debug\i2cKommunikation.o"
Deleting file ".\CortexM0\ARM_GCC_484\Debug\sensorFortolker.o"
Deleting file ".\CortexM0\ARM_GCC_484\Debug\regulering.o"
Deleting file ".\CortexM0\ARM_GCC_484\Debug\fixedMath.o"
Deleting file ".\CortexM0\ARM_GCC_484\Debug\cyfitter_cfg.o"
Deleting file ".\CortexM0\ARM_GCC_484\Debug\cymetadata.o"
Deleting file ".\CortexM0\ARM_GCC_484\Debug\I2CVuggesystem.o"
Deleting file ".\CortexM0\ARM_GCC_484\Debug\I2CVuggesystem_PM.o"
Deleting file ".\CortexM0\ARM_GCC_484\Debug\I2CVuggesystem_BOOT.o"
Deleting file ".\CortexM0\ARM_GCC_484\Debug\I2CVuggesystem_EZI2C.o"
Deleting file ".\CortexM0\ARM_GCC_484\Debug\I2CVuggesystem_EZI2C_INT.o"
Deleting file ".\CortexM0\ARM_GCC_484\Debug\I2CVuggesystem_EZI2C_BOOT.o"
Deleting file ".\CortexM0\ARM_GCC_484\Debug\ESSwitch.o"
Deleting file ".\CortexM0\ARM_GCC_484\Debug\I2CVuggesystem_SCBCLK.o"
Deleting file ".\CortexM0\ARM_GCC_484\Debug\I2CVuggesystem_sda.o"
Deleting file ".\CortexM0\ARM_GCC_484\Debug\I2CVuggesystem_scl.o"
Deleting file ".\CortexM0\ARM_GCC_484\Debug\I2CVuggesystem_SCB_IRQ.o"
Deleting file ".\CortexM0\ARM_GCC_484\Debug\Cm0Start.o"
Deleting file ".\CortexM0\ARM_GCC_484\Debug\CyBootAsmGnu.o"
Deleting file ".\CortexM0\ARM_GCC_484\Debug\CyFlash.o"
Deleting file ".\CortexM0\ARM_GCC_484\Debug\CyLib.o"
Deleting file ".\CortexM0\ARM_GCC_484\Debug\cyPm.o"
Deleting file ".\CortexM0\ARM_GCC_484\Debug\cyutils.o"
Deleting file ".\CortexM0\ARM_GCC_484\Debug\ShutdownSwich.o"
Deleting file ".\CortexM0\ARM_GCC_484\Debug\Endstop_isr.o"
Deleting file ".\CortexM0\ARM_GCC_484\Debug\Clock_1.o"
Deleting file ".\CortexM0\ARM_GCC_484\Debug\PWM.o"
Deleting file ".\CortexM0\ARM_GCC_484\Debug\PWM_PM.o"
Deleting file ".\CortexM0\ARM_GCC_484\Debug\PWM_A.o"
Deleting file ".\CortexM0\ARM_GCC_484\Debug\PWM_B.o"
Deleting file ".\CortexM0\ARM_GCC_484\Debug\t_clk.o"
Deleting file ".\CortexM0\ARM_GCC_484\Debug\debugOut.o"
Deleting file ".\CortexM0\ARM_GCC_484\Debug\debugOut_PM.o"
Deleting file ".\CortexM0\ARM_GCC_484\Debug\debugOut_INT.o"
Deleting file ".\CortexM0\ARM_GCC_484\Debug\debugOut_BOOT.o"
Deleting file ".\CortexM0\ARM_GCC_484\Debug\debugOut_IntClock.o"
Deleting file ".\CortexM0\ARM_GCC_484\Debug\sensorI2C.o"
Deleting file ".\CortexM0\ARM_GCC_484\Debug\sensorI2C_I2C_INT.o"
Deleting file ".\CortexM0\ARM_GCC_484\Debug\sensorI2C_I2C.o"
Deleting file ".\CortexM0\ARM_GCC_484\Debug\sensorI2C_I2C_BOOT.o"
Deleting file ".\CortexM0\ARM_GCC_484\Debug\sensorI2C_I2C_MASTER.o"
Deleting file ".\CortexM0\ARM_GCC_484\Debug\sensorI2C_PM.o"
Deleting file ".\CortexM0\ARM_GCC_484\Debug\sensorI2C_BOOT.o"
Deleting file ".\CortexM0\ARM_GCC_484\Debug\sensorI2C_SCBCLK.o"
Deleting file ".\CortexM0\ARM_GCC_484\Debug\sensorI2C_sda.o"
Deleting file ".\CortexM0\ARM_GCC_484\Debug\sensorI2C_scl.o"
Deleting file ".\CortexM0\ARM_GCC_484\Debug\sensorI2C_SCB_IRQ.o"
Deleting file ".\CortexM0\ARM_GCC_484\Debug\activityDebug.o"
Deleting file ".\CortexM0\ARM_GCC_484\Debug\loopTimer.o"
Deleting file ".\CortexM0\ARM_GCC_484\Debug\loopTimer_PM.o"
Deleting file ".\CortexM0\ARM_GCC_484\Debug\loop_isr.o"
Deleting file ".\CortexM0\ARM_GCC_484\Debug\vuggeControl.hex"
Deleting file ".\CortexM0\ARM_GCC_484\Debug\vuggeControl.elf"
Deleting file ".\CortexM0\ARM_GCC_484\Debug\vuggeControl.map"
Deleting file ".\vuggeControl.cycdx"
Deleting file ".\vuggeControl.svd"
Deleting file ".\vuggeControl.rpt"
Deleting file ".\vuggeControl_timing.html"
Deleting file ".\CortexM0\ARM_GCC_484\Debug\.deps\C_FILE.P"
Deleting file ".\CortexM0\ARM_GCC_484\Debug\.deps\ARM_C_FILE.P"
Deleting file ".\CortexM0\ARM_GCC_484\Debug\.deps\GNU_ARM_ASM_FILE.P"
cydsfit.exe -.appdatapath "C:\Users\Felix\AppData\Local\Cypress Semiconductor\PSoC Creator\3.1" -.fdsnotice -.fdswarpdepfile=warp_dependencies.txt -.fdselabdepfile=elab_dependencies.txt -.fdsbldfile=generated_files.txt -p "C:\Users\Felix\Google Drev\E4PRJ4 gDrive\Vuggesystem arbejdsdokumenter\vuggeControl\vuggeControl.cydsn\vuggeControl.cyprj" -d CY8C4245AXI-483 -s "C:\Users\Felix\Google Drev\E4PRJ4 gDrive\Vuggesystem arbejdsdokumenter\vuggeControl\vuggeControl.cydsn\Generated_Source\PSoC4" -- -yv2 -q10 -ygs -o2 -v3 -.fftcfgtype=LE
Elaborating Design...
HDL Generation ...
Synthesis ...
Place and Route ...
Tech mapping ...
ADD: pft.M0040: information: The following 6 pin(s) will be assigned a location by the fitter: \I2CVuggesystem:scl(0)\, \I2CVuggesystem:sda(0)\, \sensorI2C:scl(0)\, \sensorI2C:sda(0)\, activityDebug(0), ShutdownSwich(0)
Analog Placement ...
Analog Routing ...
Analog Code Generation ...
Digital Placement ...
Digital Routing ...
Bitstream Generation ...
Static timing analysis ...
API Generation ...
Dependency Generation ...
Clean Temporary Files ...
arm-none-eabi-gcc.exe -mcpu=cortex-m0 -mthumb -Wno-main -I. -I.\Generated_Source\PSoC4 -Wa,-alh=.\CortexM0\ARM_GCC_484\Debug/vuggeControl.lst -g -D DEBUG -Wall -ffunction-sections -O0 -c .\vuggeControl.c -o .\CortexM0\ARM_GCC_484\Debug\vuggeControl.o
In file included from .\sensorFortolker.h:3:0,
                 from .\vuggeControl.c:38:
.\globals.h:16:0: warning: "DEBUG" redefined [enabled by default]
 #define DEBUG 0
 ^
<command-line>:0:0: note: this is the location of the previous definition
arm-none-eabi-gcc.exe -mcpu=cortex-m0 -mthumb -Wno-main -I. -I.\Generated_Source\PSoC4 -Wa,-alh=.\CortexM0\ARM_GCC_484\Debug/i2cKommunikation.lst -g -D DEBUG -Wall -ffunction-sections -O0 -c .\i2cKommunikation.c -o .\CortexM0\ARM_GCC_484\Debug\i2cKommunikation.o
arm-none-eabi-gcc.exe -mcpu=cortex-m0 -mthumb -Wno-main -I. -I.\Generated_Source\PSoC4 -Wa,-alh=.\CortexM0\ARM_GCC_484\Debug/sensorFortolker.lst -g -D DEBUG -Wall -ffunction-sections -O0 -c .\sensorFortolker.c -o .\CortexM0\ARM_GCC_484\Debug\sensorFortolker.o
In file included from .\sensorFortolker.h:3:0,
                 from .\sensorFortolker.c:31:
.\globals.h:16:0: warning: "DEBUG" redefined [enabled by default]
 #define DEBUG 0
 ^
<command-line>:0:0: note: this is the location of the previous definition
arm-none-eabi-gcc.exe -mcpu=cortex-m0 -mthumb -Wno-main -I. -I.\Generated_Source\PSoC4 -Wa,-alh=.\CortexM0\ARM_GCC_484\Debug/regulering.lst -g -D DEBUG -Wall -ffunction-sections -O0 -c .\regulering.c -o .\CortexM0\ARM_GCC_484\Debug\regulering.o
In file included from .\regulering.h:3:0,
                 from .\regulering.c:29:
.\globals.h:16:0: warning: "DEBUG" redefined [enabled by default]
 #define DEBUG 0
 ^
<command-line>:0:0: note: this is the location of the previous definition
arm-none-eabi-gcc.exe -mcpu=cortex-m0 -mthumb -Wno-main -I. -I.\Generated_Source\PSoC4 -Wa,-alh=.\CortexM0\ARM_GCC_484\Debug/fixedMath.lst -g -D DEBUG -Wall -ffunction-sections -O0 -c .\fixedMath.c -o .\CortexM0\ARM_GCC_484\Debug\fixedMath.o
arm-none-eabi-gcc.exe -mcpu=cortex-m0 -mthumb -Wno-main -I. -I.\Generated_Source\PSoC4 -Wa,-alh=.\CortexM0\ARM_GCC_484\Debug/cyfitter_cfg.lst -g -D DEBUG -Wall -ffunction-sections -O0 -c .\Generated_Source\PSoC4\cyfitter_cfg.c -o .\CortexM0\ARM_GCC_484\Debug\cyfitter_cfg.o
arm-none-eabi-gcc.exe -mcpu=cortex-m0 -mthumb -Wno-main -I. -I.\Generated_Source\PSoC4 -Wa,-alh=.\CortexM0\ARM_GCC_484\Debug/cymetadata.lst -g -D DEBUG -Wall -ffunction-sections -O0 -c .\Generated_Source\PSoC4\cymetadata.c -o .\CortexM0\ARM_GCC_484\Debug\cymetadata.o
arm-none-eabi-gcc.exe -mcpu=cortex-m0 -mthumb -Wno-main -I. -I.\Generated_Source\PSoC4 -Wa,-alh=.\CortexM0\ARM_GCC_484\Debug/I2CVuggesystem.lst -g -D DEBUG -Wall -ffunction-sections -O0 -c .\Generated_Source\PSoC4\I2CVuggesystem.c -o .\CortexM0\ARM_GCC_484\Debug\I2CVuggesystem.o
arm-none-eabi-gcc.exe -mcpu=cortex-m0 -mthumb -Wno-main -I. -I.\Generated_Source\PSoC4 -Wa,-alh=.\CortexM0\ARM_GCC_484\Debug/I2CVuggesystem_PM.lst -g -D DEBUG -Wall -ffunction-sections -O0 -c .\Generated_Source\PSoC4\I2CVuggesystem_PM.c -o .\CortexM0\ARM_GCC_484\Debug\I2CVuggesystem_PM.o
arm-none-eabi-gcc.exe -mcpu=cortex-m0 -mthumb -Wno-main -I. -I.\Generated_Source\PSoC4 -Wa,-alh=.\CortexM0\ARM_GCC_484\Debug/I2CVuggesystem_BOOT.lst -g -D DEBUG -Wall -ffunction-sections -O0 -c .\Generated_Source\PSoC4\I2CVuggesystem_BOOT.c -o .\CortexM0\ARM_GCC_484\Debug\I2CVuggesystem_BOOT.o
arm-none-eabi-gcc.exe -mcpu=cortex-m0 -mthumb -Wno-main -I. -I.\Generated_Source\PSoC4 -Wa,-alh=.\CortexM0\ARM_GCC_484\Debug/I2CVuggesystem_EZI2C.lst -g -D DEBUG -Wall -ffunction-sections -O0 -c .\Generated_Source\PSoC4\I2CVuggesystem_EZI2C.c -o .\CortexM0\ARM_GCC_484\Debug\I2CVuggesystem_EZI2C.o
arm-none-eabi-gcc.exe -mcpu=cortex-m0 -mthumb -Wno-main -I. -I.\Generated_Source\PSoC4 -Wa,-alh=.\CortexM0\ARM_GCC_484\Debug/I2CVuggesystem_EZI2C_INT.lst -g -D DEBUG -Wall -ffunction-sections -O0 -c .\Generated_Source\PSoC4\I2CVuggesystem_EZI2C_INT.c -o .\CortexM0\ARM_GCC_484\Debug\I2CVuggesystem_EZI2C_INT.o
arm-none-eabi-gcc.exe -mcpu=cortex-m0 -mthumb -Wno-main -I. -I.\Generated_Source\PSoC4 -Wa,-alh=.\CortexM0\ARM_GCC_484\Debug/I2CVuggesystem_EZI2C_BOOT.lst -g -D DEBUG -Wall -ffunction-sections -O0 -c .\Generated_Source\PSoC4\I2CVuggesystem_EZI2C_BOOT.c -o .\CortexM0\ARM_GCC_484\Debug\I2CVuggesystem_EZI2C_BOOT.o
arm-none-eabi-gcc.exe -mcpu=cortex-m0 -mthumb -Wno-main -I. -I.\Generated_Source\PSoC4 -Wa,-alh=.\CortexM0\ARM_GCC_484\Debug/ESSwitch.lst -g -D DEBUG -Wall -ffunction-sections -O0 -c .\Generated_Source\PSoC4\ESSwitch.c -o .\CortexM0\ARM_GCC_484\Debug\ESSwitch.o
arm-none-eabi-gcc.exe -mcpu=cortex-m0 -mthumb -Wno-main -I. -I.\Generated_Source\PSoC4 -Wa,-alh=.\CortexM0\ARM_GCC_484\Debug/I2CVuggesystem_SCBCLK.lst -g -D DEBUG -Wall -ffunction-sections -O0 -c .\Generated_Source\PSoC4\I2CVuggesystem_SCBCLK.c -o .\CortexM0\ARM_GCC_484\Debug\I2CVuggesystem_SCBCLK.o
arm-none-eabi-gcc.exe -mcpu=cortex-m0 -mthumb -Wno-main -I. -I.\Generated_Source\PSoC4 -Wa,-alh=.\CortexM0\ARM_GCC_484\Debug/I2CVuggesystem_sda.lst -g -D DEBUG -Wall -ffunction-sections -O0 -c .\Generated_Source\PSoC4\I2CVuggesystem_sda.c -o .\CortexM0\ARM_GCC_484\Debug\I2CVuggesystem_sda.o
arm-none-eabi-gcc.exe -mcpu=cortex-m0 -mthumb -Wno-main -I. -I.\Generated_Source\PSoC4 -Wa,-alh=.\CortexM0\ARM_GCC_484\Debug/I2CVuggesystem_scl.lst -g -D DEBUG -Wall -ffunction-sections -O0 -c .\Generated_Source\PSoC4\I2CVuggesystem_scl.c -o .\CortexM0\ARM_GCC_484\Debug\I2CVuggesystem_scl.o
arm-none-eabi-gcc.exe -mcpu=cortex-m0 -mthumb -Wno-main -I. -I.\Generated_Source\PSoC4 -Wa,-alh=.\CortexM0\ARM_GCC_484\Debug/I2CVuggesystem_SCB_IRQ.lst -g -D DEBUG -Wall -ffunction-sections -O0 -c .\Generated_Source\PSoC4\I2CVuggesystem_SCB_IRQ.c -o .\CortexM0\ARM_GCC_484\Debug\I2CVuggesystem_SCB_IRQ.o
arm-none-eabi-gcc.exe -mcpu=cortex-m0 -mthumb -Wno-main -I. -I.\Generated_Source\PSoC4 -Wa,-alh=.\CortexM0\ARM_GCC_484\Debug/Cm0Start.lst -g -D DEBUG -Wall -ffunction-sections -O0 -c .\Generated_Source\PSoC4\Cm0Start.c -o .\CortexM0\ARM_GCC_484\Debug\Cm0Start.o
arm-none-eabi-as.exe -mcpu=cortex-m0 -mthumb -I. -I.\Generated_Source\PSoC4 -alh=.\CortexM0\ARM_GCC_484\Debug/CyBootAsmGnu.lst -g -W -o .\CortexM0\ARM_GCC_484\Debug\CyBootAsmGnu.o .\Generated_Source\PSoC4\CyBootAsmGnu.s
arm-none-eabi-gcc.exe -mcpu=cortex-m0 -mthumb -Wno-main -I. -I.\Generated_Source\PSoC4 -Wa,-alh=.\CortexM0\ARM_GCC_484\Debug/CyFlash.lst -g -D DEBUG -Wall -ffunction-sections -O0 -c .\Generated_Source\PSoC4\CyFlash.c -o .\CortexM0\ARM_GCC_484\Debug\CyFlash.o
arm-none-eabi-gcc.exe -mcpu=cortex-m0 -mthumb -Wno-main -I. -I.\Generated_Source\PSoC4 -Wa,-alh=.\CortexM0\ARM_GCC_484\Debug/CyLib.lst -g -D DEBUG -Wall -ffunction-sections -O0 -c .\Generated_Source\PSoC4\CyLib.c -o .\CortexM0\ARM_GCC_484\Debug\CyLib.o
arm-none-eabi-gcc.exe -mcpu=cortex-m0 -mthumb -Wno-main -I. -I.\Generated_Source\PSoC4 -Wa,-alh=.\CortexM0\ARM_GCC_484\Debug/cyPm.lst -g -D DEBUG -Wall -ffunction-sections -O0 -c .\Generated_Source\PSoC4\cyPm.c -o .\CortexM0\ARM_GCC_484\Debug\cyPm.o
arm-none-eabi-gcc.exe -mcpu=cortex-m0 -mthumb -Wno-main -I. -I.\Generated_Source\PSoC4 -Wa,-alh=.\CortexM0\ARM_GCC_484\Debug/cyutils.lst -g -D DEBUG -Wall -ffunction-sections -O0 -c .\Generated_Source\PSoC4\cyutils.c -o .\CortexM0\ARM_GCC_484\Debug\cyutils.o
arm-none-eabi-gcc.exe -mcpu=cortex-m0 -mthumb -Wno-main -I. -I.\Generated_Source\PSoC4 -Wa,-alh=.\CortexM0\ARM_GCC_484\Debug/ShutdownSwich.lst -g -D DEBUG -Wall -ffunction-sections -O0 -c .\Generated_Source\PSoC4\ShutdownSwich.c -o .\CortexM0\ARM_GCC_484\Debug\ShutdownSwich.o
arm-none-eabi-gcc.exe -mcpu=cortex-m0 -mthumb -Wno-main -I. -I.\Generated_Source\PSoC4 -Wa,-alh=.\CortexM0\ARM_GCC_484\Debug/Endstop_isr.lst -g -D DEBUG -Wall -ffunction-sections -O0 -c .\Generated_Source\PSoC4\Endstop_isr.c -o .\CortexM0\ARM_GCC_484\Debug\Endstop_isr.o
arm-none-eabi-gcc.exe -mcpu=cortex-m0 -mthumb -Wno-main -I. -I.\Generated_Source\PSoC4 -Wa,-alh=.\CortexM0\ARM_GCC_484\Debug/Clock_1.lst -g -D DEBUG -Wall -ffunction-sections -O0 -c .\Generated_Source\PSoC4\Clock_1.c -o .\CortexM0\ARM_GCC_484\Debug\Clock_1.o
arm-none-eabi-gcc.exe -mcpu=cortex-m0 -mthumb -Wno-main -I. -I.\Generated_Source\PSoC4 -Wa,-alh=.\CortexM0\ARM_GCC_484\Debug/PWM.lst -g -D DEBUG -Wall -ffunction-sections -O0 -c .\Generated_Source\PSoC4\PWM.c -o .\CortexM0\ARM_GCC_484\Debug\PWM.o
arm-none-eabi-gcc.exe -mcpu=cortex-m0 -mthumb -Wno-main -I. -I.\Generated_Source\PSoC4 -Wa,-alh=.\CortexM0\ARM_GCC_484\Debug/PWM_PM.lst -g -D DEBUG -Wall -ffunction-sections -O0 -c .\Generated_Source\PSoC4\PWM_PM.c -o .\CortexM0\ARM_GCC_484\Debug\PWM_PM.o
arm-none-eabi-gcc.exe -mcpu=cortex-m0 -mthumb -Wno-main -I. -I.\Generated_Source\PSoC4 -Wa,-alh=.\CortexM0\ARM_GCC_484\Debug/PWM_A.lst -g -D DEBUG -Wall -ffunction-sections -O0 -c .\Generated_Source\PSoC4\PWM_A.c -o .\CortexM0\ARM_GCC_484\Debug\PWM_A.o
arm-none-eabi-gcc.exe -mcpu=cortex-m0 -mthumb -Wno-main -I. -I.\Generated_Source\PSoC4 -Wa,-alh=.\CortexM0\ARM_GCC_484\Debug/PWM_B.lst -g -D DEBUG -Wall -ffunction-sections -O0 -c .\Generated_Source\PSoC4\PWM_B.c -o .\CortexM0\ARM_GCC_484\Debug\PWM_B.o
arm-none-eabi-gcc.exe -mcpu=cortex-m0 -mthumb -Wno-main -I. -I.\Generated_Source\PSoC4 -Wa,-alh=.\CortexM0\ARM_GCC_484\Debug/t_clk.lst -g -D DEBUG -Wall -ffunction-sections -O0 -c .\Generated_Source\PSoC4\t_clk.c -o .\CortexM0\ARM_GCC_484\Debug\t_clk.o
arm-none-eabi-gcc.exe -mcpu=cortex-m0 -mthumb -Wno-main -I. -I.\Generated_Source\PSoC4 -Wa,-alh=.\CortexM0\ARM_GCC_484\Debug/debugOut.lst -g -D DEBUG -Wall -ffunction-sections -O0 -c .\Generated_Source\PSoC4\debugOut.c -o .\CortexM0\ARM_GCC_484\Debug\debugOut.o
arm-none-eabi-gcc.exe -mcpu=cortex-m0 -mthumb -Wno-main -I. -I.\Generated_Source\PSoC4 -Wa,-alh=.\CortexM0\ARM_GCC_484\Debug/debugOut_PM.lst -g -D DEBUG -Wall -ffunction-sections -O0 -c .\Generated_Source\PSoC4\debugOut_PM.c -o .\CortexM0\ARM_GCC_484\Debug\debugOut_PM.o
arm-none-eabi-gcc.exe -mcpu=cortex-m0 -mthumb -Wno-main -I. -I.\Generated_Source\PSoC4 -Wa,-alh=.\CortexM0\ARM_GCC_484\Debug/debugOut_INT.lst -g -D DEBUG -Wall -ffunction-sections -O0 -c .\Generated_Source\PSoC4\debugOut_INT.c -o .\CortexM0\ARM_GCC_484\Debug\debugOut_INT.o
arm-none-eabi-gcc.exe -mcpu=cortex-m0 -mthumb -Wno-main -I. -I.\Generated_Source\PSoC4 -Wa,-alh=.\CortexM0\ARM_GCC_484\Debug/debugOut_BOOT.lst -g -D DEBUG -Wall -ffunction-sections -O0 -c .\Generated_Source\PSoC4\debugOut_BOOT.c -o .\CortexM0\ARM_GCC_484\Debug\debugOut_BOOT.o
arm-none-eabi-gcc.exe -mcpu=cortex-m0 -mthumb -Wno-main -I. -I.\Generated_Source\PSoC4 -Wa,-alh=.\CortexM0\ARM_GCC_484\Debug/debugOut_IntClock.lst -g -D DEBUG -Wall -ffunction-sections -O0 -c .\Generated_Source\PSoC4\debugOut_IntClock.c -o .\CortexM0\ARM_GCC_484\Debug\debugOut_IntClock.o
arm-none-eabi-gcc.exe -mcpu=cortex-m0 -mthumb -Wno-main -I. -I.\Generated_Source\PSoC4 -Wa,-alh=.\CortexM0\ARM_GCC_484\Debug/sensorI2C.lst -g -D DEBUG -Wall -ffunction-sections -O0 -c .\Generated_Source\PSoC4\sensorI2C.c -o .\CortexM0\ARM_GCC_484\Debug\sensorI2C.o
arm-none-eabi-gcc.exe -mcpu=cortex-m0 -mthumb -Wno-main -I. -I.\Generated_Source\PSoC4 -Wa,-alh=.\CortexM0\ARM_GCC_484\Debug/sensorI2C_I2C_INT.lst -g -D DEBUG -Wall -ffunction-sections -O0 -c .\Generated_Source\PSoC4\sensorI2C_I2C_INT.c -o .\CortexM0\ARM_GCC_484\Debug\sensorI2C_I2C_INT.o
arm-none-eabi-gcc.exe -mcpu=cortex-m0 -mthumb -Wno-main -I. -I.\Generated_Source\PSoC4 -Wa,-alh=.\CortexM0\ARM_GCC_484\Debug/sensorI2C_I2C.lst -g -D DEBUG -Wall -ffunction-sections -O0 -c .\Generated_Source\PSoC4\sensorI2C_I2C.c -o .\CortexM0\ARM_GCC_484\Debug\sensorI2C_I2C.o
arm-none-eabi-gcc.exe -mcpu=cortex-m0 -mthumb -Wno-main -I. -I.\Generated_Source\PSoC4 -Wa,-alh=.\CortexM0\ARM_GCC_484\Debug/sensorI2C_I2C_BOOT.lst -g -D DEBUG -Wall -ffunction-sections -O0 -c .\Generated_Source\PSoC4\sensorI2C_I2C_BOOT.c -o .\CortexM0\ARM_GCC_484\Debug\sensorI2C_I2C_BOOT.o
arm-none-eabi-gcc.exe -mcpu=cortex-m0 -mthumb -Wno-main -I. -I.\Generated_Source\PSoC4 -Wa,-alh=.\CortexM0\ARM_GCC_484\Debug/sensorI2C_I2C_MASTER.lst -g -D DEBUG -Wall -ffunction-sections -O0 -c .\Generated_Source\PSoC4\sensorI2C_I2C_MASTER.c -o .\CortexM0\ARM_GCC_484\Debug\sensorI2C_I2C_MASTER.o
arm-none-eabi-gcc.exe -mcpu=cortex-m0 -mthumb -Wno-main -I. -I.\Generated_Source\PSoC4 -Wa,-alh=.\CortexM0\ARM_GCC_484\Debug/sensorI2C_PM.lst -g -D DEBUG -Wall -ffunction-sections -O0 -c .\Generated_Source\PSoC4\sensorI2C_PM.c -o .\CortexM0\ARM_GCC_484\Debug\sensorI2C_PM.o
arm-none-eabi-gcc.exe -mcpu=cortex-m0 -mthumb -Wno-main -I. -I.\Generated_Source\PSoC4 -Wa,-alh=.\CortexM0\ARM_GCC_484\Debug/sensorI2C_BOOT.lst -g -D DEBUG -Wall -ffunction-sections -O0 -c .\Generated_Source\PSoC4\sensorI2C_BOOT.c -o .\CortexM0\ARM_GCC_484\Debug\sensorI2C_BOOT.o
arm-none-eabi-gcc.exe -mcpu=cortex-m0 -mthumb -Wno-main -I. -I.\Generated_Source\PSoC4 -Wa,-alh=.\CortexM0\ARM_GCC_484\Debug/sensorI2C_SCBCLK.lst -g -D DEBUG -Wall -ffunction-sections -O0 -c .\Generated_Source\PSoC4\sensorI2C_SCBCLK.c -o .\CortexM0\ARM_GCC_484\Debug\sensorI2C_SCBCLK.o
arm-none-eabi-gcc.exe -mcpu=cortex-m0 -mthumb -Wno-main -I. -I.\Generated_Source\PSoC4 -Wa,-alh=.\CortexM0\ARM_GCC_484\Debug/sensorI2C_sda.lst -g -D DEBUG -Wall -ffunction-sections -O0 -c .\Generated_Source\PSoC4\sensorI2C_sda.c -o .\CortexM0\ARM_GCC_484\Debug\sensorI2C_sda.o
arm-none-eabi-gcc.exe -mcpu=cortex-m0 -mthumb -Wno-main -I. -I.\Generated_Source\PSoC4 -Wa,-alh=.\CortexM0\ARM_GCC_484\Debug/sensorI2C_scl.lst -g -D DEBUG -Wall -ffunction-sections -O0 -c .\Generated_Source\PSoC4\sensorI2C_scl.c -o .\CortexM0\ARM_GCC_484\Debug\sensorI2C_scl.o
arm-none-eabi-gcc.exe -mcpu=cortex-m0 -mthumb -Wno-main -I. -I.\Generated_Source\PSoC4 -Wa,-alh=.\CortexM0\ARM_GCC_484\Debug/sensorI2C_SCB_IRQ.lst -g -D DEBUG -Wall -ffunction-sections -O0 -c .\Generated_Source\PSoC4\sensorI2C_SCB_IRQ.c -o .\CortexM0\ARM_GCC_484\Debug\sensorI2C_SCB_IRQ.o
arm-none-eabi-gcc.exe -mcpu=cortex-m0 -mthumb -Wno-main -I. -I.\Generated_Source\PSoC4 -Wa,-alh=.\CortexM0\ARM_GCC_484\Debug/activityDebug.lst -g -D DEBUG -Wall -ffunction-sections -O0 -c .\Generated_Source\PSoC4\activityDebug.c -o .\CortexM0\ARM_GCC_484\Debug\activityDebug.o
arm-none-eabi-gcc.exe -mcpu=cortex-m0 -mthumb -Wno-main -I. -I.\Generated_Source\PSoC4 -Wa,-alh=.\CortexM0\ARM_GCC_484\Debug/loopTimer.lst -g -D DEBUG -Wall -ffunction-sections -O0 -c .\Generated_Source\PSoC4\loopTimer.c -o .\CortexM0\ARM_GCC_484\Debug\loopTimer.o
arm-none-eabi-gcc.exe -mcpu=cortex-m0 -mthumb -Wno-main -I. -I.\Generated_Source\PSoC4 -Wa,-alh=.\CortexM0\ARM_GCC_484\Debug/loopTimer_PM.lst -g -D DEBUG -Wall -ffunction-sections -O0 -c .\Generated_Source\PSoC4\loopTimer_PM.c -o .\CortexM0\ARM_GCC_484\Debug\loopTimer_PM.o
arm-none-eabi-gcc.exe -mcpu=cortex-m0 -mthumb -Wno-main -I. -I.\Generated_Source\PSoC4 -Wa,-alh=.\CortexM0\ARM_GCC_484\Debug/loop_isr.lst -g -D DEBUG -Wall -ffunction-sections -O0 -c .\Generated_Source\PSoC4\loop_isr.c -o .\CortexM0\ARM_GCC_484\Debug\loop_isr.o
arm-none-eabi-ar.exe -rs .\CortexM0\ARM_GCC_484\Debug\vuggeControl.a .\CortexM0\ARM_GCC_484\Debug\cyfitter_cfg.o .\CortexM0\ARM_GCC_484\Debug\I2CVuggesystem.o .\CortexM0\ARM_GCC_484\Debug\I2CVuggesystem_PM.o .\CortexM0\ARM_GCC_484\Debug\I2CVuggesystem_BOOT.o .\CortexM0\ARM_GCC_484\Debug\I2CVuggesystem_EZI2C.o .\CortexM0\ARM_GCC_484\Debug\I2CVuggesystem_EZI2C_INT.o .\CortexM0\ARM_GCC_484\Debug\I2CVuggesystem_EZI2C_BOOT.o .\CortexM0\ARM_GCC_484\Debug\ESSwitch.o .\CortexM0\ARM_GCC_484\Debug\I2CVuggesystem_SCBCLK.o .\CortexM0\ARM_GCC_484\Debug\I2CVuggesystem_sda.o .\CortexM0\ARM_GCC_484\Debug\I2CVuggesystem_scl.o .\CortexM0\ARM_GCC_484\Debug\I2CVuggesystem_SCB_IRQ.o .\CortexM0\ARM_GCC_484\Debug\CyBootAsmGnu.o .\CortexM0\ARM_GCC_484\Debug\CyFlash.o .\CortexM0\ARM_GCC_484\Debug\CyLib.o .\CortexM0\ARM_GCC_484\Debug\cyPm.o .\CortexM0\ARM_GCC_484\Debug\cyutils.o .\CortexM0\ARM_GCC_484\Debug\ShutdownSwich.o .\CortexM0\ARM_GCC_484\Debug\Endstop_isr.o .\CortexM0\ARM_GCC_484\Debug\Clock_1.o .\CortexM0\ARM_GCC_484\Debug\PWM.o .\CortexM0\ARM_GCC_484\Debug\PWM_PM.o .\CortexM0\ARM_GCC_484\Debug\PWM_A.o .\CortexM0\ARM_GCC_484\Debug\PWM_B.o .\CortexM0\ARM_GCC_484\Debug\t_clk.o .\CortexM0\ARM_GCC_484\Debug\debugOut.o .\CortexM0\ARM_GCC_484\Debug\debugOut_PM.o .\CortexM0\ARM_GCC_484\Debug\debugOut_INT.o .\CortexM0\ARM_GCC_484\Debug\debugOut_BOOT.o .\CortexM0\ARM_GCC_484\Debug\debugOut_IntClock.o .\CortexM0\ARM_GCC_484\Debug\sensorI2C.o .\CortexM0\ARM_GCC_484\Debug\sensorI2C_I2C_INT.o .\CortexM0\ARM_GCC_484\Debug\sensorI2C_I2C.o .\CortexM0\ARM_GCC_484\Debug\sensorI2C_I2C_BOOT.o .\CortexM0\ARM_GCC_484\Debug\sensorI2C_I2C_MASTER.o .\CortexM0\ARM_GCC_484\Debug\sensorI2C_PM.o .\CortexM0\ARM_GCC_484\Debug\sensorI2C_BOOT.o .\CortexM0\ARM_GCC_484\Debug\sensorI2C_SCBCLK.o .\CortexM0\ARM_GCC_484\Debug\sensorI2C_sda.o .\CortexM0\ARM_GCC_484\Debug\sensorI2C_scl.o .\CortexM0\ARM_GCC_484\Debug\sensorI2C_SCB_IRQ.o .\CortexM0\ARM_GCC_484\Debug\activityDebug.o .\CortexM0\ARM_GCC_484\Debug\loopTimer.o .\CortexM0\ARM_GCC_484\Debug\loopTimer_PM.o .\CortexM0\ARM_GCC_484\Debug\loop_isr.o
arm-none-eabi-ar.exe: creating .\CortexM0\ARM_GCC_484\Debug\vuggeControl.a
arm-none-eabi-gcc.exe -Wl,--start-group -o .\CortexM0\ARM_GCC_484\Debug\vuggeControl.elf .\CortexM0\ARM_GCC_484\Debug\vuggeControl.o .\CortexM0\ARM_GCC_484\Debug\i2cKommunikation.o .\CortexM0\ARM_GCC_484\Debug\sensorFortolker.o .\CortexM0\ARM_GCC_484\Debug\regulering.o .\CortexM0\ARM_GCC_484\Debug\fixedMath.o .\CortexM0\ARM_GCC_484\Debug\cymetadata.o .\CortexM0\ARM_GCC_484\Debug\Cm0Start.o .\CortexM0\ARM_GCC_484\Debug\vuggeControl.a "C:\Program Files (x86)\Cypress\PSoC Creator\3.1\PSoC Creator\psoc\content\cycomponentlibrary\CyComponentLibrary.cylib\CortexM0\ARM_GCC_484\Debug\CyComponentLibrary.a" -mthumb -march=armv6-m -Wl,-Map,.\CortexM0\ARM_GCC_484\Debug/vuggeControl.map -T .\Generated_Source\PSoC4\cm0gcc.ld -g -specs=nano.specs "-u _printf_float" "" -Wl,--gc-sections -Wl,--end-group
cyelftool.exe -C "C:\Users\Felix\Google Drev\E4PRJ4 gDrive\Vuggesystem arbejdsdokumenter\vuggeControl\vuggeControl.cydsn\CortexM0\ARM_GCC_484\Debug\vuggeControl.elf" --flash_size 32768 --flash_row_size 128
cyelftool.exe -S "C:\Users\Felix\Google Drev\E4PRJ4 gDrive\Vuggesystem arbejdsdokumenter\vuggeControl\vuggeControl.cydsn\CortexM0\ARM_GCC_484\Debug\vuggeControl.elf"
Flash used: 13200 of 32768 bytes (40,3 %).
SRAM used: 1628 of 4096 bytes (39,7 %). Stack: 1024 bytes. Heap: 128 bytes.
--------------- Rebuild Succeeded: 05/11/2015 18:08:42 ---------------
