ARM GAS  C:\Users\Jeppe\AppData\Local\Temp\ccMTlQel.s 			page 1


   1              		.cpu cortex-m0
   2              		.fpu softvfp
   3              		.eabi_attribute 20, 1
   4              		.eabi_attribute 21, 1
   5              		.eabi_attribute 23, 3
   6              		.eabi_attribute 24, 1
   7              		.eabi_attribute 25, 1
   8              		.eabi_attribute 26, 1
   9              		.eabi_attribute 30, 6
  10              		.eabi_attribute 34, 0
  11              		.eabi_attribute 18, 4
  12              		.code	16
  13              		.file	"PWM_PM.c"
  14              		.text
  15              	.Ltext0:
  16              		.cfi_sections	.debug_frame
  17              		.bss
  18              		.align	2
  19              	PWM_backup:
  20 0000 00000000 		.space	6
  20      0000
  21 0006 0000     		.section	.text.PWM_SaveConfig,"ax",%progbits
  22              		.align	2
  23              		.global	PWM_SaveConfig
  24              		.code	16
  25              		.thumb_func
  26              		.type	PWM_SaveConfig, %function
  27              	PWM_SaveConfig:
  28              	.LFB0:
  29              		.file 1 ".\\Generated_Source\\PSoC4\\PWM_PM.c"
   1:.\Generated_Source\PSoC4/PWM_PM.c **** /*******************************************************************************
   2:.\Generated_Source\PSoC4/PWM_PM.c **** * File Name: PWM_PM.c
   3:.\Generated_Source\PSoC4/PWM_PM.c **** * Version 3.20
   4:.\Generated_Source\PSoC4/PWM_PM.c **** *
   5:.\Generated_Source\PSoC4/PWM_PM.c **** * Description:
   6:.\Generated_Source\PSoC4/PWM_PM.c **** *  This file provides the power management source code to API for the
   7:.\Generated_Source\PSoC4/PWM_PM.c **** *  PWM.
   8:.\Generated_Source\PSoC4/PWM_PM.c **** *
   9:.\Generated_Source\PSoC4/PWM_PM.c **** * Note:
  10:.\Generated_Source\PSoC4/PWM_PM.c **** *
  11:.\Generated_Source\PSoC4/PWM_PM.c **** ********************************************************************************
  12:.\Generated_Source\PSoC4/PWM_PM.c **** * Copyright 2008-2014, Cypress Semiconductor Corporation.  All rights reserved.
  13:.\Generated_Source\PSoC4/PWM_PM.c **** * You may use this file only in accordance with the license, terms, conditions,
  14:.\Generated_Source\PSoC4/PWM_PM.c **** * disclaimers, and limitations in the end user license agreement accompanying
  15:.\Generated_Source\PSoC4/PWM_PM.c **** * the software package with which this file was provided.
  16:.\Generated_Source\PSoC4/PWM_PM.c **** *******************************************************************************/
  17:.\Generated_Source\PSoC4/PWM_PM.c **** 
  18:.\Generated_Source\PSoC4/PWM_PM.c **** #include "PWM.h"
  19:.\Generated_Source\PSoC4/PWM_PM.c **** 
  20:.\Generated_Source\PSoC4/PWM_PM.c **** static PWM_backupStruct PWM_backup;
  21:.\Generated_Source\PSoC4/PWM_PM.c **** 
  22:.\Generated_Source\PSoC4/PWM_PM.c **** 
  23:.\Generated_Source\PSoC4/PWM_PM.c **** /*******************************************************************************
  24:.\Generated_Source\PSoC4/PWM_PM.c **** * Function Name: PWM_SaveConfig
  25:.\Generated_Source\PSoC4/PWM_PM.c **** ********************************************************************************
  26:.\Generated_Source\PSoC4/PWM_PM.c **** *
  27:.\Generated_Source\PSoC4/PWM_PM.c **** * Summary:
ARM GAS  C:\Users\Jeppe\AppData\Local\Temp\ccMTlQel.s 			page 2


  28:.\Generated_Source\PSoC4/PWM_PM.c **** *  Saves the current user configuration of the component.
  29:.\Generated_Source\PSoC4/PWM_PM.c **** *
  30:.\Generated_Source\PSoC4/PWM_PM.c **** * Parameters:
  31:.\Generated_Source\PSoC4/PWM_PM.c **** *  None
  32:.\Generated_Source\PSoC4/PWM_PM.c **** *
  33:.\Generated_Source\PSoC4/PWM_PM.c **** * Return:
  34:.\Generated_Source\PSoC4/PWM_PM.c **** *  None
  35:.\Generated_Source\PSoC4/PWM_PM.c **** *
  36:.\Generated_Source\PSoC4/PWM_PM.c **** * Global variables:
  37:.\Generated_Source\PSoC4/PWM_PM.c **** *  PWM_backup:  Variables of this global structure are modified to
  38:.\Generated_Source\PSoC4/PWM_PM.c **** *  store the values of non retention configuration registers when Sleep() API is
  39:.\Generated_Source\PSoC4/PWM_PM.c **** *  called.
  40:.\Generated_Source\PSoC4/PWM_PM.c **** *
  41:.\Generated_Source\PSoC4/PWM_PM.c **** *******************************************************************************/
  42:.\Generated_Source\PSoC4/PWM_PM.c **** void PWM_SaveConfig(void) 
  43:.\Generated_Source\PSoC4/PWM_PM.c **** {
  30              		.loc 1 43 0
  31              		.cfi_startproc
  32 0000 80B5     		push	{r7, lr}
  33              		.cfi_def_cfa_offset 8
  34              		.cfi_offset 7, -8
  35              		.cfi_offset 14, -4
  36 0002 00AF     		add	r7, sp, #0
  37              		.cfi_def_cfa_register 7
  44:.\Generated_Source\PSoC4/PWM_PM.c **** 
  45:.\Generated_Source\PSoC4/PWM_PM.c ****     #if(!PWM_UsingFixedFunction)
  46:.\Generated_Source\PSoC4/PWM_PM.c ****         #if(!PWM_PWMModeIsCenterAligned)
  47:.\Generated_Source\PSoC4/PWM_PM.c ****             PWM_backup.PWMPeriod = PWM_ReadPeriod();
  38              		.loc 1 47 0
  39 0004 FFF7FEFF 		bl	PWM_ReadPeriod
  40 0008 031C     		mov	r3, r0
  41 000a 1A1C     		mov	r2, r3
  42 000c 0D4B     		ldr	r3, .L2
  43 000e 9A70     		strb	r2, [r3, #2]
  48:.\Generated_Source\PSoC4/PWM_PM.c ****         #endif /* (!PWM_PWMModeIsCenterAligned) */
  49:.\Generated_Source\PSoC4/PWM_PM.c ****         PWM_backup.PWMUdb = PWM_ReadCounter();
  44              		.loc 1 49 0
  45 0010 FFF7FEFF 		bl	PWM_ReadCounter
  46 0014 031C     		mov	r3, r0
  47 0016 1A1C     		mov	r2, r3
  48 0018 0A4B     		ldr	r3, .L2
  49 001a 5A70     		strb	r2, [r3, #1]
  50:.\Generated_Source\PSoC4/PWM_PM.c ****         #if (PWM_UseStatus)
  51:.\Generated_Source\PSoC4/PWM_PM.c ****             PWM_backup.InterruptMaskValue = PWM_STATUS_MASK;
  50              		.loc 1 51 0
  51 001c 0A4B     		ldr	r3, .L2+4
  52 001e 1B78     		ldrb	r3, [r3]
  53 0020 DAB2     		uxtb	r2, r3
  54 0022 084B     		ldr	r3, .L2
  55 0024 DA70     		strb	r2, [r3, #3]
  52:.\Generated_Source\PSoC4/PWM_PM.c ****         #endif /* (PWM_UseStatus) */
  53:.\Generated_Source\PSoC4/PWM_PM.c **** 
  54:.\Generated_Source\PSoC4/PWM_PM.c ****         #if(PWM_DeadBandMode == PWM__B_PWM__DBM_256_CLOCKS || \
  55:.\Generated_Source\PSoC4/PWM_PM.c ****             PWM_DeadBandMode == PWM__B_PWM__DBM_2_4_CLOCKS)
  56:.\Generated_Source\PSoC4/PWM_PM.c ****             PWM_backup.PWMdeadBandValue = PWM_ReadDeadTime();
  56              		.loc 1 56 0
  57 0026 FFF7FEFF 		bl	PWM_ReadDeadTime
ARM GAS  C:\Users\Jeppe\AppData\Local\Temp\ccMTlQel.s 			page 3


  58 002a 031C     		mov	r3, r0
  59 002c 1A1C     		mov	r2, r3
  60 002e 054B     		ldr	r3, .L2
  61 0030 1A71     		strb	r2, [r3, #4]
  57:.\Generated_Source\PSoC4/PWM_PM.c ****         #endif /*  deadband count is either 2-4 clocks or 256 clocks */
  58:.\Generated_Source\PSoC4/PWM_PM.c **** 
  59:.\Generated_Source\PSoC4/PWM_PM.c ****         #if(PWM_KillModeMinTime)
  60:.\Generated_Source\PSoC4/PWM_PM.c ****              PWM_backup.PWMKillCounterPeriod = PWM_ReadKillTime();
  61:.\Generated_Source\PSoC4/PWM_PM.c ****         #endif /* (PWM_KillModeMinTime) */
  62:.\Generated_Source\PSoC4/PWM_PM.c **** 
  63:.\Generated_Source\PSoC4/PWM_PM.c ****         #if(PWM_UseControl)
  64:.\Generated_Source\PSoC4/PWM_PM.c ****             PWM_backup.PWMControlRegister = PWM_ReadControlRegister();
  62              		.loc 1 64 0
  63 0032 FFF7FEFF 		bl	PWM_ReadControlRegister
  64 0036 031C     		mov	r3, r0
  65 0038 1A1C     		mov	r2, r3
  66 003a 024B     		ldr	r3, .L2
  67 003c 5A71     		strb	r2, [r3, #5]
  65:.\Generated_Source\PSoC4/PWM_PM.c ****         #endif /* (PWM_UseControl) */
  66:.\Generated_Source\PSoC4/PWM_PM.c ****     #endif  /* (!PWM_UsingFixedFunction) */
  67:.\Generated_Source\PSoC4/PWM_PM.c **** }
  68              		.loc 1 67 0
  69 003e BD46     		mov	sp, r7
  70              		@ sp needed
  71 0040 80BD     		pop	{r7, pc}
  72              	.L3:
  73 0042 C046     		.align	2
  74              	.L2:
  75 0044 00000000 		.word	PWM_backup
  76 0048 83000F40 		.word	1074724995
  77              		.cfi_endproc
  78              	.LFE0:
  79              		.size	PWM_SaveConfig, .-PWM_SaveConfig
  80              		.section	.text.PWM_RestoreConfig,"ax",%progbits
  81              		.align	2
  82              		.global	PWM_RestoreConfig
  83              		.code	16
  84              		.thumb_func
  85              		.type	PWM_RestoreConfig, %function
  86              	PWM_RestoreConfig:
  87              	.LFB1:
  68:.\Generated_Source\PSoC4/PWM_PM.c **** 
  69:.\Generated_Source\PSoC4/PWM_PM.c **** 
  70:.\Generated_Source\PSoC4/PWM_PM.c **** /*******************************************************************************
  71:.\Generated_Source\PSoC4/PWM_PM.c **** * Function Name: PWM_RestoreConfig
  72:.\Generated_Source\PSoC4/PWM_PM.c **** ********************************************************************************
  73:.\Generated_Source\PSoC4/PWM_PM.c **** *
  74:.\Generated_Source\PSoC4/PWM_PM.c **** * Summary:
  75:.\Generated_Source\PSoC4/PWM_PM.c **** *  Restores the current user configuration of the component.
  76:.\Generated_Source\PSoC4/PWM_PM.c **** *
  77:.\Generated_Source\PSoC4/PWM_PM.c **** * Parameters:
  78:.\Generated_Source\PSoC4/PWM_PM.c **** *  None
  79:.\Generated_Source\PSoC4/PWM_PM.c **** *
  80:.\Generated_Source\PSoC4/PWM_PM.c **** * Return:
  81:.\Generated_Source\PSoC4/PWM_PM.c **** *  None
  82:.\Generated_Source\PSoC4/PWM_PM.c **** *
  83:.\Generated_Source\PSoC4/PWM_PM.c **** * Global variables:
ARM GAS  C:\Users\Jeppe\AppData\Local\Temp\ccMTlQel.s 			page 4


  84:.\Generated_Source\PSoC4/PWM_PM.c **** *  PWM_backup:  Variables of this global structure are used to
  85:.\Generated_Source\PSoC4/PWM_PM.c **** *  restore the values of non retention registers on wakeup from sleep mode.
  86:.\Generated_Source\PSoC4/PWM_PM.c **** *
  87:.\Generated_Source\PSoC4/PWM_PM.c **** *******************************************************************************/
  88:.\Generated_Source\PSoC4/PWM_PM.c **** void PWM_RestoreConfig(void) 
  89:.\Generated_Source\PSoC4/PWM_PM.c **** {
  88              		.loc 1 89 0
  89              		.cfi_startproc
  90 0000 80B5     		push	{r7, lr}
  91              		.cfi_def_cfa_offset 8
  92              		.cfi_offset 7, -8
  93              		.cfi_offset 14, -4
  94 0002 00AF     		add	r7, sp, #0
  95              		.cfi_def_cfa_register 7
  90:.\Generated_Source\PSoC4/PWM_PM.c ****         #if(!PWM_UsingFixedFunction)
  91:.\Generated_Source\PSoC4/PWM_PM.c ****             #if(!PWM_PWMModeIsCenterAligned)
  92:.\Generated_Source\PSoC4/PWM_PM.c ****                 PWM_WritePeriod(PWM_backup.PWMPeriod);
  96              		.loc 1 92 0
  97 0004 0C4B     		ldr	r3, .L5
  98 0006 9B78     		ldrb	r3, [r3, #2]
  99 0008 181C     		mov	r0, r3
 100 000a FFF7FEFF 		bl	PWM_WritePeriod
  93:.\Generated_Source\PSoC4/PWM_PM.c ****             #endif /* (!PWM_PWMModeIsCenterAligned) */
  94:.\Generated_Source\PSoC4/PWM_PM.c **** 
  95:.\Generated_Source\PSoC4/PWM_PM.c ****             PWM_WriteCounter(PWM_backup.PWMUdb);
 101              		.loc 1 95 0
 102 000e 0A4B     		ldr	r3, .L5
 103 0010 5B78     		ldrb	r3, [r3, #1]
 104 0012 181C     		mov	r0, r3
 105 0014 FFF7FEFF 		bl	PWM_WriteCounter
  96:.\Generated_Source\PSoC4/PWM_PM.c **** 
  97:.\Generated_Source\PSoC4/PWM_PM.c ****             #if (PWM_UseStatus)
  98:.\Generated_Source\PSoC4/PWM_PM.c ****                 PWM_STATUS_MASK = PWM_backup.InterruptMaskValue;
 106              		.loc 1 98 0
 107 0018 084B     		ldr	r3, .L5+4
 108 001a 074A     		ldr	r2, .L5
 109 001c D278     		ldrb	r2, [r2, #3]
 110 001e 1A70     		strb	r2, [r3]
  99:.\Generated_Source\PSoC4/PWM_PM.c ****             #endif /* (PWM_UseStatus) */
 100:.\Generated_Source\PSoC4/PWM_PM.c **** 
 101:.\Generated_Source\PSoC4/PWM_PM.c ****             #if(PWM_DeadBandMode == PWM__B_PWM__DBM_256_CLOCKS || \
 102:.\Generated_Source\PSoC4/PWM_PM.c ****                 PWM_DeadBandMode == PWM__B_PWM__DBM_2_4_CLOCKS)
 103:.\Generated_Source\PSoC4/PWM_PM.c ****                 PWM_WriteDeadTime(PWM_backup.PWMdeadBandValue);
 111              		.loc 1 103 0
 112 0020 054B     		ldr	r3, .L5
 113 0022 1B79     		ldrb	r3, [r3, #4]
 114 0024 181C     		mov	r0, r3
 115 0026 FFF7FEFF 		bl	PWM_WriteDeadTime
 104:.\Generated_Source\PSoC4/PWM_PM.c ****             #endif /* deadband count is either 2-4 clocks or 256 clocks */
 105:.\Generated_Source\PSoC4/PWM_PM.c **** 
 106:.\Generated_Source\PSoC4/PWM_PM.c ****             #if(PWM_KillModeMinTime)
 107:.\Generated_Source\PSoC4/PWM_PM.c ****                 PWM_WriteKillTime(PWM_backup.PWMKillCounterPeriod);
 108:.\Generated_Source\PSoC4/PWM_PM.c ****             #endif /* (PWM_KillModeMinTime) */
 109:.\Generated_Source\PSoC4/PWM_PM.c **** 
 110:.\Generated_Source\PSoC4/PWM_PM.c ****             #if(PWM_UseControl)
 111:.\Generated_Source\PSoC4/PWM_PM.c ****                 PWM_WriteControlRegister(PWM_backup.PWMControlRegister);
 116              		.loc 1 111 0
ARM GAS  C:\Users\Jeppe\AppData\Local\Temp\ccMTlQel.s 			page 5


 117 002a 034B     		ldr	r3, .L5
 118 002c 5B79     		ldrb	r3, [r3, #5]
 119 002e 181C     		mov	r0, r3
 120 0030 FFF7FEFF 		bl	PWM_WriteControlRegister
 112:.\Generated_Source\PSoC4/PWM_PM.c ****             #endif /* (PWM_UseControl) */
 113:.\Generated_Source\PSoC4/PWM_PM.c ****         #endif  /* (!PWM_UsingFixedFunction) */
 114:.\Generated_Source\PSoC4/PWM_PM.c ****     }
 121              		.loc 1 114 0
 122 0034 BD46     		mov	sp, r7
 123              		@ sp needed
 124 0036 80BD     		pop	{r7, pc}
 125              	.L6:
 126              		.align	2
 127              	.L5:
 128 0038 00000000 		.word	PWM_backup
 129 003c 83000F40 		.word	1074724995
 130              		.cfi_endproc
 131              	.LFE1:
 132              		.size	PWM_RestoreConfig, .-PWM_RestoreConfig
 133              		.section	.text.PWM_Sleep,"ax",%progbits
 134              		.align	2
 135              		.global	PWM_Sleep
 136              		.code	16
 137              		.thumb_func
 138              		.type	PWM_Sleep, %function
 139              	PWM_Sleep:
 140              	.LFB2:
 115:.\Generated_Source\PSoC4/PWM_PM.c **** 
 116:.\Generated_Source\PSoC4/PWM_PM.c **** 
 117:.\Generated_Source\PSoC4/PWM_PM.c **** /*******************************************************************************
 118:.\Generated_Source\PSoC4/PWM_PM.c **** * Function Name: PWM_Sleep
 119:.\Generated_Source\PSoC4/PWM_PM.c **** ********************************************************************************
 120:.\Generated_Source\PSoC4/PWM_PM.c **** *
 121:.\Generated_Source\PSoC4/PWM_PM.c **** * Summary:
 122:.\Generated_Source\PSoC4/PWM_PM.c **** *  Disables block's operation and saves the user configuration. Should be called
 123:.\Generated_Source\PSoC4/PWM_PM.c **** *  just prior to entering sleep.
 124:.\Generated_Source\PSoC4/PWM_PM.c **** *
 125:.\Generated_Source\PSoC4/PWM_PM.c **** * Parameters:
 126:.\Generated_Source\PSoC4/PWM_PM.c **** *  None
 127:.\Generated_Source\PSoC4/PWM_PM.c **** *
 128:.\Generated_Source\PSoC4/PWM_PM.c **** * Return:
 129:.\Generated_Source\PSoC4/PWM_PM.c **** *  None
 130:.\Generated_Source\PSoC4/PWM_PM.c **** *
 131:.\Generated_Source\PSoC4/PWM_PM.c **** * Global variables:
 132:.\Generated_Source\PSoC4/PWM_PM.c **** *  PWM_backup.PWMEnableState:  Is modified depending on the enable
 133:.\Generated_Source\PSoC4/PWM_PM.c **** *  state of the block before entering sleep mode.
 134:.\Generated_Source\PSoC4/PWM_PM.c **** *
 135:.\Generated_Source\PSoC4/PWM_PM.c **** *******************************************************************************/
 136:.\Generated_Source\PSoC4/PWM_PM.c **** void PWM_Sleep(void) 
 137:.\Generated_Source\PSoC4/PWM_PM.c **** {
 141              		.loc 1 137 0
 142              		.cfi_startproc
 143 0000 80B5     		push	{r7, lr}
 144              		.cfi_def_cfa_offset 8
 145              		.cfi_offset 7, -8
 146              		.cfi_offset 14, -4
 147 0002 00AF     		add	r7, sp, #0
ARM GAS  C:\Users\Jeppe\AppData\Local\Temp\ccMTlQel.s 			page 6


 148              		.cfi_def_cfa_register 7
 138:.\Generated_Source\PSoC4/PWM_PM.c ****     #if(PWM_UseControl)
 139:.\Generated_Source\PSoC4/PWM_PM.c ****         if(PWM_CTRL_ENABLE == (PWM_CONTROL & PWM_CTRL_ENABLE))
 149              		.loc 1 139 0
 150 0004 094B     		ldr	r3, .L10
 151 0006 1B78     		ldrb	r3, [r3]
 152 0008 DBB2     		uxtb	r3, r3
 153 000a DBB2     		uxtb	r3, r3
 154 000c 5BB2     		sxtb	r3, r3
 155 000e 002B     		cmp	r3, #0
 156 0010 03DA     		bge	.L8
 140:.\Generated_Source\PSoC4/PWM_PM.c ****         {
 141:.\Generated_Source\PSoC4/PWM_PM.c ****             /*Component is enabled */
 142:.\Generated_Source\PSoC4/PWM_PM.c ****             PWM_backup.PWMEnableState = 1u;
 157              		.loc 1 142 0
 158 0012 074B     		ldr	r3, .L10+4
 159 0014 0122     		mov	r2, #1
 160 0016 1A70     		strb	r2, [r3]
 161 0018 02E0     		b	.L9
 162              	.L8:
 143:.\Generated_Source\PSoC4/PWM_PM.c ****         }
 144:.\Generated_Source\PSoC4/PWM_PM.c ****         else
 145:.\Generated_Source\PSoC4/PWM_PM.c ****         {
 146:.\Generated_Source\PSoC4/PWM_PM.c ****             /* Component is disabled */
 147:.\Generated_Source\PSoC4/PWM_PM.c ****             PWM_backup.PWMEnableState = 0u;
 163              		.loc 1 147 0
 164 001a 054B     		ldr	r3, .L10+4
 165 001c 0022     		mov	r2, #0
 166 001e 1A70     		strb	r2, [r3]
 167              	.L9:
 148:.\Generated_Source\PSoC4/PWM_PM.c ****         }
 149:.\Generated_Source\PSoC4/PWM_PM.c ****     #endif /* (PWM_UseControl) */
 150:.\Generated_Source\PSoC4/PWM_PM.c **** 
 151:.\Generated_Source\PSoC4/PWM_PM.c ****     /* Stop component */
 152:.\Generated_Source\PSoC4/PWM_PM.c ****     PWM_Stop();
 168              		.loc 1 152 0
 169 0020 FFF7FEFF 		bl	PWM_Stop
 153:.\Generated_Source\PSoC4/PWM_PM.c **** 
 154:.\Generated_Source\PSoC4/PWM_PM.c ****     /* Save registers configuration */
 155:.\Generated_Source\PSoC4/PWM_PM.c ****     PWM_SaveConfig();
 170              		.loc 1 155 0
 171 0024 FFF7FEFF 		bl	PWM_SaveConfig
 156:.\Generated_Source\PSoC4/PWM_PM.c **** }
 172              		.loc 1 156 0
 173 0028 BD46     		mov	sp, r7
 174              		@ sp needed
 175 002a 80BD     		pop	{r7, pc}
 176              	.L11:
 177              		.align	2
 178              	.L10:
 179 002c 72000F40 		.word	1074724978
 180 0030 00000000 		.word	PWM_backup
 181              		.cfi_endproc
 182              	.LFE2:
 183              		.size	PWM_Sleep, .-PWM_Sleep
 184              		.section	.text.PWM_Wakeup,"ax",%progbits
 185              		.align	2
ARM GAS  C:\Users\Jeppe\AppData\Local\Temp\ccMTlQel.s 			page 7


 186              		.global	PWM_Wakeup
 187              		.code	16
 188              		.thumb_func
 189              		.type	PWM_Wakeup, %function
 190              	PWM_Wakeup:
 191              	.LFB3:
 157:.\Generated_Source\PSoC4/PWM_PM.c **** 
 158:.\Generated_Source\PSoC4/PWM_PM.c **** 
 159:.\Generated_Source\PSoC4/PWM_PM.c **** /*******************************************************************************
 160:.\Generated_Source\PSoC4/PWM_PM.c **** * Function Name: PWM_Wakeup
 161:.\Generated_Source\PSoC4/PWM_PM.c **** ********************************************************************************
 162:.\Generated_Source\PSoC4/PWM_PM.c **** *
 163:.\Generated_Source\PSoC4/PWM_PM.c **** * Summary:
 164:.\Generated_Source\PSoC4/PWM_PM.c **** *  Restores and enables the user configuration. Should be called just after
 165:.\Generated_Source\PSoC4/PWM_PM.c **** *  awaking from sleep.
 166:.\Generated_Source\PSoC4/PWM_PM.c **** *
 167:.\Generated_Source\PSoC4/PWM_PM.c **** * Parameters:
 168:.\Generated_Source\PSoC4/PWM_PM.c **** *  None
 169:.\Generated_Source\PSoC4/PWM_PM.c **** *
 170:.\Generated_Source\PSoC4/PWM_PM.c **** * Return:
 171:.\Generated_Source\PSoC4/PWM_PM.c **** *  None
 172:.\Generated_Source\PSoC4/PWM_PM.c **** *
 173:.\Generated_Source\PSoC4/PWM_PM.c **** * Global variables:
 174:.\Generated_Source\PSoC4/PWM_PM.c **** *  PWM_backup.pwmEnable:  Is used to restore the enable state of
 175:.\Generated_Source\PSoC4/PWM_PM.c **** *  block on wakeup from sleep mode.
 176:.\Generated_Source\PSoC4/PWM_PM.c **** *
 177:.\Generated_Source\PSoC4/PWM_PM.c **** *******************************************************************************/
 178:.\Generated_Source\PSoC4/PWM_PM.c **** void PWM_Wakeup(void) 
 179:.\Generated_Source\PSoC4/PWM_PM.c **** {
 192              		.loc 1 179 0
 193              		.cfi_startproc
 194 0000 80B5     		push	{r7, lr}
 195              		.cfi_def_cfa_offset 8
 196              		.cfi_offset 7, -8
 197              		.cfi_offset 14, -4
 198 0002 00AF     		add	r7, sp, #0
 199              		.cfi_def_cfa_register 7
 180:.\Generated_Source\PSoC4/PWM_PM.c ****      /* Restore registers values */
 181:.\Generated_Source\PSoC4/PWM_PM.c ****     PWM_RestoreConfig();
 200              		.loc 1 181 0
 201 0004 FFF7FEFF 		bl	PWM_RestoreConfig
 182:.\Generated_Source\PSoC4/PWM_PM.c **** 
 183:.\Generated_Source\PSoC4/PWM_PM.c ****     if(PWM_backup.PWMEnableState != 0u)
 202              		.loc 1 183 0
 203 0008 034B     		ldr	r3, .L14
 204 000a 1B78     		ldrb	r3, [r3]
 205 000c 002B     		cmp	r3, #0
 206 000e 01D0     		beq	.L12
 184:.\Generated_Source\PSoC4/PWM_PM.c ****     {
 185:.\Generated_Source\PSoC4/PWM_PM.c ****         /* Enable component's operation */
 186:.\Generated_Source\PSoC4/PWM_PM.c ****         PWM_Enable();
 207              		.loc 1 186 0
 208 0010 FFF7FEFF 		bl	PWM_Enable
 209              	.L12:
 187:.\Generated_Source\PSoC4/PWM_PM.c ****     } /* Do nothing if component's block was disabled before */
 188:.\Generated_Source\PSoC4/PWM_PM.c **** 
 189:.\Generated_Source\PSoC4/PWM_PM.c **** }
ARM GAS  C:\Users\Jeppe\AppData\Local\Temp\ccMTlQel.s 			page 8


 210              		.loc 1 189 0
 211 0014 BD46     		mov	sp, r7
 212              		@ sp needed
 213 0016 80BD     		pop	{r7, pc}
 214              	.L15:
 215              		.align	2
 216              	.L14:
 217 0018 00000000 		.word	PWM_backup
 218              		.cfi_endproc
 219              	.LFE3:
 220              		.size	PWM_Wakeup, .-PWM_Wakeup
 221              		.text
 222              	.Letext0:
 223              		.file 2 ".\\Generated_Source\\PSoC4\\cytypes.h"
 224              		.file 3 ".\\Generated_Source\\PSoC4\\PWM.h"
 225              		.section	.debug_info,"",%progbits
 226              	.Ldebug_info0:
 227 0000 51010000 		.4byte	0x151
 228 0004 0400     		.2byte	0x4
 229 0006 00000000 		.4byte	.Ldebug_abbrev0
 230 000a 04       		.byte	0x4
 231 000b 01       		.uleb128 0x1
 232 000c C5010000 		.4byte	.LASF26
 233 0010 01       		.byte	0x1
 234 0011 8E010000 		.4byte	.LASF27
 235 0015 AB000000 		.4byte	.LASF28
 236 0019 00000000 		.4byte	.Ldebug_ranges0+0
 237 001d 00000000 		.4byte	0
 238 0021 00000000 		.4byte	.Ldebug_line0
 239 0025 02       		.uleb128 0x2
 240 0026 01       		.byte	0x1
 241 0027 06       		.byte	0x6
 242 0028 B9010000 		.4byte	.LASF0
 243 002c 02       		.uleb128 0x2
 244 002d 01       		.byte	0x1
 245 002e 08       		.byte	0x8
 246 002f 58000000 		.4byte	.LASF1
 247 0033 02       		.uleb128 0x2
 248 0034 02       		.byte	0x2
 249 0035 05       		.byte	0x5
 250 0036 84010000 		.4byte	.LASF2
 251 003a 02       		.uleb128 0x2
 252 003b 02       		.byte	0x2
 253 003c 07       		.byte	0x7
 254 003d 11000000 		.4byte	.LASF3
 255 0041 02       		.uleb128 0x2
 256 0042 04       		.byte	0x4
 257 0043 05       		.byte	0x5
 258 0044 B0010000 		.4byte	.LASF4
 259 0048 02       		.uleb128 0x2
 260 0049 04       		.byte	0x4
 261 004a 07       		.byte	0x7
 262 004b 75000000 		.4byte	.LASF5
 263 004f 02       		.uleb128 0x2
 264 0050 08       		.byte	0x8
 265 0051 05       		.byte	0x5
 266 0052 60010000 		.4byte	.LASF6
ARM GAS  C:\Users\Jeppe\AppData\Local\Temp\ccMTlQel.s 			page 9


 267 0056 02       		.uleb128 0x2
 268 0057 08       		.byte	0x8
 269 0058 07       		.byte	0x7
 270 0059 31010000 		.4byte	.LASF7
 271 005d 03       		.uleb128 0x3
 272 005e 04       		.byte	0x4
 273 005f 05       		.byte	0x5
 274 0060 696E7400 		.ascii	"int\000"
 275 0064 02       		.uleb128 0x2
 276 0065 04       		.byte	0x4
 277 0066 07       		.byte	0x7
 278 0067 24010000 		.4byte	.LASF8
 279 006b 04       		.uleb128 0x4
 280 006c 87000000 		.4byte	.LASF12
 281 0070 02       		.byte	0x2
 282 0071 A1       		.byte	0xa1
 283 0072 2C000000 		.4byte	0x2c
 284 0076 02       		.uleb128 0x2
 285 0077 04       		.byte	0x4
 286 0078 04       		.byte	0x4
 287 0079 47000000 		.4byte	.LASF9
 288 007d 02       		.uleb128 0x2
 289 007e 08       		.byte	0x8
 290 007f 04       		.byte	0x4
 291 0080 0E010000 		.4byte	.LASF10
 292 0084 02       		.uleb128 0x2
 293 0085 01       		.byte	0x1
 294 0086 08       		.byte	0x8
 295 0087 6E010000 		.4byte	.LASF11
 296 008b 05       		.uleb128 0x5
 297 008c 52010000 		.4byte	.LASF13
 298 0090 02       		.byte	0x2
 299 0091 4B01     		.2byte	0x14b
 300 0093 97000000 		.4byte	0x97
 301 0097 06       		.uleb128 0x6
 302 0098 6B000000 		.4byte	0x6b
 303 009c 02       		.uleb128 0x2
 304 009d 04       		.byte	0x4
 305 009e 07       		.byte	0x7
 306 009f 57010000 		.4byte	.LASF14
 307 00a3 07       		.uleb128 0x7
 308 00a4 06       		.byte	0x6
 309 00a5 03       		.byte	0x3
 310 00a6 6B       		.byte	0x6b
 311 00a7 F4000000 		.4byte	0xf4
 312 00ab 08       		.uleb128 0x8
 313 00ac 66000000 		.4byte	.LASF15
 314 00b0 03       		.byte	0x3
 315 00b1 6E       		.byte	0x6e
 316 00b2 6B000000 		.4byte	0x6b
 317 00b6 00       		.byte	0
 318 00b7 08       		.uleb128 0x8
 319 00b8 00000000 		.4byte	.LASF16
 320 00bc 03       		.byte	0x3
 321 00bd 71       		.byte	0x71
 322 00be 6B000000 		.4byte	0x6b
 323 00c2 01       		.byte	0x1
ARM GAS  C:\Users\Jeppe\AppData\Local\Temp\ccMTlQel.s 			page 10


 324 00c3 08       		.uleb128 0x8
 325 00c4 07000000 		.4byte	.LASF17
 326 00c8 03       		.byte	0x3
 327 00c9 73       		.byte	0x73
 328 00ca 6B000000 		.4byte	0x6b
 329 00ce 02       		.byte	0x2
 330 00cf 08       		.uleb128 0x8
 331 00d0 41020000 		.4byte	.LASF18
 332 00d4 03       		.byte	0x3
 333 00d5 76       		.byte	0x76
 334 00d6 6B000000 		.4byte	0x6b
 335 00da 03       		.byte	0x3
 336 00db 08       		.uleb128 0x8
 337 00dc 73010000 		.4byte	.LASF19
 338 00e0 03       		.byte	0x3
 339 00e1 7C       		.byte	0x7c
 340 00e2 6B000000 		.4byte	0x6b
 341 00e6 04       		.byte	0x4
 342 00e7 08       		.uleb128 0x8
 343 00e8 98000000 		.4byte	.LASF20
 344 00ec 03       		.byte	0x3
 345 00ed 86       		.byte	0x86
 346 00ee 6B000000 		.4byte	0x6b
 347 00f2 05       		.byte	0x5
 348 00f3 00       		.byte	0
 349 00f4 04       		.uleb128 0x4
 350 00f5 36000000 		.4byte	.LASF21
 351 00f9 03       		.byte	0x3
 352 00fa 8B       		.byte	0x8b
 353 00fb A3000000 		.4byte	0xa3
 354 00ff 09       		.uleb128 0x9
 355 0100 15010000 		.4byte	.LASF22
 356 0104 01       		.byte	0x1
 357 0105 2A       		.byte	0x2a
 358 0106 00000000 		.4byte	.LFB0
 359 010a 4C000000 		.4byte	.LFE0-.LFB0
 360 010e 01       		.uleb128 0x1
 361 010f 9C       		.byte	0x9c
 362 0110 09       		.uleb128 0x9
 363 0111 24000000 		.4byte	.LASF23
 364 0115 01       		.byte	0x1
 365 0116 58       		.byte	0x58
 366 0117 00000000 		.4byte	.LFB1
 367 011b 40000000 		.4byte	.LFE1-.LFB1
 368 011f 01       		.uleb128 0x1
 369 0120 9C       		.byte	0x9c
 370 0121 09       		.uleb128 0x9
 371 0122 48010000 		.4byte	.LASF24
 372 0126 01       		.byte	0x1
 373 0127 88       		.byte	0x88
 374 0128 00000000 		.4byte	.LFB2
 375 012c 34000000 		.4byte	.LFE2-.LFB2
 376 0130 01       		.uleb128 0x1
 377 0131 9C       		.byte	0x9c
 378 0132 09       		.uleb128 0x9
 379 0133 8D000000 		.4byte	.LASF25
 380 0137 01       		.byte	0x1
ARM GAS  C:\Users\Jeppe\AppData\Local\Temp\ccMTlQel.s 			page 11


 381 0138 B2       		.byte	0xb2
 382 0139 00000000 		.4byte	.LFB3
 383 013d 1C000000 		.4byte	.LFE3-.LFB3
 384 0141 01       		.uleb128 0x1
 385 0142 9C       		.byte	0x9c
 386 0143 0A       		.uleb128 0xa
 387 0144 4D000000 		.4byte	.LASF29
 388 0148 01       		.byte	0x1
 389 0149 14       		.byte	0x14
 390 014a F4000000 		.4byte	0xf4
 391 014e 05       		.uleb128 0x5
 392 014f 03       		.byte	0x3
 393 0150 00000000 		.4byte	PWM_backup
 394 0154 00       		.byte	0
 395              		.section	.debug_abbrev,"",%progbits
 396              	.Ldebug_abbrev0:
 397 0000 01       		.uleb128 0x1
 398 0001 11       		.uleb128 0x11
 399 0002 01       		.byte	0x1
 400 0003 25       		.uleb128 0x25
 401 0004 0E       		.uleb128 0xe
 402 0005 13       		.uleb128 0x13
 403 0006 0B       		.uleb128 0xb
 404 0007 03       		.uleb128 0x3
 405 0008 0E       		.uleb128 0xe
 406 0009 1B       		.uleb128 0x1b
 407 000a 0E       		.uleb128 0xe
 408 000b 55       		.uleb128 0x55
 409 000c 17       		.uleb128 0x17
 410 000d 11       		.uleb128 0x11
 411 000e 01       		.uleb128 0x1
 412 000f 10       		.uleb128 0x10
 413 0010 17       		.uleb128 0x17
 414 0011 00       		.byte	0
 415 0012 00       		.byte	0
 416 0013 02       		.uleb128 0x2
 417 0014 24       		.uleb128 0x24
 418 0015 00       		.byte	0
 419 0016 0B       		.uleb128 0xb
 420 0017 0B       		.uleb128 0xb
 421 0018 3E       		.uleb128 0x3e
 422 0019 0B       		.uleb128 0xb
 423 001a 03       		.uleb128 0x3
 424 001b 0E       		.uleb128 0xe
 425 001c 00       		.byte	0
 426 001d 00       		.byte	0
 427 001e 03       		.uleb128 0x3
 428 001f 24       		.uleb128 0x24
 429 0020 00       		.byte	0
 430 0021 0B       		.uleb128 0xb
 431 0022 0B       		.uleb128 0xb
 432 0023 3E       		.uleb128 0x3e
 433 0024 0B       		.uleb128 0xb
 434 0025 03       		.uleb128 0x3
 435 0026 08       		.uleb128 0x8
 436 0027 00       		.byte	0
 437 0028 00       		.byte	0
ARM GAS  C:\Users\Jeppe\AppData\Local\Temp\ccMTlQel.s 			page 12


 438 0029 04       		.uleb128 0x4
 439 002a 16       		.uleb128 0x16
 440 002b 00       		.byte	0
 441 002c 03       		.uleb128 0x3
 442 002d 0E       		.uleb128 0xe
 443 002e 3A       		.uleb128 0x3a
 444 002f 0B       		.uleb128 0xb
 445 0030 3B       		.uleb128 0x3b
 446 0031 0B       		.uleb128 0xb
 447 0032 49       		.uleb128 0x49
 448 0033 13       		.uleb128 0x13
 449 0034 00       		.byte	0
 450 0035 00       		.byte	0
 451 0036 05       		.uleb128 0x5
 452 0037 16       		.uleb128 0x16
 453 0038 00       		.byte	0
 454 0039 03       		.uleb128 0x3
 455 003a 0E       		.uleb128 0xe
 456 003b 3A       		.uleb128 0x3a
 457 003c 0B       		.uleb128 0xb
 458 003d 3B       		.uleb128 0x3b
 459 003e 05       		.uleb128 0x5
 460 003f 49       		.uleb128 0x49
 461 0040 13       		.uleb128 0x13
 462 0041 00       		.byte	0
 463 0042 00       		.byte	0
 464 0043 06       		.uleb128 0x6
 465 0044 35       		.uleb128 0x35
 466 0045 00       		.byte	0
 467 0046 49       		.uleb128 0x49
 468 0047 13       		.uleb128 0x13
 469 0048 00       		.byte	0
 470 0049 00       		.byte	0
 471 004a 07       		.uleb128 0x7
 472 004b 13       		.uleb128 0x13
 473 004c 01       		.byte	0x1
 474 004d 0B       		.uleb128 0xb
 475 004e 0B       		.uleb128 0xb
 476 004f 3A       		.uleb128 0x3a
 477 0050 0B       		.uleb128 0xb
 478 0051 3B       		.uleb128 0x3b
 479 0052 0B       		.uleb128 0xb
 480 0053 01       		.uleb128 0x1
 481 0054 13       		.uleb128 0x13
 482 0055 00       		.byte	0
 483 0056 00       		.byte	0
 484 0057 08       		.uleb128 0x8
 485 0058 0D       		.uleb128 0xd
 486 0059 00       		.byte	0
 487 005a 03       		.uleb128 0x3
 488 005b 0E       		.uleb128 0xe
 489 005c 3A       		.uleb128 0x3a
 490 005d 0B       		.uleb128 0xb
 491 005e 3B       		.uleb128 0x3b
 492 005f 0B       		.uleb128 0xb
 493 0060 49       		.uleb128 0x49
 494 0061 13       		.uleb128 0x13
ARM GAS  C:\Users\Jeppe\AppData\Local\Temp\ccMTlQel.s 			page 13


 495 0062 38       		.uleb128 0x38
 496 0063 0B       		.uleb128 0xb
 497 0064 00       		.byte	0
 498 0065 00       		.byte	0
 499 0066 09       		.uleb128 0x9
 500 0067 2E       		.uleb128 0x2e
 501 0068 00       		.byte	0
 502 0069 3F       		.uleb128 0x3f
 503 006a 19       		.uleb128 0x19
 504 006b 03       		.uleb128 0x3
 505 006c 0E       		.uleb128 0xe
 506 006d 3A       		.uleb128 0x3a
 507 006e 0B       		.uleb128 0xb
 508 006f 3B       		.uleb128 0x3b
 509 0070 0B       		.uleb128 0xb
 510 0071 27       		.uleb128 0x27
 511 0072 19       		.uleb128 0x19
 512 0073 11       		.uleb128 0x11
 513 0074 01       		.uleb128 0x1
 514 0075 12       		.uleb128 0x12
 515 0076 06       		.uleb128 0x6
 516 0077 40       		.uleb128 0x40
 517 0078 18       		.uleb128 0x18
 518 0079 9642     		.uleb128 0x2116
 519 007b 19       		.uleb128 0x19
 520 007c 00       		.byte	0
 521 007d 00       		.byte	0
 522 007e 0A       		.uleb128 0xa
 523 007f 34       		.uleb128 0x34
 524 0080 00       		.byte	0
 525 0081 03       		.uleb128 0x3
 526 0082 0E       		.uleb128 0xe
 527 0083 3A       		.uleb128 0x3a
 528 0084 0B       		.uleb128 0xb
 529 0085 3B       		.uleb128 0x3b
 530 0086 0B       		.uleb128 0xb
 531 0087 49       		.uleb128 0x49
 532 0088 13       		.uleb128 0x13
 533 0089 02       		.uleb128 0x2
 534 008a 18       		.uleb128 0x18
 535 008b 00       		.byte	0
 536 008c 00       		.byte	0
 537 008d 00       		.byte	0
 538              		.section	.debug_aranges,"",%progbits
 539 0000 34000000 		.4byte	0x34
 540 0004 0200     		.2byte	0x2
 541 0006 00000000 		.4byte	.Ldebug_info0
 542 000a 04       		.byte	0x4
 543 000b 00       		.byte	0
 544 000c 0000     		.2byte	0
 545 000e 0000     		.2byte	0
 546 0010 00000000 		.4byte	.LFB0
 547 0014 4C000000 		.4byte	.LFE0-.LFB0
 548 0018 00000000 		.4byte	.LFB1
 549 001c 40000000 		.4byte	.LFE1-.LFB1
 550 0020 00000000 		.4byte	.LFB2
 551 0024 34000000 		.4byte	.LFE2-.LFB2
ARM GAS  C:\Users\Jeppe\AppData\Local\Temp\ccMTlQel.s 			page 14


 552 0028 00000000 		.4byte	.LFB3
 553 002c 1C000000 		.4byte	.LFE3-.LFB3
 554 0030 00000000 		.4byte	0
 555 0034 00000000 		.4byte	0
 556              		.section	.debug_ranges,"",%progbits
 557              	.Ldebug_ranges0:
 558 0000 00000000 		.4byte	.LFB0
 559 0004 4C000000 		.4byte	.LFE0
 560 0008 00000000 		.4byte	.LFB1
 561 000c 40000000 		.4byte	.LFE1
 562 0010 00000000 		.4byte	.LFB2
 563 0014 34000000 		.4byte	.LFE2
 564 0018 00000000 		.4byte	.LFB3
 565 001c 1C000000 		.4byte	.LFE3
 566 0020 00000000 		.4byte	0
 567 0024 00000000 		.4byte	0
 568              		.section	.debug_line,"",%progbits
 569              	.Ldebug_line0:
 570 0000 A9000000 		.section	.debug_str,"MS",%progbits,1
 570      02004E00 
 570      00000201 
 570      FB0E0D00 
 570      01010101 
 571              	.LASF16:
 572 0000 50574D55 		.ascii	"PWMUdb\000"
 572      646200
 573              	.LASF17:
 574 0007 50574D50 		.ascii	"PWMPeriod\000"
 574      6572696F 
 574      6400
 575              	.LASF3:
 576 0011 73686F72 		.ascii	"short unsigned int\000"
 576      7420756E 
 576      7369676E 
 576      65642069 
 576      6E7400
 577              	.LASF23:
 578 0024 50574D5F 		.ascii	"PWM_RestoreConfig\000"
 578      52657374 
 578      6F726543 
 578      6F6E6669 
 578      6700
 579              	.LASF21:
 580 0036 50574D5F 		.ascii	"PWM_backupStruct\000"
 580      6261636B 
 580      75705374 
 580      72756374 
 580      00
 581              	.LASF9:
 582 0047 666C6F61 		.ascii	"float\000"
 582      7400
 583              	.LASF29:
 584 004d 50574D5F 		.ascii	"PWM_backup\000"
 584      6261636B 
 584      757000
 585              	.LASF1:
 586 0058 756E7369 		.ascii	"unsigned char\000"
ARM GAS  C:\Users\Jeppe\AppData\Local\Temp\ccMTlQel.s 			page 15


 586      676E6564 
 586      20636861 
 586      7200
 587              	.LASF15:
 588 0066 50574D45 		.ascii	"PWMEnableState\000"
 588      6E61626C 
 588      65537461 
 588      746500
 589              	.LASF5:
 590 0075 6C6F6E67 		.ascii	"long unsigned int\000"
 590      20756E73 
 590      69676E65 
 590      6420696E 
 590      7400
 591              	.LASF12:
 592 0087 75696E74 		.ascii	"uint8\000"
 592      3800
 593              	.LASF25:
 594 008d 50574D5F 		.ascii	"PWM_Wakeup\000"
 594      57616B65 
 594      757000
 595              	.LASF20:
 596 0098 50574D43 		.ascii	"PWMControlRegister\000"
 596      6F6E7472 
 596      6F6C5265 
 596      67697374 
 596      657200
 597              	.LASF28:
 598 00ab 433A5C55 		.ascii	"C:\\Users\\Jeppe\\Google Drev\\E4PRJ4 gDrive\\Vugge"
 598      73657273 
 598      5C4A6570 
 598      70655C47 
 598      6F6F676C 
 599 00d9 73797374 		.ascii	"system arbejdsdokumenter\\VuggeSinus\\VuggeSinus.cy"
 599      656D2061 
 599      7262656A 
 599      6473646F 
 599      6B756D65 
 600 010a 64736E00 		.ascii	"dsn\000"
 601              	.LASF10:
 602 010e 646F7562 		.ascii	"double\000"
 602      6C6500
 603              	.LASF22:
 604 0115 50574D5F 		.ascii	"PWM_SaveConfig\000"
 604      53617665 
 604      436F6E66 
 604      696700
 605              	.LASF8:
 606 0124 756E7369 		.ascii	"unsigned int\000"
 606      676E6564 
 606      20696E74 
 606      00
 607              	.LASF7:
 608 0131 6C6F6E67 		.ascii	"long long unsigned int\000"
 608      206C6F6E 
 608      6720756E 
 608      7369676E 
ARM GAS  C:\Users\Jeppe\AppData\Local\Temp\ccMTlQel.s 			page 16


 608      65642069 
 609              	.LASF24:
 610 0148 50574D5F 		.ascii	"PWM_Sleep\000"
 610      536C6565 
 610      7000
 611              	.LASF13:
 612 0152 72656738 		.ascii	"reg8\000"
 612      00
 613              	.LASF14:
 614 0157 73697A65 		.ascii	"sizetype\000"
 614      74797065 
 614      00
 615              	.LASF6:
 616 0160 6C6F6E67 		.ascii	"long long int\000"
 616      206C6F6E 
 616      6720696E 
 616      7400
 617              	.LASF11:
 618 016e 63686172 		.ascii	"char\000"
 618      00
 619              	.LASF19:
 620 0173 50574D64 		.ascii	"PWMdeadBandValue\000"
 620      65616442 
 620      616E6456 
 620      616C7565 
 620      00
 621              	.LASF2:
 622 0184 73686F72 		.ascii	"short int\000"
 622      7420696E 
 622      7400
 623              	.LASF27:
 624 018e 2E5C4765 		.ascii	".\\Generated_Source\\PSoC4\\PWM_PM.c\000"
 624      6E657261 
 624      7465645F 
 624      536F7572 
 624      63655C50 
 625              	.LASF4:
 626 01b0 6C6F6E67 		.ascii	"long int\000"
 626      20696E74 
 626      00
 627              	.LASF0:
 628 01b9 7369676E 		.ascii	"signed char\000"
 628      65642063 
 628      68617200 
 629              	.LASF26:
 630 01c5 474E5520 		.ascii	"GNU C 4.8.4 20140526 (release) [ARM/embedded-4_8-br"
 630      4320342E 
 630      382E3420 
 630      32303134 
 630      30353236 
 631 01f8 616E6368 		.ascii	"anch revision 211358] -mcpu=cortex-m0 -mthumb -g -O"
 631      20726576 
 631      6973696F 
 631      6E203231 
 631      31333538 
 632 022b 30202D66 		.ascii	"0 -ffunction-sections\000"
 632      66756E63 
ARM GAS  C:\Users\Jeppe\AppData\Local\Temp\ccMTlQel.s 			page 17


 632      74696F6E 
 632      2D736563 
 632      74696F6E 
 633              	.LASF18:
 634 0241 496E7465 		.ascii	"InterruptMaskValue\000"
 634      72727570 
 634      744D6173 
 634      6B56616C 
 634      756500
 635              		.ident	"GCC: (GNU Tools for ARM Embedded Processors) 4.8.4 20140526 (release) [ARM/embedded-4_8-br
