--------------- Rebuild Started: 04/03/2015 22:01:40 Project: Vinkelsensor, Configuration: ARM GCC 4.8.4 Debug ---------------
Deleting file ".\CortexM0\ARM_GCC_484\Debug\main.o"
Deleting file ".\CortexM0\ARM_GCC_484\Debug\fixedMath.o"
Deleting file ".\CortexM0\ARM_GCC_484\Debug\cyfitter_cfg.o"
Deleting file ".\CortexM0\ARM_GCC_484\Debug\cymetadata.o"
Deleting file ".\CortexM0\ARM_GCC_484\Debug\I2C.o"
Deleting file ".\CortexM0\ARM_GCC_484\Debug\I2C_I2C_INT.o"
Deleting file ".\CortexM0\ARM_GCC_484\Debug\I2C_I2C.o"
Deleting file ".\CortexM0\ARM_GCC_484\Debug\I2C_I2C_BOOT.o"
Deleting file ".\CortexM0\ARM_GCC_484\Debug\I2C_PM.o"
Deleting file ".\CortexM0\ARM_GCC_484\Debug\I2C_BOOT.o"
Deleting file ".\CortexM0\ARM_GCC_484\Debug\I2C_I2C_MASTER.o"
Deleting file ".\CortexM0\ARM_GCC_484\Debug\UART.o"
Deleting file ".\CortexM0\ARM_GCC_484\Debug\UART_SPI_UART.o"
Deleting file ".\CortexM0\ARM_GCC_484\Debug\UART_SPI_UART_INT.o"
Deleting file ".\CortexM0\ARM_GCC_484\Debug\UART_PM.o"
Deleting file ".\CortexM0\ARM_GCC_484\Debug\UART_UART.o"
Deleting file ".\CortexM0\ARM_GCC_484\Debug\UART_BOOT.o"
Deleting file ".\CortexM0\ARM_GCC_484\Debug\UART_UART_BOOT.o"
Deleting file ".\CortexM0\ARM_GCC_484\Debug\I2C_sda.o"
Deleting file ".\CortexM0\ARM_GCC_484\Debug\I2C_scl.o"
Deleting file ".\CortexM0\ARM_GCC_484\Debug\UART_tx.o"
Deleting file ".\CortexM0\ARM_GCC_484\Debug\UART_rx.o"
Deleting file ".\CortexM0\ARM_GCC_484\Debug\Cm0Start.o"
Deleting file ".\CortexM0\ARM_GCC_484\Debug\CyBootAsmGnu.o"
Deleting file ".\CortexM0\ARM_GCC_484\Debug\CyFlash.o"
Deleting file ".\CortexM0\ARM_GCC_484\Debug\CyLib.o"
Deleting file ".\CortexM0\ARM_GCC_484\Debug\cyPm.o"
Deleting file ".\CortexM0\ARM_GCC_484\Debug\cyutils.o"
Deleting file ".\CortexM0\ARM_GCC_484\Debug\ACC_DR_INT.o"
Deleting file ".\CortexM0\ARM_GCC_484\Debug\ACC_DR.o"
Deleting file ".\CortexM0\ARM_GCC_484\Debug\GYRO_DR.o"
Deleting file ".\CortexM0\ARM_GCC_484\Debug\GYRO_DR_INT.o"
Deleting file ".\CortexM0\ARM_GCC_484\Debug\I2C_SCBCLK.o"
Deleting file ".\CortexM0\ARM_GCC_484\Debug\I2C_SCB_IRQ.o"
Deleting file ".\CortexM0\ARM_GCC_484\Debug\UART_SCBCLK.o"
Deleting file ".\CortexM0\ARM_GCC_484\Debug\Vinkelsensor.hex"
Deleting file ".\CortexM0\ARM_GCC_484\Debug\Vinkelsensor.elf"
Deleting file ".\CortexM0\ARM_GCC_484\Debug\Vinkelsensor.map"
Deleting file ".\Vinkelsensor.cycdx"
Deleting file ".\Vinkelsensor.svd"
Deleting file ".\Vinkelsensor.rpt"
Deleting file ".\Vinkelsensor_timing.html"
Deleting file ".\CortexM0\ARM_GCC_484\Debug\.deps\C_FILE.P"
Deleting file ".\CortexM0\ARM_GCC_484\Debug\.deps\ARM_C_FILE.P"
Deleting file ".\CortexM0\ARM_GCC_484\Debug\.deps\GNU_ARM_ASM_FILE.P"
cydsfit.exe -.appdatapath "C:\Users\Felix\AppData\Local\Cypress Semiconductor\PSoC Creator\3.1" -.fdsnotice -.fdswarpdepfile=warp_dependencies.txt -.fdselabdepfile=elab_dependencies.txt -.fdsbldfile=generated_files.txt -p "C:\Users\Felix\Git Repository\E4PRJ4\Implementering\Vuggesystem\Vinkelsensor.cydsn\Vinkelsensor.cyprj" -d CY8C4245AXI-483 -s "C:\Users\Felix\Git Repository\E4PRJ4\Implementering\Vuggesystem\Vinkelsensor.cydsn\Generated_Source\PSoC4" -- -yv2 -q10 -ygs -o2 -v3 -.fftcfgtype=LE
Elaborating Design...
HDL Generation ...
Synthesis ...
Place and Route ...
Tech mapping ...
Analog Placement ...
Analog Routing ...
Analog Code Generation ...
Digital Placement ...
Digital Routing ...
Bitstream Generation ...
Static timing analysis ...
API Generation ...
Dependency Generation ...
Clean Temporary Files ...
arm-none-eabi-gcc.exe -mcpu=cortex-m0 -mthumb -Wno-main -I. -I.\Generated_Source\PSoC4 -Wa,-alh=.\CortexM0\ARM_GCC_484\Debug/main.lst -g -Wall -ffunction-sections -O0 -c .\main.c -o .\CortexM0\ARM_GCC_484\Debug\main.o
arm-none-eabi-gcc.exe -mcpu=cortex-m0 -mthumb -Wno-main -I. -I.\Generated_Source\PSoC4 -Wa,-alh=.\CortexM0\ARM_GCC_484\Debug/fixedMath.lst -g -Wall -ffunction-sections -O0 -c .\fixedMath.c -o .\CortexM0\ARM_GCC_484\Debug\fixedMath.o
arm-none-eabi-gcc.exe -mcpu=cortex-m0 -mthumb -Wno-main -I. -I.\Generated_Source\PSoC4 -Wa,-alh=.\CortexM0\ARM_GCC_484\Debug/cyfitter_cfg.lst -g -Wall -ffunction-sections -O0 -c .\Generated_Source\PSoC4\cyfitter_cfg.c -o .\CortexM0\ARM_GCC_484\Debug\cyfitter_cfg.o
arm-none-eabi-gcc.exe -mcpu=cortex-m0 -mthumb -Wno-main -I. -I.\Generated_Source\PSoC4 -Wa,-alh=.\CortexM0\ARM_GCC_484\Debug/cymetadata.lst -g -Wall -ffunction-sections -O0 -c .\Generated_Source\PSoC4\cymetadata.c -o .\CortexM0\ARM_GCC_484\Debug\cymetadata.o
arm-none-eabi-gcc.exe -mcpu=cortex-m0 -mthumb -Wno-main -I. -I.\Generated_Source\PSoC4 -Wa,-alh=.\CortexM0\ARM_GCC_484\Debug/I2C.lst -g -Wall -ffunction-sections -O0 -c .\Generated_Source\PSoC4\I2C.c -o .\CortexM0\ARM_GCC_484\Debug\I2C.o
arm-none-eabi-gcc.exe -mcpu=cortex-m0 -mthumb -Wno-main -I. -I.\Generated_Source\PSoC4 -Wa,-alh=.\CortexM0\ARM_GCC_484\Debug/I2C_I2C_INT.lst -g -Wall -ffunction-sections -O0 -c .\Generated_Source\PSoC4\I2C_I2C_INT.c -o .\CortexM0\ARM_GCC_484\Debug\I2C_I2C_INT.o
arm-none-eabi-gcc.exe -mcpu=cortex-m0 -mthumb -Wno-main -I. -I.\Generated_Source\PSoC4 -Wa,-alh=.\CortexM0\ARM_GCC_484\Debug/I2C_I2C.lst -g -Wall -ffunction-sections -O0 -c .\Generated_Source\PSoC4\I2C_I2C.c -o .\CortexM0\ARM_GCC_484\Debug\I2C_I2C.o
arm-none-eabi-gcc.exe -mcpu=cortex-m0 -mthumb -Wno-main -I. -I.\Generated_Source\PSoC4 -Wa,-alh=.\CortexM0\ARM_GCC_484\Debug/I2C_I2C_BOOT.lst -g -Wall -ffunction-sections -O0 -c .\Generated_Source\PSoC4\I2C_I2C_BOOT.c -o .\CortexM0\ARM_GCC_484\Debug\I2C_I2C_BOOT.o
arm-none-eabi-gcc.exe -mcpu=cortex-m0 -mthumb -Wno-main -I. -I.\Generated_Source\PSoC4 -Wa,-alh=.\CortexM0\ARM_GCC_484\Debug/I2C_PM.lst -g -Wall -ffunction-sections -O0 -c .\Generated_Source\PSoC4\I2C_PM.c -o .\CortexM0\ARM_GCC_484\Debug\I2C_PM.o
arm-none-eabi-gcc.exe -mcpu=cortex-m0 -mthumb -Wno-main -I. -I.\Generated_Source\PSoC4 -Wa,-alh=.\CortexM0\ARM_GCC_484\Debug/I2C_BOOT.lst -g -Wall -ffunction-sections -O0 -c .\Generated_Source\PSoC4\I2C_BOOT.c -o .\CortexM0\ARM_GCC_484\Debug\I2C_BOOT.o
arm-none-eabi-gcc.exe -mcpu=cortex-m0 -mthumb -Wno-main -I. -I.\Generated_Source\PSoC4 -Wa,-alh=.\CortexM0\ARM_GCC_484\Debug/I2C_I2C_MASTER.lst -g -Wall -ffunction-sections -O0 -c .\Generated_Source\PSoC4\I2C_I2C_MASTER.c -o .\CortexM0\ARM_GCC_484\Debug\I2C_I2C_MASTER.o
arm-none-eabi-gcc.exe -mcpu=cortex-m0 -mthumb -Wno-main -I. -I.\Generated_Source\PSoC4 -Wa,-alh=.\CortexM0\ARM_GCC_484\Debug/UART.lst -g -Wall -ffunction-sections -O0 -c .\Generated_Source\PSoC4\UART.c -o .\CortexM0\ARM_GCC_484\Debug\UART.o
arm-none-eabi-gcc.exe -mcpu=cortex-m0 -mthumb -Wno-main -I. -I.\Generated_Source\PSoC4 -Wa,-alh=.\CortexM0\ARM_GCC_484\Debug/UART_SPI_UART.lst -g -Wall -ffunction-sections -O0 -c .\Generated_Source\PSoC4\UART_SPI_UART.c -o .\CortexM0\ARM_GCC_484\Debug\UART_SPI_UART.o
arm-none-eabi-gcc.exe -mcpu=cortex-m0 -mthumb -Wno-main -I. -I.\Generated_Source\PSoC4 -Wa,-alh=.\CortexM0\ARM_GCC_484\Debug/UART_SPI_UART_INT.lst -g -Wall -ffunction-sections -O0 -c .\Generated_Source\PSoC4\UART_SPI_UART_INT.c -o .\CortexM0\ARM_GCC_484\Debug\UART_SPI_UART_INT.o
arm-none-eabi-gcc.exe -mcpu=cortex-m0 -mthumb -Wno-main -I. -I.\Generated_Source\PSoC4 -Wa,-alh=.\CortexM0\ARM_GCC_484\Debug/UART_PM.lst -g -Wall -ffunction-sections -O0 -c .\Generated_Source\PSoC4\UART_PM.c -o .\CortexM0\ARM_GCC_484\Debug\UART_PM.o
arm-none-eabi-gcc.exe -mcpu=cortex-m0 -mthumb -Wno-main -I. -I.\Generated_Source\PSoC4 -Wa,-alh=.\CortexM0\ARM_GCC_484\Debug/UART_UART.lst -g -Wall -ffunction-sections -O0 -c .\Generated_Source\PSoC4\UART_UART.c -o .\CortexM0\ARM_GCC_484\Debug\UART_UART.o
arm-none-eabi-gcc.exe -mcpu=cortex-m0 -mthumb -Wno-main -I. -I.\Generated_Source\PSoC4 -Wa,-alh=.\CortexM0\ARM_GCC_484\Debug/UART_BOOT.lst -g -Wall -ffunction-sections -O0 -c .\Generated_Source\PSoC4\UART_BOOT.c -o .\CortexM0\ARM_GCC_484\Debug\UART_BOOT.o
arm-none-eabi-gcc.exe -mcpu=cortex-m0 -mthumb -Wno-main -I. -I.\Generated_Source\PSoC4 -Wa,-alh=.\CortexM0\ARM_GCC_484\Debug/UART_UART_BOOT.lst -g -Wall -ffunction-sections -O0 -c .\Generated_Source\PSoC4\UART_UART_BOOT.c -o .\CortexM0\ARM_GCC_484\Debug\UART_UART_BOOT.o
arm-none-eabi-gcc.exe -mcpu=cortex-m0 -mthumb -Wno-main -I. -I.\Generated_Source\PSoC4 -Wa,-alh=.\CortexM0\ARM_GCC_484\Debug/I2C_sda.lst -g -Wall -ffunction-sections -O0 -c .\Generated_Source\PSoC4\I2C_sda.c -o .\CortexM0\ARM_GCC_484\Debug\I2C_sda.o
arm-none-eabi-gcc.exe -mcpu=cortex-m0 -mthumb -Wno-main -I. -I.\Generated_Source\PSoC4 -Wa,-alh=.\CortexM0\ARM_GCC_484\Debug/I2C_scl.lst -g -Wall -ffunction-sections -O0 -c .\Generated_Source\PSoC4\I2C_scl.c -o .\CortexM0\ARM_GCC_484\Debug\I2C_scl.o
arm-none-eabi-gcc.exe -mcpu=cortex-m0 -mthumb -Wno-main -I. -I.\Generated_Source\PSoC4 -Wa,-alh=.\CortexM0\ARM_GCC_484\Debug/UART_tx.lst -g -Wall -ffunction-sections -O0 -c .\Generated_Source\PSoC4\UART_tx.c -o .\CortexM0\ARM_GCC_484\Debug\UART_tx.o
arm-none-eabi-gcc.exe -mcpu=cortex-m0 -mthumb -Wno-main -I. -I.\Generated_Source\PSoC4 -Wa,-alh=.\CortexM0\ARM_GCC_484\Debug/UART_rx.lst -g -Wall -ffunction-sections -O0 -c .\Generated_Source\PSoC4\UART_rx.c -o .\CortexM0\ARM_GCC_484\Debug\UART_rx.o
arm-none-eabi-gcc.exe -mcpu=cortex-m0 -mthumb -Wno-main -I. -I.\Generated_Source\PSoC4 -Wa,-alh=.\CortexM0\ARM_GCC_484\Debug/Cm0Start.lst -g -Wall -ffunction-sections -O0 -c .\Generated_Source\PSoC4\Cm0Start.c -o .\CortexM0\ARM_GCC_484\Debug\Cm0Start.o
arm-none-eabi-as.exe -mcpu=cortex-m0 -mthumb -I. -I.\Generated_Source\PSoC4 -alh=.\CortexM0\ARM_GCC_484\Debug/CyBootAsmGnu.lst -g -o .\CortexM0\ARM_GCC_484\Debug\CyBootAsmGnu.o .\Generated_Source\PSoC4\CyBootAsmGnu.s
arm-none-eabi-gcc.exe -mcpu=cortex-m0 -mthumb -Wno-main -I. -I.\Generated_Source\PSoC4 -Wa,-alh=.\CortexM0\ARM_GCC_484\Debug/CyFlash.lst -g -Wall -ffunction-sections -O0 -c .\Generated_Source\PSoC4\CyFlash.c -o .\CortexM0\ARM_GCC_484\Debug\CyFlash.o
arm-none-eabi-gcc.exe -mcpu=cortex-m0 -mthumb -Wno-main -I. -I.\Generated_Source\PSoC4 -Wa,-alh=.\CortexM0\ARM_GCC_484\Debug/CyLib.lst -g -Wall -ffunction-sections -O0 -c .\Generated_Source\PSoC4\CyLib.c -o .\CortexM0\ARM_GCC_484\Debug\CyLib.o
arm-none-eabi-gcc.exe -mcpu=cortex-m0 -mthumb -Wno-main -I. -I.\Generated_Source\PSoC4 -Wa,-alh=.\CortexM0\ARM_GCC_484\Debug/cyPm.lst -g -Wall -ffunction-sections -O0 -c .\Generated_Source\PSoC4\cyPm.c -o .\CortexM0\ARM_GCC_484\Debug\cyPm.o
arm-none-eabi-gcc.exe -mcpu=cortex-m0 -mthumb -Wno-main -I. -I.\Generated_Source\PSoC4 -Wa,-alh=.\CortexM0\ARM_GCC_484\Debug/cyutils.lst -g -Wall -ffunction-sections -O0 -c .\Generated_Source\PSoC4\cyutils.c -o .\CortexM0\ARM_GCC_484\Debug\cyutils.o
arm-none-eabi-gcc.exe -mcpu=cortex-m0 -mthumb -Wno-main -I. -I.\Generated_Source\PSoC4 -Wa,-alh=.\CortexM0\ARM_GCC_484\Debug/ACC_DR_INT.lst -g -Wall -ffunction-sections -O0 -c .\Generated_Source\PSoC4\ACC_DR_INT.c -o .\CortexM0\ARM_GCC_484\Debug\ACC_DR_INT.o
arm-none-eabi-gcc.exe -mcpu=cortex-m0 -mthumb -Wno-main -I. -I.\Generated_Source\PSoC4 -Wa,-alh=.\CortexM0\ARM_GCC_484\Debug/ACC_DR.lst -g -Wall -ffunction-sections -O0 -c .\Generated_Source\PSoC4\ACC_DR.c -o .\CortexM0\ARM_GCC_484\Debug\ACC_DR.o
arm-none-eabi-gcc.exe -mcpu=cortex-m0 -mthumb -Wno-main -I. -I.\Generated_Source\PSoC4 -Wa,-alh=.\CortexM0\ARM_GCC_484\Debug/GYRO_DR.lst -g -Wall -ffunction-sections -O0 -c .\Generated_Source\PSoC4\GYRO_DR.c -o .\CortexM0\ARM_GCC_484\Debug\GYRO_DR.o
arm-none-eabi-gcc.exe -mcpu=cortex-m0 -mthumb -Wno-main -I. -I.\Generated_Source\PSoC4 -Wa,-alh=.\CortexM0\ARM_GCC_484\Debug/GYRO_DR_INT.lst -g -Wall -ffunction-sections -O0 -c .\Generated_Source\PSoC4\GYRO_DR_INT.c -o .\CortexM0\ARM_GCC_484\Debug\GYRO_DR_INT.o
arm-none-eabi-gcc.exe -mcpu=cortex-m0 -mthumb -Wno-main -I. -I.\Generated_Source\PSoC4 -Wa,-alh=.\CortexM0\ARM_GCC_484\Debug/I2C_SCBCLK.lst -g -Wall -ffunction-sections -O0 -c .\Generated_Source\PSoC4\I2C_SCBCLK.c -o .\CortexM0\ARM_GCC_484\Debug\I2C_SCBCLK.o
arm-none-eabi-gcc.exe -mcpu=cortex-m0 -mthumb -Wno-main -I. -I.\Generated_Source\PSoC4 -Wa,-alh=.\CortexM0\ARM_GCC_484\Debug/I2C_SCB_IRQ.lst -g -Wall -ffunction-sections -O0 -c .\Generated_Source\PSoC4\I2C_SCB_IRQ.c -o .\CortexM0\ARM_GCC_484\Debug\I2C_SCB_IRQ.o
arm-none-eabi-gcc.exe -mcpu=cortex-m0 -mthumb -Wno-main -I. -I.\Generated_Source\PSoC4 -Wa,-alh=.\CortexM0\ARM_GCC_484\Debug/UART_SCBCLK.lst -g -Wall -ffunction-sections -O0 -c .\Generated_Source\PSoC4\UART_SCBCLK.c -o .\CortexM0\ARM_GCC_484\Debug\UART_SCBCLK.o
arm-none-eabi-ar.exe -rs .\CortexM0\ARM_GCC_484\Debug\Vinkelsensor.a .\CortexM0\ARM_GCC_484\Debug\cyfitter_cfg.o .\CortexM0\ARM_GCC_484\Debug\I2C.o .\CortexM0\ARM_GCC_484\Debug\I2C_I2C_INT.o .\CortexM0\ARM_GCC_484\Debug\I2C_I2C.o .\CortexM0\ARM_GCC_484\Debug\I2C_I2C_BOOT.o .\CortexM0\ARM_GCC_484\Debug\I2C_PM.o .\CortexM0\ARM_GCC_484\Debug\I2C_BOOT.o .\CortexM0\ARM_GCC_484\Debug\I2C_I2C_MASTER.o .\CortexM0\ARM_GCC_484\Debug\UART.o .\CortexM0\ARM_GCC_484\Debug\UART_SPI_UART.o .\CortexM0\ARM_GCC_484\Debug\UART_SPI_UART_INT.o .\CortexM0\ARM_GCC_484\Debug\UART_PM.o .\CortexM0\ARM_GCC_484\Debug\UART_UART.o .\CortexM0\ARM_GCC_484\Debug\UART_BOOT.o .\CortexM0\ARM_GCC_484\Debug\UART_UART_BOOT.o .\CortexM0\ARM_GCC_484\Debug\I2C_sda.o .\CortexM0\ARM_GCC_484\Debug\I2C_scl.o .\CortexM0\ARM_GCC_484\Debug\UART_tx.o .\CortexM0\ARM_GCC_484\Debug\UART_rx.o .\CortexM0\ARM_GCC_484\Debug\CyBootAsmGnu.o .\CortexM0\ARM_GCC_484\Debug\CyFlash.o .\CortexM0\ARM_GCC_484\Debug\CyLib.o .\CortexM0\ARM_GCC_484\Debug\cyPm.o .\CortexM0\ARM_GCC_484\Debug\cyutils.o .\CortexM0\ARM_GCC_484\Debug\ACC_DR_INT.o .\CortexM0\ARM_GCC_484\Debug\ACC_DR.o .\CortexM0\ARM_GCC_484\Debug\GYRO_DR.o .\CortexM0\ARM_GCC_484\Debug\GYRO_DR_INT.o .\CortexM0\ARM_GCC_484\Debug\I2C_SCBCLK.o .\CortexM0\ARM_GCC_484\Debug\I2C_SCB_IRQ.o .\CortexM0\ARM_GCC_484\Debug\UART_SCBCLK.o
arm-none-eabi-ar.exe: creating .\CortexM0\ARM_GCC_484\Debug\Vinkelsensor.a
arm-none-eabi-gcc.exe -Wl,--start-group -o .\CortexM0\ARM_GCC_484\Debug\Vinkelsensor.elf .\CortexM0\ARM_GCC_484\Debug\main.o .\CortexM0\ARM_GCC_484\Debug\fixedMath.o .\CortexM0\ARM_GCC_484\Debug\cymetadata.o .\CortexM0\ARM_GCC_484\Debug\Cm0Start.o .\CortexM0\ARM_GCC_484\Debug\Vinkelsensor.a "C:\Program Files (x86)\Cypress\PSoC Creator\3.1\PSoC Creator\psoc\content\cycomponentlibrary\CyComponentLibrary.cylib\CortexM0\ARM_GCC_484\Debug\CyComponentLibrary.a" -mthumb -march=armv6-m -Wl,-Map,.\CortexM0\ARM_GCC_484\Debug/Vinkelsensor.map -T .\Generated_Source\PSoC4\cm0gcc.ld -g -specs=nano.specs "-u _printf_float" "" -Wl,--gc-sections -Wl,--end-group
cyelftool.exe -C "C:\Users\Felix\Git Repository\E4PRJ4\Implementering\Vuggesystem\Vinkelsensor.cydsn\CortexM0\ARM_GCC_484\Debug\Vinkelsensor.elf" --flash_size 32768 --flash_row_size 128
cyelftool.exe -S "C:\Users\Felix\Git Repository\E4PRJ4\Implementering\Vuggesystem\Vinkelsensor.cydsn\CortexM0\ARM_GCC_484\Debug\Vinkelsensor.elf"
Flash used: 11368 of 32768 bytes (34,7 %).
SRAM used: 1724 of 4096 bytes (42,1 %). Stack: 1024 bytes. Heap: 256 bytes.
--------------- Rebuild Succeeded: 04/03/2015 22:02:15 ---------------
