\BOOKMARK [0][-]{chapter.1}{Termliste}{}% 1
\BOOKMARK [0][-]{chapter.2}{Kravspecifikation}{}% 2
\BOOKMARK [1][-]{section.2.1}{Indledning}{chapter.2}% 3
\BOOKMARK [1][-]{section.2.2}{Use cases}{chapter.2}% 4
\BOOKMARK [1][-]{section.2.3}{Akt\370rer}{chapter.2}% 5
\BOOKMARK [1][-]{section.2.4}{Fully dressed use cases}{chapter.2}% 6
\BOOKMARK [1][-]{section.2.5}{Ikke-funktionelle krav}{chapter.2}% 7
\BOOKMARK [1][-]{section.2.6}{Web-skitser}{chapter.2}% 8
\BOOKMARK [1][-]{section.2.7}{E-mail beskeder}{chapter.2}% 9
\BOOKMARK [0][-]{chapter.3}{Overordnet}{}% 10
\BOOKMARK [1][-]{section.3.1}{Systemarkitektur}{chapter.3}% 11
\BOOKMARK [2][-]{subsection.3.1.1}{Dom\346nemodel}{section.3.1}% 12
\BOOKMARK [2][-]{subsection.3.1.2}{System-states}{section.3.1}% 13
\BOOKMARK [2][-]{subsection.3.1.3}{BDD}{section.3.1}% 14
\BOOKMARK [2][-]{subsection.3.1.4}{IBD}{section.3.1}% 15
\BOOKMARK [1][-]{section.3.2}{Signalbeskrivelse}{chapter.3}% 16
\BOOKMARK [2][-]{subsection.3.2.1}{Allokering af logiske funktionaliteter}{section.3.2}% 17
\BOOKMARK [1][-]{section.3.3}{Gr\346nseflader}{chapter.3}% 18
\BOOKMARK [2][-]{subsection.3.3.1}{Gr\346nseflade mellem Intelligent Lydmonitor og Controller}{section.3.3}% 19
\BOOKMARK [2][-]{subsection.3.3.2}{Gr\346nseflade mellem Vuggesystem og Controller}{section.3.3}% 20
\BOOKMARK [2][-]{subsection.3.3.3}{Gr\346nseflade mellem Controllers servere og ekstern internet enhed}{section.3.3}% 21
\BOOKMARK [0][-]{chapter.4}{Controller}{}% 22
\BOOKMARK [1][-]{section.4.1}{Systemarkitektur}{chapter.4}% 23
\BOOKMARK [2][-]{subsection.4.1.1}{Hardware arkitektur}{section.4.1}% 24
\BOOKMARK [2][-]{subsection.4.1.2}{Signal}{section.4.1}% 25
\BOOKMARK [1][-]{section.4.2}{Design}{chapter.4}% 26
\BOOKMARK [2][-]{subsection.4.2.1}{Softwaredesign}{section.4.2}% 27
\BOOKMARK [1][-]{section.4.3}{Implementering}{chapter.4}% 28
\BOOKMARK [1][-]{section.4.4}{Modultest}{chapter.4}% 29
\BOOKMARK [0][-]{chapter.5}{Intelligent lydmonitor}{}% 30
\BOOKMARK [1][-]{section.5.1}{Forunders\370gelse}{chapter.5}% 31
\BOOKMARK [2][-]{subsection.5.1.1}{Metode}{section.5.1}% 32
\BOOKMARK [2][-]{subsection.5.1.2}{Situationer}{section.5.1}% 33
\BOOKMARK [2][-]{subsection.5.1.3}{Analysekode}{section.5.1}% 34
\BOOKMARK [2][-]{subsection.5.1.4}{Analyser}{section.5.1}% 35
\BOOKMARK [2][-]{subsection.5.1.5}{Konklusion}{section.5.1}% 36
\BOOKMARK [1][-]{section.5.2}{Systemarkitektur}{chapter.5}% 37
\BOOKMARK [2][-]{subsection.5.2.1}{Hardware arkitektur}{section.5.2}% 38
\BOOKMARK [2][-]{subsection.5.2.2}{Software arkitektur}{section.5.2}% 39
\BOOKMARK [1][-]{section.5.3}{Design}{chapter.5}% 40
\BOOKMARK [2][-]{subsection.5.3.1}{Mikrofon preamp}{section.5.3}% 41
\BOOKMARK [1][-]{section.5.4}{Implementering}{chapter.5}% 42
\BOOKMARK [1][-]{section.5.5}{Modultest}{chapter.5}% 43
\BOOKMARK [0][-]{chapter.6}{Vuggesystem}{}% 44
\BOOKMARK [1][-]{section.6.1}{Systemarkitektur}{chapter.6}% 45
\BOOKMARK [2][-]{subsection.6.1.1}{Hardware arkitektur}{section.6.1}% 46
\BOOKMARK [2][-]{subsection.6.1.2}{Gr\346nsefladebeskrivelse}{section.6.1}% 47
\BOOKMARK [2][-]{subsection.6.1.3}{Software arkitektur}{section.6.1}% 48
\BOOKMARK [1][-]{section.6.2}{Design}{chapter.6}% 49
\BOOKMARK [2][-]{subsection.6.2.1}{Software design}{section.6.2}% 50
\BOOKMARK [1][-]{section.6.3}{Implementering}{chapter.6}% 51
\BOOKMARK [2][-]{subsection.6.3.1}{Motorstyringskreds}{section.6.3}% 52
\BOOKMARK [2][-]{subsection.6.3.2}{str\370mforbrug}{section.6.3}% 53
\BOOKMARK [1][-]{section.6.4}{Modultest}{chapter.6}% 54
\BOOKMARK [0][-]{chapter.7}{Integrationstest}{}% 55
\BOOKMARK [0][-]{chapter.8}{Accepttestspecifikation}{}% 56
\BOOKMARK [0][-]{chapter.9}{Bilag \(CD-indhold\)}{}% 57
